
===========================================================================
report_checks -unconstrained
===========================================================================
======================= Fastest Corner ===================================

Startpoint: mplier[7] (input port clocked by clk)
Endpoint: product[58] (output port clocked by clk)
Path Group: clk
Path Type: max
Corner: Fastest

Fanout     Cap    Slew   Delay    Time   Description
-----------------------------------------------------------------------------
                  0.00    0.00    0.00   clock clk (rise edge)
                          0.00    0.00   clock network delay (ideal)
                          4.00    4.00 ^ input external delay
                  0.03    0.02    4.02 ^ mplier[7] (in)
     1    0.01                           mplier[7] (net)
                  0.03    0.00    4.02 ^ input62/A (sky130_fd_sc_hd__buf_8)
                  0.19    0.15    4.17 ^ input62/X (sky130_fd_sc_hd__buf_8)
     5    0.15                           net62 (net)
                  0.21    0.05    4.23 ^ _05856_/A (sky130_fd_sc_hd__buf_6)
                  0.10    0.14    4.37 ^ _05856_/X (sky130_fd_sc_hd__buf_6)
    10    0.06                           _02000_ (net)
                  0.10    0.00    4.37 ^ _06106_/A (sky130_fd_sc_hd__buf_6)
                  0.16    0.17    4.54 ^ _06106_/X (sky130_fd_sc_hd__buf_6)
    10    0.10                           _04726_ (net)
                  0.16    0.00    4.54 ^ _06107_/A (sky130_fd_sc_hd__clkbuf_8)
                  0.14    0.20    4.74 ^ _06107_/X (sky130_fd_sc_hd__clkbuf_8)
    10    0.10                           _04737_ (net)
                  0.14    0.00    4.74 ^ _06108_/A (sky130_fd_sc_hd__clkbuf_8)
                  0.14    0.20    4.94 ^ _06108_/X (sky130_fd_sc_hd__clkbuf_8)
    10    0.11                           _04748_ (net)
                  0.15    0.01    4.96 ^ _09278_/A (sky130_fd_sc_hd__nand2_1)
                  0.05    0.05    5.00 v _09278_/Y (sky130_fd_sc_hd__nand2_1)
     1    0.00                           _02925_ (net)
                  0.05    0.00    5.00 v _09279_/B (sky130_fd_sc_hd__xnor2_1)
                  0.21    0.20    5.20 ^ _09279_/Y (sky130_fd_sc_hd__xnor2_1)
     2    0.01                           _02926_ (net)
                  0.21    0.00    5.20 ^ _09281_/A (sky130_fd_sc_hd__xnor2_1)
                  0.07    0.09    5.29 v _09281_/Y (sky130_fd_sc_hd__xnor2_1)
     2    0.01                           _02929_ (net)
                  0.07    0.00    5.29 v _09436_/A3 (sky130_fd_sc_hd__a31o_2)
                  0.05    0.21    5.50 v _09436_/X (sky130_fd_sc_hd__a31o_2)
     2    0.02                           _03097_ (net)
                  0.05    0.00    5.50 v _09437_/B (sky130_fd_sc_hd__xnor2_4)
                  0.17    0.17    5.66 ^ _09437_/Y (sky130_fd_sc_hd__xnor2_4)
     2    0.02                           _03098_ (net)
                  0.17    0.00    5.66 ^ _09439_/A (sky130_fd_sc_hd__xor2_4)
                  0.44    0.39    6.05 ^ _09439_/X (sky130_fd_sc_hd__xor2_4)
     3    0.08                           _03100_ (net)
                  0.44    0.00    6.05 ^ _09458_/A (sky130_fd_sc_hd__nor3_1)
                  0.11    0.07    6.13 v _09458_/Y (sky130_fd_sc_hd__nor3_1)
     2    0.01                           _03121_ (net)
                  0.11    0.00    6.13 v _09461_/A1 (sky130_fd_sc_hd__o211a_1)
                  0.05    0.20    6.33 v _09461_/X (sky130_fd_sc_hd__o211a_1)
     2    0.01                           _03125_ (net)
                  0.05    0.00    6.33 v _09463_/A2 (sky130_fd_sc_hd__o211ai_2)
                  0.13    0.14    6.47 ^ _09463_/Y (sky130_fd_sc_hd__o211ai_2)
     2    0.01                           _03127_ (net)
                  0.13    0.00    6.47 ^ _09464_/B_N (sky130_fd_sc_hd__or2b_2)
                  0.06    0.22    6.69 v _09464_/X (sky130_fd_sc_hd__or2b_2)
     1    0.02                           _03128_ (net)
                  0.06    0.00    6.69 v _09544_/A (sky130_fd_sc_hd__xnor2_4)
                  0.26    0.26    6.94 ^ _09544_/Y (sky130_fd_sc_hd__xnor2_4)
     1    0.04                           _03216_ (net)
                  0.26    0.00    6.95 ^ wire175/A (sky130_fd_sc_hd__buf_4)
                  0.14    0.19    7.13 ^ wire175/X (sky130_fd_sc_hd__buf_4)
     2    0.07                           net175 (net)
                  0.14    0.01    7.14 ^ _09547_/A (sky130_fd_sc_hd__xnor2_4)
                  0.07    0.08    7.23 v _09547_/Y (sky130_fd_sc_hd__xnor2_4)
     2    0.02                           _03219_ (net)
                  0.07    0.00    7.23 v _09548_/B (sky130_fd_sc_hd__xnor2_4)
                  0.16    0.17    7.40 ^ _09548_/Y (sky130_fd_sc_hd__xnor2_4)
     2    0.02                           _03220_ (net)
                  0.16    0.00    7.40 ^ _09551_/A (sky130_fd_sc_hd__xor2_4)
                  0.18    0.18    7.57 ^ _09551_/X (sky130_fd_sc_hd__xor2_4)
     2    0.03                           _03224_ (net)
                  0.18    0.00    7.57 ^ _09552_/B (sky130_fd_sc_hd__xnor2_4)
                  0.07    0.08    7.65 v _09552_/Y (sky130_fd_sc_hd__xnor2_4)
     3    0.02                           _03225_ (net)
                  0.07    0.00    7.65 v _09553_/B (sky130_fd_sc_hd__xnor2_4)
                  0.07    0.13    7.78 v _09553_/Y (sky130_fd_sc_hd__xnor2_4)
     3    0.03                           _03226_ (net)
                  0.07    0.00    7.78 v _09954_/B (sky130_fd_sc_hd__or4_4)
                  0.07    0.36    8.13 v _09954_/X (sky130_fd_sc_hd__or4_4)
     3    0.02                           _03664_ (net)
                  0.07    0.00    8.13 v _09956_/B1 (sky130_fd_sc_hd__a21o_1)
                  0.04    0.11    8.24 v _09956_/X (sky130_fd_sc_hd__a21o_1)
     1    0.01                           _03666_ (net)
                  0.04    0.00    8.24 v _09960_/B1 (sky130_fd_sc_hd__o311ai_4)
                  0.29    0.10    8.34 ^ _09960_/Y (sky130_fd_sc_hd__o311ai_4)
     2    0.03                           _03670_ (net)
                  0.29    0.00    8.34 ^ wire164/A (sky130_fd_sc_hd__buf_6)
                  0.07    0.12    8.46 ^ wire164/X (sky130_fd_sc_hd__buf_6)
     1    0.04                           net164 (net)
                  0.08    0.01    8.46 ^ wire163/A (sky130_fd_sc_hd__buf_6)
                  0.06    0.10    8.56 ^ wire163/X (sky130_fd_sc_hd__buf_6)
     1    0.03                           net163 (net)
                  0.06    0.00    8.56 ^ _10767_/B2 (sky130_fd_sc_hd__a221oi_4)
                  0.09    0.07    8.63 v _10767_/Y (sky130_fd_sc_hd__a221oi_4)
     1    0.03                           _04549_ (net)
                  0.09    0.00    8.63 v wire160/A (sky130_fd_sc_hd__buf_6)
                  0.04    0.13    8.76 v wire160/X (sky130_fd_sc_hd__buf_6)
     1    0.04                           net160 (net)
                  0.04    0.01    8.76 v wire159/A (sky130_fd_sc_hd__buf_8)
                  0.03    0.09    8.86 v wire159/X (sky130_fd_sc_hd__buf_8)
     3    0.03                           net159 (net)
                  0.03    0.00    8.86 v _11278_/A2 (sky130_fd_sc_hd__a2111o_1)
                  0.07    0.30    9.15 v _11278_/X (sky130_fd_sc_hd__a2111o_1)
     3    0.01                           _05103_ (net)
                  0.07    0.00    9.15 v _11282_/A (sky130_fd_sc_hd__and2_4)
                  0.04    0.13    9.28 v _11282_/X (sky130_fd_sc_hd__and2_4)
     2    0.02                           _05108_ (net)
                  0.04    0.00    9.28 v _11360_/A1 (sky130_fd_sc_hd__o21a_2)
                  0.05    0.17    9.45 v _11360_/X (sky130_fd_sc_hd__o21a_2)
     2    0.02                           _05191_ (net)
                  0.05    0.00    9.45 v _11361_/B (sky130_fd_sc_hd__xor2_4)
                  0.32    0.29    9.74 ^ _11361_/X (sky130_fd_sc_hd__xor2_4)
     1    0.06                           net118 (net)
                  0.32    0.01    9.75 ^ wire131/A (sky130_fd_sc_hd__buf_8)
                  0.09    0.12    9.88 ^ wire131/X (sky130_fd_sc_hd__buf_8)
     1    0.07                           net131 (net)
                  0.10    0.02    9.89 ^ wire130/A (sky130_fd_sc_hd__buf_8)
                  0.08    0.11   10.01 ^ wire130/X (sky130_fd_sc_hd__buf_8)
     2    0.06                           net130 (net)
                  0.08    0.02   10.02 ^ output118/A (sky130_fd_sc_hd__buf_4)
                  0.08    0.13   10.15 ^ output118/X (sky130_fd_sc_hd__buf_4)
     1    0.03                           product[58] (net)
                  0.08    0.00   10.15 ^ product[58] (out)
                                 10.15   data arrival time

                  0.00   20.00   20.00   clock clk (rise edge)
                          0.00   20.00   clock network delay (ideal)
                         -0.25   19.75   clock uncertainty
                          0.00   19.75   clock reconvergence pessimism
                         -4.00   15.75   output external delay
                                 15.75   data required time
-----------------------------------------------------------------------------
                                 15.75   data required time
                                -10.15   data arrival time
-----------------------------------------------------------------------------
                                  5.60   slack (MET)



======================= Slowest Corner ===================================

Startpoint: mplier[22] (input port clocked by clk)
Endpoint: product[58] (output port clocked by clk)
Path Group: clk
Path Type: max
Corner: Slowest

Fanout     Cap    Slew   Delay    Time   Description
-----------------------------------------------------------------------------
                  0.00    0.00    0.00   clock clk (rise edge)
                          0.00    0.00   clock network delay (ideal)
                          4.00    4.00 ^ input external delay
                  0.07    0.05    4.05 ^ mplier[22] (in)
     1    0.01                           mplier[22] (net)
                  0.07    0.00    4.05 ^ input47/A (sky130_fd_sc_hd__buf_8)
                  0.35    0.37    4.41 ^ input47/X (sky130_fd_sc_hd__buf_8)
     6    0.14                           net47 (net)
                  0.36    0.06    4.47 ^ _07614_/A (sky130_fd_sc_hd__buf_4)
                  0.31    0.53    5.00 ^ _07614_/X (sky130_fd_sc_hd__buf_4)
    10    0.07                           _01109_ (net)
                  0.31    0.01    5.01 ^ _09174_/A (sky130_fd_sc_hd__buf_4)
                  0.40    0.58    5.59 ^ _09174_/X (sky130_fd_sc_hd__buf_4)
    10    0.09                           _02812_ (net)
                  0.40    0.00    5.59 ^ _09175_/A (sky130_fd_sc_hd__buf_6)
                  0.26    0.47    6.06 ^ _09175_/X (sky130_fd_sc_hd__buf_6)
    10    0.08                           _02813_ (net)
                  0.26    0.00    6.07 ^ _09356_/B (sky130_fd_sc_hd__nand2_1)
                  0.17    0.26    6.32 v _09356_/Y (sky130_fd_sc_hd__nand2_1)
     1    0.01                           _03010_ (net)
                  0.17    0.00    6.32 v _09357_/B (sky130_fd_sc_hd__xor2_2)
                  0.55    0.56    6.88 ^ _09357_/X (sky130_fd_sc_hd__xor2_2)
     2    0.03                           _03011_ (net)
                  0.55    0.00    6.88 ^ _09365_/A (sky130_fd_sc_hd__nand3_2)
                  0.29    0.44    7.32 v _09365_/Y (sky130_fd_sc_hd__nand3_2)
     4    0.02                           _03020_ (net)
                  0.29    0.00    7.32 v _09367_/B (sky130_fd_sc_hd__and3_4)
                  0.11    0.51    7.83 v _09367_/X (sky130_fd_sc_hd__and3_4)
     4    0.03                           _03022_ (net)
                  0.11    0.00    7.83 v _09370_/A1 (sky130_fd_sc_hd__o211a_1)
                  0.14    0.52    8.35 v _09370_/X (sky130_fd_sc_hd__o211a_1)
     3    0.01                           _03025_ (net)
                  0.14    0.00    8.35 v _09501_/B (sky130_fd_sc_hd__or4_4)
                  0.17    1.12    9.46 v _09501_/X (sky130_fd_sc_hd__or4_4)
     2    0.01                           _03169_ (net)
                  0.17    0.00    9.46 v _09537_/A2 (sky130_fd_sc_hd__a211o_4)
                  0.15    0.77   10.24 v _09537_/X (sky130_fd_sc_hd__a211o_4)
     5    0.04                           _03208_ (net)
                  0.15    0.00   10.24 v _09605_/C (sky130_fd_sc_hd__nand4_4)
                  0.15    0.23   10.46 ^ _09605_/Y (sky130_fd_sc_hd__nand4_4)
     2    0.02                           _03282_ (net)
                  0.15    0.00   10.46 ^ _09680_/A2 (sky130_fd_sc_hd__a211o_4)
                  0.14    0.36   10.83 ^ _09680_/X (sky130_fd_sc_hd__a211o_4)
     5    0.03                           _03364_ (net)
                  0.14    0.00   10.83 ^ _09703_/C_N (sky130_fd_sc_hd__or4bb_4)
                  0.18    1.18   12.00 v _09703_/X (sky130_fd_sc_hd__or4bb_4)
     2    0.01                           _03389_ (net)
                  0.18    0.00   12.00 v _09819_/A2 (sky130_fd_sc_hd__a211oi_4)
                  0.42    0.59   12.59 ^ _09819_/Y (sky130_fd_sc_hd__a211oi_4)
     3    0.02                           _03516_ (net)
                  0.42    0.00   12.59 ^ _09822_/A1 (sky130_fd_sc_hd__o21a_1)
                  0.19    0.48   13.07 ^ _09822_/X (sky130_fd_sc_hd__o21a_1)
     2    0.01                           _03520_ (net)
                  0.19    0.00   13.07 ^ _09824_/A2 (sky130_fd_sc_hd__o211ai_2)
                  0.16    0.22   13.29 v _09824_/Y (sky130_fd_sc_hd__o211ai_2)
     2    0.01                           _03522_ (net)
                  0.16    0.00   13.29 v _09825_/A_N (sky130_fd_sc_hd__and2b_1)
                  0.27    0.59   13.88 ^ _09825_/X (sky130_fd_sc_hd__and2b_1)
     1    0.02                           _03523_ (net)
                  0.27    0.00   13.88 ^ _09826_/B (sky130_fd_sc_hd__xor2_4)
                  0.52    0.60   14.48 ^ _09826_/X (sky130_fd_sc_hd__xor2_4)
     1    0.04                           _03524_ (net)
                  0.52    0.01   14.49 ^ wire169/A (sky130_fd_sc_hd__buf_8)
                  0.20    0.46   14.95 ^ wire169/X (sky130_fd_sc_hd__buf_8)
     3    0.07                           net169 (net)
                  0.20    0.01   14.96 ^ _09829_/A (sky130_fd_sc_hd__xnor2_4)
                  0.19    0.28   15.24 v _09829_/Y (sky130_fd_sc_hd__xnor2_4)
     3    0.03                           _03527_ (net)
                  0.19    0.00   15.24 v _09954_/D (sky130_fd_sc_hd__or4_4)
                  0.19    0.99   16.24 v _09954_/X (sky130_fd_sc_hd__or4_4)
     3    0.02                           _03664_ (net)
                  0.19    0.00   16.24 v _09956_/B1 (sky130_fd_sc_hd__a21o_1)
                  0.11    0.39   16.63 v _09956_/X (sky130_fd_sc_hd__a21o_1)
     1    0.01                           _03666_ (net)
                  0.11    0.00   16.63 v _09960_/B1 (sky130_fd_sc_hd__o311ai_4)
                  0.60    0.22   16.85 ^ _09960_/Y (sky130_fd_sc_hd__o311ai_4)
     2    0.02                           _03670_ (net)
                  0.60    0.00   16.85 ^ wire164/A (sky130_fd_sc_hd__buf_6)
                  0.16    0.47   17.32 ^ wire164/X (sky130_fd_sc_hd__buf_6)
     1    0.04                           net164 (net)
                  0.16    0.01   17.33 ^ wire163/A (sky130_fd_sc_hd__buf_6)
                  0.12    0.27   17.60 ^ wire163/X (sky130_fd_sc_hd__buf_6)
     1    0.03                           net163 (net)
                  0.12    0.00   17.60 ^ _10767_/B2 (sky130_fd_sc_hd__a221oi_4)
                  0.22    0.21   17.81 v _10767_/Y (sky130_fd_sc_hd__a221oi_4)
     1    0.03                           _04549_ (net)
                  0.22    0.00   17.81 v wire160/A (sky130_fd_sc_hd__buf_6)
                  0.09    0.34   18.15 v wire160/X (sky130_fd_sc_hd__buf_6)
     1    0.04                           net160 (net)
                  0.09    0.01   18.16 v wire159/A (sky130_fd_sc_hd__buf_8)
                  0.06    0.25   18.41 v wire159/X (sky130_fd_sc_hd__buf_8)
     3    0.03                           net159 (net)
                  0.06    0.00   18.41 v _11278_/A2 (sky130_fd_sc_hd__a2111o_1)
                  0.20    0.92   19.34 v _11278_/X (sky130_fd_sc_hd__a2111o_1)
     3    0.01                           _05103_ (net)
                  0.20    0.00   19.34 v _11282_/A (sky130_fd_sc_hd__and2_4)
                  0.09    0.36   19.70 v _11282_/X (sky130_fd_sc_hd__and2_4)
     2    0.02                           _05108_ (net)
                  0.09    0.00   19.70 v _11360_/A1 (sky130_fd_sc_hd__o21a_2)
                  0.13    0.50   20.20 v _11360_/X (sky130_fd_sc_hd__o21a_2)
     2    0.02                           _05191_ (net)
                  0.13    0.00   20.20 v _11361_/B (sky130_fd_sc_hd__xor2_4)
                  0.66    0.65   20.85 ^ _11361_/X (sky130_fd_sc_hd__xor2_4)
     1    0.06                           net118 (net)
                  0.66    0.01   20.86 ^ wire131/A (sky130_fd_sc_hd__buf_8)
                  0.19    0.49   21.35 ^ wire131/X (sky130_fd_sc_hd__buf_8)
     1    0.07                           net131 (net)
                  0.19    0.02   21.37 ^ wire130/A (sky130_fd_sc_hd__buf_8)
                  0.17    0.32   21.69 ^ wire130/X (sky130_fd_sc_hd__buf_8)
     2    0.06                           net130 (net)
                  0.17    0.02   21.70 ^ output118/A (sky130_fd_sc_hd__buf_4)
                  0.16    0.34   22.04 ^ output118/X (sky130_fd_sc_hd__buf_4)
     1    0.03                           product[58] (net)
                  0.16    0.00   22.04 ^ product[58] (out)
                                 22.04   data arrival time

                  0.00   20.00   20.00   clock clk (rise edge)
                          0.00   20.00   clock network delay (ideal)
                         -0.25   19.75   clock uncertainty
                          0.00   19.75   clock reconvergence pessimism
                         -4.00   15.75   output external delay
                                 15.75   data required time
-----------------------------------------------------------------------------
                                 15.75   data required time
                                -22.04   data arrival time
-----------------------------------------------------------------------------
                                 -6.29   slack (VIOLATED)



======================= Typical Corner ===================================

Startpoint: mplier[22] (input port clocked by clk)
Endpoint: product[58] (output port clocked by clk)
Path Group: clk
Path Type: max
Corner: Typical

Fanout     Cap    Slew   Delay    Time   Description
-----------------------------------------------------------------------------
                  0.00    0.00    0.00   clock clk (rise edge)
                          0.00    0.00   clock network delay (ideal)
                          4.00    4.00 ^ input external delay
                  0.05    0.03    4.03 ^ mplier[22] (in)
     1    0.01                           mplier[22] (net)
                  0.05    0.00    4.03 ^ input47/A (sky130_fd_sc_hd__buf_8)
                  0.22    0.20    4.24 ^ input47/X (sky130_fd_sc_hd__buf_8)
     6    0.14                           net47 (net)
                  0.24    0.06    4.29 ^ _07614_/A (sky130_fd_sc_hd__buf_4)
                  0.19    0.29    4.59 ^ _07614_/X (sky130_fd_sc_hd__buf_4)
    10    0.07                           _01109_ (net)
                  0.19    0.01    4.59 ^ _09174_/A (sky130_fd_sc_hd__buf_4)
                  0.25    0.32    4.91 ^ _09174_/X (sky130_fd_sc_hd__buf_4)
    10    0.09                           _02812_ (net)
                  0.25    0.00    4.91 ^ _09175_/A (sky130_fd_sc_hd__buf_6)
                  0.16    0.25    5.17 ^ _09175_/X (sky130_fd_sc_hd__buf_6)
    10    0.08                           _02813_ (net)
                  0.16    0.00    5.17 ^ _09356_/B (sky130_fd_sc_hd__nand2_1)
                  0.08    0.12    5.28 v _09356_/Y (sky130_fd_sc_hd__nand2_1)
     1    0.01                           _03010_ (net)
                  0.08    0.00    5.28 v _09357_/B (sky130_fd_sc_hd__xor2_2)
                  0.35    0.33    5.61 ^ _09357_/X (sky130_fd_sc_hd__xor2_2)
     2    0.03                           _03011_ (net)
                  0.35    0.00    5.62 ^ _09365_/A (sky130_fd_sc_hd__nand3_2)
                  0.16    0.19    5.81 v _09365_/Y (sky130_fd_sc_hd__nand3_2)
     4    0.02                           _03020_ (net)
                  0.16    0.00    5.81 v _09367_/B (sky130_fd_sc_hd__and3_4)
                  0.06    0.27    6.08 v _09367_/X (sky130_fd_sc_hd__and3_4)
     4    0.03                           _03022_ (net)
                  0.06    0.00    6.08 v _09370_/A1 (sky130_fd_sc_hd__o211a_1)
                  0.07    0.28    6.36 v _09370_/X (sky130_fd_sc_hd__o211a_1)
     3    0.01                           _03025_ (net)
                  0.07    0.00    6.36 v _09501_/B (sky130_fd_sc_hd__or4_4)
                  0.09    0.55    6.91 v _09501_/X (sky130_fd_sc_hd__or4_4)
     2    0.01                           _03169_ (net)
                  0.09    0.00    6.91 v _09537_/A2 (sky130_fd_sc_hd__a211o_4)
                  0.10    0.43    7.34 v _09537_/X (sky130_fd_sc_hd__a211o_4)
     5    0.04                           _03208_ (net)
                  0.10    0.00    7.34 v _09605_/C (sky130_fd_sc_hd__nand4_4)
                  0.10    0.14    7.48 ^ _09605_/Y (sky130_fd_sc_hd__nand4_4)
     2    0.02                           _03282_ (net)
                  0.10    0.00    7.48 ^ _09680_/A2 (sky130_fd_sc_hd__a211o_4)
                  0.09    0.19    7.68 ^ _09680_/X (sky130_fd_sc_hd__a211o_4)
     5    0.03                           _03364_ (net)
                  0.09    0.00    7.68 ^ _09703_/C_N (sky130_fd_sc_hd__or4bb_4)
                  0.10    0.59    8.27 v _09703_/X (sky130_fd_sc_hd__or4bb_4)
     2    0.01                           _03389_ (net)
                  0.10    0.00    8.27 v _09819_/A2 (sky130_fd_sc_hd__a211oi_4)
                  0.26    0.34    8.61 ^ _09819_/Y (sky130_fd_sc_hd__a211oi_4)
     3    0.02                           _03516_ (net)
                  0.26    0.00    8.61 ^ _09822_/A1 (sky130_fd_sc_hd__o21a_1)
                  0.12    0.24    8.85 ^ _09822_/X (sky130_fd_sc_hd__o21a_1)
     2    0.01                           _03520_ (net)
                  0.12    0.00    8.85 ^ _09824_/A2 (sky130_fd_sc_hd__o211ai_2)
                  0.08    0.10    8.94 v _09824_/Y (sky130_fd_sc_hd__o211ai_2)
     2    0.01                           _03522_ (net)
                  0.08    0.00    8.94 v _09825_/A_N (sky130_fd_sc_hd__and2b_1)
                  0.17    0.31    9.25 ^ _09825_/X (sky130_fd_sc_hd__and2b_1)
     1    0.02                           _03523_ (net)
                  0.17    0.00    9.25 ^ _09826_/B (sky130_fd_sc_hd__xor2_4)
                  0.34    0.35    9.60 ^ _09826_/X (sky130_fd_sc_hd__xor2_4)
     1    0.04                           _03524_ (net)
                  0.34    0.01    9.60 ^ wire169/A (sky130_fd_sc_hd__buf_8)
                  0.13    0.23    9.83 ^ wire169/X (sky130_fd_sc_hd__buf_8)
     3    0.07                           net169 (net)
                  0.13    0.01    9.84 ^ _09829_/A (sky130_fd_sc_hd__xnor2_4)
                  0.10    0.14    9.98 v _09829_/Y (sky130_fd_sc_hd__xnor2_4)
     3    0.03                           _03527_ (net)
                  0.10    0.00    9.98 v _09954_/D (sky130_fd_sc_hd__or4_4)
                  0.11    0.49   10.47 v _09954_/X (sky130_fd_sc_hd__or4_4)
     3    0.02                           _03664_ (net)
                  0.11    0.00   10.48 v _09956_/B1 (sky130_fd_sc_hd__a21o_1)
                  0.06    0.21   10.69 v _09956_/X (sky130_fd_sc_hd__a21o_1)
     1    0.01                           _03666_ (net)
                  0.06    0.00   10.69 v _09960_/B1 (sky130_fd_sc_hd__o311ai_4)
                  0.38    0.13   10.82 ^ _09960_/Y (sky130_fd_sc_hd__o311ai_4)
     2    0.02                           _03670_ (net)
                  0.38    0.00   10.82 ^ wire164/A (sky130_fd_sc_hd__buf_6)
                  0.10    0.22   11.04 ^ wire164/X (sky130_fd_sc_hd__buf_6)
     1    0.04                           net164 (net)
                  0.10    0.01   11.04 ^ wire163/A (sky130_fd_sc_hd__buf_6)
                  0.07    0.15   11.19 ^ wire163/X (sky130_fd_sc_hd__buf_6)
     1    0.03                           net163 (net)
                  0.08    0.00   11.20 ^ _10767_/B2 (sky130_fd_sc_hd__a221oi_4)
                  0.13    0.10   11.30 v _10767_/Y (sky130_fd_sc_hd__a221oi_4)
     1    0.03                           _04549_ (net)
                  0.13    0.00   11.30 v wire160/A (sky130_fd_sc_hd__buf_6)
                  0.05    0.19   11.49 v wire160/X (sky130_fd_sc_hd__buf_6)
     1    0.04                           net160 (net)
                  0.05    0.01   11.50 v wire159/A (sky130_fd_sc_hd__buf_8)
                  0.04    0.14   11.64 v wire159/X (sky130_fd_sc_hd__buf_8)
     3    0.03                           net159 (net)
                  0.04    0.00   11.64 v _11278_/A2 (sky130_fd_sc_hd__a2111o_1)
                  0.10    0.48   12.11 v _11278_/X (sky130_fd_sc_hd__a2111o_1)
     3    0.01                           _05103_ (net)
                  0.10    0.00   12.11 v _11282_/A (sky130_fd_sc_hd__and2_4)
                  0.05    0.19   12.31 v _11282_/X (sky130_fd_sc_hd__and2_4)
     2    0.02                           _05108_ (net)
                  0.05    0.00   12.31 v _11360_/A1 (sky130_fd_sc_hd__o21a_2)
                  0.07    0.26   12.57 v _11360_/X (sky130_fd_sc_hd__o21a_2)
     2    0.02                           _05191_ (net)
                  0.07    0.00   12.57 v _11361_/B (sky130_fd_sc_hd__xor2_4)
                  0.43    0.40   12.97 ^ _11361_/X (sky130_fd_sc_hd__xor2_4)
     1    0.06                           net118 (net)
                  0.43    0.01   12.98 ^ wire131/A (sky130_fd_sc_hd__buf_8)
                  0.12    0.23   13.21 ^ wire131/X (sky130_fd_sc_hd__buf_8)
     1    0.07                           net131 (net)
                  0.12    0.02   13.23 ^ wire130/A (sky130_fd_sc_hd__buf_8)
                  0.11    0.17   13.40 ^ wire130/X (sky130_fd_sc_hd__buf_8)
     2    0.06                           net130 (net)
                  0.11    0.02   13.41 ^ output118/A (sky130_fd_sc_hd__buf_4)
                  0.10    0.19   13.60 ^ output118/X (sky130_fd_sc_hd__buf_4)
     1    0.03                           product[58] (net)
                  0.10    0.00   13.60 ^ product[58] (out)
                                 13.60   data arrival time

                  0.00   20.00   20.00   clock clk (rise edge)
                          0.00   20.00   clock network delay (ideal)
                         -0.25   19.75   clock uncertainty
                          0.00   19.75   clock reconvergence pessimism
                         -4.00   15.75   output external delay
                                 15.75   data required time
-----------------------------------------------------------------------------
                                 15.75   data required time
                                -13.60   data arrival time
-----------------------------------------------------------------------------
                                  2.15   slack (MET)




===========================================================================
report_checks --slack_max -0.01
============================================================================
======================= Fastest Corner ===================================

No paths found.

======================= Slowest Corner ===================================

Startpoint: mplier[22] (input port clocked by clk)
Endpoint: product[58] (output port clocked by clk)
Path Group: clk
Path Type: max
Corner: Slowest

Fanout     Cap    Slew   Delay    Time   Description
-----------------------------------------------------------------------------
                  0.00    0.00    0.00   clock clk (rise edge)
                          0.00    0.00   clock network delay (ideal)
                          4.00    4.00 ^ input external delay
                  0.07    0.05    4.05 ^ mplier[22] (in)
     1    0.01                           mplier[22] (net)
                  0.07    0.00    4.05 ^ input47/A (sky130_fd_sc_hd__buf_8)
                  0.35    0.37    4.41 ^ input47/X (sky130_fd_sc_hd__buf_8)
     6    0.14                           net47 (net)
                  0.36    0.06    4.47 ^ _07614_/A (sky130_fd_sc_hd__buf_4)
                  0.31    0.53    5.00 ^ _07614_/X (sky130_fd_sc_hd__buf_4)
    10    0.07                           _01109_ (net)
                  0.31    0.01    5.01 ^ _09174_/A (sky130_fd_sc_hd__buf_4)
                  0.40    0.58    5.59 ^ _09174_/X (sky130_fd_sc_hd__buf_4)
    10    0.09                           _02812_ (net)
                  0.40    0.00    5.59 ^ _09175_/A (sky130_fd_sc_hd__buf_6)
                  0.26    0.47    6.06 ^ _09175_/X (sky130_fd_sc_hd__buf_6)
    10    0.08                           _02813_ (net)
                  0.26    0.00    6.07 ^ _09356_/B (sky130_fd_sc_hd__nand2_1)
                  0.17    0.26    6.32 v _09356_/Y (sky130_fd_sc_hd__nand2_1)
     1    0.01                           _03010_ (net)
                  0.17    0.00    6.32 v _09357_/B (sky130_fd_sc_hd__xor2_2)
                  0.55    0.56    6.88 ^ _09357_/X (sky130_fd_sc_hd__xor2_2)
     2    0.03                           _03011_ (net)
                  0.55    0.00    6.88 ^ _09365_/A (sky130_fd_sc_hd__nand3_2)
                  0.29    0.44    7.32 v _09365_/Y (sky130_fd_sc_hd__nand3_2)
     4    0.02                           _03020_ (net)
                  0.29    0.00    7.32 v _09367_/B (sky130_fd_sc_hd__and3_4)
                  0.11    0.51    7.83 v _09367_/X (sky130_fd_sc_hd__and3_4)
     4    0.03                           _03022_ (net)
                  0.11    0.00    7.83 v _09370_/A1 (sky130_fd_sc_hd__o211a_1)
                  0.14    0.52    8.35 v _09370_/X (sky130_fd_sc_hd__o211a_1)
     3    0.01                           _03025_ (net)
                  0.14    0.00    8.35 v _09501_/B (sky130_fd_sc_hd__or4_4)
                  0.17    1.12    9.46 v _09501_/X (sky130_fd_sc_hd__or4_4)
     2    0.01                           _03169_ (net)
                  0.17    0.00    9.46 v _09537_/A2 (sky130_fd_sc_hd__a211o_4)
                  0.15    0.77   10.24 v _09537_/X (sky130_fd_sc_hd__a211o_4)
     5    0.04                           _03208_ (net)
                  0.15    0.00   10.24 v _09605_/C (sky130_fd_sc_hd__nand4_4)
                  0.15    0.23   10.46 ^ _09605_/Y (sky130_fd_sc_hd__nand4_4)
     2    0.02                           _03282_ (net)
                  0.15    0.00   10.46 ^ _09680_/A2 (sky130_fd_sc_hd__a211o_4)
                  0.14    0.36   10.83 ^ _09680_/X (sky130_fd_sc_hd__a211o_4)
     5    0.03                           _03364_ (net)
                  0.14    0.00   10.83 ^ _09703_/C_N (sky130_fd_sc_hd__or4bb_4)
                  0.18    1.18   12.00 v _09703_/X (sky130_fd_sc_hd__or4bb_4)
     2    0.01                           _03389_ (net)
                  0.18    0.00   12.00 v _09819_/A2 (sky130_fd_sc_hd__a211oi_4)
                  0.42    0.59   12.59 ^ _09819_/Y (sky130_fd_sc_hd__a211oi_4)
     3    0.02                           _03516_ (net)
                  0.42    0.00   12.59 ^ _09822_/A1 (sky130_fd_sc_hd__o21a_1)
                  0.19    0.48   13.07 ^ _09822_/X (sky130_fd_sc_hd__o21a_1)
     2    0.01                           _03520_ (net)
                  0.19    0.00   13.07 ^ _09824_/A2 (sky130_fd_sc_hd__o211ai_2)
                  0.16    0.22   13.29 v _09824_/Y (sky130_fd_sc_hd__o211ai_2)
     2    0.01                           _03522_ (net)
                  0.16    0.00   13.29 v _09825_/A_N (sky130_fd_sc_hd__and2b_1)
                  0.27    0.59   13.88 ^ _09825_/X (sky130_fd_sc_hd__and2b_1)
     1    0.02                           _03523_ (net)
                  0.27    0.00   13.88 ^ _09826_/B (sky130_fd_sc_hd__xor2_4)
                  0.52    0.60   14.48 ^ _09826_/X (sky130_fd_sc_hd__xor2_4)
     1    0.04                           _03524_ (net)
                  0.52    0.01   14.49 ^ wire169/A (sky130_fd_sc_hd__buf_8)
                  0.20    0.46   14.95 ^ wire169/X (sky130_fd_sc_hd__buf_8)
     3    0.07                           net169 (net)
                  0.20    0.01   14.96 ^ _09829_/A (sky130_fd_sc_hd__xnor2_4)
                  0.19    0.28   15.24 v _09829_/Y (sky130_fd_sc_hd__xnor2_4)
     3    0.03                           _03527_ (net)
                  0.19    0.00   15.24 v _09954_/D (sky130_fd_sc_hd__or4_4)
                  0.19    0.99   16.24 v _09954_/X (sky130_fd_sc_hd__or4_4)
     3    0.02                           _03664_ (net)
                  0.19    0.00   16.24 v _09956_/B1 (sky130_fd_sc_hd__a21o_1)
                  0.11    0.39   16.63 v _09956_/X (sky130_fd_sc_hd__a21o_1)
     1    0.01                           _03666_ (net)
                  0.11    0.00   16.63 v _09960_/B1 (sky130_fd_sc_hd__o311ai_4)
                  0.60    0.22   16.85 ^ _09960_/Y (sky130_fd_sc_hd__o311ai_4)
     2    0.02                           _03670_ (net)
                  0.60    0.00   16.85 ^ wire164/A (sky130_fd_sc_hd__buf_6)
                  0.16    0.47   17.32 ^ wire164/X (sky130_fd_sc_hd__buf_6)
     1    0.04                           net164 (net)
                  0.16    0.01   17.33 ^ wire163/A (sky130_fd_sc_hd__buf_6)
                  0.12    0.27   17.60 ^ wire163/X (sky130_fd_sc_hd__buf_6)
     1    0.03                           net163 (net)
                  0.12    0.00   17.60 ^ _10767_/B2 (sky130_fd_sc_hd__a221oi_4)
                  0.22    0.21   17.81 v _10767_/Y (sky130_fd_sc_hd__a221oi_4)
     1    0.03                           _04549_ (net)
                  0.22    0.00   17.81 v wire160/A (sky130_fd_sc_hd__buf_6)
                  0.09    0.34   18.15 v wire160/X (sky130_fd_sc_hd__buf_6)
     1    0.04                           net160 (net)
                  0.09    0.01   18.16 v wire159/A (sky130_fd_sc_hd__buf_8)
                  0.06    0.25   18.41 v wire159/X (sky130_fd_sc_hd__buf_8)
     3    0.03                           net159 (net)
                  0.06    0.00   18.41 v _11278_/A2 (sky130_fd_sc_hd__a2111o_1)
                  0.20    0.92   19.34 v _11278_/X (sky130_fd_sc_hd__a2111o_1)
     3    0.01                           _05103_ (net)
                  0.20    0.00   19.34 v _11282_/A (sky130_fd_sc_hd__and2_4)
                  0.09    0.36   19.70 v _11282_/X (sky130_fd_sc_hd__and2_4)
     2    0.02                           _05108_ (net)
                  0.09    0.00   19.70 v _11360_/A1 (sky130_fd_sc_hd__o21a_2)
                  0.13    0.50   20.20 v _11360_/X (sky130_fd_sc_hd__o21a_2)
     2    0.02                           _05191_ (net)
                  0.13    0.00   20.20 v _11361_/B (sky130_fd_sc_hd__xor2_4)
                  0.66    0.65   20.85 ^ _11361_/X (sky130_fd_sc_hd__xor2_4)
     1    0.06                           net118 (net)
                  0.66    0.01   20.86 ^ wire131/A (sky130_fd_sc_hd__buf_8)
                  0.19    0.49   21.35 ^ wire131/X (sky130_fd_sc_hd__buf_8)
     1    0.07                           net131 (net)
                  0.19    0.02   21.37 ^ wire130/A (sky130_fd_sc_hd__buf_8)
                  0.17    0.32   21.69 ^ wire130/X (sky130_fd_sc_hd__buf_8)
     2    0.06                           net130 (net)
                  0.17    0.02   21.70 ^ output118/A (sky130_fd_sc_hd__buf_4)
                  0.16    0.34   22.04 ^ output118/X (sky130_fd_sc_hd__buf_4)
     1    0.03                           product[58] (net)
                  0.16    0.00   22.04 ^ product[58] (out)
                                 22.04   data arrival time

                  0.00   20.00   20.00   clock clk (rise edge)
                          0.00   20.00   clock network delay (ideal)
                         -0.25   19.75   clock uncertainty
                          0.00   19.75   clock reconvergence pessimism
                         -4.00   15.75   output external delay
                                 15.75   data required time
-----------------------------------------------------------------------------
                                 15.75   data required time
                                -22.04   data arrival time
-----------------------------------------------------------------------------
                                 -6.29   slack (VIOLATED)



======================= Typical Corner ===================================

No paths found.


===========================================================================
 report_check_types -max_slew -max_cap -max_fanout -violators
============================================================================
======================= Fastest Corner ===================================

max fanout

Pin                                   Limit Fanout  Slack
---------------------------------------------------------
input13/X                                10     20    -10 (VIOLATED)
_05712_/X                                10     13     -3 (VIOLATED)
_06088_/X                                10     13     -3 (VIOLATED)
_06336_/X                                10     12     -2 (VIOLATED)
_07161_/X                                10     12     -2 (VIOLATED)
_07841_/X                                10     12     -2 (VIOLATED)
_08292_/X                                10     12     -2 (VIOLATED)
_08412_/X                                10     12     -2 (VIOLATED)
_08746_/X                                10     12     -2 (VIOLATED)
input37/X                                10     12     -2 (VIOLATED)
_05705_/X                                10     11        (VIOLATED)
_05731_/X                                10     11        (VIOLATED)
_05734_/X                                10     11        (VIOLATED)
_05769_/X                                10     11        (VIOLATED)
_05861_/X                                10     11        (VIOLATED)
_05955_/X                                10     11        (VIOLATED)
_06019_/X                                10     11        (VIOLATED)
_06132_/X                                10     11        (VIOLATED)
_06174_/X                                10     11        (VIOLATED)
_06177_/X                                10     11        (VIOLATED)
_06178_/X                                10     11        (VIOLATED)
_06256_/X                                10     11        (VIOLATED)
_06284_/X                                10     11        (VIOLATED)
_06444_/X                                10     11        (VIOLATED)
_06455_/X                                10     11        (VIOLATED)
_06659_/X                                10     11        (VIOLATED)
_06725_/X                                10     11        (VIOLATED)
_06811_/X                                10     11        (VIOLATED)
_06958_/X                                10     11        (VIOLATED)
_07053_/X                                10     11        (VIOLATED)
_07110_/X                                10     11        (VIOLATED)
_07227_/X                                10     11        (VIOLATED)
_07229_/X                                10     11        (VIOLATED)
_08082_/X                                10     11        (VIOLATED)
_08212_/X                                10     11        (VIOLATED)
_08245_/X                                10     11        (VIOLATED)
_08410_/X                                10     11        (VIOLATED)
_08527_/X                                10     11        (VIOLATED)
_08580_/X                                10     11        (VIOLATED)
_08640_/X                                10     11        (VIOLATED)
_09352_/X                                10     11        (VIOLATED)
_09371_/X                                10     11        (VIOLATED)
_09510_/X                                10     11        (VIOLATED)
_09743_/X                                10     11        (VIOLATED)
_10086_/X                                10     11        (VIOLATED)
_10301_/X                                10     11        (VIOLATED)
input1/X                                 10     11        (VIOLATED)
input22/X                                10     11        (VIOLATED)
input31/X                                10     11        (VIOLATED)
input35/X                                10     11        (VIOLATED)


======================= Slowest Corner ===================================

max slew

Pin                                    Limit    Slew   Slack
------------------------------------------------------------
_09458_/C                               0.75    0.92   -0.17 (VIOLATED)
_09459_/A2                              0.75    0.92   -0.17 (VIOLATED)
_09563_/C                               0.75    0.92   -0.17 (VIOLATED)
_09457_/Y                               0.75    0.92   -0.17 (VIOLATED)
_09458_/A                               0.75    0.91   -0.16 (VIOLATED)
_09459_/B1                              0.75    0.91   -0.16 (VIOLATED)
_09563_/A                               0.75    0.91   -0.16 (VIOLATED)
_09439_/X                               0.75    0.91   -0.16 (VIOLATED)
output119/A                             0.75    0.86   -0.11 (VIOLATED)
_11390_/X                               0.75    0.86   -0.11 (VIOLATED)
output82/A                              0.75    0.84   -0.09 (VIOLATED)
_07675_/Y                               0.75    0.84   -0.09 (VIOLATED)
wire168/A                               0.75    0.83   -0.08 (VIOLATED)
_06323_/X                               0.75    0.83   -0.08 (VIOLATED)
_08938_/A                               0.75    0.83   -0.08 (VIOLATED)
_09095_/A                               0.75    0.83   -0.08 (VIOLATED)
_08935_/Y                               0.75    0.83   -0.08 (VIOLATED)
output127/A                             0.75    0.82   -0.07 (VIOLATED)
_05945_/Y                               0.75    0.81   -0.06 (VIOLATED)
output88/A                              0.75    0.79   -0.04 (VIOLATED)
_08455_/X                               0.75    0.79   -0.04 (VIOLATED)
_06683_/Y                               0.75    0.77   -0.02 (VIOLATED)
_06685_/B1                              0.75    0.77   -0.02 (VIOLATED)
_06686_/A1                              0.75    0.77   -0.02 (VIOLATED)
max_cap201/A                            0.75    0.77   -0.02 (VIOLATED)
_06805_/A2                              0.75    0.76   -0.01 (VIOLATED)
_06729_/B                               0.75    0.76   -0.01 (VIOLATED)
_06623_/A                               0.75    0.76   -0.01 (VIOLATED)
_06620_/Y                               0.75    0.76   -0.01 (VIOLATED)
wire158/A                               0.75    0.76   -0.01 (VIOLATED)
_09093_/B                               0.75    0.76   -0.01 (VIOLATED)
_09254_/B                               0.75    0.76   -0.01 (VIOLATED)
_07032_/Y                               0.75    0.76   -0.01 (VIOLATED)
_09092_/Y                               0.75    0.76   -0.01 (VIOLATED)
_08041_/Y                               0.75    0.76   -0.01 (VIOLATED)
_08108_/C1                              0.75    0.76   -0.01 (VIOLATED)
max_cap209/A                            0.75    0.76   -0.01 (VIOLATED)
_08001_/Y                               0.75    0.75   -0.00 (VIOLATED)
_08113_/A                               0.75    0.75   -0.00 (VIOLATED)
_08114_/A1                              0.75    0.75   -0.00 (VIOLATED)
_08126_/B                               0.75    0.75   -0.00 (VIOLATED)
_08127_/A                               0.75    0.75   -0.00 (VIOLATED)
_07447_/A                               0.75    0.75   -0.00 (VIOLATED)
_07549_/A                               0.75    0.75   -0.00 (VIOLATED)
_07445_/Y                               0.75    0.75   -0.00 (VIOLATED)

max fanout

Pin                                   Limit Fanout  Slack
---------------------------------------------------------
input13/X                                10     20    -10 (VIOLATED)
_05712_/X                                10     13     -3 (VIOLATED)
_06088_/X                                10     13     -3 (VIOLATED)
_06336_/X                                10     12     -2 (VIOLATED)
_07161_/X                                10     12     -2 (VIOLATED)
_07841_/X                                10     12     -2 (VIOLATED)
_08292_/X                                10     12     -2 (VIOLATED)
_08412_/X                                10     12     -2 (VIOLATED)
_08746_/X                                10     12     -2 (VIOLATED)
input37/X                                10     12     -2 (VIOLATED)
_05705_/X                                10     11        (VIOLATED)
_05731_/X                                10     11        (VIOLATED)
_05734_/X                                10     11        (VIOLATED)
_05769_/X                                10     11        (VIOLATED)
_05861_/X                                10     11        (VIOLATED)
_05955_/X                                10     11        (VIOLATED)
_06019_/X                                10     11        (VIOLATED)
_06132_/X                                10     11        (VIOLATED)
_06174_/X                                10     11        (VIOLATED)
_06177_/X                                10     11        (VIOLATED)
_06178_/X                                10     11        (VIOLATED)
_06256_/X                                10     11        (VIOLATED)
_06284_/X                                10     11        (VIOLATED)
_06444_/X                                10     11        (VIOLATED)
_06455_/X                                10     11        (VIOLATED)
_06659_/X                                10     11        (VIOLATED)
_06725_/X                                10     11        (VIOLATED)
_06811_/X                                10     11        (VIOLATED)
_06958_/X                                10     11        (VIOLATED)
_07053_/X                                10     11        (VIOLATED)
_07110_/X                                10     11        (VIOLATED)
_07227_/X                                10     11        (VIOLATED)
_07229_/X                                10     11        (VIOLATED)
_08082_/X                                10     11        (VIOLATED)
_08212_/X                                10     11        (VIOLATED)
_08245_/X                                10     11        (VIOLATED)
_08410_/X                                10     11        (VIOLATED)
_08527_/X                                10     11        (VIOLATED)
_08580_/X                                10     11        (VIOLATED)
_08640_/X                                10     11        (VIOLATED)
_09352_/X                                10     11        (VIOLATED)
_09371_/X                                10     11        (VIOLATED)
_09510_/X                                10     11        (VIOLATED)
_09743_/X                                10     11        (VIOLATED)
_10086_/X                                10     11        (VIOLATED)
_10301_/X                                10     11        (VIOLATED)
input1/X                                 10     11        (VIOLATED)
input22/X                                10     11        (VIOLATED)
input31/X                                10     11        (VIOLATED)
input35/X                                10     11        (VIOLATED)


======================= Typical Corner ===================================

max fanout

Pin                                   Limit Fanout  Slack
---------------------------------------------------------
input13/X                                10     20    -10 (VIOLATED)
_05712_/X                                10     13     -3 (VIOLATED)
_06088_/X                                10     13     -3 (VIOLATED)
_06336_/X                                10     12     -2 (VIOLATED)
_07161_/X                                10     12     -2 (VIOLATED)
_07841_/X                                10     12     -2 (VIOLATED)
_08292_/X                                10     12     -2 (VIOLATED)
_08412_/X                                10     12     -2 (VIOLATED)
_08746_/X                                10     12     -2 (VIOLATED)
input37/X                                10     12     -2 (VIOLATED)
_05705_/X                                10     11        (VIOLATED)
_05731_/X                                10     11        (VIOLATED)
_05734_/X                                10     11        (VIOLATED)
_05769_/X                                10     11        (VIOLATED)
_05861_/X                                10     11        (VIOLATED)
_05955_/X                                10     11        (VIOLATED)
_06019_/X                                10     11        (VIOLATED)
_06132_/X                                10     11        (VIOLATED)
_06174_/X                                10     11        (VIOLATED)
_06177_/X                                10     11        (VIOLATED)
_06178_/X                                10     11        (VIOLATED)
_06256_/X                                10     11        (VIOLATED)
_06284_/X                                10     11        (VIOLATED)
_06444_/X                                10     11        (VIOLATED)
_06455_/X                                10     11        (VIOLATED)
_06659_/X                                10     11        (VIOLATED)
_06725_/X                                10     11        (VIOLATED)
_06811_/X                                10     11        (VIOLATED)
_06958_/X                                10     11        (VIOLATED)
_07053_/X                                10     11        (VIOLATED)
_07110_/X                                10     11        (VIOLATED)
_07227_/X                                10     11        (VIOLATED)
_07229_/X                                10     11        (VIOLATED)
_08082_/X                                10     11        (VIOLATED)
_08212_/X                                10     11        (VIOLATED)
_08245_/X                                10     11        (VIOLATED)
_08410_/X                                10     11        (VIOLATED)
_08527_/X                                10     11        (VIOLATED)
_08580_/X                                10     11        (VIOLATED)
_08640_/X                                10     11        (VIOLATED)
_09352_/X                                10     11        (VIOLATED)
_09371_/X                                10     11        (VIOLATED)
_09510_/X                                10     11        (VIOLATED)
_09743_/X                                10     11        (VIOLATED)
_10086_/X                                10     11        (VIOLATED)
_10301_/X                                10     11        (VIOLATED)
input1/X                                 10     11        (VIOLATED)
input22/X                                10     11        (VIOLATED)
input31/X                                10     11        (VIOLATED)
input35/X                                10     11        (VIOLATED)



===========================================================================
report_parasitic_annotation -report_unannotated
============================================================================
Found 0 unannotated drivers.
Found 0 partially unannotated drivers.

===========================================================================
max slew violation count 45
max fanout violation count 50
max cap violation count 0
============================================================================

===========================================================================
check_setup -verbose -unconstrained_endpoints -multiple_clock -no_clock -no_input_delay -loops -generated_clocks
===========================================================================
