
===========================================================================
 report_power
============================================================================
======================= Fastest Corner ===================================

Group                  Internal  Switching    Leakage      Total
                          Power      Power      Power      Power (Watts)
----------------------------------------------------------------
Sequential             2.94e-04   2.08e-04   6.49e-10   5.02e-04  28.6%
Combinational          5.56e-04   7.00e-04   5.92e-09   1.26e-03  71.4%
Macro                  0.00e+00   0.00e+00   0.00e+00   0.00e+00   0.0%
Pad                    0.00e+00   0.00e+00   0.00e+00   0.00e+00   0.0%
----------------------------------------------------------------
Total                  8.50e-04   9.08e-04   6.57e-09   1.76e-03 100.0%
                          48.4%      51.6%       0.0%

======================= Slowest Corner ===================================

Group                  Internal  Switching    Leakage      Total
                          Power      Power      Power      Power (Watts)
----------------------------------------------------------------
Sequential             2.02e-04   1.38e-04   6.02e-07   3.41e-04  28.2%
Combinational          4.08e-04   4.61e-04   1.62e-06   8.71e-04  71.8%
Macro                  0.00e+00   0.00e+00   0.00e+00   0.00e+00   0.0%
Pad                    0.00e+00   0.00e+00   0.00e+00   0.00e+00   0.0%
----------------------------------------------------------------
Total                  6.11e-04   5.99e-04   2.22e-06   1.21e-03 100.0%
                          50.4%      49.4%       0.2%

======================= Typical Corner ===================================

Group                  Internal  Switching    Leakage      Total
                          Power      Power      Power      Power (Watts)
----------------------------------------------------------------
Sequential             2.56e-04   1.76e-04   3.38e-10   4.32e-04  28.4%
Combinational          4.99e-04   5.90e-04   4.61e-09   1.09e-03  71.6%
Macro                  0.00e+00   0.00e+00   0.00e+00   0.00e+00   0.0%
Pad                    0.00e+00   0.00e+00   0.00e+00   0.00e+00   0.0%
----------------------------------------------------------------
Total                  7.55e-04   7.66e-04   4.94e-09   1.52e-03 100.0%
                          49.6%      50.4%       0.0%

