OpenROAD 0cfb9a45bfb256c9af1a0500d4c97da0f145f54f 
This program is licensed under the BSD-3 license. See the LICENSE file for details.
Components of this program may be licensed under more restrictive licenses which must be honored.
[INFO ODB-0222] Reading LEF file: /openlane/designs/sequential_multiplier_16x16/runs/ejecucion_16x16/tmp/merged.nom.lef
[INFO ODB-0223]     Created 13 technology layers
[INFO ODB-0224]     Created 25 technology vias
[INFO ODB-0225]     Created 442 library cells
[INFO ODB-0226] Finished LEF file:  /openlane/designs/sequential_multiplier_16x16/runs/ejecucion_16x16/tmp/merged.nom.lef
[INFO ODB-0127] Reading DEF file: /openlane/designs/sequential_multiplier_16x16/runs/ejecucion_16x16/tmp/signoff/36-sequential_multiplier_16x16.p.def
[INFO ODB-0128] Design: sequential_multiplier_16x16
[INFO ODB-0130]     Created 69 pins.
[INFO ODB-0131]     Created 5967 components and 23384 component-terminals.
[INFO ODB-0132]     Created 2 special nets and 22266 connections.
[INFO ODB-0133]     Created 396 nets and 1118 connections.
[INFO ODB-0134] Finished DEF file: /openlane/designs/sequential_multiplier_16x16/runs/ejecucion_16x16/tmp/signoff/36-sequential_multiplier_16x16.p.def
define_corners Typical
read_liberty -corner Typical /home/juanjo/.volare/sky130A/libs.ref/sky130_fd_sc_hd/lib/sky130_fd_sc_hd__tt_025C_1v80.lib
Using 1e-12 for capacitance...
Using 1e+03 for resistance...
Using 1e-09 for time...
Using 1e+00 for voltage...
Using 1e-03 for current...
Using 1e-09 for power...
Using 1e-06 for distance...
Reading design constraints file at '/openlane/designs/sequential_multiplier_16x16/runs/ejecucion_16x16/tmp/17-sequential_multiplier_16x16.sdc'…
[WARNING] Did not save OpenROAD database!
Writing netlist to '/openlane/designs/sequential_multiplier_16x16/runs/ejecucion_16x16/tmp/signoff/36-sequential_multiplier_16x16.nl.v'…
Writing powered netlist to '/openlane/designs/sequential_multiplier_16x16/runs/ejecucion_16x16/tmp/signoff/36-sequential_multiplier_16x16.pnl.v'…
