
===========================================================================
report_checks -unconstrained
===========================================================================
======================= Typical Corner ===================================

Startpoint: mplier[8] (input port clocked by clk)
Endpoint: product[30] (output port clocked by clk)
Path Group: clk
Path Type: max

Fanout     Cap    Slew   Delay    Time   Description
-----------------------------------------------------------------------------
                  0.00    0.00    0.00   clock clk (rise edge)
                          0.00    0.00   clock network delay (ideal)
                          4.00    4.00 ^ input external delay
                  0.02    0.01    4.01 ^ mplier[8] (in)
     1    0.00                           mplier[8] (net)
                  0.02    0.00    4.01 ^ input31/A (sky130_fd_sc_hd__buf_4)
                  0.22    0.23    4.24 ^ input31/X (sky130_fd_sc_hd__buf_4)
     4    0.08                           net31 (net)
                  0.22    0.02    4.26 ^ _1607_/A (sky130_fd_sc_hd__buf_4)
                  0.18    0.28    4.54 ^ _1607_/X (sky130_fd_sc_hd__buf_4)
    10    0.06                           _0649_ (net)
                  0.18    0.01    4.55 ^ _1732_/A (sky130_fd_sc_hd__buf_4)
                  0.18    0.27    4.82 ^ _1732_/X (sky130_fd_sc_hd__buf_4)
    10    0.06                           _0772_ (net)
                  0.18    0.01    4.82 ^ _1880_/A (sky130_fd_sc_hd__buf_4)
                  0.19    0.27    5.09 ^ _1880_/X (sky130_fd_sc_hd__buf_4)
    10    0.07                           _0918_ (net)
                  0.19    0.00    5.10 ^ _1881_/A2_N (sky130_fd_sc_hd__o2bb2a_1)
                  0.07    0.27    5.37 v _1881_/X (sky130_fd_sc_hd__o2bb2a_1)
     1    0.01                           _0919_ (net)
                  0.07    0.00    5.37 v _1882_/B (sky130_fd_sc_hd__nor2_2)
                  0.29    0.26    5.63 ^ _1882_/Y (sky130_fd_sc_hd__nor2_2)
     3    0.03                           _0920_ (net)
                  0.29    0.00    5.63 ^ _1892_/A (sky130_fd_sc_hd__nand3_2)
                  0.13    0.17    5.80 v _1892_/Y (sky130_fd_sc_hd__nand3_2)
     2    0.01                           _0930_ (net)
                  0.13    0.00    5.80 v _1896_/A1 (sky130_fd_sc_hd__a21o_1)
                  0.08    0.25    6.05 v _1896_/X (sky130_fd_sc_hd__a21o_1)
     3    0.01                           _0934_ (net)
                  0.08    0.00    6.05 v _1897_/C (sky130_fd_sc_hd__and3_1)
                  0.08    0.25    6.30 v _1897_/X (sky130_fd_sc_hd__and3_1)
     2    0.01                           _0935_ (net)
                  0.08    0.00    6.30 v _1899_/B1 (sky130_fd_sc_hd__a211oi_4)
                  0.35    0.38    6.67 ^ _1899_/Y (sky130_fd_sc_hd__a211oi_4)
     4    0.03                           _0937_ (net)
                  0.35    0.00    6.67 ^ _1901_/C (sky130_fd_sc_hd__nor4_1)
                  0.10    0.13    6.80 v _1901_/Y (sky130_fd_sc_hd__nor4_1)
     2    0.01                           _0939_ (net)
                  0.10    0.00    6.80 v max_cap73/A (sky130_fd_sc_hd__clkbuf_2)
                  0.07    0.17    6.97 v max_cap73/X (sky130_fd_sc_hd__clkbuf_2)
     2    0.02                           net73 (net)
                  0.07    0.00    6.98 v _1903_/B1 (sky130_fd_sc_hd__a211o_2)
                  0.09    0.38    7.36 v _1903_/X (sky130_fd_sc_hd__a211o_2)
     3    0.02                           _0941_ (net)
                  0.09    0.00    7.36 v _1906_/A1 (sky130_fd_sc_hd__a211o_1)
                  0.10    0.35    7.71 v _1906_/X (sky130_fd_sc_hd__a211o_1)
     2    0.02                           _0944_ (net)
                  0.10    0.00    7.71 v _1908_/A2 (sky130_fd_sc_hd__a211o_1)
                  0.05    0.32    8.03 v _1908_/X (sky130_fd_sc_hd__a211o_1)
     1    0.00                           _0946_ (net)
                  0.05    0.00    8.03 v _1909_/B (sky130_fd_sc_hd__nand2_1)
                  0.13    0.13    8.17 ^ _1909_/Y (sky130_fd_sc_hd__nand2_1)
     2    0.01                           _0947_ (net)
                  0.13    0.00    8.17 ^ _1910_/B (sky130_fd_sc_hd__xor2_2)
                  0.19    0.22    8.39 ^ _1910_/X (sky130_fd_sc_hd__xor2_2)
     2    0.01                           _0948_ (net)
                  0.19    0.00    8.39 ^ _1980_/C1 (sky130_fd_sc_hd__o211a_4)
                  0.09    0.24    8.63 ^ _1980_/X (sky130_fd_sc_hd__o211a_4)
     2    0.02                           _1019_ (net)
                  0.09    0.00    8.63 ^ _2131_/A2 (sky130_fd_sc_hd__a311o_4)
                  0.18    0.32    8.96 ^ _2131_/X (sky130_fd_sc_hd__a311o_4)
     4    0.05                           _1182_ (net)
                  0.18    0.01    8.96 ^ _2403_/A1 (sky130_fd_sc_hd__a31oi_4)
                  0.21    0.23    9.19 v _2403_/Y (sky130_fd_sc_hd__a31oi_4)
     4    0.05                           _0109_ (net)
                  0.21    0.01    9.20 v _2605_/A1 (sky130_fd_sc_hd__o21a_4)
                  0.10    0.36    9.56 v _2605_/X (sky130_fd_sc_hd__o21a_4)
     4    0.06                           _0327_ (net)
                  0.10    0.01    9.57 v _2732_/A1 (sky130_fd_sc_hd__o31a_4)
                  0.08    0.43   10.00 v _2732_/X (sky130_fd_sc_hd__o31a_4)
     3    0.03                           _0462_ (net)
                  0.08    0.00   10.00 v _2758_/A2 (sky130_fd_sc_hd__o31ai_4)
                  0.35    0.39   10.39 ^ _2758_/Y (sky130_fd_sc_hd__o31ai_4)
     2    0.03                           _0488_ (net)
                  0.35    0.00   10.39 ^ _2759_/B (sky130_fd_sc_hd__xor2_4)
                  0.27    0.31   10.70 ^ _2759_/X (sky130_fd_sc_hd__xor2_4)
     1    0.03                           net56 (net)
                  0.27    0.00   10.70 ^ output56/A (sky130_fd_sc_hd__buf_6)
                  0.08    0.19   10.89 ^ output56/X (sky130_fd_sc_hd__buf_6)
     1    0.03                           product[30] (net)
                  0.08    0.00   10.89 ^ product[30] (out)
                                 10.89   data arrival time

                  0.00   20.00   20.00   clock clk (rise edge)
                          0.00   20.00   clock network delay (ideal)
                         -0.25   19.75   clock uncertainty
                          0.00   19.75   clock reconvergence pessimism
                         -4.00   15.75   output external delay
                                 15.75   data required time
-----------------------------------------------------------------------------
                                 15.75   data required time
                                -10.89   data arrival time
-----------------------------------------------------------------------------
                                  4.86   slack (MET)




===========================================================================
report_checks --slack_max -0.01
============================================================================
======================= Typical Corner ===================================

No paths found.


===========================================================================
 report_check_types -max_slew -max_cap -max_fanout -violators
============================================================================
======================= Typical Corner ===================================

max fanout

Pin                                   Limit Fanout  Slack
---------------------------------------------------------
_1369_/X                                 10     11        (VIOLATED)
_1706_/X                                 10     11        (VIOLATED)
_2064_/X                                 10     11        (VIOLATED)



===========================================================================
report_parasitic_annotation -report_unannotated
============================================================================
Found 0 unannotated drivers.
Found 0 partially unannotated drivers.

===========================================================================
max slew violation count 0
max fanout violation count 3
max cap violation count 0
============================================================================

===========================================================================
check_setup -verbose -unconstrained_endpoints -multiple_clock -no_clock -no_input_delay -loops -generated_clocks
===========================================================================
