OpenROAD 0cfb9a45bfb256c9af1a0500d4c97da0f145f54f 
This program is licensed under the BSD-3 license. See the LICENSE file for details.
Components of this program may be licensed under more restrictive licenses which must be honored.
[INFO]: Reading ODB at '/openlane/designs/sequential_multiplier_32x32/runs/ejecucion_32x32/tmp/17-sequential_multiplier_32x32.odb'…
define_corners Typical
read_liberty -corner Typical /home/juanjo/.volare/sky130A/libs.ref/sky130_fd_sc_hd/lib/sky130_fd_sc_hd__tt_025C_1v80.lib
Using 1e-12 for capacitance...
Using 1e+03 for resistance...
Using 1e-09 for time...
Using 1e+00 for voltage...
Using 1e-03 for current...
Using 1e-09 for power...
Using 1e-06 for distance...
Reading design constraints file at '/openlane/designs/sequential_multiplier_32x32/runs/ejecucion_32x32/tmp/17-sequential_multiplier_32x32.sdc'…
[INFO]: Setting signal min routing layer to: met1 and clock min routing layer to met1. 
[INFO]: Setting signal max routing layer to: met5 and clock max routing layer to met5. 
-congestion_iterations 50 -verbose -congestion_report_file /openlane/designs/sequential_multiplier_32x32/runs/ejecucion_32x32/tmp/routing/groute-congestion.rpt
[INFO GRT-0020] Min routing layer: met1
[INFO GRT-0021] Max routing layer: met5
[INFO GRT-0022] Global adjustment: 30%
[INFO GRT-0023] Grid origin: (0, 0)
[INFO GRT-0043] No OR_DEFAULT vias defined.
[INFO GRT-0088] Layer li1     Track-Pitch = 0.4600  line-2-Via Pitch: 0.3400
[INFO GRT-0088] Layer met1    Track-Pitch = 0.3400  line-2-Via Pitch: 0.3400
[INFO GRT-0088] Layer met2    Track-Pitch = 0.4600  line-2-Via Pitch: 0.3500
[INFO GRT-0088] Layer met3    Track-Pitch = 0.6800  line-2-Via Pitch: 0.6150
[INFO GRT-0088] Layer met4    Track-Pitch = 0.9200  line-2-Via Pitch: 1.0400
[INFO GRT-0088] Layer met5    Track-Pitch = 3.4000  line-2-Via Pitch: 3.1100
[INFO GRT-0019] Found 10 clock nets.
[INFO GRT-0001] Minimum degree: 2
[INFO GRT-0002] Maximum degree: 13
[INFO GRT-0003] Macros: 0
[INFO GRT-0004] Blockages: 1037

[INFO GRT-0053] Routing resources analysis:
          Routing      Original      Derated      Resource
Layer     Direction    Resources     Resources    Reduction (%)
---------------------------------------------------------------
li1        Vertical            0             0          0.00%
met1       Horizontal      47040         24142          48.68%
met2       Vertical        35280         23463          33.49%
met3       Horizontal      23520         16588          29.47%
met4       Vertical        14112          9175          34.98%
met5       Horizontal       4704          2303          51.04%
---------------------------------------------------------------

[INFO GRT-0197] Via related to pin nodes: 2890
[INFO GRT-0198] Via related Steiner nodes: 111
[INFO GRT-0199] Via filling finished.
[INFO GRT-0111] Final number of vias: 3412
[INFO GRT-0112] Final usage 3D: 16809

[INFO GRT-0096] Final congestion report:
Layer         Resource        Demand        Usage (%)    Max H / Max V / Total Overflow
---------------------------------------------------------------------------------------
li1                  0             0            0.00%             0 /  0 /  0
met1             24142          3165           13.11%             0 /  0 /  0
met2             23463          3341           14.24%             0 /  0 /  0
met3             16588            67            0.40%             0 /  0 /  0
met4              9175             0            0.00%             0 /  0 /  0
met5              2303             0            0.00%             0 /  0 /  0
---------------------------------------------------------------------------------------
Total            75671          6573            8.69%             0 /  0 /  0

[INFO GRT-0018] Total wirelength: 58788 um
[INFO GRT-0014] Routed nets: 740
[INFO GRT-0006] Repairing antennas, iteration 1.
[INFO GRT-0043] No OR_DEFAULT vias defined.
[INFO GRT-0012] Found 20 antenna violations.
[INFO GRT-0015] Inserted 21 diodes.
[INFO GRT-0009] rerouting 509 nets.
[INFO GRT-0001] Minimum degree: 2
[INFO GRT-0002] Maximum degree: 13
[INFO GRT-0006] Repairing antennas, iteration 2.
[INFO GRT-0043] No OR_DEFAULT vias defined.
[INFO GRT-0012] Found 1 antenna violations.
[INFO GRT-0015] Inserted 1 diodes.
[INFO GRT-0009] rerouting 45 nets.
[INFO GRT-0001] Minimum degree: 2
[INFO GRT-0002] Maximum degree: 12
[INFO GRT-0006] Repairing antennas, iteration 3.
[INFO GRT-0043] No OR_DEFAULT vias defined.
[INFO GRT-0012] Found 0 antenna violations.
Setting global connections for newly added cells…
Writing OpenROAD database to '/openlane/designs/sequential_multiplier_32x32/runs/ejecucion_32x32/tmp/routing/19-global.odb'…
Writing layout to '/openlane/designs/sequential_multiplier_32x32/runs/ejecucion_32x32/tmp/routing/19-global.def'…
Writing routing guides to '/openlane/designs/sequential_multiplier_32x32/runs/ejecucion_32x32/tmp/routing/19-global.guide'…
