
===========================================================================
report_checks -unconstrained
===========================================================================
======================= Fastest Corner ===================================

Startpoint: mcand[5] (input port clocked by clk)
Endpoint: _497_ (rising edge-triggered flip-flop clocked by clk)
Path Group: clk
Path Type: max
Corner: Fastest

Fanout     Cap    Slew   Delay    Time   Description
-----------------------------------------------------------------------------
                          0.00    0.00   clock clk (rise edge)
                          0.00    0.00   clock network delay (propagated)
                          2.00    2.00 ^ input external delay
                  0.01    0.01    2.01 ^ mcand[5] (in)
     1    0.00                           mcand[5] (net)
                  0.01    0.00    2.01 ^ input12/A (sky130_fd_sc_hd__buf_1)
                  0.14    0.13    2.14 ^ input12/X (sky130_fd_sc_hd__buf_1)
     2    0.02                           net12 (net)
                  0.14    0.00    2.14 ^ _305_/B (sky130_fd_sc_hd__and2_1)
                  0.08    0.13    2.27 ^ _305_/X (sky130_fd_sc_hd__and2_1)
     3    0.01                           _098_ (net)
                  0.08    0.00    2.27 ^ _307_/A_N (sky130_fd_sc_hd__and2b_1)
                  0.04    0.13    2.40 v _307_/X (sky130_fd_sc_hd__and2b_1)
     2    0.01                           _100_ (net)
                  0.04    0.00    2.40 v _332_/B (sky130_fd_sc_hd__and3_1)
                  0.03    0.11    2.51 v _332_/X (sky130_fd_sc_hd__and3_1)
     1    0.00                           _122_ (net)
                  0.03    0.00    2.51 v _337_/A2 (sky130_fd_sc_hd__a21oi_1)
                  0.18    0.18    2.69 ^ _337_/Y (sky130_fd_sc_hd__a21oi_1)
     2    0.01                           _127_ (net)
                  0.18    0.00    2.69 ^ _340_/A (sky130_fd_sc_hd__nor2_1)
                  0.08    0.08    2.77 v _340_/Y (sky130_fd_sc_hd__nor2_1)
     4    0.01                           _130_ (net)
                  0.08    0.00    2.77 v _357_/B1 (sky130_fd_sc_hd__o221a_1)
                  0.06    0.19    2.97 v _357_/X (sky130_fd_sc_hd__o221a_1)
     4    0.01                           _145_ (net)
                  0.06    0.00    2.97 v _377_/B1 (sky130_fd_sc_hd__o221a_2)
                  0.05    0.20    3.16 v _377_/X (sky130_fd_sc_hd__o221a_2)
     5    0.02                           _163_ (net)
                  0.05    0.00    3.16 v _399_/B1 (sky130_fd_sc_hd__o221a_1)
                  0.05    0.18    3.34 v _399_/X (sky130_fd_sc_hd__o221a_1)
     4    0.01                           _183_ (net)
                  0.05    0.00    3.34 v _414_/B (sky130_fd_sc_hd__or3b_1)
                  0.05    0.22    3.56 v _414_/X (sky130_fd_sc_hd__or3b_1)
     1    0.00                           _196_ (net)
                  0.05    0.00    3.56 v _415_/A3 (sky130_fd_sc_hd__a32o_1)
                  0.03    0.14    3.70 v _415_/X (sky130_fd_sc_hd__a32o_1)
     1    0.00                           _197_ (net)
                  0.03    0.00    3.70 v _416_/B (sky130_fd_sc_hd__and2_1)
                  0.03    0.10    3.80 v _416_/X (sky130_fd_sc_hd__and2_1)
     1    0.00                           _198_ (net)
                  0.03    0.00    3.80 v _417_/A (sky130_fd_sc_hd__clkbuf_1)
                  0.02    0.06    3.86 v _417_/X (sky130_fd_sc_hd__clkbuf_1)
     1    0.00                           _018_ (net)
                  0.02    0.00    3.86 v _497_/D (sky130_fd_sc_hd__dfxtp_1)
                                  3.86   data arrival time

                         10.00   10.00   clock clk (rise edge)
                          0.00   10.00   clock source latency
                  0.10    0.07   10.07 ^ clk (in)
     1    0.03                           clk (net)
                  0.10    0.00   10.07 ^ clkbuf_0_clk/A (sky130_fd_sc_hd__clkbuf_16)
                  0.06    0.12   10.19 ^ clkbuf_0_clk/X (sky130_fd_sc_hd__clkbuf_16)
     4    0.06                           clknet_0_clk (net)
                  0.06    0.00   10.19 ^ clkbuf_2_2__f_clk/A (sky130_fd_sc_hd__clkbuf_16)
                  0.06    0.11   10.30 ^ clkbuf_2_2__f_clk/X (sky130_fd_sc_hd__clkbuf_16)
    14    0.06                           clknet_2_2__leaf_clk (net)
                  0.06    0.00   10.31 ^ _497_/CLK (sky130_fd_sc_hd__dfxtp_1)
                         -0.25   10.06   clock uncertainty
                          0.00   10.06   clock reconvergence pessimism
                         -0.06    9.99   library setup time
                                  9.99   data required time
-----------------------------------------------------------------------------
                                  9.99   data required time
                                 -3.86   data arrival time
-----------------------------------------------------------------------------
                                  6.13   slack (MET)



======================= Slowest Corner ===================================

Startpoint: mcand[3] (input port clocked by clk)
Endpoint: _497_ (rising edge-triggered flip-flop clocked by clk)
Path Group: clk
Path Type: max
Corner: Slowest

Fanout     Cap    Slew   Delay    Time   Description
-----------------------------------------------------------------------------
                          0.00    0.00   clock clk (rise edge)
                          0.00    0.00   clock network delay (propagated)
                          2.00    2.00 v input external delay
                  0.02    0.01    2.01 v mcand[3] (in)
     1    0.00                           mcand[3] (net)
                  0.02    0.00    2.01 v input10/A (sky130_fd_sc_hd__clkbuf_2)
                  0.15    0.26    2.27 v input10/X (sky130_fd_sc_hd__clkbuf_2)
     3    0.02                           net10 (net)
                  0.15    0.00    2.27 v _296_/B (sky130_fd_sc_hd__or2_1)
                  0.10    0.52    2.78 v _296_/X (sky130_fd_sc_hd__or2_1)
     1    0.00                           _090_ (net)
                  0.10    0.00    2.78 v _297_/A3 (sky130_fd_sc_hd__a31o_1)
                  0.07    0.43    3.21 v _297_/X (sky130_fd_sc_hd__a31o_1)
     1    0.00                           _091_ (net)
                  0.07    0.00    3.21 v _298_/B1 (sky130_fd_sc_hd__a31o_1)
                  0.17    0.46    3.67 v _298_/X (sky130_fd_sc_hd__a31o_1)
     4    0.02                           _092_ (net)
                  0.17    0.00    3.68 v _337_/A1 (sky130_fd_sc_hd__a21oi_1)
                  0.39    0.44    4.12 ^ _337_/Y (sky130_fd_sc_hd__a21oi_1)
     2    0.01                           _127_ (net)
                  0.39    0.00    4.12 ^ _340_/A (sky130_fd_sc_hd__nor2_1)
                  0.17    0.30    4.42 v _340_/Y (sky130_fd_sc_hd__nor2_1)
     4    0.01                           _130_ (net)
                  0.17    0.00    4.42 v _357_/B1 (sky130_fd_sc_hd__o221a_1)
                  0.19    0.61    5.03 v _357_/X (sky130_fd_sc_hd__o221a_1)
     4    0.01                           _145_ (net)
                  0.19    0.00    5.03 v _377_/B1 (sky130_fd_sc_hd__o221a_2)
                  0.16    0.64    5.67 v _377_/X (sky130_fd_sc_hd__o221a_2)
     5    0.02                           _163_ (net)
                  0.16    0.00    5.67 v _399_/B1 (sky130_fd_sc_hd__o221a_1)
                  0.16    0.57    6.24 v _399_/X (sky130_fd_sc_hd__o221a_1)
     4    0.01                           _183_ (net)
                  0.16    0.00    6.24 v _414_/B (sky130_fd_sc_hd__or3b_1)
                  0.15    0.89    7.13 v _414_/X (sky130_fd_sc_hd__or3b_1)
     1    0.00                           _196_ (net)
                  0.15    0.00    7.13 v _415_/A3 (sky130_fd_sc_hd__a32o_1)
                  0.07    0.50    7.63 v _415_/X (sky130_fd_sc_hd__a32o_1)
     1    0.00                           _197_ (net)
                  0.07    0.00    7.63 v _416_/B (sky130_fd_sc_hd__and2_1)
                  0.07    0.33    7.96 v _416_/X (sky130_fd_sc_hd__and2_1)
     1    0.00                           _198_ (net)
                  0.07    0.00    7.96 v _417_/A (sky130_fd_sc_hd__clkbuf_1)
                  0.06    0.18    8.14 v _417_/X (sky130_fd_sc_hd__clkbuf_1)
     1    0.00                           _018_ (net)
                  0.06    0.00    8.14 v _497_/D (sky130_fd_sc_hd__dfxtp_1)
                                  8.14   data arrival time

                         10.00   10.00   clock clk (rise edge)
                          0.00   10.00   clock source latency
                  0.22    0.14   10.14 ^ clk (in)
     1    0.03                           clk (net)
                  0.22    0.00   10.14 ^ clkbuf_0_clk/A (sky130_fd_sc_hd__clkbuf_16)
                  0.12    0.32   10.47 ^ clkbuf_0_clk/X (sky130_fd_sc_hd__clkbuf_16)
     4    0.06                           clknet_0_clk (net)
                  0.12    0.00   10.47 ^ clkbuf_2_2__f_clk/A (sky130_fd_sc_hd__clkbuf_16)
                  0.12    0.28   10.75 ^ clkbuf_2_2__f_clk/X (sky130_fd_sc_hd__clkbuf_16)
    14    0.06                           clknet_2_2__leaf_clk (net)
                  0.12    0.00   10.75 ^ _497_/CLK (sky130_fd_sc_hd__dfxtp_1)
                         -0.25   10.50   clock uncertainty
                          0.00   10.50   clock reconvergence pessimism
                         -0.25   10.25   library setup time
                                 10.25   data required time
-----------------------------------------------------------------------------
                                 10.25   data required time
                                 -8.14   data arrival time
-----------------------------------------------------------------------------
                                  2.11   slack (MET)



======================= Typical Corner ===================================

Startpoint: mcand[3] (input port clocked by clk)
Endpoint: _497_ (rising edge-triggered flip-flop clocked by clk)
Path Group: clk
Path Type: max
Corner: Typical

Fanout     Cap    Slew   Delay    Time   Description
-----------------------------------------------------------------------------
                          0.00    0.00   clock clk (rise edge)
                          0.00    0.00   clock network delay (propagated)
                          2.00    2.00 v input external delay
                  0.01    0.00    2.00 v mcand[3] (in)
     1    0.00                           mcand[3] (net)
                  0.01    0.00    2.00 v input10/A (sky130_fd_sc_hd__clkbuf_2)
                  0.08    0.14    2.15 v input10/X (sky130_fd_sc_hd__clkbuf_2)
     3    0.02                           net10 (net)
                  0.08    0.00    2.15 v _296_/B (sky130_fd_sc_hd__or2_1)
                  0.05    0.23    2.38 v _296_/X (sky130_fd_sc_hd__or2_1)
     1    0.00                           _090_ (net)
                  0.05    0.00    2.38 v _297_/A3 (sky130_fd_sc_hd__a31o_1)
                  0.04    0.23    2.60 v _297_/X (sky130_fd_sc_hd__a31o_1)
     1    0.00                           _091_ (net)
                  0.04    0.00    2.60 v _298_/B1 (sky130_fd_sc_hd__a31o_1)
                  0.09    0.25    2.85 v _298_/X (sky130_fd_sc_hd__a31o_1)
     4    0.02                           _092_ (net)
                  0.09    0.00    2.85 v _337_/A1 (sky130_fd_sc_hd__a21oi_1)
                  0.24    0.25    3.11 ^ _337_/Y (sky130_fd_sc_hd__a21oi_1)
     2    0.01                           _127_ (net)
                  0.24    0.00    3.11 ^ _340_/A (sky130_fd_sc_hd__nor2_1)
                  0.10    0.15    3.26 v _340_/Y (sky130_fd_sc_hd__nor2_1)
     4    0.01                           _130_ (net)
                  0.10    0.00    3.26 v _357_/B1 (sky130_fd_sc_hd__o221a_1)
                  0.10    0.31    3.57 v _357_/X (sky130_fd_sc_hd__o221a_1)
     4    0.01                           _145_ (net)
                  0.10    0.00    3.57 v _377_/B1 (sky130_fd_sc_hd__o221a_2)
                  0.08    0.32    3.89 v _377_/X (sky130_fd_sc_hd__o221a_2)
     5    0.02                           _163_ (net)
                  0.08    0.00    3.89 v _399_/B1 (sky130_fd_sc_hd__o221a_1)
                  0.08    0.29    4.18 v _399_/X (sky130_fd_sc_hd__o221a_1)
     4    0.01                           _183_ (net)
                  0.08    0.00    4.18 v _414_/B (sky130_fd_sc_hd__or3b_1)
                  0.07    0.38    4.56 v _414_/X (sky130_fd_sc_hd__or3b_1)
     1    0.00                           _196_ (net)
                  0.07    0.00    4.56 v _415_/A3 (sky130_fd_sc_hd__a32o_1)
                  0.04    0.27    4.83 v _415_/X (sky130_fd_sc_hd__a32o_1)
     1    0.00                           _197_ (net)
                  0.04    0.00    4.83 v _416_/B (sky130_fd_sc_hd__and2_1)
                  0.04    0.16    4.99 v _416_/X (sky130_fd_sc_hd__and2_1)
     1    0.00                           _198_ (net)
                  0.04    0.00    4.99 v _417_/A (sky130_fd_sc_hd__clkbuf_1)
                  0.03    0.09    5.08 v _417_/X (sky130_fd_sc_hd__clkbuf_1)
     1    0.00                           _018_ (net)
                  0.03    0.00    5.08 v _497_/D (sky130_fd_sc_hd__dfxtp_1)
                                  5.08   data arrival time

                         10.00   10.00   clock clk (rise edge)
                          0.00   10.00   clock source latency
                  0.14    0.09   10.09 ^ clk (in)
     1    0.03                           clk (net)
                  0.14    0.00   10.09 ^ clkbuf_0_clk/A (sky130_fd_sc_hd__clkbuf_16)
                  0.08    0.18   10.27 ^ clkbuf_0_clk/X (sky130_fd_sc_hd__clkbuf_16)
     4    0.06                           clknet_0_clk (net)
                  0.08    0.00   10.28 ^ clkbuf_2_2__f_clk/A (sky130_fd_sc_hd__clkbuf_16)
                  0.08    0.16   10.44 ^ clkbuf_2_2__f_clk/X (sky130_fd_sc_hd__clkbuf_16)
    14    0.06                           clknet_2_2__leaf_clk (net)
                  0.08    0.00   10.44 ^ _497_/CLK (sky130_fd_sc_hd__dfxtp_1)
                         -0.25   10.19   clock uncertainty
                          0.00   10.19   clock reconvergence pessimism
                         -0.10   10.09   library setup time
                                 10.09   data required time
-----------------------------------------------------------------------------
                                 10.09   data required time
                                 -5.08   data arrival time
-----------------------------------------------------------------------------
                                  5.01   slack (MET)




===========================================================================
report_checks --slack_max -0.01
============================================================================
======================= Fastest Corner ===================================

No paths found.

======================= Slowest Corner ===================================

No paths found.

======================= Typical Corner ===================================

No paths found.


===========================================================================
 report_check_types -max_slew -max_cap -max_fanout -violators
============================================================================
======================= Fastest Corner ===================================

max fanout

Pin                                   Limit Fanout  Slack
---------------------------------------------------------
clkbuf_2_2__f_clk/X                      10     14     -4 (VIOLATED)


======================= Slowest Corner ===================================

max fanout

Pin                                   Limit Fanout  Slack
---------------------------------------------------------
clkbuf_2_2__f_clk/X                      10     14     -4 (VIOLATED)


======================= Typical Corner ===================================

max fanout

Pin                                   Limit Fanout  Slack
---------------------------------------------------------
clkbuf_2_2__f_clk/X                      10     14     -4 (VIOLATED)



===========================================================================
report_parasitic_annotation -report_unannotated
============================================================================
Found 0 unannotated drivers.
Found 0 partially unannotated drivers.

===========================================================================
max slew violation count 0
max fanout violation count 1
max cap violation count 0
============================================================================

===========================================================================
check_setup -verbose -unconstrained_endpoints -multiple_clock -no_clock -no_input_delay -loops -generated_clocks
===========================================================================
