
===========================================================================
report_checks -unconstrained
===========================================================================
======================= Fastest Corner ===================================

Startpoint: mcand[0] (input port clocked by clk)
Endpoint: _891_ (rising edge-triggered flip-flop clocked by clk)
Path Group: clk
Path Type: max
Corner: Fastest

Fanout     Cap    Slew   Delay    Time   Description
-----------------------------------------------------------------------------
                          0.00    0.00   clock clk (rise edge)
                          0.00    0.00   clock network delay (propagated)
                          2.00    2.00 ^ input external delay
                  0.02    0.01    2.01 ^ mcand[0] (in)
     1    0.00                           mcand[0] (net)
                  0.02    0.00    2.01 ^ input1/A (sky130_fd_sc_hd__clkbuf_2)
                  0.15    0.15    2.16 ^ input1/X (sky130_fd_sc_hd__clkbuf_2)
     2    0.04                           net1 (net)
                  0.15    0.01    2.17 ^ _450_/B (sky130_fd_sc_hd__nand2_1)
                  0.08    0.09    2.26 v _450_/Y (sky130_fd_sc_hd__nand2_1)
     4    0.01                           _091_ (net)
                  0.08    0.00    2.26 v _472_/A1 (sky130_fd_sc_hd__o21ai_1)
                  0.17    0.18    2.44 ^ _472_/Y (sky130_fd_sc_hd__o21ai_1)
     3    0.01                           _111_ (net)
                  0.17    0.00    2.44 ^ _492_/A1 (sky130_fd_sc_hd__a311o_2)
                  0.11    0.19    2.63 ^ _492_/X (sky130_fd_sc_hd__a311o_2)
     4    0.03                           _129_ (net)
                  0.11    0.00    2.63 ^ _527_/A1 (sky130_fd_sc_hd__a21oi_4)
                  0.07    0.07    2.70 v _527_/Y (sky130_fd_sc_hd__a21oi_4)
     4    0.03                           _160_ (net)
                  0.07    0.01    2.71 v _609_/A1 (sky130_fd_sc_hd__o31a_1)
                  0.08    0.25    2.96 v _609_/X (sky130_fd_sc_hd__o31a_1)
     3    0.02                           _234_ (net)
                  0.08    0.00    2.96 v _651_/A1 (sky130_fd_sc_hd__o31a_2)
                  0.08    0.29    3.25 v _651_/X (sky130_fd_sc_hd__o31a_2)
     3    0.03                           _272_ (net)
                  0.08    0.00    3.25 v _687_/A1 (sky130_fd_sc_hd__o21ai_4)
                  0.19    0.20    3.45 ^ _687_/Y (sky130_fd_sc_hd__o21ai_4)
     3    0.03                           _304_ (net)
                  0.19    0.00    3.46 ^ _725_/A1 (sky130_fd_sc_hd__a21oi_2)
                  0.07    0.07    3.52 v _725_/Y (sky130_fd_sc_hd__a21oi_2)
     3    0.01                           _338_ (net)
                  0.07    0.00    3.53 v _746_/A1 (sky130_fd_sc_hd__o31a_1)
                  0.05    0.22    3.74 v _746_/X (sky130_fd_sc_hd__o31a_1)
     2    0.01                           _357_ (net)
                  0.05    0.00    3.75 v _747_/B (sky130_fd_sc_hd__xor2_1)
                  0.03    0.09    3.84 v _747_/X (sky130_fd_sc_hd__xor2_1)
     1    0.00                           _358_ (net)
                  0.03    0.00    3.84 v _748_/A1 (sky130_fd_sc_hd__mux2_1)
                  0.05    0.17    4.01 v _748_/X (sky130_fd_sc_hd__mux2_1)
     1    0.00                           _359_ (net)
                  0.05    0.00    4.01 v _749_/A1 (sky130_fd_sc_hd__mux2_1)
                  0.04    0.17    4.17 v _749_/X (sky130_fd_sc_hd__mux2_1)
     1    0.00                           _360_ (net)
                  0.04    0.00    4.17 v _750_/B (sky130_fd_sc_hd__and2_1)
                  0.04    0.12    4.29 v _750_/X (sky130_fd_sc_hd__and2_1)
     1    0.01                           _361_ (net)
                  0.04    0.00    4.29 v _751_/A (sky130_fd_sc_hd__clkbuf_1)
                  0.03    0.07    4.36 v _751_/X (sky130_fd_sc_hd__clkbuf_1)
     1    0.01                           _032_ (net)
                  0.03    0.00    4.36 v _891_/D (sky130_fd_sc_hd__dfxtp_2)
                                  4.36   data arrival time

                         10.00   10.00   clock clk (rise edge)
                          0.00   10.00   clock source latency
                  0.15    0.10   10.10 ^ clk (in)
     1    0.04                           clk (net)
                  0.15    0.00   10.10 ^ clkbuf_0_clk/A (sky130_fd_sc_hd__clkbuf_16)
                  0.11    0.16   10.26 ^ clkbuf_0_clk/X (sky130_fd_sc_hd__clkbuf_16)
     8    0.12                           clknet_0_clk (net)
                  0.11    0.01   10.26 ^ clkbuf_3_4__f_clk/A (sky130_fd_sc_hd__clkbuf_16)
                  0.05    0.12   10.38 ^ clkbuf_3_4__f_clk/X (sky130_fd_sc_hd__clkbuf_16)
     9    0.05                           clknet_3_4__leaf_clk (net)
                  0.05    0.00   10.38 ^ _891_/CLK (sky130_fd_sc_hd__dfxtp_2)
                         -0.25   10.13   clock uncertainty
                          0.00   10.13   clock reconvergence pessimism
                         -0.07   10.07   library setup time
                                 10.07   data required time
-----------------------------------------------------------------------------
                                 10.07   data required time
                                 -4.36   data arrival time
-----------------------------------------------------------------------------
                                  5.70   slack (MET)



======================= Slowest Corner ===================================

Startpoint: mcand[8] (input port clocked by clk)
Endpoint: _891_ (rising edge-triggered flip-flop clocked by clk)
Path Group: clk
Path Type: max
Corner: Slowest

Fanout     Cap    Slew   Delay    Time   Description
-----------------------------------------------------------------------------
                          0.00    0.00   clock clk (rise edge)
                          0.00    0.00   clock network delay (propagated)
                          2.00    2.00 v input external delay
                  0.02    0.01    2.01 v mcand[8] (in)
     1    0.00                           mcand[8] (net)
                  0.02    0.00    2.01 v input31/A (sky130_fd_sc_hd__dlymetal6s2s_1)
                  0.22    0.41    2.42 v input31/X (sky130_fd_sc_hd__dlymetal6s2s_1)
     2    0.02                           net31 (net)
                  0.22    0.00    2.42 v _529_/B (sky130_fd_sc_hd__nand2_1)
                  0.17    0.26    2.68 ^ _529_/Y (sky130_fd_sc_hd__nand2_1)
     3    0.01                           _162_ (net)
                  0.17    0.00    2.68 ^ _530_/B (sky130_fd_sc_hd__nand2_1)
                  0.20    0.26    2.94 v _530_/Y (sky130_fd_sc_hd__nand2_1)
     3    0.01                           _163_ (net)
                  0.20    0.00    2.94 v _567_/A (sky130_fd_sc_hd__or4_1)
                  0.24    1.42    4.35 v _567_/X (sky130_fd_sc_hd__or4_1)
     2    0.01                           _196_ (net)
                  0.24    0.00    4.35 v _609_/A2 (sky130_fd_sc_hd__o31a_1)
                  0.21    0.77    5.12 v _609_/X (sky130_fd_sc_hd__o31a_1)
     3    0.02                           _234_ (net)
                  0.21    0.00    5.12 v _651_/A1 (sky130_fd_sc_hd__o31a_2)
                  0.19    0.89    6.01 v _651_/X (sky130_fd_sc_hd__o31a_2)
     3    0.03                           _272_ (net)
                  0.19    0.00    6.01 v _687_/A1 (sky130_fd_sc_hd__o21ai_4)
                  0.40    0.49    6.50 ^ _687_/Y (sky130_fd_sc_hd__o21ai_4)
     3    0.03                           _304_ (net)
                  0.40    0.00    6.51 ^ _725_/A1 (sky130_fd_sc_hd__a21oi_2)
                  0.17    0.30    6.81 v _725_/Y (sky130_fd_sc_hd__a21oi_2)
     3    0.01                           _338_ (net)
                  0.17    0.00    6.81 v _746_/A1 (sky130_fd_sc_hd__o31a_1)
                  0.13    0.68    7.49 v _746_/X (sky130_fd_sc_hd__o31a_1)
     2    0.01                           _357_ (net)
                  0.13    0.00    7.49 v _747_/B (sky130_fd_sc_hd__xor2_1)
                  0.09    0.29    7.78 v _747_/X (sky130_fd_sc_hd__xor2_1)
     1    0.00                           _358_ (net)
                  0.09    0.00    7.78 v _748_/A1 (sky130_fd_sc_hd__mux2_1)
                  0.13    0.72    8.51 v _748_/X (sky130_fd_sc_hd__mux2_1)
     1    0.00                           _359_ (net)
                  0.13    0.00    8.51 v _749_/A1 (sky130_fd_sc_hd__mux2_1)
                  0.13    0.73    9.24 v _749_/X (sky130_fd_sc_hd__mux2_1)
     1    0.00                           _360_ (net)
                  0.13    0.00    9.24 v _750_/B (sky130_fd_sc_hd__and2_1)
                  0.10    0.39    9.63 v _750_/X (sky130_fd_sc_hd__and2_1)
     1    0.01                           _361_ (net)
                  0.10    0.00    9.63 v _751_/A (sky130_fd_sc_hd__clkbuf_1)
                  0.08    0.21    9.84 v _751_/X (sky130_fd_sc_hd__clkbuf_1)
     1    0.01                           _032_ (net)
                  0.08    0.00    9.84 v _891_/D (sky130_fd_sc_hd__dfxtp_2)
                                  9.84   data arrival time

                         10.00   10.00   clock clk (rise edge)
                          0.00   10.00   clock source latency
                  0.31    0.21   10.21 ^ clk (in)
     1    0.04                           clk (net)
                  0.31    0.00   10.21 ^ clkbuf_0_clk/A (sky130_fd_sc_hd__clkbuf_16)
                  0.21    0.42   10.63 ^ clkbuf_0_clk/X (sky130_fd_sc_hd__clkbuf_16)
     8    0.12                           clknet_0_clk (net)
                  0.21    0.01   10.63 ^ clkbuf_3_4__f_clk/A (sky130_fd_sc_hd__clkbuf_16)
                  0.11    0.31   10.94 ^ clkbuf_3_4__f_clk/X (sky130_fd_sc_hd__clkbuf_16)
     9    0.05                           clknet_3_4__leaf_clk (net)
                  0.11    0.00   10.94 ^ _891_/CLK (sky130_fd_sc_hd__dfxtp_2)
                         -0.25   10.69   clock uncertainty
                          0.00   10.69   clock reconvergence pessimism
                         -0.27   10.43   library setup time
                                 10.43   data required time
-----------------------------------------------------------------------------
                                 10.43   data required time
                                 -9.84   data arrival time
-----------------------------------------------------------------------------
                                  0.59   slack (MET)



======================= Typical Corner ===================================

Startpoint: mcand[0] (input port clocked by clk)
Endpoint: _891_ (rising edge-triggered flip-flop clocked by clk)
Path Group: clk
Path Type: max
Corner: Typical

Fanout     Cap    Slew   Delay    Time   Description
-----------------------------------------------------------------------------
                          0.00    0.00   clock clk (rise edge)
                          0.00    0.00   clock network delay (propagated)
                          2.00    2.00 ^ input external delay
                  0.02    0.01    2.01 ^ mcand[0] (in)
     1    0.00                           mcand[0] (net)
                  0.02    0.00    2.01 ^ input1/A (sky130_fd_sc_hd__clkbuf_2)
                  0.20    0.21    2.22 ^ input1/X (sky130_fd_sc_hd__clkbuf_2)
     2    0.04                           net1 (net)
                  0.20    0.01    2.23 ^ _450_/B (sky130_fd_sc_hd__nand2_1)
                  0.12    0.15    2.38 v _450_/Y (sky130_fd_sc_hd__nand2_1)
     4    0.01                           _091_ (net)
                  0.12    0.00    2.38 v _472_/A1 (sky130_fd_sc_hd__o21ai_1)
                  0.23    0.27    2.65 ^ _472_/Y (sky130_fd_sc_hd__o21ai_1)
     3    0.01                           _111_ (net)
                  0.23    0.00    2.65 ^ _492_/A1 (sky130_fd_sc_hd__a311o_2)
                  0.15    0.32    2.97 ^ _492_/X (sky130_fd_sc_hd__a311o_2)
     4    0.03                           _129_ (net)
                  0.15    0.00    2.97 ^ _527_/A1 (sky130_fd_sc_hd__a21oi_4)
                  0.09    0.12    3.09 v _527_/Y (sky130_fd_sc_hd__a21oi_4)
     4    0.03                           _160_ (net)
                  0.09    0.01    3.10 v _609_/A1 (sky130_fd_sc_hd__o31a_1)
                  0.12    0.40    3.50 v _609_/X (sky130_fd_sc_hd__o31a_1)
     3    0.02                           _234_ (net)
                  0.12    0.00    3.50 v _651_/A1 (sky130_fd_sc_hd__o31a_2)
                  0.11    0.46    3.96 v _651_/X (sky130_fd_sc_hd__o31a_2)
     3    0.03                           _272_ (net)
                  0.11    0.00    3.97 v _687_/A1 (sky130_fd_sc_hd__o21ai_4)
                  0.25    0.29    4.26 ^ _687_/Y (sky130_fd_sc_hd__o21ai_4)
     3    0.03                           _304_ (net)
                  0.25    0.00    4.26 ^ _725_/A1 (sky130_fd_sc_hd__a21oi_2)
                  0.10    0.14    4.39 v _725_/Y (sky130_fd_sc_hd__a21oi_2)
     3    0.01                           _338_ (net)
                  0.10    0.00    4.40 v _746_/A1 (sky130_fd_sc_hd__o31a_1)
                  0.07    0.35    4.75 v _746_/X (sky130_fd_sc_hd__o31a_1)
     2    0.01                           _357_ (net)
                  0.07    0.00    4.75 v _747_/B (sky130_fd_sc_hd__xor2_1)
                  0.05    0.15    4.90 v _747_/X (sky130_fd_sc_hd__xor2_1)
     1    0.00                           _358_ (net)
                  0.05    0.00    4.90 v _748_/A1 (sky130_fd_sc_hd__mux2_1)
                  0.06    0.32    5.22 v _748_/X (sky130_fd_sc_hd__mux2_1)
     1    0.00                           _359_ (net)
                  0.06    0.00    5.22 v _749_/A1 (sky130_fd_sc_hd__mux2_1)
                  0.06    0.32    5.54 v _749_/X (sky130_fd_sc_hd__mux2_1)
     1    0.00                           _360_ (net)
                  0.06    0.00    5.54 v _750_/B (sky130_fd_sc_hd__and2_1)
                  0.05    0.18    5.72 v _750_/X (sky130_fd_sc_hd__and2_1)
     1    0.01                           _361_ (net)
                  0.05    0.00    5.72 v _751_/A (sky130_fd_sc_hd__clkbuf_1)
                  0.04    0.11    5.83 v _751_/X (sky130_fd_sc_hd__clkbuf_1)
     1    0.01                           _032_ (net)
                  0.04    0.00    5.83 v _891_/D (sky130_fd_sc_hd__dfxtp_2)
                                  5.83   data arrival time

                         10.00   10.00   clock clk (rise edge)
                          0.00   10.00   clock source latency
                  0.20    0.13   10.13 ^ clk (in)
     1    0.04                           clk (net)
                  0.20    0.00   10.13 ^ clkbuf_0_clk/A (sky130_fd_sc_hd__clkbuf_16)
                  0.14    0.24   10.37 ^ clkbuf_0_clk/X (sky130_fd_sc_hd__clkbuf_16)
     8    0.12                           clknet_0_clk (net)
                  0.14    0.01   10.38 ^ clkbuf_3_4__f_clk/A (sky130_fd_sc_hd__clkbuf_16)
                  0.07    0.17   10.55 ^ clkbuf_3_4__f_clk/X (sky130_fd_sc_hd__clkbuf_16)
     9    0.05                           clknet_3_4__leaf_clk (net)
                  0.07    0.00   10.55 ^ _891_/CLK (sky130_fd_sc_hd__dfxtp_2)
                         -0.25   10.30   clock uncertainty
                          0.00   10.30   clock reconvergence pessimism
                         -0.11   10.20   library setup time
                                 10.20   data required time
-----------------------------------------------------------------------------
                                 10.20   data required time
                                 -5.83   data arrival time
-----------------------------------------------------------------------------
                                  4.36   slack (MET)




===========================================================================
report_checks --slack_max -0.01
============================================================================
======================= Fastest Corner ===================================

No paths found.

======================= Slowest Corner ===================================

No paths found.

======================= Typical Corner ===================================

No paths found.


===========================================================================
 report_check_types -max_slew -max_cap -max_fanout -violators
============================================================================
======================= Fastest Corner ===================================

max fanout

Pin                                   Limit Fanout  Slack
---------------------------------------------------------
clkbuf_3_2__f_clk/X                      10     12     -2 (VIOLATED)
_447_/X                                  10     11        (VIOLATED)
clkbuf_3_0__f_clk/X                      10     11        (VIOLATED)
clkbuf_3_1__f_clk/X                      10     11        (VIOLATED)


======================= Slowest Corner ===================================

max fanout

Pin                                   Limit Fanout  Slack
---------------------------------------------------------
clkbuf_3_2__f_clk/X                      10     12     -2 (VIOLATED)
_447_/X                                  10     11        (VIOLATED)
clkbuf_3_0__f_clk/X                      10     11        (VIOLATED)
clkbuf_3_1__f_clk/X                      10     11        (VIOLATED)


======================= Typical Corner ===================================

max fanout

Pin                                   Limit Fanout  Slack
---------------------------------------------------------
clkbuf_3_2__f_clk/X                      10     12     -2 (VIOLATED)
_447_/X                                  10     11        (VIOLATED)
clkbuf_3_0__f_clk/X                      10     11        (VIOLATED)
clkbuf_3_1__f_clk/X                      10     11        (VIOLATED)



===========================================================================
report_parasitic_annotation -report_unannotated
============================================================================
Found 0 unannotated drivers.
Found 0 partially unannotated drivers.

===========================================================================
max slew violation count 0
max fanout violation count 4
max cap violation count 0
============================================================================

===========================================================================
check_setup -verbose -unconstrained_endpoints -multiple_clock -no_clock -no_input_delay -loops -generated_clocks
===========================================================================
