
===========================================================================
report_checks -unconstrained
===========================================================================
======================= Fastest Corner ===================================

Startpoint: mplier[6] (input port clocked by clk)
Endpoint: product[30] (output port clocked by clk)
Path Group: clk
Path Type: max
Corner: Fastest

Fanout     Cap    Slew   Delay    Time   Description
-----------------------------------------------------------------------------
                  0.00    0.00    0.00   clock clk (rise edge)
                          0.00    0.00   clock network delay (ideal)
                          4.00    4.00 ^ input external delay
                  0.02    0.01    4.01 ^ mplier[6] (in)
     1    0.00                           mplier[6] (net)
                  0.02    0.00    4.01 ^ input29/A (sky130_fd_sc_hd__clkbuf_4)
                  0.14    0.16    4.17 ^ input29/X (sky130_fd_sc_hd__clkbuf_4)
     4    0.06                           net29 (net)
                  0.14    0.02    4.18 ^ _1470_/A (sky130_fd_sc_hd__buf_6)
                  0.09    0.13    4.31 ^ _1470_/X (sky130_fd_sc_hd__buf_6)
     6    0.05                           _0514_ (net)
                  0.09    0.00    4.31 ^ _1598_/A (sky130_fd_sc_hd__buf_4)
                  0.16    0.18    4.49 ^ _1598_/X (sky130_fd_sc_hd__buf_4)
    10    0.07                           _0640_ (net)
                  0.16    0.01    4.50 ^ _1653_/A (sky130_fd_sc_hd__clkbuf_8)
                  0.12    0.18    4.68 ^ _1653_/X (sky130_fd_sc_hd__clkbuf_8)
    10    0.08                           _0694_ (net)
                  0.12    0.00    4.69 ^ _1731_/B (sky130_fd_sc_hd__nand2_1)
                  0.07    0.08    4.77 v _1731_/Y (sky130_fd_sc_hd__nand2_1)
     2    0.01                           _0771_ (net)
                  0.07    0.00    4.77 v _1797_/A1 (sky130_fd_sc_hd__o21ba_1)
                  0.08    0.19    4.96 v _1797_/X (sky130_fd_sc_hd__o21ba_1)
     2    0.02                           _0836_ (net)
                  0.09    0.00    4.96 v _1803_/A (sky130_fd_sc_hd__xnor2_1)
                  0.24    0.25    5.21 ^ _1803_/Y (sky130_fd_sc_hd__xnor2_1)
     2    0.01                           _0842_ (net)
                  0.24    0.00    5.21 ^ _1848_/B_N (sky130_fd_sc_hd__or2b_1)
                  0.05    0.17    5.38 v _1848_/X (sky130_fd_sc_hd__or2b_1)
     2    0.01                           _0886_ (net)
                  0.05    0.00    5.38 v _1863_/B (sky130_fd_sc_hd__and3_1)
                  0.05    0.14    5.52 v _1863_/X (sky130_fd_sc_hd__and3_1)
     2    0.01                           _0901_ (net)
                  0.05    0.00    5.52 v _1865_/A2 (sky130_fd_sc_hd__o211a_1)
                  0.04    0.15    5.68 v _1865_/X (sky130_fd_sc_hd__o211a_1)
     2    0.01                           _0903_ (net)
                  0.04    0.00    5.68 v _1901_/B (sky130_fd_sc_hd__nor4_1)
                  0.26    0.27    5.94 ^ _1901_/Y (sky130_fd_sc_hd__nor4_1)
     2    0.01                           _0939_ (net)
                  0.26    0.00    5.94 ^ max_cap73/A (sky130_fd_sc_hd__clkbuf_2)
                  0.08    0.14    6.08 ^ max_cap73/X (sky130_fd_sc_hd__clkbuf_2)
     2    0.02                           net73 (net)
                  0.08    0.00    6.09 ^ _1904_/A1 (sky130_fd_sc_hd__o211ai_4)
                  0.05    0.06    6.15 v _1904_/Y (sky130_fd_sc_hd__o211ai_4)
     2    0.01                           _0942_ (net)
                  0.05    0.00    6.15 v _1906_/A2 (sky130_fd_sc_hd__a211o_1)
                  0.07    0.24    6.39 v _1906_/X (sky130_fd_sc_hd__a211o_1)
     2    0.02                           _0944_ (net)
                  0.07    0.00    6.39 v _1908_/A2 (sky130_fd_sc_hd__a211o_1)
                  0.04    0.20    6.60 v _1908_/X (sky130_fd_sc_hd__a211o_1)
     1    0.00                           _0946_ (net)
                  0.04    0.00    6.60 v _1909_/B (sky130_fd_sc_hd__nand2_1)
                  0.10    0.10    6.70 ^ _1909_/Y (sky130_fd_sc_hd__nand2_1)
     2    0.01                           _0947_ (net)
                  0.10    0.00    6.70 ^ _1910_/B (sky130_fd_sc_hd__xor2_2)
                  0.15    0.15    6.85 ^ _1910_/X (sky130_fd_sc_hd__xor2_2)
     2    0.01                           _0948_ (net)
                  0.15    0.00    6.85 ^ _1980_/C1 (sky130_fd_sc_hd__o211a_4)
                  0.07    0.13    6.98 ^ _1980_/X (sky130_fd_sc_hd__o211a_4)
     2    0.03                           _1019_ (net)
                  0.07    0.00    6.98 ^ _2131_/A2 (sky130_fd_sc_hd__a311o_4)
                  0.14    0.21    7.19 ^ _2131_/X (sky130_fd_sc_hd__a311o_4)
     4    0.05                           _1182_ (net)
                  0.15    0.01    7.20 ^ _2403_/A1 (sky130_fd_sc_hd__a31oi_4)
                  0.15    0.15    7.35 v _2403_/Y (sky130_fd_sc_hd__a31oi_4)
     4    0.05                           _0109_ (net)
                  0.15    0.01    7.36 v _2605_/A1 (sky130_fd_sc_hd__o21a_4)
                  0.07    0.23    7.59 v _2605_/X (sky130_fd_sc_hd__o21a_4)
     4    0.06                           _0327_ (net)
                  0.08    0.02    7.61 v _2732_/A1 (sky130_fd_sc_hd__o31a_4)
                  0.06    0.27    7.88 v _2732_/X (sky130_fd_sc_hd__o31a_4)
     3    0.03                           _0462_ (net)
                  0.06    0.00    7.88 v _2758_/A2 (sky130_fd_sc_hd__o31ai_4)
                  0.26    0.27    8.15 ^ _2758_/Y (sky130_fd_sc_hd__o31ai_4)
     2    0.03                           _0488_ (net)
                  0.26    0.00    8.16 ^ _2759_/B (sky130_fd_sc_hd__xor2_4)
                  0.21    0.19    8.35 ^ _2759_/X (sky130_fd_sc_hd__xor2_4)
     1    0.03                           net56 (net)
                  0.21    0.01    8.36 ^ output56/A (sky130_fd_sc_hd__buf_6)
                  0.06    0.11    8.47 ^ output56/X (sky130_fd_sc_hd__buf_6)
     1    0.03                           product[30] (net)
                  0.06    0.00    8.47 ^ product[30] (out)
                                  8.47   data arrival time

                  0.00   20.00   20.00   clock clk (rise edge)
                          0.00   20.00   clock network delay (ideal)
                         -0.25   19.75   clock uncertainty
                          0.00   19.75   clock reconvergence pessimism
                         -4.00   15.75   output external delay
                                 15.75   data required time
-----------------------------------------------------------------------------
                                 15.75   data required time
                                 -8.47   data arrival time
-----------------------------------------------------------------------------
                                  7.28   slack (MET)



======================= Slowest Corner ===================================

Startpoint: mcand[4] (input port clocked by clk)
Endpoint: product[30] (output port clocked by clk)
Path Group: clk
Path Type: max
Corner: Slowest

Fanout     Cap    Slew   Delay    Time   Description
-----------------------------------------------------------------------------
                  0.00    0.00    0.00   clock clk (rise edge)
                          0.00    0.00   clock network delay (ideal)
                          4.00    4.00 ^ input external delay
                  0.03    0.02    4.02 ^ mcand[4] (in)
     1    0.00                           mcand[4] (net)
                  0.03    0.00    4.02 ^ input11/A (sky130_fd_sc_hd__clkbuf_4)
                  0.32    0.43    4.45 ^ input11/X (sky130_fd_sc_hd__clkbuf_4)
     5    0.07                           net11 (net)
                  0.33    0.02    4.47 ^ _1412_/A (sky130_fd_sc_hd__buf_6)
                  0.18    0.38    4.85 ^ _1412_/X (sky130_fd_sc_hd__buf_6)
    10    0.05                           _0117_ (net)
                  0.18    0.01    4.86 ^ _1600_/A (sky130_fd_sc_hd__clkbuf_4)
                  0.22    0.42    5.28 ^ _1600_/X (sky130_fd_sc_hd__clkbuf_4)
    10    0.04                           _0642_ (net)
                  0.22    0.00    5.29 ^ _1666_/B (sky130_fd_sc_hd__and4_1)
                  0.16    0.50    5.79 ^ _1666_/X (sky130_fd_sc_hd__and4_1)
     2    0.01                           _0707_ (net)
                  0.16    0.00    5.79 ^ _1668_/A_N (sky130_fd_sc_hd__and2b_1)
                  0.12    0.47    6.26 v _1668_/X (sky130_fd_sc_hd__and2b_1)
     1    0.01                           _0709_ (net)
                  0.12    0.00    6.26 v _1669_/B (sky130_fd_sc_hd__xnor2_2)
                  0.61    0.57    6.83 ^ _1669_/Y (sky130_fd_sc_hd__xnor2_2)
     3    0.03                           _0710_ (net)
                  0.61    0.00    6.83 ^ _1750_/A1 (sky130_fd_sc_hd__a21bo_1)
                  0.18    0.51    7.34 ^ _1750_/X (sky130_fd_sc_hd__a21bo_1)
     2    0.01                           _0790_ (net)
                  0.18    0.00    7.34 ^ _1751_/C (sky130_fd_sc_hd__nand3_2)
                  0.30    0.36    7.70 v _1751_/Y (sky130_fd_sc_hd__nand3_2)
     6    0.02                           _0791_ (net)
                  0.30    0.00    7.70 v _1753_/B (sky130_fd_sc_hd__and3_1)
                  0.14    0.54    8.25 v _1753_/X (sky130_fd_sc_hd__and3_1)
     2    0.01                           _0793_ (net)
                  0.14    0.00    8.25 v _1755_/B1 (sky130_fd_sc_hd__a211o_1)
                  0.17    0.65    8.90 v _1755_/X (sky130_fd_sc_hd__a211o_1)
     3    0.01                           _0795_ (net)
                  0.17    0.00    8.90 v _1757_/B (sky130_fd_sc_hd__and3_2)
                  0.15    0.58    9.48 v _1757_/X (sky130_fd_sc_hd__and3_2)
     5    0.02                           _0797_ (net)
                  0.15    0.00    9.48 v _1831_/A2 (sky130_fd_sc_hd__o211a_2)
                  0.15    0.61   10.08 v _1831_/X (sky130_fd_sc_hd__o211a_2)
     4    0.02                           _0870_ (net)
                  0.15    0.00   10.09 v _1833_/B (sky130_fd_sc_hd__nor3_1)
                  0.86    0.83   10.91 ^ _1833_/Y (sky130_fd_sc_hd__nor3_1)
     3    0.02                           _0872_ (net)
                  0.86    0.00   10.91 ^ max_cap70/A (sky130_fd_sc_hd__clkbuf_2)
                  0.15    0.55   11.46 ^ max_cap70/X (sky130_fd_sc_hd__clkbuf_2)
     2    0.01                           net70 (net)
                  0.15    0.00   11.46 ^ _1907_/A2 (sky130_fd_sc_hd__o211ai_4)
                  0.28    0.31   11.77 v _1907_/Y (sky130_fd_sc_hd__o211ai_4)
     3    0.03                           _0945_ (net)
                  0.28    0.00   11.77 v _1909_/A (sky130_fd_sc_hd__nand2_1)
                  0.22    0.31   12.08 ^ _1909_/Y (sky130_fd_sc_hd__nand2_1)
     2    0.01                           _0947_ (net)
                  0.22    0.00   12.08 ^ _1910_/B (sky130_fd_sc_hd__xor2_2)
                  0.31    0.41   12.49 ^ _1910_/X (sky130_fd_sc_hd__xor2_2)
     2    0.01                           _0948_ (net)
                  0.31    0.00   12.49 ^ _1980_/C1 (sky130_fd_sc_hd__o211a_4)
                  0.16    0.50   12.99 ^ _1980_/X (sky130_fd_sc_hd__o211a_4)
     2    0.03                           _1019_ (net)
                  0.16    0.00   13.00 ^ _2131_/A2 (sky130_fd_sc_hd__a311o_4)
                  0.30    0.64   13.64 ^ _2131_/X (sky130_fd_sc_hd__a311o_4)
     4    0.05                           _1182_ (net)
                  0.30    0.01   13.65 ^ _2403_/A1 (sky130_fd_sc_hd__a31oi_4)
                  0.43    0.50   14.14 v _2403_/Y (sky130_fd_sc_hd__a31oi_4)
     4    0.06                           _0109_ (net)
                  0.43    0.01   14.15 v _2605_/A1 (sky130_fd_sc_hd__o21a_4)
                  0.19    0.70   14.85 v _2605_/X (sky130_fd_sc_hd__o21a_4)
     4    0.06                           _0327_ (net)
                  0.19    0.02   14.87 v _2732_/A1 (sky130_fd_sc_hd__o31a_4)
                  0.14    0.80   15.67 v _2732_/X (sky130_fd_sc_hd__o31a_4)
     3    0.03                           _0462_ (net)
                  0.14    0.00   15.68 v _2758_/A2 (sky130_fd_sc_hd__o31ai_4)
                  0.56    0.65   16.32 ^ _2758_/Y (sky130_fd_sc_hd__o31ai_4)
     2    0.03                           _0488_ (net)
                  0.56    0.00   16.33 ^ _2759_/B (sky130_fd_sc_hd__xor2_4)
                  0.43    0.60   16.93 ^ _2759_/X (sky130_fd_sc_hd__xor2_4)
     1    0.03                           net56 (net)
                  0.43    0.01   16.93 ^ output56/A (sky130_fd_sc_hd__buf_6)
                  0.13    0.38   17.31 ^ output56/X (sky130_fd_sc_hd__buf_6)
     1    0.03                           product[30] (net)
                  0.13    0.00   17.32 ^ product[30] (out)
                                 17.32   data arrival time

                  0.00   20.00   20.00   clock clk (rise edge)
                          0.00   20.00   clock network delay (ideal)
                         -0.25   19.75   clock uncertainty
                          0.00   19.75   clock reconvergence pessimism
                         -4.00   15.75   output external delay
                                 15.75   data required time
-----------------------------------------------------------------------------
                                 15.75   data required time
                                -17.32   data arrival time
-----------------------------------------------------------------------------
                                 -1.57   slack (VIOLATED)



======================= Typical Corner ===================================

Startpoint: mplier[8] (input port clocked by clk)
Endpoint: product[30] (output port clocked by clk)
Path Group: clk
Path Type: max
Corner: Typical

Fanout     Cap    Slew   Delay    Time   Description
-----------------------------------------------------------------------------
                  0.00    0.00    0.00   clock clk (rise edge)
                          0.00    0.00   clock network delay (ideal)
                          4.00    4.00 ^ input external delay
                  0.02    0.01    4.01 ^ mplier[8] (in)
     1    0.00                           mplier[8] (net)
                  0.02    0.00    4.01 ^ input31/A (sky130_fd_sc_hd__buf_4)
                  0.23    0.23    4.25 ^ input31/X (sky130_fd_sc_hd__buf_4)
     4    0.08                           net31 (net)
                  0.24    0.03    4.28 ^ _1607_/A (sky130_fd_sc_hd__buf_4)
                  0.19    0.29    4.56 ^ _1607_/X (sky130_fd_sc_hd__buf_4)
    10    0.07                           _0649_ (net)
                  0.19    0.01    4.58 ^ _1732_/A (sky130_fd_sc_hd__buf_4)
                  0.19    0.27    4.85 ^ _1732_/X (sky130_fd_sc_hd__buf_4)
    10    0.07                           _0772_ (net)
                  0.19    0.01    4.86 ^ _1880_/A (sky130_fd_sc_hd__buf_4)
                  0.20    0.28    5.14 ^ _1880_/X (sky130_fd_sc_hd__buf_4)
    10    0.07                           _0918_ (net)
                  0.20    0.01    5.14 ^ _1881_/A2_N (sky130_fd_sc_hd__o2bb2a_1)
                  0.07    0.28    5.42 v _1881_/X (sky130_fd_sc_hd__o2bb2a_1)
     1    0.01                           _0919_ (net)
                  0.07    0.00    5.42 v _1882_/B (sky130_fd_sc_hd__nor2_2)
                  0.30    0.27    5.69 ^ _1882_/Y (sky130_fd_sc_hd__nor2_2)
     3    0.03                           _0920_ (net)
                  0.30    0.00    5.69 ^ _1892_/A (sky130_fd_sc_hd__nand3_2)
                  0.14    0.17    5.86 v _1892_/Y (sky130_fd_sc_hd__nand3_2)
     2    0.01                           _0930_ (net)
                  0.14    0.00    5.87 v _1896_/A1 (sky130_fd_sc_hd__a21o_1)
                  0.08    0.25    6.11 v _1896_/X (sky130_fd_sc_hd__a21o_1)
     3    0.01                           _0934_ (net)
                  0.08    0.00    6.11 v _1897_/C (sky130_fd_sc_hd__and3_1)
                  0.08    0.25    6.36 v _1897_/X (sky130_fd_sc_hd__and3_1)
     2    0.01                           _0935_ (net)
                  0.08    0.00    6.36 v _1899_/B1 (sky130_fd_sc_hd__a211oi_4)
                  0.35    0.38    6.74 ^ _1899_/Y (sky130_fd_sc_hd__a211oi_4)
     4    0.03                           _0937_ (net)
                  0.35    0.00    6.75 ^ _1901_/C (sky130_fd_sc_hd__nor4_1)
                  0.10    0.13    6.88 v _1901_/Y (sky130_fd_sc_hd__nor4_1)
     2    0.01                           _0939_ (net)
                  0.10    0.00    6.88 v max_cap73/A (sky130_fd_sc_hd__clkbuf_2)
                  0.07    0.17    7.05 v max_cap73/X (sky130_fd_sc_hd__clkbuf_2)
     2    0.02                           net73 (net)
                  0.07    0.00    7.05 v _1903_/B1 (sky130_fd_sc_hd__a211o_2)
                  0.09    0.38    7.44 v _1903_/X (sky130_fd_sc_hd__a211o_2)
     3    0.02                           _0941_ (net)
                  0.09    0.00    7.44 v _1906_/A1 (sky130_fd_sc_hd__a211o_1)
                  0.11    0.35    7.79 v _1906_/X (sky130_fd_sc_hd__a211o_1)
     2    0.02                           _0944_ (net)
                  0.11    0.00    7.79 v _1908_/A2 (sky130_fd_sc_hd__a211o_1)
                  0.05    0.33    8.11 v _1908_/X (sky130_fd_sc_hd__a211o_1)
     1    0.00                           _0946_ (net)
                  0.05    0.00    8.11 v _1909_/B (sky130_fd_sc_hd__nand2_1)
                  0.14    0.14    8.25 ^ _1909_/Y (sky130_fd_sc_hd__nand2_1)
     2    0.01                           _0947_ (net)
                  0.14    0.00    8.25 ^ _1910_/B (sky130_fd_sc_hd__xor2_2)
                  0.20    0.23    8.48 ^ _1910_/X (sky130_fd_sc_hd__xor2_2)
     2    0.01                           _0948_ (net)
                  0.20    0.00    8.48 ^ _1980_/C1 (sky130_fd_sc_hd__o211a_4)
                  0.10    0.24    8.72 ^ _1980_/X (sky130_fd_sc_hd__o211a_4)
     2    0.03                           _1019_ (net)
                  0.10    0.00    8.73 ^ _2131_/A2 (sky130_fd_sc_hd__a311o_4)
                  0.19    0.33    9.05 ^ _2131_/X (sky130_fd_sc_hd__a311o_4)
     4    0.05                           _1182_ (net)
                  0.19    0.01    9.07 ^ _2403_/A1 (sky130_fd_sc_hd__a31oi_4)
                  0.22    0.23    9.30 v _2403_/Y (sky130_fd_sc_hd__a31oi_4)
     4    0.05                           _0109_ (net)
                  0.22    0.01    9.31 v _2605_/A1 (sky130_fd_sc_hd__o21a_4)
                  0.10    0.36    9.67 v _2605_/X (sky130_fd_sc_hd__o21a_4)
     4    0.06                           _0327_ (net)
                  0.10    0.02    9.69 v _2732_/A1 (sky130_fd_sc_hd__o31a_4)
                  0.08    0.43   10.12 v _2732_/X (sky130_fd_sc_hd__o31a_4)
     3    0.03                           _0462_ (net)
                  0.08    0.00   10.12 v _2758_/A2 (sky130_fd_sc_hd__o31ai_4)
                  0.36    0.39   10.51 ^ _2758_/Y (sky130_fd_sc_hd__o31ai_4)
     2    0.03                           _0488_ (net)
                  0.36    0.00   10.51 ^ _2759_/B (sky130_fd_sc_hd__xor2_4)
                  0.28    0.31   10.83 ^ _2759_/X (sky130_fd_sc_hd__xor2_4)
     1    0.03                           net56 (net)
                  0.28    0.01   10.83 ^ output56/A (sky130_fd_sc_hd__buf_6)
                  0.08    0.19   11.03 ^ output56/X (sky130_fd_sc_hd__buf_6)
     1    0.03                           product[30] (net)
                  0.08    0.00   11.03 ^ product[30] (out)
                                 11.03   data arrival time

                  0.00   20.00   20.00   clock clk (rise edge)
                          0.00   20.00   clock network delay (ideal)
                         -0.25   19.75   clock uncertainty
                          0.00   19.75   clock reconvergence pessimism
                         -4.00   15.75   output external delay
                                 15.75   data required time
-----------------------------------------------------------------------------
                                 15.75   data required time
                                -11.03   data arrival time
-----------------------------------------------------------------------------
                                  4.72   slack (MET)




===========================================================================
report_checks --slack_max -0.01
============================================================================
======================= Fastest Corner ===================================

No paths found.

======================= Slowest Corner ===================================

Startpoint: mcand[4] (input port clocked by clk)
Endpoint: product[30] (output port clocked by clk)
Path Group: clk
Path Type: max
Corner: Slowest

Fanout     Cap    Slew   Delay    Time   Description
-----------------------------------------------------------------------------
                  0.00    0.00    0.00   clock clk (rise edge)
                          0.00    0.00   clock network delay (ideal)
                          4.00    4.00 ^ input external delay
                  0.03    0.02    4.02 ^ mcand[4] (in)
     1    0.00                           mcand[4] (net)
                  0.03    0.00    4.02 ^ input11/A (sky130_fd_sc_hd__clkbuf_4)
                  0.32    0.43    4.45 ^ input11/X (sky130_fd_sc_hd__clkbuf_4)
     5    0.07                           net11 (net)
                  0.33    0.02    4.47 ^ _1412_/A (sky130_fd_sc_hd__buf_6)
                  0.18    0.38    4.85 ^ _1412_/X (sky130_fd_sc_hd__buf_6)
    10    0.05                           _0117_ (net)
                  0.18    0.01    4.86 ^ _1600_/A (sky130_fd_sc_hd__clkbuf_4)
                  0.22    0.42    5.28 ^ _1600_/X (sky130_fd_sc_hd__clkbuf_4)
    10    0.04                           _0642_ (net)
                  0.22    0.00    5.29 ^ _1666_/B (sky130_fd_sc_hd__and4_1)
                  0.16    0.50    5.79 ^ _1666_/X (sky130_fd_sc_hd__and4_1)
     2    0.01                           _0707_ (net)
                  0.16    0.00    5.79 ^ _1668_/A_N (sky130_fd_sc_hd__and2b_1)
                  0.12    0.47    6.26 v _1668_/X (sky130_fd_sc_hd__and2b_1)
     1    0.01                           _0709_ (net)
                  0.12    0.00    6.26 v _1669_/B (sky130_fd_sc_hd__xnor2_2)
                  0.61    0.57    6.83 ^ _1669_/Y (sky130_fd_sc_hd__xnor2_2)
     3    0.03                           _0710_ (net)
                  0.61    0.00    6.83 ^ _1750_/A1 (sky130_fd_sc_hd__a21bo_1)
                  0.18    0.51    7.34 ^ _1750_/X (sky130_fd_sc_hd__a21bo_1)
     2    0.01                           _0790_ (net)
                  0.18    0.00    7.34 ^ _1751_/C (sky130_fd_sc_hd__nand3_2)
                  0.30    0.36    7.70 v _1751_/Y (sky130_fd_sc_hd__nand3_2)
     6    0.02                           _0791_ (net)
                  0.30    0.00    7.70 v _1753_/B (sky130_fd_sc_hd__and3_1)
                  0.14    0.54    8.25 v _1753_/X (sky130_fd_sc_hd__and3_1)
     2    0.01                           _0793_ (net)
                  0.14    0.00    8.25 v _1755_/B1 (sky130_fd_sc_hd__a211o_1)
                  0.17    0.65    8.90 v _1755_/X (sky130_fd_sc_hd__a211o_1)
     3    0.01                           _0795_ (net)
                  0.17    0.00    8.90 v _1757_/B (sky130_fd_sc_hd__and3_2)
                  0.15    0.58    9.48 v _1757_/X (sky130_fd_sc_hd__and3_2)
     5    0.02                           _0797_ (net)
                  0.15    0.00    9.48 v _1831_/A2 (sky130_fd_sc_hd__o211a_2)
                  0.15    0.61   10.08 v _1831_/X (sky130_fd_sc_hd__o211a_2)
     4    0.02                           _0870_ (net)
                  0.15    0.00   10.09 v _1833_/B (sky130_fd_sc_hd__nor3_1)
                  0.86    0.83   10.91 ^ _1833_/Y (sky130_fd_sc_hd__nor3_1)
     3    0.02                           _0872_ (net)
                  0.86    0.00   10.91 ^ max_cap70/A (sky130_fd_sc_hd__clkbuf_2)
                  0.15    0.55   11.46 ^ max_cap70/X (sky130_fd_sc_hd__clkbuf_2)
     2    0.01                           net70 (net)
                  0.15    0.00   11.46 ^ _1907_/A2 (sky130_fd_sc_hd__o211ai_4)
                  0.28    0.31   11.77 v _1907_/Y (sky130_fd_sc_hd__o211ai_4)
     3    0.03                           _0945_ (net)
                  0.28    0.00   11.77 v _1909_/A (sky130_fd_sc_hd__nand2_1)
                  0.22    0.31   12.08 ^ _1909_/Y (sky130_fd_sc_hd__nand2_1)
     2    0.01                           _0947_ (net)
                  0.22    0.00   12.08 ^ _1910_/B (sky130_fd_sc_hd__xor2_2)
                  0.31    0.41   12.49 ^ _1910_/X (sky130_fd_sc_hd__xor2_2)
     2    0.01                           _0948_ (net)
                  0.31    0.00   12.49 ^ _1980_/C1 (sky130_fd_sc_hd__o211a_4)
                  0.16    0.50   12.99 ^ _1980_/X (sky130_fd_sc_hd__o211a_4)
     2    0.03                           _1019_ (net)
                  0.16    0.00   13.00 ^ _2131_/A2 (sky130_fd_sc_hd__a311o_4)
                  0.30    0.64   13.64 ^ _2131_/X (sky130_fd_sc_hd__a311o_4)
     4    0.05                           _1182_ (net)
                  0.30    0.01   13.65 ^ _2403_/A1 (sky130_fd_sc_hd__a31oi_4)
                  0.43    0.50   14.14 v _2403_/Y (sky130_fd_sc_hd__a31oi_4)
     4    0.06                           _0109_ (net)
                  0.43    0.01   14.15 v _2605_/A1 (sky130_fd_sc_hd__o21a_4)
                  0.19    0.70   14.85 v _2605_/X (sky130_fd_sc_hd__o21a_4)
     4    0.06                           _0327_ (net)
                  0.19    0.02   14.87 v _2732_/A1 (sky130_fd_sc_hd__o31a_4)
                  0.14    0.80   15.67 v _2732_/X (sky130_fd_sc_hd__o31a_4)
     3    0.03                           _0462_ (net)
                  0.14    0.00   15.68 v _2758_/A2 (sky130_fd_sc_hd__o31ai_4)
                  0.56    0.65   16.32 ^ _2758_/Y (sky130_fd_sc_hd__o31ai_4)
     2    0.03                           _0488_ (net)
                  0.56    0.00   16.33 ^ _2759_/B (sky130_fd_sc_hd__xor2_4)
                  0.43    0.60   16.93 ^ _2759_/X (sky130_fd_sc_hd__xor2_4)
     1    0.03                           net56 (net)
                  0.43    0.01   16.93 ^ output56/A (sky130_fd_sc_hd__buf_6)
                  0.13    0.38   17.31 ^ output56/X (sky130_fd_sc_hd__buf_6)
     1    0.03                           product[30] (net)
                  0.13    0.00   17.32 ^ product[30] (out)
                                 17.32   data arrival time

                  0.00   20.00   20.00   clock clk (rise edge)
                          0.00   20.00   clock network delay (ideal)
                         -0.25   19.75   clock uncertainty
                          0.00   19.75   clock reconvergence pessimism
                         -4.00   15.75   output external delay
                                 15.75   data required time
-----------------------------------------------------------------------------
                                 15.75   data required time
                                -17.32   data arrival time
-----------------------------------------------------------------------------
                                 -1.57   slack (VIOLATED)



======================= Typical Corner ===================================

No paths found.


===========================================================================
 report_check_types -max_slew -max_cap -max_fanout -violators
============================================================================
======================= Fastest Corner ===================================

max fanout

Pin                                   Limit Fanout  Slack
---------------------------------------------------------
_1369_/X                                 10     11        (VIOLATED)
_1706_/X                                 10     11        (VIOLATED)
_2064_/X                                 10     11        (VIOLATED)


======================= Slowest Corner ===================================

max slew

Pin                                    Limit    Slew   Slack
------------------------------------------------------------
_1836_/A1                               0.75    0.86   -0.11 (VIOLATED)
_1835_/B1                               0.75    0.86   -0.11 (VIOLATED)
_1833_/Y                                0.75    0.86   -0.11 (VIOLATED)
max_cap70/A                             0.75    0.86   -0.11 (VIOLATED)
output49/A                              0.75    0.86   -0.11 (VIOLATED)
_2606_/Y                                0.75    0.86   -0.11 (VIOLATED)
output35/A                              0.75    0.85   -0.10 (VIOLATED)
_1771_/Y                                0.75    0.85   -0.10 (VIOLATED)
output46/A                              0.75    0.82   -0.07 (VIOLATED)
_2462_/Y                                0.75    0.82   -0.07 (VIOLATED)
output36/A                              0.75    0.81   -0.06 (VIOLATED)
ANTENNA_9/DIODE                         0.75    0.81   -0.06 (VIOLATED)
_1840_/Y                                0.75    0.81   -0.06 (VIOLATED)
output38/A                              0.75    0.75   -0.00 (VIOLATED)
_1984_/X                                0.75    0.75   -0.00 (VIOLATED)

max fanout

Pin                                   Limit Fanout  Slack
---------------------------------------------------------
_1369_/X                                 10     11        (VIOLATED)
_1706_/X                                 10     11        (VIOLATED)
_2064_/X                                 10     11        (VIOLATED)


======================= Typical Corner ===================================

max fanout

Pin                                   Limit Fanout  Slack
---------------------------------------------------------
_1369_/X                                 10     11        (VIOLATED)
_1706_/X                                 10     11        (VIOLATED)
_2064_/X                                 10     11        (VIOLATED)



===========================================================================
report_parasitic_annotation -report_unannotated
============================================================================
Found 0 unannotated drivers.
Found 0 partially unannotated drivers.

===========================================================================
max slew violation count 15
max fanout violation count 3
max cap violation count 0
============================================================================

===========================================================================
check_setup -verbose -unconstrained_endpoints -multiple_clock -no_clock -no_input_delay -loops -generated_clocks
===========================================================================
