
===========================================================================
report_checks -unconstrained
===========================================================================
======================= Typical Corner ===================================

Startpoint: mplier[22] (input port clocked by clk)
Endpoint: product[58] (output port clocked by clk)
Path Group: clk
Path Type: max

Fanout     Cap    Slew   Delay    Time   Description
-----------------------------------------------------------------------------
                  0.00    0.00    0.00   clock clk (rise edge)
                          0.00    0.00   clock network delay (ideal)
                          4.00    4.00 ^ input external delay
                  0.05    0.03    4.03 ^ mplier[22] (in)
     1    0.01                           mplier[22] (net)
                  0.05    0.00    4.03 ^ input47/A (sky130_fd_sc_hd__buf_8)
                  0.24    0.21    4.24 ^ input47/X (sky130_fd_sc_hd__buf_8)
     6    0.15                           net47 (net)
                  0.28    0.07    4.31 ^ _07614_/A (sky130_fd_sc_hd__buf_4)
                  0.20    0.31    4.62 ^ _07614_/X (sky130_fd_sc_hd__buf_4)
    10    0.07                           _01109_ (net)
                  0.21    0.01    4.63 ^ _09174_/A (sky130_fd_sc_hd__buf_4)
                  0.27    0.34    4.97 ^ _09174_/X (sky130_fd_sc_hd__buf_4)
    10    0.10                           _02812_ (net)
                  0.27    0.00    4.97 ^ _09175_/A (sky130_fd_sc_hd__buf_6)
                  0.17    0.26    5.24 ^ _09175_/X (sky130_fd_sc_hd__buf_6)
    10    0.09                           _02813_ (net)
                  0.17    0.00    5.24 ^ _09356_/B (sky130_fd_sc_hd__nand2_1)
                  0.08    0.12    5.36 v _09356_/Y (sky130_fd_sc_hd__nand2_1)
     1    0.01                           _03010_ (net)
                  0.08    0.00    5.36 v _09357_/B (sky130_fd_sc_hd__xor2_2)
                  0.38    0.35    5.71 ^ _09357_/X (sky130_fd_sc_hd__xor2_2)
     2    0.03                           _03011_ (net)
                  0.38    0.00    5.71 ^ _09365_/A (sky130_fd_sc_hd__nand3_2)
                  0.16    0.20    5.91 v _09365_/Y (sky130_fd_sc_hd__nand3_2)
     4    0.02                           _03020_ (net)
                  0.16    0.00    5.91 v _09367_/B (sky130_fd_sc_hd__and3_4)
                  0.06    0.27    6.19 v _09367_/X (sky130_fd_sc_hd__and3_4)
     4    0.03                           _03022_ (net)
                  0.06    0.00    6.19 v _09370_/A1 (sky130_fd_sc_hd__o211a_1)
                  0.07    0.28    6.47 v _09370_/X (sky130_fd_sc_hd__o211a_1)
     3    0.01                           _03025_ (net)
                  0.07    0.00    6.47 v _09501_/B (sky130_fd_sc_hd__or4_4)
                  0.09    0.56    7.02 v _09501_/X (sky130_fd_sc_hd__or4_4)
     2    0.01                           _03169_ (net)
                  0.09    0.00    7.02 v _09537_/A2 (sky130_fd_sc_hd__a211o_4)
                  0.10    0.43    7.46 v _09537_/X (sky130_fd_sc_hd__a211o_4)
     5    0.04                           _03208_ (net)
                  0.10    0.00    7.46 v _09605_/C (sky130_fd_sc_hd__nand4_4)
                  0.10    0.14    7.60 ^ _09605_/Y (sky130_fd_sc_hd__nand4_4)
     2    0.02                           _03282_ (net)
                  0.10    0.00    7.60 ^ _09680_/A2 (sky130_fd_sc_hd__a211o_4)
                  0.10    0.20    7.80 ^ _09680_/X (sky130_fd_sc_hd__a211o_4)
     5    0.03                           _03364_ (net)
                  0.10    0.00    7.80 ^ _09703_/C_N (sky130_fd_sc_hd__or4bb_4)
                  0.10    0.59    8.39 v _09703_/X (sky130_fd_sc_hd__or4bb_4)
     2    0.01                           _03389_ (net)
                  0.10    0.00    8.39 v _09819_/A2 (sky130_fd_sc_hd__a211oi_4)
                  0.26    0.34    8.73 ^ _09819_/Y (sky130_fd_sc_hd__a211oi_4)
     3    0.02                           _03516_ (net)
                  0.26    0.00    8.73 ^ _09822_/A1 (sky130_fd_sc_hd__o21a_1)
                  0.12    0.24    8.97 ^ _09822_/X (sky130_fd_sc_hd__o21a_1)
     2    0.01                           _03520_ (net)
                  0.12    0.00    8.97 ^ _09824_/A2 (sky130_fd_sc_hd__o211ai_2)
                  0.08    0.10    9.07 v _09824_/Y (sky130_fd_sc_hd__o211ai_2)
     2    0.01                           _03522_ (net)
                  0.08    0.00    9.07 v _09825_/A_N (sky130_fd_sc_hd__and2b_1)
                  0.17    0.31    9.38 ^ _09825_/X (sky130_fd_sc_hd__and2b_1)
     1    0.02                           _03523_ (net)
                  0.17    0.00    9.38 ^ _09826_/B (sky130_fd_sc_hd__xor2_4)
                  0.37    0.37    9.75 ^ _09826_/X (sky130_fd_sc_hd__xor2_4)
     1    0.05                           _03524_ (net)
                  0.37    0.01    9.75 ^ wire169/A (sky130_fd_sc_hd__buf_8)
                  0.14    0.23    9.99 ^ wire169/X (sky130_fd_sc_hd__buf_8)
     3    0.08                           net169 (net)
                  0.14    0.02   10.01 ^ _09829_/A (sky130_fd_sc_hd__xnor2_4)
                  0.10    0.14   10.15 v _09829_/Y (sky130_fd_sc_hd__xnor2_4)
     3    0.03                           _03527_ (net)
                  0.10    0.00   10.15 v _09954_/D (sky130_fd_sc_hd__or4_4)
                  0.11    0.50   10.65 v _09954_/X (sky130_fd_sc_hd__or4_4)
     3    0.02                           _03664_ (net)
                  0.11    0.00   10.65 v _09956_/B1 (sky130_fd_sc_hd__a21o_1)
                  0.06    0.21   10.86 v _09956_/X (sky130_fd_sc_hd__a21o_1)
     1    0.01                           _03666_ (net)
                  0.06    0.00   10.86 v _09960_/B1 (sky130_fd_sc_hd__o311ai_4)
                  0.39    0.14   10.99 ^ _09960_/Y (sky130_fd_sc_hd__o311ai_4)
     2    0.03                           _03670_ (net)
                  0.39    0.00   11.00 ^ wire164/A (sky130_fd_sc_hd__buf_6)
                  0.11    0.23   11.22 ^ wire164/X (sky130_fd_sc_hd__buf_6)
     1    0.05                           net164 (net)
                  0.11    0.01   11.23 ^ wire163/A (sky130_fd_sc_hd__buf_6)
                  0.08    0.15   11.38 ^ wire163/X (sky130_fd_sc_hd__buf_6)
     1    0.04                           net163 (net)
                  0.08    0.01   11.39 ^ _10767_/B2 (sky130_fd_sc_hd__a221oi_4)
                  0.14    0.11   11.50 v _10767_/Y (sky130_fd_sc_hd__a221oi_4)
     1    0.03                           _04549_ (net)
                  0.14    0.00   11.50 v wire160/A (sky130_fd_sc_hd__buf_6)
                  0.05    0.19   11.69 v wire160/X (sky130_fd_sc_hd__buf_6)
     1    0.04                           net160 (net)
                  0.05    0.01   11.70 v wire159/A (sky130_fd_sc_hd__buf_8)
                  0.04    0.14   11.84 v wire159/X (sky130_fd_sc_hd__buf_8)
     3    0.03                           net159 (net)
                  0.04    0.00   11.85 v _11278_/A2 (sky130_fd_sc_hd__a2111o_1)
                  0.10    0.48   12.33 v _11278_/X (sky130_fd_sc_hd__a2111o_1)
     3    0.01                           _05103_ (net)
                  0.10    0.00   12.33 v _11282_/A (sky130_fd_sc_hd__and2_4)
                  0.05    0.19   12.52 v _11282_/X (sky130_fd_sc_hd__and2_4)
     2    0.02                           _05108_ (net)
                  0.05    0.00   12.52 v _11360_/A1 (sky130_fd_sc_hd__o21a_2)
                  0.07    0.26   12.78 v _11360_/X (sky130_fd_sc_hd__o21a_2)
     2    0.02                           _05191_ (net)
                  0.07    0.00   12.78 v _11361_/B (sky130_fd_sc_hd__xor2_4)
                  0.46    0.42   13.21 ^ _11361_/X (sky130_fd_sc_hd__xor2_4)
     1    0.06                           net118 (net)
                  0.46    0.02   13.22 ^ wire131/A (sky130_fd_sc_hd__buf_8)
                  0.13    0.24   13.46 ^ wire131/X (sky130_fd_sc_hd__buf_8)
     1    0.08                           net131 (net)
                  0.14    0.02   13.48 ^ wire130/A (sky130_fd_sc_hd__buf_8)
                  0.11    0.18   13.66 ^ wire130/X (sky130_fd_sc_hd__buf_8)
     2    0.07                           net130 (net)
                  0.12    0.02   13.68 ^ output118/A (sky130_fd_sc_hd__buf_4)
                  0.10    0.19   13.87 ^ output118/X (sky130_fd_sc_hd__buf_4)
     1    0.03                           product[58] (net)
                  0.10    0.00   13.87 ^ product[58] (out)
                                 13.87   data arrival time

                  0.00   20.00   20.00   clock clk (rise edge)
                          0.00   20.00   clock network delay (ideal)
                         -0.25   19.75   clock uncertainty
                          0.00   19.75   clock reconvergence pessimism
                         -4.00   15.75   output external delay
                                 15.75   data required time
-----------------------------------------------------------------------------
                                 15.75   data required time
                                -13.87   data arrival time
-----------------------------------------------------------------------------
                                  1.88   slack (MET)




===========================================================================
report_checks --slack_max -0.01
============================================================================
======================= Typical Corner ===================================

No paths found.


===========================================================================
 report_check_types -max_slew -max_cap -max_fanout -violators
============================================================================
======================= Typical Corner ===================================

max fanout

Pin                                   Limit Fanout  Slack
---------------------------------------------------------
input13/X                                10     20    -10 (VIOLATED)
_05712_/X                                10     13     -3 (VIOLATED)
_06088_/X                                10     13     -3 (VIOLATED)
_06336_/X                                10     12     -2 (VIOLATED)
_07161_/X                                10     12     -2 (VIOLATED)
_07841_/X                                10     12     -2 (VIOLATED)
_08292_/X                                10     12     -2 (VIOLATED)
_08412_/X                                10     12     -2 (VIOLATED)
_08746_/X                                10     12     -2 (VIOLATED)
input37/X                                10     12     -2 (VIOLATED)
_05705_/X                                10     11        (VIOLATED)
_05731_/X                                10     11        (VIOLATED)
_05734_/X                                10     11        (VIOLATED)
_05769_/X                                10     11        (VIOLATED)
_05861_/X                                10     11        (VIOLATED)
_05955_/X                                10     11        (VIOLATED)
_06019_/X                                10     11        (VIOLATED)
_06132_/X                                10     11        (VIOLATED)
_06174_/X                                10     11        (VIOLATED)
_06177_/X                                10     11        (VIOLATED)
_06178_/X                                10     11        (VIOLATED)
_06256_/X                                10     11        (VIOLATED)
_06284_/X                                10     11        (VIOLATED)
_06444_/X                                10     11        (VIOLATED)
_06455_/X                                10     11        (VIOLATED)
_06659_/X                                10     11        (VIOLATED)
_06725_/X                                10     11        (VIOLATED)
_06811_/X                                10     11        (VIOLATED)
_06958_/X                                10     11        (VIOLATED)
_07053_/X                                10     11        (VIOLATED)
_07110_/X                                10     11        (VIOLATED)
_07227_/X                                10     11        (VIOLATED)
_07229_/X                                10     11        (VIOLATED)
_08082_/X                                10     11        (VIOLATED)
_08212_/X                                10     11        (VIOLATED)
_08245_/X                                10     11        (VIOLATED)
_08410_/X                                10     11        (VIOLATED)
_08527_/X                                10     11        (VIOLATED)
_08580_/X                                10     11        (VIOLATED)
_08640_/X                                10     11        (VIOLATED)
_09352_/X                                10     11        (VIOLATED)
_09371_/X                                10     11        (VIOLATED)
_09510_/X                                10     11        (VIOLATED)
_09743_/X                                10     11        (VIOLATED)
_10086_/X                                10     11        (VIOLATED)
_10301_/X                                10     11        (VIOLATED)
input1/X                                 10     11        (VIOLATED)
input22/X                                10     11        (VIOLATED)
input31/X                                10     11        (VIOLATED)
input35/X                                10     11        (VIOLATED)



===========================================================================
report_parasitic_annotation -report_unannotated
============================================================================
Found 0 unannotated drivers.
Found 0 partially unannotated drivers.

===========================================================================
max slew violation count 0
max fanout violation count 50
max cap violation count 0
============================================================================

===========================================================================
check_setup -verbose -unconstrained_endpoints -multiple_clock -no_clock -no_input_delay -loops -generated_clocks
===========================================================================
