OpenROAD 0cfb9a45bfb256c9af1a0500d4c97da0f145f54f 
This program is licensed under the BSD-3 license. See the LICENSE file for details.
Components of this program may be licensed under more restrictive licenses which must be honored.
[INFO]: Reading ODB at '/openlane/designs/combinational_multiplier_16x16/runs/ejecucion_16x16/tmp/17-combinational_multiplier_16x16.odb'…
define_corners Typical
read_liberty -corner Typical /home/juanjo/.volare/sky130A/libs.ref/sky130_fd_sc_hd/lib/sky130_fd_sc_hd__tt_025C_1v80.lib
Using 1e-12 for capacitance...
Using 1e+03 for resistance...
Using 1e-09 for time...
Using 1e+00 for voltage...
Using 1e-03 for current...
Using 1e-09 for power...
Using 1e-06 for distance...
Reading design constraints file at '/openlane/designs/combinational_multiplier_16x16/runs/ejecucion_16x16/tmp/17-combinational_multiplier_16x16.sdc'…
[WARNING STA-0357] virtual clock clk can not be propagated.
[INFO]: Setting signal min routing layer to: met1 and clock min routing layer to met1. 
[INFO]: Setting signal max routing layer to: met5 and clock max routing layer to met5. 
-congestion_iterations 50 -verbose -congestion_report_file /openlane/designs/combinational_multiplier_16x16/runs/ejecucion_16x16/tmp/routing/groute-congestion.rpt
[INFO GRT-0020] Min routing layer: met1
[INFO GRT-0021] Max routing layer: met5
[INFO GRT-0022] Global adjustment: 30%
[INFO GRT-0023] Grid origin: (0, 0)
[INFO GRT-0043] No OR_DEFAULT vias defined.
[INFO GRT-0088] Layer li1     Track-Pitch = 0.4600  line-2-Via Pitch: 0.3400
[INFO GRT-0088] Layer met1    Track-Pitch = 0.3400  line-2-Via Pitch: 0.3400
[INFO GRT-0088] Layer met2    Track-Pitch = 0.4600  line-2-Via Pitch: 0.3500
[INFO GRT-0088] Layer met3    Track-Pitch = 0.6800  line-2-Via Pitch: 0.6150
[INFO GRT-0088] Layer met4    Track-Pitch = 0.9200  line-2-Via Pitch: 1.0400
[INFO GRT-0088] Layer met5    Track-Pitch = 3.4000  line-2-Via Pitch: 3.1100
[INFO GRT-0019] Found 0 clock nets.
[INFO GRT-0001] Minimum degree: 2
[INFO GRT-0002] Maximum degree: 11
[INFO GRT-0003] Macros: 0
[INFO GRT-0004] Blockages: 570

[INFO GRT-0053] Routing resources analysis:
          Routing      Original      Derated      Resource
Layer     Direction    Resources     Resources    Reduction (%)
---------------------------------------------------------------
li1        Vertical            0             0          0.00%
met1       Horizontal     118560         59282          50.00%
met2       Vertical        88920         59534          33.05%
met3       Horizontal      59280         41113          30.65%
met4       Vertical        35568         22899          35.62%
met5       Horizontal      11856          5625          52.56%
---------------------------------------------------------------

[INFO GRT-0197] Via related to pin nodes: 7029
[INFO GRT-0198] Via related Steiner nodes: 223
[INFO GRT-0199] Via filling finished.
[INFO GRT-0111] Final number of vias: 8035
[INFO GRT-0112] Final usage 3D: 35290

[INFO GRT-0096] Final congestion report:
Layer         Resource        Demand        Usage (%)    Max H / Max V / Total Overflow
---------------------------------------------------------------------------------------
li1                  0             0            0.00%             0 /  0 /  0
met1             59282          5602            9.45%             0 /  0 /  0
met2             59534          5482            9.21%             0 /  0 /  0
met3             41113            85            0.21%             0 /  0 /  0
met4             22899            16            0.07%             0 /  0 /  0
met5              5625             0            0.00%             0 /  0 /  0
---------------------------------------------------------------------------------------
Total           188453         11185            5.94%             0 /  0 /  0

[INFO GRT-0018] Total wirelength: 106356 um
[INFO GRT-0014] Routed nets: 1526
[INFO GRT-0006] Repairing antennas, iteration 1.
[INFO GRT-0043] No OR_DEFAULT vias defined.
[INFO GRT-0012] Found 10 antenna violations.
[INFO GRT-0015] Inserted 10 diodes.
[INFO GRT-0009] rerouting 1241 nets.
[INFO GRT-0001] Minimum degree: 2
[INFO GRT-0002] Maximum degree: 12
[INFO GRT-0006] Repairing antennas, iteration 2.
[INFO GRT-0043] No OR_DEFAULT vias defined.
[INFO GRT-0012] Found 3 antenna violations.
[INFO GRT-0015] Inserted 3 diodes.
[INFO GRT-0009] rerouting 16 nets.
[INFO GRT-0001] Minimum degree: 3
[INFO GRT-0002] Maximum degree: 12
[INFO GRT-0006] Repairing antennas, iteration 3.
[INFO GRT-0043] No OR_DEFAULT vias defined.
[INFO GRT-0012] Found 0 antenna violations.
Setting global connections for newly added cells…
Writing OpenROAD database to '/openlane/designs/combinational_multiplier_16x16/runs/ejecucion_16x16/tmp/routing/19-global.odb'…
Writing layout to '/openlane/designs/combinational_multiplier_16x16/runs/ejecucion_16x16/tmp/routing/19-global.def'…
Writing routing guides to '/openlane/designs/combinational_multiplier_16x16/runs/ejecucion_16x16/tmp/routing/19-global.guide'…
