Instance name,  X location,  Y location,  Voltage 
FILLER_0_86_377, 178.74, 244.8, 0.000148662
_432_, 178.74, 228.48, 5.0693e-05
_491_, 178.74, 146.88, 0.000261962
_366_, 178.74, 125.12, 0.000100684
FILLER_0_28_377, 178.74, 87.04, 0.000124774
_418_, 178.74, 65.28, 6.50731e-05
ANTENNA_2, 178.74, 65.28, 6.50731e-05
input9, 178.74, 10.88, 0.000140482
FILLER_0_0_365, 178.74, 10.88, 0.000140482
_447_, 25.14, 87.04, 0.000109717
output46, 25.14, 10.88, 0.000160469
FILLER_0_0_41, 25.14, 10.88, 0.000160469
PHY_EDGE_ROW_85_Left_172, 5.52, 244.8, 0.000130127
PHY_EDGE_ROW_86_Left_173, 5.52, 244.8, 0.000130127
input15, 5.52, 244.8, 0.000130127
PHY_EDGE_ROW_85_Right_85, 242.88, 244.8, 0.000501037
PHY_EDGE_ROW_86_Right_86, 242.88, 244.8, 0.000501037
input4, 242.88, 244.8, 0.000501037
input31, 9.66, 244.8, 0.000129199
FILLER_0_86_22, 15.18, 244.8, 0.000127415
output39, 20.7, 244.8, 0.000125632
FILLER_0_86_49, 26.22, 244.8, 0.000123362
output62, 34.5, 244.8, 0.000186928
FILLER_0_86_77, 40.02, 244.8, 0.000217988
ANTENNA_4, 45.54, 244.8, 0.000249047
FILLER_0_86_85, 45.54, 244.8, 0.000249047
output44, 51.06, 244.8, 0.000280106
FILLER_0_86_125, 60.26, 244.8, 0.000312997
output63, 65.78, 244.8, 0.000332732
FILLER_0_86_135, 65.78, 244.8, 0.000332732
output53, 76.82, 244.8, 0.000352096
FILLER_0_86_153, 76.82, 244.8, 0.000352096
FILLER_0_86_163, 76.82, 244.8, 0.000352096
FILLER_0_86_181, 86.02, 244.8, 0.000349389
input28, 91.54, 244.8, 0.000347765
FILLER_0_86_189, 91.54, 244.8, 0.000347765
output45, 111.78, 244.8, 0.000340974
FILLER_0_86_245, 117.3, 244.8, 0.000327755
input11, 122.82, 244.8, 0.000314537
FILLER_0_86_270, 128.34, 244.8, 0.000300923
input30, 137.54, 244.8, 0.000278235
FILLER_0_86_305, 143.06, 244.8, 0.000263707
FILLER_0_86_309, 148.58, 244.8, 0.00024918
input27, 154.1, 244.8, 0.000234653
FILLER_0_86_349, 163.3, 244.8, 0.000210134
output42, 168.82, 244.8, 0.000195423
FILLER_0_86_359, 168.82, 244.8, 0.000195423
input19, 179.86, 244.8, 0.000158183
FILLER_0_86_385, 179.86, 244.8, 0.000158183
FILLER_0_86_417, 194.58, 244.8, 0.000281884
output38, 200.1, 244.8, 0.000328272
FILLER_0_86_439, 205.62, 244.8, 0.000363272
output61, 214.82, 244.8, 0.000421606
FILLER_0_86_469, 220.34, 244.8, 0.000445242
FILLER_0_86_477, 225.86, 244.8, 0.000468878
output60, 231.38, 244.8, 0.000492514
FILLER_0_85_105, 54.28, 244.8, 0.000291618
FILLER_0_86_221, 104.42, 244.8, 0.000343443
FILLER_0_86_333, 155.94, 244.8, 0.000229749
output49, 234.6, 244.8, 0.000499688
FILLER_0_85_497, 234.6, 244.8, 0.000499688
FILLER_0_85_505, 234.6, 244.8, 0.000499688
PHY_EDGE_ROW_83_Left_170, 5.52, 239.36, 1.0675e-05
PHY_EDGE_ROW_84_Left_171, 5.52, 239.36, 1.0675e-05
PHY_EDGE_ROW_83_Right_83, 242.88, 239.36, 2.40623e-05
PHY_EDGE_ROW_84_Right_84, 242.88, 239.36, 2.40623e-05
input2, 242.88, 239.36, 2.40623e-05
FILLER_0_84_77, 40.02, 239.36, 1.41885e-05
FILLER_0_84_133, 65.78, 239.36, 2.02712e-05
FILLER_0_84_189, 91.54, 239.36, 2.63539e-05
FILLER_0_84_245, 117.3, 239.36, 2.64588e-05
FILLER_0_84_301, 143.06, 239.36, 2.0586e-05
FILLER_0_85_329, 155.94, 239.36, 1.76496e-05
FILLER_0_84_357, 168.82, 239.36, 1.47131e-05
FILLER_0_84_413, 194.58, 239.36, 1.5319e-05
FILLER_0_84_469, 220.34, 239.36, 1.99821e-05
FILLER_0_85_51, 27.14, 239.36, 1.11472e-05
FILLER_0_85_161, 78.66, 239.36, 2.33125e-05
FILLER_0_83_205, 98.9, 239.36, 2.80917e-05
_433_, 104.42, 239.36, 2.93952e-05
FILLER_0_83_219, 104.42, 239.36, 2.93952e-05
FILLER_0_85_217, 104.42, 239.36, 2.93952e-05
FILLER_0_85_273, 130.18, 239.36, 2.35224e-05
FILLER_0_85_385, 181.7, 239.36, 1.29874e-05
FILLER_0_85_441, 207.46, 239.36, 1.76505e-05
FILLER_0_84_501, 233.22, 239.36, 2.23137e-05
PHY_EDGE_ROW_81_Left_168, 5.52, 233.92, 6.90579e-05
PHY_EDGE_ROW_82_Left_169, 5.52, 233.92, 6.90579e-05
output66, 5.52, 233.92, 6.90579e-05
PHY_EDGE_ROW_81_Right_81, 242.88, 233.92, 1.34106e-05
PHY_EDGE_ROW_82_Right_82, 242.88, 233.92, 1.34106e-05
ANTENNA_6, 9.66, 233.92, 6.06686e-05
FILLER_0_82_25, 15.18, 233.92, 4.9483e-05
FILLER_0_82_77, 40.02, 233.92, 3.97612e-05
FILLER_0_82_133, 65.78, 233.92, 5.78709e-05
FILLER_0_82_189, 91.54, 233.92, 7.59806e-05
_434_, 97.06, 233.92, 7.98613e-05
FILLER_0_82_197, 97.06, 233.92, 7.98613e-05
FILLER_0_82_241, 117.3, 233.92, 7.29278e-05
FILLER_0_82_249, 117.3, 233.92, 7.29278e-05
FILLER_0_82_301, 143.06, 233.92, 5.72104e-05
FILLER_0_83_305, 143.06, 233.92, 5.72104e-05
_430_, 148.58, 233.92, 5.38423e-05
FILLER_0_82_357, 168.82, 233.92, 2.67089e-05
FILLER_0_83_385, 183.08, 233.92, 1.34103e-05
FILLER_0_82_413, 194.58, 233.92, 1.34104e-05
FILLER_0_82_469, 220.34, 233.92, 1.34105e-05
FILLER_0_83_51, 27.14, 233.92, 3.07063e-05
FILLER_0_83_105, 52.9, 233.92, 4.88161e-05
FILLER_0_83_161, 78.66, 233.92, 6.69258e-05
_435_, 108.1, 233.92, 7.85412e-05
FILLER_0_83_273, 130.18, 233.92, 6.50691e-05
FILLER_0_83_333, 155.94, 233.92, 4.39756e-05
FILLER_0_83_441, 207.46, 233.92, 1.34104e-05
FILLER_0_83_497, 233.22, 233.92, 1.34105e-05
FILLER_0_81_505, 238.74, 233.92, 1.34106e-05
FILLER_0_83_505, 238.74, 233.92, 1.34106e-05
PHY_EDGE_ROW_79_Left_166, 5.52, 228.48, 1.76102e-05
PHY_EDGE_ROW_80_Left_167, 5.52, 228.48, 1.76102e-05
PHY_EDGE_ROW_79_Right_79, 242.88, 228.48, 5.06933e-05
PHY_EDGE_ROW_80_Right_80, 242.88, 228.48, 5.06933e-05
FILLER_0_80_77, 40.02, 228.48, 4.2152e-05
FILLER_0_80_133, 65.78, 228.48, 8.46384e-05
FILLER_0_80_189, 91.54, 228.48, 0.000127125
FILLER_0_80_245, 117.3, 228.48, 0.00012193
FILLER_0_80_301, 143.06, 228.48, 9.76618e-05
FILLER_0_80_357, 168.82, 228.48, 7.3394e-05
FILLER_0_81_361, 168.82, 228.48, 7.3394e-05
_431_, 174.34, 228.48, 6.81937e-05
_502_, 174.34, 228.48, 6.81937e-05
FILLER_0_80_365, 174.34, 228.48, 6.81937e-05
FILLER_0_80_410, 194.58, 228.48, 5.06931e-05
FILLER_0_80_469, 220.34, 228.48, 5.06932e-05
FILLER_0_81_51, 27.14, 228.48, 2.09088e-05
FILLER_0_81_105, 52.9, 228.48, 6.33952e-05
FILLER_0_81_161, 78.66, 228.48, 0.000105882
_503_, 98.9, 228.48, 0.000139264
FILLER_0_81_273, 130.18, 228.48, 0.000109796
FILLER_0_81_329, 155.94, 228.48, 8.55279e-05
FILLER_0_79_441, 207.46, 228.48, 5.06932e-05
FILLER_0_81_441, 207.46, 228.48, 5.06932e-05
FILLER_0_81_497, 233.22, 228.48, 5.06933e-05
FILLER_0_79_505, 238.74, 228.48, 5.06933e-05
PHY_EDGE_ROW_77_Left_164, 5.52, 223.04, 4.23431e-06
PHY_EDGE_ROW_78_Left_165, 5.52, 223.04, 4.23431e-06
PHY_EDGE_ROW_77_Right_77, 242.88, 223.04, 0.00019302
PHY_EDGE_ROW_78_Right_78, 242.88, 223.04, 0.00019302
FILLER_0_78_77, 40.02, 223.04, 8.17978e-06
FILLER_0_78_133, 65.78, 223.04, 1.50101e-05
FILLER_0_78_189, 91.54, 223.04, 2.18404e-05
FILLER_0_78_245, 117.3, 223.04, 2.86707e-05
FILLER_0_78_301, 143.06, 223.04, 3.55009e-05
FILLER_0_78_357, 168.82, 223.04, 4.23311e-05
_428_, 189.06, 223.04, 8.45339e-05
FILLER_0_78_401, 189.06, 223.04, 8.45339e-05
FILLER_0_78_466, 220.34, 223.04, 0.000155595
FILLER_0_79_51, 27.14, 223.04, 4.76459e-06
FILLER_0_79_105, 52.9, 223.04, 1.1595e-05
FILLER_0_79_161, 78.66, 223.04, 1.84253e-05
FILLER_0_79_217, 104.42, 223.04, 2.52556e-05
FILLER_0_79_273, 130.18, 223.04, 3.20858e-05
FILLER_0_79_329, 155.94, 223.04, 3.8916e-05
FILLER_0_79_385, 181.7, 223.04, 5.63116e-05
FILLER_0_79_497, 233.22, 223.04, 0.000181793
output48, 238.74, 223.04, 0.00019302
_427_, 196.65, 223.04, 0.000107409
_429_, 196.65, 223.04, 0.000107409
PHY_EDGE_ROW_75_Left_162, 5.52, 217.6, 1.13518e-05
PHY_EDGE_ROW_76_Left_163, 5.52, 217.6, 1.13518e-05
PHY_EDGE_ROW_75_Right_75, 242.88, 217.6, 0.000107718
PHY_EDGE_ROW_76_Right_76, 242.88, 217.6, 0.000107718
FILLER_0_76_77, 40.02, 217.6, 2.54273e-05
FILLER_0_76_133, 65.78, 217.6, 4.97946e-05
FILLER_0_76_189, 91.54, 217.6, 7.41619e-05
FILLER_0_76_245, 117.3, 217.6, 9.85291e-05
FILLER_0_76_357, 168.82, 217.6, 7.28082e-05
_501_, 194.58, 217.6, 0.000107718
FILLER_0_76_413, 194.58, 217.6, 0.000107718
FILLER_0_76_469, 220.34, 217.6, 0.000107718
FILLER_0_77_51, 27.14, 217.6, 1.32436e-05
FILLER_0_77_105, 52.9, 217.6, 3.7611e-05
FILLER_0_77_161, 78.66, 217.6, 6.19783e-05
FILLER_0_77_217, 104.42, 217.6, 8.63455e-05
FILLER_0_76_277, 130.18, 217.6, 0.000110713
FILLER_0_77_273, 130.18, 217.6, 0.000110713
FILLER_0_75_327, 155.94, 217.6, 9.26976e-05
FILLER_0_77_329, 155.94, 217.6, 9.26976e-05
FILLER_0_77_385, 181.7, 217.6, 6.68757e-05
FILLER_0_77_405, 192.74, 217.6, 0.000101883
FILLER_0_77_438, 207.46, 217.6, 0.000107718
FILLER_0_77_497, 233.22, 217.6, 0.000107718
FILLER_0_75_505, 238.74, 217.6, 0.000107718
_504_, 138.92, 217.6, 0.00011898
ANTENNA_1, 138.92, 217.6, 0.00011898
FILLER_0_76_298, 138.92, 217.6, 0.00011898
PHY_EDGE_ROW_73_Left_160, 5.52, 212.16, 5.60042e-06
PHY_EDGE_ROW_74_Left_161, 5.52, 212.16, 5.60042e-06
PHY_EDGE_ROW_73_Right_73, 242.88, 212.16, 1.70741e-05
PHY_EDGE_ROW_74_Right_74, 242.88, 212.16, 1.70741e-05
FILLER_0_74_77, 40.02, 212.16, 1.15267e-05
FILLER_0_74_133, 65.78, 212.16, 2.17863e-05
FILLER_0_74_189, 91.54, 212.16, 3.20458e-05
FILLER_0_74_245, 117.3, 212.16, 4.23053e-05
FILLER_0_74_301, 143.06, 212.16, 4.76697e-05
FILLER_0_74_357, 168.82, 212.16, 2.55803e-05
FILLER_0_74_413, 194.58, 212.16, 1.70739e-05
FILLER_0_74_469, 220.34, 212.16, 1.7074e-05
FILLER_0_75_51, 27.14, 212.16, 6.39695e-06
FILLER_0_75_105, 52.9, 212.16, 1.66565e-05
FILLER_0_75_161, 78.66, 212.16, 2.69161e-05
FILLER_0_75_217, 104.42, 212.16, 3.71756e-05
FILLER_0_75_273, 130.18, 212.16, 4.7435e-05
_438_, 135.7, 212.16, 4.96335e-05
FILLER_0_75_281, 135.7, 212.16, 4.96335e-05
_437_, 141.22, 212.16, 4.92475e-05
FILLER_0_75_385, 181.7, 212.16, 1.70738e-05
FILLER_0_75_441, 207.46, 212.16, 1.7074e-05
FILLER_0_75_497, 233.22, 212.16, 1.70741e-05
FILLER_0_73_505, 238.74, 212.16, 1.70741e-05
PHY_EDGE_ROW_71_Left_158, 5.52, 206.72, 2.56333e-06
PHY_EDGE_ROW_72_Left_159, 5.52, 206.72, 2.56333e-06
PHY_EDGE_ROW_71_Right_71, 242.88, 206.72, 0.000147221
PHY_EDGE_ROW_72_Right_72, 242.88, 206.72, 0.000147221
FILLER_0_73_51, 27.6, 206.72, 2.92341e-06
FILLER_0_72_77, 40.02, 206.72, 4.74154e-06
FILLER_0_72_133, 65.78, 206.72, 8.51243e-06
FILLER_0_72_189, 91.54, 206.72, 1.22833e-05
FILLER_0_72_245, 117.3, 206.72, 1.60541e-05
FILLER_0_72_301, 143.06, 206.72, 1.98248e-05
FILLER_0_72_357, 168.82, 206.72, 2.35956e-05
FILLER_0_72_413, 194.58, 206.72, 5.73014e-05
FILLER_0_72_469, 220.34, 206.72, 0.000109755
FILLER_0_73_105, 52.9, 206.72, 6.62699e-06
FILLER_0_73_161, 78.66, 206.72, 1.03979e-05
FILLER_0_73_217, 104.42, 206.72, 1.41687e-05
FILLER_0_73_273, 130.18, 206.72, 1.79395e-05
FILLER_0_73_329, 155.94, 206.72, 2.17102e-05
FILLER_0_73_385, 181.7, 206.72, 3.10749e-05
FILLER_0_73_441, 207.46, 206.72, 8.3528e-05
FILLER_0_73_497, 233.22, 206.72, 0.000135981
output51, 238.74, 206.72, 0.000147221
PHY_EDGE_ROW_69_Left_156, 5.52, 201.28, 2.66647e-06
PHY_EDGE_ROW_70_Left_157, 5.52, 201.28, 2.66647e-06
input23, 5.52, 201.28, 2.66647e-06
PHY_EDGE_ROW_69_Right_69, 242.88, 201.28, 2.54845e-06
PHY_EDGE_ROW_70_Right_70, 242.88, 201.28, 2.54845e-06
FILLER_0_70_77, 40.02, 201.28, 1.40363e-06
FILLER_0_70_133, 65.78, 201.28, 1.61627e-06
FILLER_0_70_189, 91.54, 201.28, 1.82886e-06
FILLER_0_70_245, 117.3, 201.28, 2.0414e-06
FILLER_0_70_301, 143.06, 201.28, 2.2539e-06
FILLER_0_70_357, 168.82, 201.28, 2.46636e-06
FILLER_0_70_413, 194.58, 201.28, 2.54826e-06
FILLER_0_70_469, 220.34, 201.28, 2.54838e-06
FILLER_0_71_105, 52.9, 201.28, 1.50995e-06
FILLER_0_71_161, 78.66, 201.28, 1.72257e-06
FILLER_0_71_217, 104.42, 201.28, 1.93513e-06
FILLER_0_71_273, 130.18, 201.28, 2.14766e-06
FILLER_0_71_329, 155.94, 201.28, 2.36014e-06
FILLER_0_71_385, 181.7, 201.28, 2.54819e-06
FILLER_0_71_441, 207.46, 201.28, 2.54833e-06
FILLER_0_71_497, 233.22, 201.28, 2.54843e-06
FILLER_0_69_505, 238.74, 201.28, 2.54844e-06
PHY_EDGE_ROW_67_Left_154, 5.52, 195.84, 4.44734e-07
PHY_EDGE_ROW_68_Left_155, 5.52, 195.84, 4.44734e-07
PHY_EDGE_ROW_67_Right_67, 242.88, 195.84, 7.97868e-07
PHY_EDGE_ROW_68_Right_68, 242.88, 195.84, 7.97868e-07
FILLER_0_68_77, 40.02, 195.84, 4.78955e-07
FILLER_0_68_133, 65.78, 195.84, 5.3822e-07
FILLER_0_68_189, 91.54, 195.84, 5.97441e-07
FILLER_0_68_245, 117.3, 195.84, 6.56619e-07
FILLER_0_68_301, 143.06, 195.84, 7.15754e-07
FILLER_0_68_357, 168.82, 195.84, 7.74845e-07
FILLER_0_68_413, 194.58, 195.84, 7.97684e-07
FILLER_0_68_469, 220.34, 195.84, 7.97804e-07
FILLER_0_69_51, 27.14, 195.84, 4.49306e-07
FILLER_0_69_105, 52.9, 195.84, 5.08593e-07
FILLER_0_69_161, 78.66, 195.84, 5.67836e-07
FILLER_0_69_217, 104.42, 195.84, 6.27036e-07
FILLER_0_69_273, 130.18, 195.84, 6.86192e-07
FILLER_0_69_329, 155.94, 195.84, 7.45305e-07
FILLER_0_69_385, 181.7, 195.84, 7.97608e-07
FILLER_0_69_441, 207.46, 195.84, 7.97749e-07
FILLER_0_69_497, 233.22, 195.84, 7.97847e-07
FILLER_0_67_505, 238.74, 195.84, 7.97861e-07
PHY_EDGE_ROW_65_Left_152, 5.52, 190.4, 2.31799e-06
PHY_EDGE_ROW_66_Left_153, 5.52, 190.4, 2.31799e-06
PHY_EDGE_ROW_65_Right_65, 242.88, 190.4, 1.62416e-05
PHY_EDGE_ROW_66_Right_66, 242.88, 190.4, 1.62416e-05
input7, 242.88, 190.4, 1.62416e-05
FILLER_0_67_51, 27.6, 190.4, 2.36988e-06
FILLER_0_66_77, 40.02, 190.4, 2.63198e-06
FILLER_0_66_133, 65.78, 190.4, 3.17557e-06
FILLER_0_66_189, 91.54, 190.4, 3.71912e-06
FILLER_0_66_245, 117.3, 190.4, 4.26263e-06
FILLER_0_66_301, 143.06, 190.4, 4.80609e-06
FILLER_0_66_357, 168.82, 190.4, 5.34951e-06
FILLER_0_66_413, 194.58, 190.4, 8.19702e-06
FILLER_0_66_469, 220.34, 190.4, 1.24875e-05
FILLER_0_67_105, 52.9, 190.4, 2.90378e-06
FILLER_0_67_161, 78.66, 190.4, 3.44735e-06
FILLER_0_67_217, 104.42, 190.4, 3.99088e-06
FILLER_0_67_273, 130.18, 190.4, 4.53437e-06
FILLER_0_67_329, 155.94, 190.4, 5.07781e-06
FILLER_0_67_385, 181.7, 190.4, 6.05178e-06
FILLER_0_67_441, 207.46, 190.4, 1.03423e-05
FILLER_0_66_501, 233.22, 190.4, 1.46327e-05
FILLER_0_67_497, 233.22, 190.4, 1.46327e-05
PHY_EDGE_ROW_63_Left_150, 5.52, 184.96, 6.60553e-06
PHY_EDGE_ROW_64_Left_151, 5.52, 184.96, 6.60553e-06
input12, 5.52, 184.96, 6.60553e-06
PHY_EDGE_ROW_63_Right_63, 242.88, 184.96, 7.14741e-06
PHY_EDGE_ROW_64_Right_64, 242.88, 184.96, 7.14741e-06
FILLER_0_64_77, 40.02, 184.96, 5.05755e-06
FILLER_0_64_133, 65.78, 184.96, 5.44568e-06
FILLER_0_64_189, 91.54, 184.96, 5.83376e-06
FILLER_0_64_245, 117.3, 184.96, 6.22179e-06
FILLER_0_64_301, 143.06, 184.96, 6.60978e-06
FILLER_0_64_357, 168.82, 184.96, 6.9977e-06
FILLER_0_64_413, 194.58, 184.96, 7.14719e-06
FILLER_0_64_469, 220.34, 184.96, 7.14733e-06
FILLER_0_65_105, 52.9, 184.96, 5.25162e-06
FILLER_0_65_161, 78.66, 184.96, 5.63972e-06
FILLER_0_65_217, 104.42, 184.96, 6.02778e-06
FILLER_0_63_273, 130.18, 184.96, 6.4158e-06
FILLER_0_65_273, 130.18, 184.96, 6.4158e-06
FILLER_0_65_329, 155.94, 184.96, 6.80375e-06
FILLER_0_65_385, 181.7, 184.96, 7.1471e-06
FILLER_0_65_441, 207.46, 184.96, 7.14727e-06
FILLER_0_65_497, 233.22, 184.96, 7.14739e-06
FILLER_0_63_505, 238.74, 184.96, 7.1474e-06
FILLER_0_65_505, 238.74, 184.96, 7.1474e-06
PHY_EDGE_ROW_61_Left_148, 5.52, 179.52, 5.7531e-05
PHY_EDGE_ROW_62_Left_149, 5.52, 179.52, 5.7531e-05
PHY_EDGE_ROW_61_Right_61, 242.88, 179.52, 8.6453e-05
PHY_EDGE_ROW_62_Right_62, 242.88, 179.52, 8.6453e-05
FILLER_0_62_77, 40.02, 179.52, 0.000133092
FILLER_0_62_133, 65.78, 179.52, 0.000263903
_487_, 86.02, 179.52, 0.000366683
FILLER_0_62_188, 91.54, 179.52, 0.000370226
_485_, 126.96, 179.52, 0.000384644
FILLER_0_62_357, 168.82, 179.52, 0.00015941
FILLER_0_62_413, 194.58, 179.52, 8.64528e-05
FILLER_0_62_469, 220.34, 179.52, 8.64529e-05
FILLER_0_63_51, 27.14, 179.52, 6.76871e-05
FILLER_0_63_105, 52.9, 179.52, 0.000198498
FILLER_0_62_165, 78.66, 179.52, 0.000329308
FILLER_0_63_161, 78.66, 179.52, 0.000329308
_305_, 104.42, 179.52, 0.000378494
FILLER_0_61_219, 104.42, 179.52, 0.000378494
FILLER_0_63_217, 104.42, 179.52, 0.000378494
FILLER_0_62_245, 115.46, 179.52, 0.000381507
FILLER_0_61_305, 143.52, 179.52, 0.000321178
_489_, 150.42, 179.52, 0.000294734
FILLER_0_63_385, 181.7, 179.52, 8.64527e-05
FILLER_0_63_441, 207.46, 179.52, 8.64529e-05
FILLER_0_63_497, 233.22, 179.52, 8.6453e-05
FILLER_0_61_505, 238.74, 179.52, 8.6453e-05
PHY_EDGE_ROW_59_Left_146, 5.52, 174.08, 4.58935e-05
PHY_EDGE_ROW_60_Left_147, 5.52, 174.08, 4.58935e-05
PHY_EDGE_ROW_59_Right_59, 242.88, 174.08, 0.000148355
PHY_EDGE_ROW_60_Right_60, 242.88, 174.08, 0.000148355
FILLER_0_60_77, 40.02, 174.08, 0.000103959
FILLER_0_60_133, 65.78, 174.08, 0.000204481
FILLER_0_60_189, 91.08, 174.08, 0.000302609
_306_, 102.12, 174.08, 0.000340899
FILLER_0_60_209, 102.12, 174.08, 0.000340899
FILLER_0_60_301, 143.06, 174.08, 0.000428662
clkbuf_2_3__f_clk, 148.58, 174.08, 0.000437044
FILLER_0_61_333, 157.32, 174.08, 0.000373631
FILLER_0_60_413, 194.58, 174.08, 0.000141426
FILLER_0_60_469, 220.34, 174.08, 0.000146045
FILLER_0_61_51, 27.14, 174.08, 5.3698e-05
FILLER_0_61_105, 52.9, 174.08, 0.00015422
FILLER_0_60_165, 78.66, 174.08, 0.000254742
FILLER_0_61_161, 78.66, 174.08, 0.000254742
_319_, 89.7, 174.08, 0.000297823
FILLER_0_61_205, 98.9, 174.08, 0.000329731
_293_, 115.46, 174.08, 0.000381907
_294_, 115.46, 174.08, 0.000381907
_295_, 115.46, 174.08, 0.000381907
FILLER_0_60_245, 115.46, 174.08, 0.000381907
FILLER_0_61_237, 115.46, 174.08, 0.000381907
FILLER_0_61_248, 115.46, 174.08, 0.000381907
_304_, 124.66, 174.08, 0.000400724
FILLER_0_61_270, 130.18, 174.08, 0.000409106
_345_, 150.42, 174.08, 0.000424383
_351_, 162.84, 174.08, 0.000333029
_490_, 162.84, 174.08, 0.000333029
FILLER_0_60_360, 168.36, 174.08, 0.000265524
FILLER_0_61_385, 181.7, 174.08, 0.000139116
FILLER_0_61_441, 207.46, 174.08, 0.000143735
input17, 233.22, 174.08, 0.000148355
FILLER_0_61_497, 233.22, 174.08, 0.000148355
PHY_EDGE_ROW_57_Left_144, 5.52, 168.64, 8.24831e-05
PHY_EDGE_ROW_58_Left_145, 5.52, 168.64, 8.24831e-05
output41, 5.52, 168.64, 8.24831e-05
PHY_EDGE_ROW_57_Right_57, 242.88, 168.64, 4.73103e-05
PHY_EDGE_ROW_58_Right_58, 242.88, 168.64, 4.73103e-05
FILLER_0_59_45, 26.22, 168.64, 4.42398e-05
FILLER_0_58_77, 40.02, 168.64, 6.81457e-05
FILLER_0_58_133, 65.78, 168.64, 0.00011277
_318_, 86.02, 168.64, 0.000147832
FILLER_0_58_301, 145.82, 168.64, 0.000140609
_344_, 151.34, 168.64, 0.000132875
FILLER_0_59_385, 183.08, 168.64, 4.731e-05
FILLER_0_58_413, 194.58, 168.64, 4.73101e-05
FILLER_0_58_469, 220.34, 168.64, 4.73102e-05
FILLER_0_59_53, 27.14, 168.64, 4.58335e-05
FILLER_0_59_105, 52.9, 168.64, 9.0458e-05
FILLER_0_59_161, 78.66, 168.64, 0.000135082
FILLER_0_59_169, 84.18, 168.64, 0.000144645
FILLER_0_58_189, 89.7, 168.64, 0.000152207
_307_, 104.42, 168.64, 0.000169706
FILLER_0_59_216, 104.42, 168.64, 0.000169706
_308_, 115.46, 168.64, 0.000176879
_333_, 115.46, 168.64, 0.000176879
FILLER_0_58_245, 115.46, 168.64, 0.000176879
FILLER_0_59_242, 115.46, 168.64, 0.000176879
_303_, 124.66, 168.64, 0.000170257
FILLER_0_59_250, 124.66, 168.64, 0.000170257
FILLER_0_59_270, 130.18, 168.64, 0.000162523
_343_, 155.94, 168.64, 0.000123921
FILLER_0_58_333, 155.94, 168.64, 0.000123921
_350_, 166.06, 168.64, 9.66029e-05
_352_, 166.06, 168.64, 9.66029e-05
FILLER_0_58_355, 166.06, 168.64, 9.66029e-05
FILLER_0_59_441, 207.46, 168.64, 4.73101e-05
FILLER_0_59_497, 233.22, 168.64, 4.73103e-05
FILLER_0_57_505, 238.74, 168.64, 4.73103e-05
FILLER_0_59_505, 238.74, 168.64, 4.73103e-05
PHY_EDGE_ROW_55_Left_142, 5.52, 163.2, 3.39339e-05
PHY_EDGE_ROW_56_Left_143, 5.52, 163.2, 3.39339e-05
PHY_EDGE_ROW_55_Right_55, 242.88, 163.2, 6.17598e-05
PHY_EDGE_ROW_56_Right_56, 242.88, 163.2, 6.17598e-05
FILLER_0_56_77, 40.02, 163.2, 8.44114e-05
FILLER_0_56_133, 65.78, 163.2, 0.000171797
FILLER_0_56_189, 91.54, 163.2, 0.000257844
_309_, 111.78, 163.2, 0.000300751
_332_, 111.78, 163.2, 0.000300751
FILLER_0_57_225, 111.78, 163.2, 0.000300751
FILLER_0_57_274, 131.1, 163.2, 0.000289419
FILLER_0_57_323, 153.64, 163.2, 0.000196555
_348_, 168.82, 163.2, 0.000123005
_349_, 168.82, 163.2, 0.000123005
FILLER_0_56_410, 194.58, 163.2, 6.17596e-05
FILLER_0_56_469, 220.34, 163.2, 6.17598e-05
FILLER_0_57_51, 27.14, 163.2, 4.07185e-05
FILLER_0_57_105, 52.9, 163.2, 0.000128104
FILLER_0_57_161, 78.66, 163.2, 0.00021549
_317_, 89.7, 163.2, 0.000252941
_314_, 104.42, 163.2, 0.000292164
_336_, 104.42, 163.2, 0.000292164
_337_, 116.38, 163.2, 0.000301439
FILLER_0_56_247, 116.38, 163.2, 0.000301439
FILLER_0_57_246, 116.38, 163.2, 0.000301439
_302_, 124.66, 163.2, 0.000297737
_486_, 135.7, 163.2, 0.000283477
FILLER_0_56_301, 141.22, 163.2, 0.000256731
FILLER_0_57_337, 161.46, 163.2, 0.000158666
FILLER_0_55_441, 207.46, 163.2, 6.17597e-05
FILLER_0_57_441, 207.46, 163.2, 6.17597e-05
FILLER_0_57_497, 233.22, 163.2, 6.17598e-05
FILLER_0_55_505, 238.74, 163.2, 6.17598e-05
PHY_EDGE_ROW_53_Left_140, 5.52, 157.76, 5.03732e-05
PHY_EDGE_ROW_54_Left_141, 5.52, 157.76, 5.03732e-05
input6, 5.52, 157.76, 5.03732e-05
PHY_EDGE_ROW_53_Right_53, 242.88, 157.76, 0.000234426
PHY_EDGE_ROW_54_Right_54, 242.88, 157.76, 0.000234426
output34, 242.88, 157.76, 0.000234426
FILLER_0_54_19, 15.18, 157.76, 4.8429e-05
FILLER_0_54_77, 40.02, 157.76, 0.000100828
FILLER_0_54_133, 65.78, 157.76, 0.00019501
FILLER_0_54_233, 111.78, 157.76, 0.000296193
_299_, 117.3, 157.76, 0.000299668
_300_, 117.3, 157.76, 0.000299668
_301_, 117.3, 157.76, 0.000299668
FILLER_0_54_245, 117.3, 157.76, 0.000299668
_339_, 145.36, 157.76, 0.000257475
FILLER_0_54_301, 145.36, 157.76, 0.000257475
_340_, 150.88, 157.76, 0.000240612
FILLER_0_54_315, 150.88, 157.76, 0.000240612
_342_, 156.4, 157.76, 0.000221196
_347_, 156.4, 157.76, 0.000221196
FILLER_0_54_330, 156.4, 157.76, 0.000221196
FILLER_0_55_328, 156.4, 157.76, 0.000221196
_346_, 174.34, 157.76, 0.000136602
FILLER_0_54_413, 194.58, 157.76, 0.000188776
_259_, 200.1, 157.76, 0.000214781
FILLER_0_55_51, 27.14, 157.76, 5.37367e-05
FILLER_0_55_105, 52.9, 157.76, 0.000147919
FILLER_0_55_161, 78.66, 157.76, 0.000242102
_313_, 84.18, 157.76, 0.000262283
FILLER_0_54_177, 84.18, 157.76, 0.000262283
FILLER_0_53_215, 104.42, 157.76, 0.00029156
FILLER_0_55_217, 104.42, 157.76, 0.00029156
_312_, 135.7, 157.76, 0.000281236
FILLER_0_55_289, 135.7, 157.76, 0.000281236
_338_, 141.22, 157.76, 0.000268802
FILLER_0_55_382, 181.7, 157.76, 0.000128098
FILLER_0_54_501, 233.22, 157.76, 0.00022999
FILLER_0_55_497, 233.22, 157.76, 0.00022999
_315_, 91.54, 157.76, 0.000283452
_316_, 91.54, 157.76, 0.000283452
_323_, 91.54, 157.76, 0.000283452
_325_, 91.54, 157.76, 0.000283452
FILLER_0_54_192, 91.54, 157.76, 0.000283452
PHY_EDGE_ROW_51_Left_138, 5.52, 152.32, 2.58474e-05
PHY_EDGE_ROW_52_Left_139, 5.52, 152.32, 2.58474e-05
PHY_EDGE_ROW_51_Right_51, 242.88, 152.32, 6.89562e-05
PHY_EDGE_ROW_52_Right_52, 242.88, 152.32, 6.89562e-05
FILLER_0_52_77, 40.02, 152.32, 4.44986e-05
_324_, 80.04, 152.32, 9.46613e-05
FILLER_0_53_161, 80.04, 152.32, 9.46613e-05
_322_, 96.6, 152.32, 0.000107806
_331_, 96.6, 152.32, 0.000107806
FILLER_0_52_191, 96.6, 152.32, 0.000107806
FILLER_0_52_245, 117.3, 152.32, 0.000107068
_311_, 137.54, 152.32, 0.000106346
FILLER_0_52_301, 143.06, 152.32, 0.000100623
_354_, 163.3, 152.32, 7.96371e-05
FILLER_0_52_355, 168.82, 152.32, 7.03801e-05
_310_, 189.06, 152.32, 6.51031e-05
_240_, 203.32, 152.32, 6.8956e-05
FILLER_0_52_429, 203.32, 152.32, 6.8956e-05
FILLER_0_52_471, 220.34, 152.32, 6.89561e-05
FILLER_0_53_51, 27.14, 152.32, 2.83542e-05
FILLER_0_53_105, 52.9, 152.32, 6.06429e-05
FILLER_0_51_125, 63.94, 152.32, 7.44809e-05
FILLER_0_52_133, 63.94, 152.32, 7.44809e-05
_335_, 84.18, 152.32, 9.90176e-05
FILLER_0_51_169, 84.18, 152.32, 9.90176e-05
FILLER_0_52_177, 84.18, 152.32, 9.90176e-05
FILLER_0_51_261, 124.66, 152.32, 0.000106805
FILLER_0_51_273, 130.18, 152.32, 0.000106609
FILLER_0_53_273, 130.18, 152.32, 0.000106609
FILLER_0_53_281, 135.7, 152.32, 0.000106412
FILLER_0_51_326, 155.94, 152.32, 8.72682e-05
FILLER_0_52_333, 155.94, 152.32, 8.72682e-05
FILLER_0_51_385, 181.7, 152.32, 5.70024e-05
FILLER_0_53_385, 181.7, 152.32, 5.70024e-05
_257_, 195.04, 152.32, 6.82062e-05
FILLER_0_52_421, 195.04, 152.32, 6.82062e-05
FILLER_0_53_441, 208.38, 152.32, 6.8956e-05
FILLER_0_53_497, 233.22, 152.32, 6.89561e-05
FILLER_0_51_505, 238.74, 152.32, 6.89562e-05
FILLER_0_53_505, 238.74, 152.32, 6.89562e-05
PHY_EDGE_ROW_49_Left_136, 5.52, 146.88, 0.000144577
PHY_EDGE_ROW_50_Left_137, 5.52, 146.88, 0.000144577
PHY_EDGE_ROW_49_Right_49, 242.88, 146.88, 0.00038443
PHY_EDGE_ROW_50_Right_50, 242.88, 146.88, 0.00038443
FILLER_0_50_77, 40.02, 146.88, 0.000332846
clkbuf_2_1__f_clk, 65.78, 146.88, 0.000658775
FILLER_0_50_133, 65.78, 146.88, 0.000658775
FILLER_0_51_133, 65.78, 146.88, 0.000658775
_320_, 86.02, 146.88, 0.0007495
_321_, 86.02, 146.88, 0.0007495
_334_, 86.02, 146.88, 0.0007495
FILLER_0_50_177, 86.02, 146.88, 0.0007495
_326_, 91.54, 146.88, 0.000770251
_327_, 97.06, 146.88, 0.000788062
FILLER_0_50_197, 97.06, 146.88, 0.000788062
FILLER_0_50_245, 117.3, 146.88, 0.000839411
clkbuf_0_clk, 122.82, 146.88, 0.000853415
_252_, 128.34, 146.88, 0.000812227
FILLER_0_50_297, 143.06, 146.88, 0.000661793
FILLER_0_50_305, 143.06, 146.88, 0.000661793
_341_, 154.1, 146.88, 0.000548968
FILLER_0_50_355, 170.66, 146.88, 0.000361287
FILLER_0_50_365, 170.66, 146.88, 0.000361287
FILLER_0_50_402, 189.06, 146.88, 0.000331006
FILLER_0_51_405, 189.06, 146.88, 0.000331006
_246_, 194.58, 146.88, 0.000367937
FILLER_0_50_417, 194.58, 146.88, 0.000367937
_258_, 200.1, 146.88, 0.00038443
FILLER_0_50_469, 220.34, 146.88, 0.00038443
FILLER_0_51_51, 27.14, 146.88, 0.000169882
FILLER_0_51_105, 52.9, 146.88, 0.000495811
FILLER_0_49_217, 104.42, 146.88, 0.000806734
FILLER_0_51_216, 104.42, 146.88, 0.000806734
FILLER_0_51_317, 150.42, 146.88, 0.000586576
_355_, 155.94, 146.88, 0.000529637
FILLER_0_50_333, 155.94, 146.88, 0.000529637
_356_, 166.06, 146.88, 0.000417834
_357_, 166.06, 146.88, 0.000417834
FILLER_0_51_497, 233.22, 146.88, 0.00038443
FILLER_0_49_505, 238.74, 146.88, 0.00038443
PHY_EDGE_ROW_47_Left_134, 5.52, 141.44, 3.16179e-05
PHY_EDGE_ROW_48_Left_135, 5.52, 141.44, 3.16179e-05
PHY_EDGE_ROW_47_Right_47, 242.88, 141.44, 0.00018804
PHY_EDGE_ROW_48_Right_48, 242.88, 141.44, 0.00018804
input1, 242.88, 141.44, 0.00018804
FILLER_0_49_51, 27.6, 141.44, 3.57172e-05
FILLER_0_48_77, 40.02, 141.44, 5.64139e-05
FILLER_0_48_133, 65.78, 141.44, 9.93405e-05
FILLER_0_48_189, 91.54, 141.44, 0.000142267
_328_, 97.06, 141.44, 0.000151465
_260_, 131.1, 141.44, 0.000161756
FILLER_0_48_277, 131.1, 141.44, 0.000161756
FILLER_0_49_273, 131.1, 141.44, 0.000161756
_360_, 172.04, 141.44, 0.000121484
_361_, 172.04, 141.44, 0.000121484
FILLER_0_49_365, 172.04, 141.44, 0.000121484
_362_, 177.56, 141.44, 0.000107458
FILLER_0_49_387, 183.08, 141.44, 0.000123667
_369_, 196.42, 141.44, 0.000181252
_492_, 196.42, 141.44, 0.000181252
FILLER_0_48_410, 196.42, 141.44, 0.000181252
FILLER_0_49_441, 207.46, 141.44, 0.000182865
FILLER_0_49_105, 52.9, 141.44, 7.78772e-05
FILLER_0_49_161, 78.66, 141.44, 0.000120804
_271_, 114.08, 141.44, 0.000165409
FILLER_0_48_242, 114.08, 141.44, 0.000165409
FILLER_0_48_298, 139.84, 141.44, 0.000154392
FILLER_0_47_315, 150.42, 141.44, 0.000145479
_353_, 155.94, 141.44, 0.000140828
FILLER_0_47_327, 155.94, 141.44, 0.000140828
FILLER_0_48_333, 155.94, 141.44, 0.000140828
FILLER_0_49_329, 155.94, 141.44, 0.000140828
FILLER_0_48_356, 166.52, 141.44, 0.000128116
FILLER_0_47_393, 185.84, 141.44, 0.00013622
_368_, 191.36, 141.44, 0.000161324
FILLER_0_47_445, 209.76, 141.44, 0.000183201
FILLER_0_48_501, 233.22, 141.44, 0.000186628
FILLER_0_49_497, 233.22, 141.44, 0.000186628
PHY_EDGE_ROW_45_Left_132, 5.52, 136, 8.54047e-05
PHY_EDGE_ROW_46_Left_133, 5.52, 136, 8.54047e-05
input14, 5.52, 136, 8.54047e-05
PHY_EDGE_ROW_45_Right_45, 242.88, 136, 0.000153993
PHY_EDGE_ROW_46_Right_46, 242.88, 136, 0.000153993
FILLER_0_46_77, 40.02, 136, 0.000190127
FILLER_0_46_133, 65.78, 136, 0.000374705
FILLER_0_47_217, 104.88, 136, 0.000578327
_482_, 111.78, 136, 0.000602253
_250_, 131.1, 136, 0.000589607
_253_, 131.1, 136, 0.000589607
_264_, 131.1, 136, 0.000589607
_481_, 137.54, 136, 0.000562615
FILLER_0_47_281, 137.54, 136, 0.000562615
FILLER_0_46_298, 143.06, 136, 0.000518839
_256_, 154.1, 136, 0.000431286
_359_, 163.3, 136, 0.000331237
FILLER_0_46_357, 168.82, 136, 0.00026575
_367_, 189.06, 136, 0.000153993
FILLER_0_47_401, 189.06, 136, 0.000153993
FILLER_0_46_469, 220.34, 136, 0.000153993
FILLER_0_47_105, 52.9, 136, 0.000282416
FILLER_0_47_161, 78.66, 136, 0.000466994
_329_, 84.18, 136, 0.000506547
_488_, 84.18, 136, 0.000506547
FILLER_0_45_329, 155.94, 136, 0.000411276
FILLER_0_47_337, 161.46, 136, 0.000351247
_358_, 166.98, 136, 0.000287919
FILLER_0_46_389, 181.7, 136, 0.000148457
FILLER_0_47_497, 233.22, 136, 0.000153993
FILLER_0_45_505, 238.74, 136, 0.000153993
FILLER_0_47_505, 238.74, 136, 0.000153993
_267_, 121.44, 136, 0.000605919
_268_, 121.44, 136, 0.000605919
_269_, 121.44, 136, 0.000605919
hold10, 121.44, 136, 0.000605919
FILLER_0_46_256, 121.44, 136, 0.000605919
PHY_EDGE_ROW_43_Left_130, 5.52, 130.56, 1.45429e-05
PHY_EDGE_ROW_44_Left_131, 5.52, 130.56, 1.45429e-05
PHY_EDGE_ROW_43_Right_43, 242.88, 130.56, 2.3316e-05
PHY_EDGE_ROW_44_Right_44, 242.88, 130.56, 2.3316e-05
FILLER_0_45_51, 28.06, 130.56, 1.811e-05
FILLER_0_44_77, 40.02, 130.56, 3.27206e-05
FILLER_0_44_133, 65.78, 130.56, 6.41896e-05
_330_, 86.02, 130.56, 8.89152e-05
FILLER_0_44_188, 91.54, 130.56, 9.32786e-05
_270_, 117.3, 130.56, 0.000113641
FILLER_0_44_245, 117.3, 130.56, 0.000113641
FILLER_0_44_253, 117.3, 130.56, 0.000113641
_265_, 129.72, 130.56, 0.000110351
_266_, 129.72, 130.56, 0.000110351
_263_, 148.58, 130.56, 9.3613e-05
FILLER_0_44_413, 194.58, 130.56, 2.33158e-05
FILLER_0_44_469, 220.34, 130.56, 2.33159e-05
FILLER_0_45_105, 52.9, 130.56, 4.84551e-05
FILLER_0_44_165, 78.66, 130.56, 7.99241e-05
FILLER_0_45_161, 78.66, 130.56, 7.99241e-05
FILLER_0_45_237, 115.46, 130.56, 0.000112187
FILLER_0_43_276, 132.94, 130.56, 0.000107493
FILLER_0_43_349, 164.22, 130.56, 5.71591e-05
FILLER_0_43_369, 176.18, 130.56, 2.92826e-05
FILLER_0_45_385, 181.7, 130.56, 2.33157e-05
FILLER_0_45_441, 207.46, 130.56, 2.33159e-05
FILLER_0_43_497, 233.22, 130.56, 2.3316e-05
FILLER_0_45_497, 233.22, 130.56, 2.3316e-05
FILLER_0_43_505, 238.74, 130.56, 2.3316e-05
PHY_EDGE_ROW_41_Left_128, 5.52, 125.12, 9.42257e-05
PHY_EDGE_ROW_42_Left_129, 5.52, 125.12, 9.42257e-05
output43, 5.52, 125.12, 9.42257e-05
PHY_EDGE_ROW_41_Right_41, 242.88, 125.12, 0.000304395
PHY_EDGE_ROW_42_Right_42, 242.88, 125.12, 0.000304395
input33, 242.88, 125.12, 0.000304395
_463_, 15.18, 125.12, 7.44599e-05
FILLER_0_42_21, 15.18, 125.12, 7.44599e-05
FILLER_0_42_77, 40.02, 125.12, 7.1764e-05
FILLER_0_42_133, 65.78, 125.12, 0.000111969
FILLER_0_42_189, 94.76, 125.12, 0.000144427
FILLER_0_43_217, 105.8, 125.12, 0.000147248
FILLER_0_42_245, 117.3, 125.12, 0.000150186
FILLER_0_43_249, 117.3, 125.12, 0.000150186
_273_, 122.82, 125.12, 0.000151596
FILLER_0_42_301, 143.06, 125.12, 0.00013729
FILLER_0_42_345, 163.3, 125.12, 0.000122622
_364_, 168.82, 125.12, 0.000118622
_374_, 168.82, 125.12, 0.000118622
FILLER_0_42_359, 168.82, 125.12, 0.000118622
_365_, 177.56, 125.12, 0.000103483
FILLER_0_43_385, 183.08, 125.12, 0.000121804
_262_, 189.06, 125.12, 0.000150904
FILLER_0_42_397, 189.06, 125.12, 0.000150904
FILLER_0_42_410, 189.06, 125.12, 0.000150904
_516_, 220.34, 125.12, 0.000279334
FILLER_0_42_469, 220.34, 125.12, 0.000279334
FILLER_0_43_15, 12.42, 125.12, 8.01073e-05
FILLER_0_43_105, 52.9, 125.12, 9.18667e-05
_282_, 78.66, 125.12, 0.000132072
FILLER_0_43_161, 78.66, 125.12, 0.000132072
FILLER_0_41_165, 84.18, 125.12, 0.000137603
FILLER_0_41_169, 84.18, 125.12, 0.000137603
_291_, 89.7, 125.12, 0.000143134
_272_, 124.66, 125.12, 0.000150624
FILLER_0_43_329, 155.94, 125.12, 0.000127956
FILLER_0_41_437, 207.46, 125.12, 0.000226451
FILLER_0_43_441, 207.46, 125.12, 0.000226451
_470_, 235.06, 125.12, 0.00030313
FILLER_0_41_500, 235.06, 125.12, 0.00030313
FILLER_0_42_505, 235.06, 125.12, 0.00030313
_515_, 227.7, 125.12, 0.000301412
hold3, 227.7, 125.12, 0.000301412
PHY_EDGE_ROW_39_Left_126, 5.52, 119.68, 0.000155609
PHY_EDGE_ROW_40_Left_127, 5.52, 119.68, 0.000155609
FILLER_0_40_3, 5.52, 119.68, 0.000155609
PHY_EDGE_ROW_39_Right_39, 242.88, 119.68, 0.000320125
PHY_EDGE_ROW_40_Right_40, 242.88, 119.68, 0.000320125
_513_, 9.66, 119.68, 0.000155609
_465_, 21.16, 119.68, 0.000127986
FILLER_0_40_80, 40.02, 119.68, 0.000222701
FILLER_0_40_133, 65.78, 119.68, 0.000407674
FILLER_0_40_141, 71.3, 119.68, 0.000447311
_483_, 76.82, 119.68, 0.000486948
_281_, 86.02, 119.68, 0.000519875
_484_, 86.02, 119.68, 0.000519875
FILLER_0_40_167, 86.02, 119.68, 0.000519875
FILLER_0_41_179, 86.02, 119.68, 0.000519875
FILLER_0_40_242, 115.92, 119.68, 0.000472685
_493_, 143.06, 119.68, 0.000416317
FILLER_0_40_301, 143.06, 119.68, 0.000416317
FILLER_0_41_329, 155.94, 119.68, 0.000340248
_363_, 172.04, 119.68, 0.000233754
_251_, 183.08, 119.68, 0.000221295
FILLER_0_40_389, 183.08, 119.68, 0.000221295
_261_, 201.02, 119.68, 0.000297547
FILLER_0_39_469, 218.5, 119.68, 0.00031556
FILLER_0_40_465, 218.5, 119.68, 0.00031556
FILLER_0_39_52, 28.52, 119.68, 0.000140124
FILLER_0_41_51, 28.52, 119.68, 0.000140124
FILLER_0_41_105, 52.9, 119.68, 0.000315188
FILLER_0_39_216, 103.04, 119.68, 0.000499436
FILLER_0_41_273, 130.18, 119.68, 0.000443068
_380_, 158.24, 119.68, 0.000326664
FILLER_0_39_333, 158.24, 119.68, 0.000326664
FILLER_0_39_346, 163.76, 119.68, 0.0002895
_468_, 201.94, 119.68, 0.000299073
FILLER_0_40_433, 201.94, 119.68, 0.000299073
hold4, 211.14, 119.68, 0.000311815
FILLER_0_41_445, 211.14, 119.68, 0.000311815
FILLER_0_40_508, 236.44, 119.68, 0.000320125
FILLER_0_41_505, 236.44, 119.68, 0.000320125
_280_, 94.07, 119.68, 0.000518066
_290_, 94.07, 119.68, 0.000518066
FILLER_0_39_192, 94.07, 119.68, 0.000518066
FILLER_0_40_193, 94.07, 119.68, 0.000518066
_241_, 192.05, 119.68, 0.000281782
_391_, 192.05, 119.68, 0.000281782
FILLER_0_40_398, 192.05, 119.68, 0.000281782
FILLER_0_40_412, 192.05, 119.68, 0.000281782
_471_, 227.47, 119.68, 0.000320124
hold2, 227.47, 119.68, 0.000320124
FILLER_0_40_473, 227.47, 119.68, 0.000320124
FILLER_0_40_483, 227.47, 119.68, 0.000320124
PHY_EDGE_ROW_37_Left_124, 5.52, 114.24, 7.64435e-05
PHY_EDGE_ROW_38_Left_125, 5.52, 114.24, 7.64435e-05
PHY_EDGE_ROW_37_Right_37, 242.88, 114.24, 0.000576332
PHY_EDGE_ROW_38_Right_38, 242.88, 114.24, 0.000576332
FILLER_0_39_15, 9.66, 114.24, 7.64435e-05
_464_, 15.18, 114.24, 7.64435e-05
FILLER_0_38_77, 40.02, 114.24, 0.000131596
FILLER_0_38_133, 65.78, 114.24, 0.000243551
FILLER_0_38_189, 91.54, 114.24, 0.000354464
_289_, 102.58, 114.24, 0.000396192
FILLER_0_38_209, 102.58, 114.24, 0.000396192
_278_, 117.3, 114.24, 0.000415473
FILLER_0_38_242, 117.3, 114.24, 0.000415473
FILLER_0_38_301, 144.9, 114.24, 0.000385111
FILLER_0_39_305, 144.9, 114.24, 0.000385111
_381_, 150.42, 114.24, 0.000373654
_382_, 150.42, 114.24, 0.000373654
FILLER_0_38_333, 155.94, 114.24, 0.000356265
_375_, 167.9, 114.24, 0.00031859
_376_, 167.9, 114.24, 0.00031859
_377_, 167.9, 114.24, 0.00031859
FILLER_0_38_357, 167.9, 114.24, 0.00031859
_255_, 173.42, 114.24, 0.00028951
FILLER_0_38_365, 173.42, 114.24, 0.00028951
_239_, 189.06, 114.24, 0.000390775
_244_, 189.06, 114.24, 0.000390775
_254_, 189.06, 114.24, 0.000390775
_480_, 189.06, 114.24, 0.000390775
FILLER_0_38_395, 189.06, 114.24, 0.000390775
FILLER_0_39_393, 189.06, 114.24, 0.000390775
_243_, 194.58, 114.24, 0.00043125
_249_, 200.1, 114.24, 0.00046525
FILLER_0_38_424, 200.1, 114.24, 0.00046525
_466_, 205.62, 114.24, 0.000498898
_467_, 205.62, 114.24, 0.000498898
_514_, 205.62, 114.24, 0.000498898
FILLER_0_38_441, 205.62, 114.24, 0.000498898
_248_, 214.82, 114.24, 0.000523417
_469_, 225.86, 114.24, 0.000549435
_472_, 231.38, 114.24, 0.000561308
FILLER_0_39_105, 52.9, 114.24, 0.000187574
FILLER_0_39_161, 78.66, 114.24, 0.000299529
_292_, 89.7, 114.24, 0.000347509
FILLER_0_39_184, 89.7, 114.24, 0.000347509
FILLER_0_39_270, 130.18, 114.24, 0.000407585
_497_, 135.7, 114.24, 0.000404205
FILLER_0_38_385, 179.86, 114.24, 0.000265477
FILLER_0_37_461, 217.58, 114.24, 0.000529922
FILLER_0_38_467, 217.58, 114.24, 0.000529922
_474_, 227.7, 114.24, 0.000553448
_473_, 233.22, 114.24, 0.000565099
FILLER_0_39_497, 233.22, 114.24, 0.000565099
output54, 238.74, 114.24, 0.000576332
FILLER_0_39_505, 238.74, 114.24, 0.000576332
_277_, 109.94, 114.24, 0.00041714
_279_, 109.94, 114.24, 0.00041714
_287_, 109.94, 114.24, 0.00041714
_298_, 109.94, 114.24, 0.00041714
FILLER_0_38_222, 109.94, 114.24, 0.00041714
PHY_EDGE_ROW_35_Left_122, 5.52, 108.8, 2.81585e-05
PHY_EDGE_ROW_36_Left_123, 5.52, 108.8, 2.81585e-05
input21, 5.52, 108.8, 2.81585e-05
PHY_EDGE_ROW_35_Right_35, 242.88, 108.8, 0.000110407
PHY_EDGE_ROW_36_Right_36, 242.88, 108.8, 0.000110407
FILLER_0_36_77, 40.02, 108.8, 5.09738e-05
FILLER_0_36_133, 65.78, 108.8, 9.19151e-05
FILLER_0_36_189, 91.54, 108.8, 0.000132856
_274_, 111.78, 108.8, 0.000156937
_275_, 111.78, 108.8, 0.000156937
_276_, 111.78, 108.8, 0.000156937
_286_, 111.78, 108.8, 0.000156937
FILLER_0_36_228, 111.78, 108.8, 0.000156937
_416_, 137.54, 108.8, 0.000136741
FILLER_0_36_300, 143.06, 108.8, 0.000131236
_378_, 163.3, 108.8, 0.000109487
FILLER_0_36_345, 163.3, 108.8, 0.000109487
_373_, 168.82, 108.8, 9.7755e-05
FILLER_0_36_358, 168.82, 108.8, 9.7755e-05
FILLER_0_36_413, 196.88, 108.8, 9.40197e-05
FILLER_0_37_441, 207.92, 108.8, 0.000100199
_476_, 220.34, 108.8, 0.000107003
FILLER_0_36_469, 220.34, 108.8, 0.000107003
FILLER_0_37_497, 234.6, 108.8, 0.000110407
FILLER_0_35_15, 11.04, 108.8, 2.79239e-05
FILLER_0_36_18, 11.04, 108.8, 2.79239e-05
FILLER_0_37_51, 27.14, 108.8, 3.05032e-05
FILLER_0_37_105, 52.9, 108.8, 7.14444e-05
FILLER_0_37_161, 78.66, 108.8, 0.000112386
FILLER_0_35_205, 98.9, 108.8, 0.000144554
_285_, 104.42, 108.8, 0.000153327
_288_, 104.42, 108.8, 0.000153327
_297_, 104.42, 108.8, 0.000153327
FILLER_0_37_217, 104.42, 108.8, 0.000153327
FILLER_0_36_277, 130.18, 108.8, 0.000142511
FILLER_0_37_273, 130.18, 108.8, 0.000142511
FILLER_0_37_333, 155.94, 108.8, 0.000118389
_379_, 161.46, 108.8, 0.000112883
FILLER_0_35_385, 181.7, 108.8, 7.90876e-05
FILLER_0_37_383, 181.7, 108.8, 7.90876e-05
_242_, 187.22, 108.8, 8.86131e-05
_247_, 218.5, 108.8, 0.00010612
_475_, 230, 108.8, 0.000110407
hold1, 230, 108.8, 0.000110407
FILLER_0_35_481, 230, 108.8, 0.000110407
FILLER_0_36_506, 235.52, 108.8, 0.000110407
PHY_EDGE_ROW_33_Left_120, 5.52, 103.36, 3.56729e-05
PHY_EDGE_ROW_34_Left_121, 5.52, 103.36, 3.56729e-05
PHY_EDGE_ROW_33_Right_33, 242.88, 103.36, 8.00171e-05
PHY_EDGE_ROW_34_Right_34, 242.88, 103.36, 8.00171e-05
_442_, 15.18, 103.36, 3.56729e-05
FILLER_0_35_52, 28.52, 103.36, 2.72014e-05
FILLER_0_34_77, 40.02, 103.36, 3.51427e-05
FILLER_0_34_133, 65.78, 103.36, 5.29311e-05
FILLER_0_34_189, 91.54, 103.36, 7.07195e-05
FILLER_0_34_197, 97.06, 103.36, 7.45313e-05
_283_, 102.58, 103.36, 7.83431e-05
_284_, 102.58, 103.36, 7.83431e-05
_296_, 102.58, 103.36, 7.83431e-05
_417_, 141.68, 103.36, 7.74128e-05
FILLER_0_34_300, 141.68, 103.36, 7.74128e-05
_372_, 168.82, 103.36, 6.4711e-05
_370_, 178.02, 103.36, 5.66729e-05
_479_, 189.06, 103.36, 7.98464e-05
FILLER_0_34_410, 194.58, 103.36, 7.98784e-05
FILLER_0_35_105, 52.9, 103.36, 4.40369e-05
FILLER_0_35_161, 78.66, 103.36, 6.18253e-05
FILLER_0_35_220, 106.72, 103.36, 7.84383e-05
FILLER_0_35_273, 130.18, 103.36, 7.8978e-05
_415_, 135.7, 103.36, 7.91049e-05
FILLER_0_33_326, 155.94, 103.36, 7.0739e-05
FILLER_0_35_329, 155.94, 103.36, 7.0739e-05
FILLER_0_33_389, 183.54, 103.36, 6.70678e-05
_477_, 218.5, 103.36, 8.0017e-05
FILLER_0_33_501, 236.9, 103.36, 8.00171e-05
FILLER_0_34_509, 236.9, 103.36, 8.00171e-05
FILLER_0_35_505, 236.9, 103.36, 8.00171e-05
PHY_EDGE_ROW_31_Left_118, 5.52, 97.92, 0.000104033
PHY_EDGE_ROW_32_Left_119, 5.52, 97.92, 0.000104033
PHY_EDGE_ROW_31_Right_31, 242.88, 97.92, 0.000156096
PHY_EDGE_ROW_32_Right_32, 242.88, 97.92, 0.000156096
FILLER_0_32_15, 9.66, 97.92, 0.000104033
_457_, 15.18, 97.92, 0.000104033
_511_, 15.18, 97.92, 0.000104033
_458_, 22.08, 97.92, 7.47883e-05
FILLER_0_32_74, 40.02, 97.92, 6.97455e-05
FILLER_0_32_133, 65.78, 97.92, 8.76611e-05
FILLER_0_32_189, 92, 97.92, 0.00010203
FILLER_0_32_245, 117.3, 97.92, 0.000107114
FILLER_0_32_299, 146.74, 97.92, 9.91097e-05
FILLER_0_32_357, 168.82, 97.92, 6.95785e-05
FILLER_0_33_361, 168.82, 97.92, 6.95785e-05
FILLER_0_32_413, 194.58, 97.92, 9.05249e-05
_478_, 220.34, 97.92, 0.00014897
FILLER_0_32_472, 220.34, 97.92, 0.00014897
_517_, 225.86, 97.92, 0.000156095
hold5, 225.86, 97.92, 0.000156095
FILLER_0_33_105, 52.9, 97.92, 7.87033e-05
FILLER_0_33_161, 78.66, 97.92, 9.66189e-05
_444_, 84.18, 97.92, 0.000100458
FILLER_0_33_217, 104.42, 97.92, 0.000104526
FILLER_0_33_273, 130.18, 97.92, 0.000109703
_407_, 135.7, 97.92, 0.000110812
_410_, 135.7, 97.92, 0.000110812
_414_, 135.7, 97.92, 0.000110812
FILLER_0_31_281, 135.7, 97.92, 0.000110812
FILLER_0_32_289, 135.7, 97.92, 0.000110812
FILLER_0_33_281, 135.7, 97.92, 0.000110812
_388_, 155.94, 97.92, 8.93574e-05
FILLER_0_31_325, 155.94, 97.92, 8.93574e-05
_371_, 176.18, 97.92, 5.82763e-05
FILLER_0_33_381, 181.7, 97.92, 6.03382e-05
FILLER_0_33_441, 207.46, 97.92, 0.000120712
_518_, 218.5, 97.92, 0.000146586
FILLER_0_33_493, 233.22, 97.92, 0.000156096
FILLER_0_31_505, 238.74, 97.92, 0.000156096
FILLER_0_33_505, 238.74, 97.92, 0.000156096
PHY_EDGE_ROW_29_Left_116, 5.52, 92.48, 0.000122017
PHY_EDGE_ROW_30_Left_117, 5.52, 92.48, 0.000122017
output65, 5.52, 92.48, 0.000122017
PHY_EDGE_ROW_29_Right_29, 242.88, 92.48, 0.000175221
PHY_EDGE_ROW_30_Right_30, 242.88, 92.48, 0.000175221
_459_, 15.18, 92.48, 0.000102302
FILLER_0_29_27, 15.18, 92.48, 0.000102302
FILLER_0_30_21, 15.18, 92.48, 0.000102302
FILLER_0_30_77, 40.02, 92.48, 0.000137621
FILLER_0_30_133, 65.78, 92.48, 0.00024333
_443_, 86.02, 92.48, 0.000326387
_506_, 86.02, 92.48, 0.000326387
FILLER_0_30_186, 91.54, 92.48, 0.000330105
FILLER_0_30_245, 117.3, 92.48, 0.000347455
_411_, 130.64, 92.48, 0.000356439
FILLER_0_30_277, 130.64, 92.48, 0.000356439
FILLER_0_31_273, 130.64, 92.48, 0.000356439
_397_, 147.2, 92.48, 0.000334827
FILLER_0_30_309, 147.2, 92.48, 0.000334827
_399_, 152.72, 92.48, 0.000319897
_402_, 152.72, 92.48, 0.000319897
FILLER_0_30_317, 152.72, 92.48, 0.000319897
_387_, 170.2, 92.48, 0.000237556
FILLER_0_30_355, 170.2, 92.48, 0.000237556
FILLER_0_31_361, 170.2, 92.48, 0.000237556
FILLER_0_31_369, 175.72, 92.48, 0.000206735
FILLER_0_30_413, 194.58, 92.48, 0.000166996
FILLER_0_30_469, 220.34, 92.48, 0.000171794
FILLER_0_29_53, 27.14, 92.48, 8.47666e-05
FILLER_0_31_105, 52.9, 92.48, 0.000190476
FILLER_0_30_165, 78.66, 92.48, 0.000296185
FILLER_0_31_161, 78.66, 92.48, 0.000296185
FILLER_0_29_217, 104.42, 92.48, 0.00033878
FILLER_0_31_218, 104.42, 92.48, 0.00033878
clkbuf_2_2__f_clk, 176.18, 92.48, 0.000204166
FILLER_0_31_441, 207.46, 92.48, 0.000169395
FILLER_0_31_497, 233.22, 92.48, 0.000174193
input16, 238.74, 92.48, 0.000175221
FILLER_0_29_505, 238.74, 92.48, 0.000175221
_396_, 138.92, 92.48, 0.000356303
_403_, 138.92, 92.48, 0.000356303
_406_, 138.92, 92.48, 0.000356303
_408_, 138.92, 92.48, 0.000356303
_409_, 138.92, 92.48, 0.000356303
_386_, 161.46, 92.48, 0.000284352
_389_, 161.46, 92.48, 0.000284352
FILLER_0_29_337, 161.46, 92.48, 0.000284352
FILLER_0_30_333, 161.46, 92.48, 0.000284352
PHY_EDGE_ROW_27_Left_114, 5.52, 87.04, 0.000127763
PHY_EDGE_ROW_28_Left_115, 5.52, 87.04, 0.000127763
PHY_EDGE_ROW_27_Right_27, 242.88, 87.04, 0.000167685
PHY_EDGE_ROW_28_Right_28, 242.88, 87.04, 0.000167685
_446_, 26.22, 87.04, 0.000115428
FILLER_0_28_80, 40.02, 87.04, 0.000177934
FILLER_0_28_133, 65.78, 87.04, 0.000294613
FILLER_0_28_189, 91.54, 87.04, 0.000411291
_452_, 97.06, 87.04, 0.000436294
_245_, 102.58, 87.04, 0.000456866
_395_, 126.04, 87.04, 0.000386164
_404_, 126.04, 87.04, 0.000386164
FILLER_0_28_253, 126.04, 87.04, 0.000386164
_400_, 143.98, 87.04, 0.000310469
FILLER_0_28_300, 143.98, 87.04, 0.000310469
FILLER_0_28_357, 171.58, 87.04, 0.000167032
_451_, 182.62, 87.04, 0.000143554
_456_, 182.62, 87.04, 0.000143554
FILLER_0_29_388, 182.62, 87.04, 0.000143554
FILLER_0_28_412, 197.8, 87.04, 0.000167685
FILLER_0_29_441, 208.84, 87.04, 0.000167685
FILLER_0_28_469, 220.34, 87.04, 0.000167685
_460_, 9.66, 87.04, 0.000127763
FILLER_0_28_15, 9.66, 87.04, 0.000127763
_507_, 21.62, 87.04, 0.000121501
FILLER_0_29_105, 52.9, 87.04, 0.000236274
FILLER_0_29_161, 78.66, 87.04, 0.000352952
FILLER_0_27_237, 115, 87.04, 0.000419436
FILLER_0_28_244, 115, 87.04, 0.000419436
_439_, 135.24, 87.04, 0.000350751
FILLER_0_29_281, 135.24, 87.04, 0.000350751
_401_, 140.76, 87.04, 0.000325902
ANTENNA_3, 140.76, 87.04, 0.000325902
FILLER_0_29_326, 155.94, 87.04, 0.000251626
_398_, 161.46, 87.04, 0.000224468
FILLER_0_27_337, 161.46, 87.04, 0.000224468
_384_, 166.98, 87.04, 0.000194181
_385_, 166.98, 87.04, 0.000194181
FILLER_0_29_497, 233.22, 87.04, 0.000167685
FILLER_0_27_505, 238.74, 87.04, 0.000167685
_454_, 190.21, 87.04, 0.000167685
_510_, 190.21, 87.04, 0.000167685
PHY_EDGE_ROW_25_Left_112, 5.52, 81.6, 0.00015235
PHY_EDGE_ROW_26_Left_113, 5.52, 81.6, 0.00015235
FILLER_0_27_3, 5.52, 81.6, 0.00015235
PHY_EDGE_ROW_25_Right_25, 242.88, 81.6, 0.000291426
PHY_EDGE_ROW_26_Right_26, 242.88, 81.6, 0.000291426
_461_, 12.42, 81.6, 0.000150873
_512_, 12.42, 81.6, 0.000150873
FILLER_0_26_15, 12.42, 81.6, 0.000150873
hold9, 17.94, 81.6, 0.000131369
FILLER_0_26_77, 40.02, 81.6, 0.000153071
FILLER_0_26_133, 65.78, 81.6, 0.000244463
FILLER_0_27_217, 105.34, 81.6, 0.000376736
_495_, 115.92, 81.6, 0.000400815
hold7, 115.92, 81.6, 0.000400815
_394_, 121.44, 81.6, 0.000386799
_405_, 121.44, 81.6, 0.000386799
_413_, 126.96, 81.6, 0.000369534
FILLER_0_26_265, 126.96, 81.6, 0.000369534
FILLER_0_26_304, 146.74, 81.6, 0.000290713
_383_, 163.3, 81.6, 0.000217051
_390_, 163.3, 81.6, 0.000217051
_393_, 163.3, 81.6, 0.000217051
FILLER_0_26_361, 173.88, 81.6, 0.000159322
_392_, 189.06, 81.6, 0.000190155
_455_, 189.06, 81.6, 0.000190155
FILLER_0_26_469, 220.34, 81.6, 0.000253918
_462_, 9.66, 81.6, 0.00015235
FILLER_0_27_51, 27.14, 81.6, 0.000107375
FILLER_0_27_105, 52.9, 81.6, 0.000198767
FILLER_0_27_161, 78.66, 81.6, 0.000290159
_453_, 89.7, 81.6, 0.000329326
FILLER_0_25_181, 89.7, 81.6, 0.000329326
FILLER_0_26_189, 89.7, 81.6, 0.000329326
_445_, 108.56, 81.6, 0.000386496
FILLER_0_26_230, 108.56, 81.6, 0.000386496
_412_, 137.08, 81.6, 0.000333683
hold8, 137.08, 81.6, 0.000333683
FILLER_0_26_333, 155.94, 81.6, 0.00024979
FILLER_0_27_331, 155.94, 81.6, 0.00024979
FILLER_0_26_389, 181.7, 81.6, 0.000149254
FILLER_0_27_497, 233.22, 81.6, 0.000280173
output36, 238.74, 81.6, 0.000291426
PHY_EDGE_ROW_23_Left_110, 5.52, 76.16, 0.00012801
PHY_EDGE_ROW_24_Left_111, 5.52, 76.16, 0.00012801
output40, 5.52, 76.16, 0.00012801
PHY_EDGE_ROW_23_Right_23, 242.88, 76.16, 0.000106083
PHY_EDGE_ROW_24_Right_24, 242.88, 76.16, 0.000106083
FILLER_0_25_45, 26.22, 76.16, 9.28634e-05
FILLER_0_24_77, 40.02, 76.16, 0.000158109
FILLER_0_24_133, 65.78, 76.16, 0.0002799
_509_, 86.02, 76.16, 0.000375593
FILLER_0_24_177, 86.02, 76.16, 0.000375593
_449_, 97.52, 76.16, 0.00040405
_450_, 97.52, 76.16, 0.00040405
FILLER_0_24_197, 97.52, 76.16, 0.00040405
FILLER_0_25_192, 97.52, 76.16, 0.00040405
_508_, 103.04, 76.16, 0.000410613
FILLER_0_24_247, 117.3, 76.16, 0.000390075
_496_, 128.34, 76.16, 0.000374174
FILLER_0_24_265, 128.34, 76.16, 0.000374174
FILLER_0_25_270, 128.34, 76.16, 0.000374174
FILLER_0_25_325, 154.1, 76.16, 0.000269932
_494_, 163.3, 76.16, 0.000232702
FILLER_0_25_349, 163.3, 76.16, 0.000232702
hold6, 168.82, 76.16, 0.000190269
FILLER_0_24_358, 168.82, 76.16, 0.000190269
FILLER_0_24_413, 194.58, 76.16, 0.000106083
FILLER_0_24_469, 220.34, 76.16, 0.000106083
FILLER_0_25_53, 27.14, 76.16, 9.72131e-05
FILLER_0_25_105, 52.9, 76.16, 0.000219004
FILLER_0_25_161, 78.66, 76.16, 0.000340795
FILLER_0_24_333, 155.94, 76.16, 0.000262486
FILLER_0_25_333, 155.94, 76.16, 0.000262486
FILLER_0_25_384, 181.7, 76.16, 0.000106083
FILLER_0_25_441, 207.46, 76.16, 0.000106083
FILLER_0_25_497, 233.22, 76.16, 0.000106083
FILLER_0_23_505, 238.74, 76.16, 0.000106083
PHY_EDGE_ROW_21_Left_108, 5.52, 70.72, 1.74457e-05
PHY_EDGE_ROW_22_Left_109, 5.52, 70.72, 1.74457e-05
PHY_EDGE_ROW_21_Right_21, 242.88, 70.72, 1.69988e-05
PHY_EDGE_ROW_22_Right_22, 242.88, 70.72, 1.69988e-05
FILLER_0_22_77, 40.02, 70.72, 2.23868e-05
FILLER_0_23_161, 80.04, 70.72, 3.56759e-05
FILLER_0_22_189, 91.54, 70.72, 3.84313e-05
FILLER_0_22_245, 117.3, 70.72, 3.20998e-05
FILLER_0_22_301, 143.06, 70.72, 2.57683e-05
FILLER_0_22_357, 168.82, 70.72, 1.94368e-05
FILLER_0_22_413, 194.58, 70.72, 1.69986e-05
FILLER_0_22_469, 220.34, 70.72, 1.69987e-05
FILLER_0_23_51, 27.14, 70.72, 1.81098e-05
FILLER_0_23_105, 52.9, 70.72, 2.66638e-05
FILLER_0_21_125, 63.94, 70.72, 3.03297e-05
FILLER_0_22_133, 63.94, 70.72, 3.03297e-05
_448_, 89.7, 70.72, 3.88836e-05
FILLER_0_23_181, 89.7, 70.72, 3.88836e-05
FILLER_0_23_218, 104.42, 70.72, 3.52656e-05
FILLER_0_23_273, 130.18, 70.72, 2.89341e-05
FILLER_0_23_329, 155.94, 70.72, 2.26026e-05
FILLER_0_23_385, 181.7, 70.72, 1.69986e-05
FILLER_0_23_441, 207.46, 70.72, 1.69987e-05
FILLER_0_23_497, 233.22, 70.72, 1.69988e-05
FILLER_0_21_505, 238.74, 70.72, 1.69988e-05
PHY_EDGE_ROW_19_Left_106, 5.52, 65.28, 8.61036e-05
PHY_EDGE_ROW_20_Left_107, 5.52, 65.28, 8.61036e-05
PHY_EDGE_ROW_19_Right_19, 242.88, 65.28, 6.9037e-05
PHY_EDGE_ROW_20_Right_20, 242.88, 65.28, 6.9037e-05
input20, 242.88, 65.28, 6.9037e-05
FILLER_0_21_51, 28.06, 65.28, 0.000108872
FILLER_0_20_77, 40.02, 65.28, 0.00020213
clkbuf_2_0__f_clk, 65.78, 65.28, 0.000402993
FILLER_0_20_133, 65.78, 65.28, 0.000402993
FILLER_0_21_133, 65.78, 65.28, 0.000402993
FILLER_0_20_189, 91.54, 65.28, 0.000388957
FILLER_0_20_245, 117.3, 65.28, 0.000350159
_440_, 143.06, 65.28, 0.000249458
_441_, 143.06, 65.28, 0.000249458
FILLER_0_20_301, 143.06, 65.28, 0.000249458
FILLER_0_21_329, 155.94, 65.28, 0.000182897
FILLER_0_20_414, 194.58, 65.28, 6.60521e-05
FILLER_0_20_469, 220.34, 65.28, 6.76441e-05
FILLER_0_21_105, 52.9, 65.28, 0.000302562
FILLER_0_21_217, 104.42, 65.28, 0.000381939
_499_, 109.94, 65.28, 0.000378931
FILLER_0_19_273, 130.18, 65.28, 0.000299809
FILLER_0_21_273, 130.18, 65.28, 0.000299809
FILLER_0_19_349, 165.6, 65.28, 0.000132977
FILLER_0_20_354, 165.6, 65.28, 0.000132977
FILLER_0_19_387, 182.16, 65.28, 6.52845e-05
FILLER_0_21_385, 182.16, 65.28, 6.52845e-05
FILLER_0_19_441, 207.46, 65.28, 6.68481e-05
FILLER_0_21_441, 207.46, 65.28, 6.68481e-05
FILLER_0_20_501, 233.22, 65.28, 6.84401e-05
FILLER_0_21_497, 233.22, 65.28, 6.84401e-05
PHY_EDGE_ROW_17_Left_104, 5.52, 59.84, 2.39326e-05
PHY_EDGE_ROW_18_Left_105, 5.52, 59.84, 2.39326e-05
input10, 5.52, 59.84, 2.39326e-05
PHY_EDGE_ROW_17_Right_17, 242.88, 59.84, 0.000109681
PHY_EDGE_ROW_18_Right_18, 242.88, 59.84, 0.000109681
FILLER_0_18_77, 40.02, 59.84, 5.04692e-05
FILLER_0_18_133, 65.78, 59.84, 0.000100816
FILLER_0_18_189, 91.54, 59.84, 0.000151163
FILLER_0_18_244, 117.3, 59.84, 0.000201509
FILLER_0_18_309, 148.58, 59.84, 0.000217871
_436_, 154.1, 59.84, 0.000207828
_420_, 168.82, 59.84, 0.00015627
_419_, 174.34, 59.84, 0.000121343
FILLER_0_18_410, 194.58, 59.84, 0.000104048
_424_, 200.1, 59.84, 0.000109681
FILLER_0_18_466, 220.34, 59.84, 0.000109681
FILLER_0_19_105, 52.9, 59.84, 7.56425e-05
FILLER_0_19_161, 78.66, 59.84, 0.000125989
FILLER_0_18_221, 104.42, 59.84, 0.000176336
FILLER_0_19_217, 104.42, 59.84, 0.000176336
_505_, 144.44, 59.84, 0.000225403
FILLER_0_19_333, 158.7, 59.84, 0.000191716
_498_, 169.74, 59.84, 0.000152595
FILLER_0_19_497, 233.22, 59.84, 0.000109681
FILLER_0_17_505, 238.74, 59.84, 0.000109681
FILLER_0_19_505, 238.74, 59.84, 0.000109681
_425_, 125.35, 59.84, 0.000217243
hold11, 125.35, 59.84, 0.000217243
PHY_EDGE_ROW_15_Left_102, 5.52, 54.4, 1.9735e-05
PHY_EDGE_ROW_16_Left_103, 5.52, 54.4, 1.9735e-05
PHY_EDGE_ROW_15_Right_15, 242.88, 54.4, 2.99649e-05
PHY_EDGE_ROW_16_Right_16, 242.88, 54.4, 2.99649e-05
FILLER_0_16_77, 40.02, 54.4, 4.69909e-05
FILLER_0_16_133, 65.78, 54.4, 9.41759e-05
FILLER_0_16_189, 91.54, 54.4, 0.000141361
_421_, 111.78, 54.4, 0.000178435
_422_, 111.78, 54.4, 0.000178435
_423_, 111.78, 54.4, 0.000178435
_500_, 122.82, 54.4, 0.000178963
_426_, 128.34, 54.4, 0.000166922
FILLER_0_16_301, 143.06, 54.4, 0.000126922
FILLER_0_16_357, 168.82, 54.4, 5.69213e-05
FILLER_0_16_413, 194.58, 54.4, 2.99647e-05
FILLER_0_16_469, 220.34, 54.4, 2.99648e-05
FILLER_0_17_51, 27.14, 54.4, 2.33984e-05
FILLER_0_17_105, 52.9, 54.4, 7.05834e-05
FILLER_0_17_161, 78.66, 54.4, 0.000117768
FILLER_0_16_221, 104.42, 54.4, 0.000164953
FILLER_0_17_217, 104.42, 54.4, 0.000164953
FILLER_0_17_249, 118.22, 54.4, 0.000178743
FILLER_0_17_271, 130.18, 54.4, 0.000161922
FILLER_0_17_329, 155.94, 54.4, 9.19214e-05
FILLER_0_17_385, 181.7, 54.4, 2.99646e-05
FILLER_0_17_441, 207.46, 54.4, 2.99648e-05
FILLER_0_17_497, 233.22, 54.4, 2.99649e-05
FILLER_0_15_505, 238.74, 54.4, 2.99649e-05
PHY_EDGE_ROW_13_Left_100, 5.52, 48.96, 1.31991e-06
PHY_EDGE_ROW_14_Left_101, 5.52, 48.96, 1.31991e-06
PHY_EDGE_ROW_13_Right_13, 242.88, 48.96, 1.26093e-05
PHY_EDGE_ROW_14_Right_14, 242.88, 48.96, 1.26093e-05
FILLER_0_14_77, 40.02, 48.96, 1.55535e-06
FILLER_0_14_133, 65.78, 48.96, 1.96296e-06
FILLER_0_14_189, 91.54, 48.96, 2.37053e-06
FILLER_0_14_245, 117.3, 48.96, 2.77806e-06
FILLER_0_14_301, 143.06, 48.96, 3.18554e-06
FILLER_0_14_357, 168.82, 48.96, 3.59298e-06
FILLER_0_14_413, 194.58, 48.96, 6.32574e-06
FILLER_0_14_469, 220.34, 48.96, 1.05147e-05
FILLER_0_15_51, 27.14, 48.96, 1.35153e-06
FILLER_0_15_105, 52.9, 48.96, 1.75916e-06
FILLER_0_15_161, 78.66, 48.96, 2.16675e-06
FILLER_0_15_217, 104.42, 48.96, 2.5743e-06
FILLER_0_15_273, 130.18, 48.96, 2.9818e-06
FILLER_0_15_329, 155.94, 48.96, 3.38926e-06
FILLER_0_15_385, 181.7, 48.96, 4.23122e-06
FILLER_0_15_441, 207.46, 48.96, 8.42025e-06
input32, 233.22, 48.96, 1.26092e-05
FILLER_0_15_497, 233.22, 48.96, 1.26092e-05
PHY_EDGE_ROW_11_Left_98, 5.52, 43.52, 3.47682e-06
PHY_EDGE_ROW_12_Left_99, 5.52, 43.52, 3.47682e-06
input24, 5.52, 43.52, 3.47682e-06
PHY_EDGE_ROW_11_Right_11, 242.88, 43.52, 1.69599e-06
PHY_EDGE_ROW_12_Right_12, 242.88, 43.52, 1.69599e-06
FILLER_0_12_18, 15.18, 43.52, 2.63552e-06
FILLER_0_12_77, 40.02, 43.52, 1.76113e-06
FILLER_0_12_133, 65.78, 43.52, 1.74907e-06
FILLER_0_12_189, 91.54, 43.52, 1.73696e-06
FILLER_0_12_245, 117.3, 43.52, 1.72481e-06
FILLER_0_12_301, 143.06, 43.52, 1.71262e-06
FILLER_0_12_357, 168.82, 43.52, 1.70038e-06
FILLER_0_12_413, 194.58, 43.52, 1.69577e-06
FILLER_0_12_469, 220.34, 43.52, 1.69591e-06
FILLER_0_13_51, 27.14, 43.52, 1.76715e-06
FILLER_0_13_105, 52.9, 43.52, 1.75511e-06
FILLER_0_13_161, 78.66, 43.52, 1.74302e-06
FILLER_0_13_217, 104.42, 43.52, 1.73089e-06
FILLER_0_13_273, 130.18, 43.52, 1.71872e-06
FILLER_0_13_329, 155.94, 43.52, 1.70651e-06
FILLER_0_13_385, 181.7, 43.52, 1.69568e-06
FILLER_0_13_441, 207.46, 43.52, 1.69584e-06
FILLER_0_13_497, 233.22, 43.52, 1.69596e-06
FILLER_0_11_505, 238.74, 43.52, 1.69598e-06
FILLER_0_13_505, 238.74, 43.52, 1.69598e-06
PHY_EDGE_ROW_9_Left_96, 5.52, 38.08, 6.17954e-07
PHY_EDGE_ROW_10_Left_97, 5.52, 38.08, 6.17954e-07
PHY_EDGE_ROW_9_Right_9, 242.88, 38.08, 1.07089e-06
PHY_EDGE_ROW_10_Right_10, 242.88, 38.08, 1.07089e-06
FILLER_0_10_77, 40.02, 38.08, 6.61843e-07
FILLER_0_10_133, 65.78, 38.08, 7.37845e-07
FILLER_0_10_189, 91.54, 38.08, 8.13804e-07
FILLER_0_10_245, 117.3, 38.08, 8.89719e-07
FILLER_0_10_301, 143.06, 38.08, 9.65591e-07
FILLER_0_10_357, 168.82, 38.08, 1.04142e-06
FILLER_0_10_413, 194.58, 38.08, 1.0707e-06
FILLER_0_10_469, 220.34, 38.08, 1.07082e-06
FILLER_0_11_51, 27.14, 38.08, 6.23826e-07
FILLER_0_11_105, 52.9, 38.08, 6.9985e-07
FILLER_0_11_161, 78.66, 38.08, 7.7583e-07
FILLER_0_11_217, 104.42, 38.08, 8.51767e-07
FILLER_0_11_273, 130.18, 38.08, 9.2766e-07
FILLER_0_11_329, 155.94, 38.08, 1.00351e-06
FILLER_0_11_385, 181.7, 38.08, 1.07063e-06
FILLER_0_11_441, 207.46, 38.08, 1.07077e-06
FILLER_0_11_497, 233.22, 38.08, 1.07087e-06
FILLER_0_9_505, 238.74, 38.08, 1.07088e-06
PHY_EDGE_ROW_7_Left_94, 5.52, 32.64, 2.87179e-07
PHY_EDGE_ROW_8_Left_95, 5.52, 32.64, 2.87179e-07
PHY_EDGE_ROW_7_Right_7, 242.88, 32.64, 4.97636e-07
PHY_EDGE_ROW_8_Right_8, 242.88, 32.64, 4.97636e-07
FILLER_0_9_51, 28.06, 32.64, 2.91157e-07
FILLER_0_8_77, 40.02, 32.64, 3.07579e-07
FILLER_0_8_133, 65.78, 32.64, 3.42916e-07
FILLER_0_8_189, 91.54, 32.64, 3.78209e-07
FILLER_0_8_245, 117.3, 32.64, 4.13459e-07
FILLER_0_8_301, 143.06, 32.64, 4.48665e-07
FILLER_0_8_357, 168.82, 32.64, 4.83828e-07
FILLER_0_8_413, 194.58, 32.64, 4.97452e-07
FILLER_0_8_469, 220.34, 32.64, 4.97572e-07
FILLER_0_9_105, 52.9, 32.64, 3.25253e-07
FILLER_0_9_161, 78.66, 32.64, 3.60568e-07
FILLER_0_9_217, 104.42, 32.64, 3.95839e-07
FILLER_0_9_273, 130.18, 32.64, 4.31067e-07
FILLER_0_9_329, 155.94, 32.64, 4.66252e-07
FILLER_0_9_385, 181.7, 32.64, 4.97376e-07
FILLER_0_9_441, 207.46, 32.64, 4.97517e-07
FILLER_0_9_497, 233.22, 32.64, 4.97615e-07
FILLER_0_7_505, 238.74, 32.64, 4.97629e-07
PHY_EDGE_ROW_5_Left_92, 5.52, 27.2, 5.69431e-06
PHY_EDGE_ROW_6_Left_93, 5.52, 27.2, 5.69431e-06
input13, 5.52, 27.2, 5.69431e-06
PHY_EDGE_ROW_5_Right_5, 242.88, 27.2, 1.29149e-05
PHY_EDGE_ROW_6_Right_6, 242.88, 27.2, 1.29149e-05
FILLER_0_6_77, 40.02, 27.2, 1.91311e-06
FILLER_0_6_133, 65.78, 27.2, 1.90139e-06
FILLER_0_6_189, 91.54, 27.2, 1.88963e-06
FILLER_0_6_245, 117.3, 27.2, 1.87782e-06
FILLER_0_6_301, 143.06, 27.2, 1.86597e-06
FILLER_0_6_357, 168.82, 27.2, 1.85408e-06
FILLER_0_6_413, 194.58, 27.2, 4.77079e-06
FILLER_0_6_469, 220.34, 27.2, 9.52156e-06
FILLER_0_7_105, 52.9, 27.2, 1.90725e-06
FILLER_0_7_161, 78.66, 27.2, 1.89551e-06
FILLER_0_7_217, 104.42, 27.2, 1.88373e-06
FILLER_0_7_273, 130.18, 27.2, 1.8719e-06
FILLER_0_7_329, 155.94, 27.2, 1.86003e-06
FILLER_0_7_385, 181.7, 27.2, 2.39539e-06
FILLER_0_7_441, 207.46, 27.2, 7.14618e-06
FILLER_0_7_497, 233.22, 27.2, 1.18969e-05
input8, 238.74, 27.2, 1.29149e-05
FILLER_0_5_505, 238.74, 27.2, 1.29149e-05
PHY_EDGE_ROW_3_Left_90, 5.52, 21.76, 8.25774e-06
PHY_EDGE_ROW_4_Left_91, 5.52, 21.76, 8.25774e-06
PHY_EDGE_ROW_3_Right_3, 242.88, 21.76, 7.44036e-06
PHY_EDGE_ROW_4_Right_4, 242.88, 21.76, 7.44036e-06
FILLER_0_4_77, 40.02, 21.76, 8.17856e-06
FILLER_0_4_133, 65.78, 21.76, 8.04152e-06
FILLER_0_4_189, 91.54, 21.76, 7.90444e-06
FILLER_0_4_245, 117.3, 21.76, 7.76731e-06
FILLER_0_4_301, 143.06, 21.76, 7.63014e-06
FILLER_0_4_357, 168.82, 21.76, 7.49293e-06
FILLER_0_4_413, 194.58, 21.76, 7.44017e-06
FILLER_0_4_469, 220.34, 21.76, 7.44029e-06
FILLER_0_5_51, 27.14, 21.76, 8.24707e-06
FILLER_0_5_105, 52.9, 21.76, 8.11005e-06
FILLER_0_5_161, 78.66, 21.76, 7.97299e-06
FILLER_0_5_217, 104.42, 21.76, 7.83588e-06
FILLER_0_5_273, 130.18, 21.76, 7.69873e-06
FILLER_0_5_329, 155.94, 21.76, 7.56154e-06
FILLER_0_5_385, 181.7, 21.76, 7.4401e-06
FILLER_0_5_441, 207.46, 21.76, 7.44024e-06
FILLER_0_5_497, 233.22, 21.76, 7.44034e-06
FILLER_0_3_505, 238.74, 21.76, 7.44035e-06
PHY_EDGE_ROW_1_Left_88, 5.52, 16.32, 1.66289e-05
PHY_EDGE_ROW_2_Left_89, 5.52, 16.32, 1.66289e-05
PHY_EDGE_ROW_1_Right_1, 242.88, 16.32, 2.89926e-05
PHY_EDGE_ROW_2_Right_2, 242.88, 16.32, 2.89926e-05
input3, 242.88, 16.32, 2.89926e-05
FILLER_0_1_510, 242.88, 16.32, 2.89926e-05
FILLER_0_2_77, 40.02, 16.32, 1.66344e-05
FILLER_0_2_133, 65.78, 16.32, 1.66441e-05
FILLER_0_2_189, 91.54, 16.32, 1.66537e-05
FILLER_0_2_245, 117.3, 16.32, 1.66633e-05
FILLER_0_2_301, 143.06, 16.32, 1.66728e-05
FILLER_0_2_357, 168.82, 16.32, 1.66823e-05
FILLER_0_0_412, 194.58, 16.32, 1.97252e-05
FILLER_0_2_413, 194.58, 16.32, 1.97252e-05
FILLER_0_2_469, 220.34, 16.32, 2.46679e-05
FILLER_0_1_45, 27.14, 16.32, 1.66296e-05
FILLER_0_1_53, 27.14, 16.32, 1.66296e-05
FILLER_0_3_51, 27.14, 16.32, 1.66296e-05
FILLER_0_3_105, 52.9, 16.32, 1.66393e-05
FILLER_0_3_161, 78.66, 16.32, 1.66489e-05
FILLER_0_1_217, 104.42, 16.32, 1.66585e-05
FILLER_0_3_217, 104.42, 16.32, 1.66585e-05
FILLER_0_1_273, 130.18, 16.32, 1.66681e-05
FILLER_0_3_273, 130.18, 16.32, 1.66681e-05
FILLER_0_1_329, 155.94, 16.32, 1.66776e-05
FILLER_0_3_329, 155.94, 16.32, 1.66776e-05
FILLER_0_3_385, 181.7, 16.32, 1.72538e-05
FILLER_0_0_441, 207.46, 16.32, 2.21966e-05
FILLER_0_1_441, 207.46, 16.32, 2.21966e-05
FILLER_0_3_441, 207.46, 16.32, 2.21966e-05
FILLER_0_2_501, 233.22, 16.32, 2.71392e-05
FILLER_0_3_497, 233.22, 16.32, 2.71392e-05
PHY_EDGE_ROW_0_Left_87, 5.52, 10.88, 0.000241856
output47, 5.52, 10.88, 0.000241856
output58, 5.52, 10.88, 0.000241856
PHY_EDGE_ROW_0_Right_0, 242.88, 10.88, 0.00028866
input25, 242.88, 10.88, 0.00028866
output52, 242.88, 10.88, 0.00028866
ANTENNA_5, 34.5, 10.88, 0.000229039
FILLER_0_0_69, 34.5, 10.88, 0.000229039
output55, 47.38, 10.88, 0.000323396
FILLER_0_0_109, 52.9, 10.88, 0.000352586
FILLER_0_1_105, 52.9, 10.88, 0.000352586
input18, 62.56, 10.88, 0.000403668
FILLER_0_0_130, 62.56, 10.88, 0.000403668
FILLER_0_0_169, 79.12, 10.88, 0.00047311
FILLER_0_1_161, 79.12, 10.88, 0.00047311
output37, 92, 10.88, 0.000513946
output50, 98.9, 10.88, 0.000521668
FILLER_0_0_209, 98.9, 10.88, 0.000521668
FILLER_0_0_219, 111.78, 10.88, 0.000509579
FILLER_0_0_237, 111.78, 10.88, 0.000509579
output57, 124.66, 10.88, 0.00049749
FILLER_0_0_265, 124.66, 10.88, 0.00049749
output59, 137.54, 10.88, 0.000458986
output35, 143.06, 10.88, 0.000431209
FILLER_0_0_305, 143.06, 10.88, 0.000431209
FILLER_0_0_327, 153.18, 10.88, 0.000359649
FILLER_0_0_357, 166.98, 10.88, 0.000247857
FILLER_0_1_385, 182.16, 10.88, 0.000149172
input29, 189.06, 10.88, 0.000166704
FILLER_0_0_405, 189.06, 10.88, 0.000166704
input26, 201.94, 10.88, 0.000198408
FILLER_0_0_433, 201.94, 10.88, 0.000198408
input5, 214.82, 10.88, 0.000228266
FILLER_0_0_461, 214.82, 10.88, 0.000228266
FILLER_0_0_501, 233.22, 10.88, 0.000267869
FILLER_0_1_497, 233.22, 10.88, 0.000267869
input22, 13.57, 10.88, 0.000208764
FILLER_0_0_9, 13.57, 10.88, 0.000208764
FILLER_0_0_20, 13.57, 10.88, 0.000208764
output56, 70.84, 10.88, 0.000446858
FILLER_0_0_141, 70.84, 10.88, 0.000446858
output64, 160.08, 10.88, 0.000310858

