Instance name,  X location,  Y location,  Voltage 
_431_, 175.44, 231.2, 1.79997
_432_, 175.44, 231.2, 1.79997
_502_, 175.44, 225.76, 1.79997
_362_, 175.44, 144.16, 1.79983
_491_, 175.44, 144.16, 1.79983
FILLER_0_49_365, 175.44, 144.16, 1.79983
FILLER_0_43_369, 175.44, 127.84, 1.79994
_255_, 175.44, 116.96, 1.79973
_371_, 175.44, 100.64, 1.79993
FILLER_0_31_369, 175.44, 95.2, 1.79987
input9, 175.44, 13.6, 1.79986
_507_, 21.84, 89.76, 1.7999
PHY_EDGE_ROW_86_Left_173, 5.52, 247.52, 1.79999
PHY_EDGE_ROW_86_Right_86, 242.88, 247.52, 1.79984
output49, 234.6, 247.52, 1.79984
PHY_EDGE_ROW_84_Left_171, 5.52, 242.08, 1.79988
PHY_EDGE_ROW_85_Left_172, 5.52, 242.08, 1.79988
input15, 5.52, 242.08, 1.79988
PHY_EDGE_ROW_84_Right_84, 242.88, 242.08, 1.79962
PHY_EDGE_ROW_85_Right_85, 242.88, 242.08, 1.79962
input4, 242.88, 242.08, 1.79962
input31, 9.66, 242.08, 1.79988
FILLER_0_86_22, 15.18, 242.08, 1.79988
FILLER_0_85_51, 27.14, 242.08, 1.79985
FILLER_0_86_49, 27.14, 242.08, 1.79985
output62, 32.66, 242.08, 1.79981
output44, 47.38, 242.08, 1.79973
ANTENNA_4, 47.38, 242.08, 1.79973
FILLER_0_85_105, 52.9, 242.08, 1.79971
FILLER_0_86_125, 63.94, 242.08, 1.79967
output53, 78.66, 242.08, 1.79965
FILLER_0_85_161, 78.66, 242.08, 1.79965
FILLER_0_86_163, 78.66, 242.08, 1.79965
FILLER_0_86_181, 89.7, 242.08, 1.79966
FILLER_0_85_217, 104.42, 242.08, 1.79966
FILLER_0_86_221, 104.42, 242.08, 1.79966
output45, 109.94, 242.08, 1.79967
FILLER_0_85_273, 130.18, 242.08, 1.79972
FILLER_0_86_270, 130.18, 242.08, 1.79972
input30, 135.7, 242.08, 1.79974
input27, 150.42, 242.08, 1.79978
FILLER_0_85_329, 155.94, 242.08, 1.79979
FILLER_0_86_333, 155.94, 242.08, 1.79979
output42, 166.98, 242.08, 1.79983
FILLER_0_86_349, 166.98, 242.08, 1.79983
input19, 181.7, 242.08, 1.79983
FILLER_0_85_385, 181.7, 242.08, 1.79983
FILLER_0_86_385, 181.7, 242.08, 1.79983
FILLER_0_85_441, 207.46, 242.08, 1.79968
FILLER_0_86_439, 207.46, 242.08, 1.79968
output61, 212.98, 242.08, 1.79966
output60, 227.7, 242.08, 1.79962
FILLER_0_85_497, 233.22, 242.08, 1.79962
FILLER_0_85_505, 233.22, 242.08, 1.79962
output39, 20.7, 242.08, 1.79989
FILLER_0_86_77, 40.02, 242.08, 1.79977
FILLER_0_86_85, 45.54, 242.08, 1.79974
output63, 65.78, 242.08, 1.79967
FILLER_0_86_135, 65.78, 242.08, 1.79967
FILLER_0_86_153, 76.82, 242.08, 1.79965
input28, 91.54, 242.08, 1.79966
FILLER_0_86_189, 91.54, 242.08, 1.79966
FILLER_0_86_245, 117.3, 242.08, 1.79969
input11, 122.82, 242.08, 1.7997
FILLER_0_86_305, 143.06, 242.08, 1.79976
FILLER_0_86_309, 148.58, 242.08, 1.79977
FILLER_0_86_359, 168.82, 242.08, 1.79984
FILLER_0_86_377, 179.86, 242.08, 1.79984
FILLER_0_86_417, 194.58, 242.08, 1.79975
output38, 200.1, 242.08, 1.79971
FILLER_0_86_469, 220.34, 242.08, 1.79964
FILLER_0_86_477, 225.86, 242.08, 1.79963
PHY_EDGE_ROW_82_Left_169, 5.52, 236.64, 1.79999
PHY_EDGE_ROW_83_Left_170, 5.52, 236.64, 1.79999
PHY_EDGE_ROW_82_Right_82, 242.88, 236.64, 1.79997
PHY_EDGE_ROW_83_Right_83, 242.88, 236.64, 1.79997
FILLER_0_83_51, 27.14, 236.64, 1.79999
FILLER_0_83_105, 52.9, 236.64, 1.79998
FILLER_0_83_161, 78.66, 236.64, 1.79997
FILLER_0_83_219, 108.1, 236.64, 1.79996
FILLER_0_83_273, 130.18, 236.64, 1.79996
_430_, 150.42, 236.64, 1.79996
FILLER_0_83_333, 155.94, 236.64, 1.79997
FILLER_0_83_385, 181.7, 236.64, 1.79998
FILLER_0_83_441, 207.46, 236.64, 1.79998
FILLER_0_83_497, 233.22, 236.64, 1.79997
FILLER_0_84_501, 233.22, 236.64, 1.79997
input2, 238.74, 236.64, 1.79997
FILLER_0_83_505, 238.74, 236.64, 1.79997
FILLER_0_84_77, 40.02, 236.64, 1.79998
FILLER_0_84_133, 65.78, 236.64, 1.79997
FILLER_0_84_189, 91.54, 236.64, 1.79996
_433_, 97.06, 236.64, 1.79996
FILLER_0_83_205, 97.06, 236.64, 1.79996
FILLER_0_84_245, 117.3, 236.64, 1.79996
FILLER_0_83_305, 143.06, 236.64, 1.79996
FILLER_0_84_301, 143.06, 236.64, 1.79996
FILLER_0_84_357, 168.82, 236.64, 1.79998
FILLER_0_84_413, 194.58, 236.64, 1.79998
FILLER_0_84_469, 220.34, 236.64, 1.79997
PHY_EDGE_ROW_80_Left_167, 5.52, 231.2, 1.79993
PHY_EDGE_ROW_81_Left_168, 5.52, 231.2, 1.79993
output66, 5.52, 231.2, 1.79993
PHY_EDGE_ROW_80_Right_80, 242.88, 231.2, 1.79997
PHY_EDGE_ROW_81_Right_81, 242.88, 231.2, 1.79997
ANTENNA_6, 9.66, 231.2, 1.79994
FILLER_0_82_25, 15.18, 231.2, 1.79995
FILLER_0_81_51, 27.14, 231.2, 1.79995
FILLER_0_81_105, 52.9, 231.2, 1.7999
FILLER_0_81_161, 78.66, 231.2, 1.79985
_434_, 98.9, 231.2, 1.79982
_503_, 98.9, 231.2, 1.79982
_435_, 104.42, 231.2, 1.79982
FILLER_0_82_241, 115.46, 231.2, 1.79985
FILLER_0_81_273, 130.18, 231.2, 1.79988
FILLER_0_81_329, 155.94, 231.2, 1.79993
FILLER_0_81_441, 207.46, 231.2, 1.79997
FILLER_0_81_497, 233.22, 231.2, 1.79997
FILLER_0_81_505, 238.74, 231.2, 1.79997
FILLER_0_82_77, 40.02, 231.2, 1.79993
FILLER_0_82_133, 65.78, 231.2, 1.79988
FILLER_0_82_189, 91.54, 231.2, 1.79983
FILLER_0_82_197, 97.06, 231.2, 1.79982
FILLER_0_82_249, 117.3, 231.2, 1.79985
FILLER_0_82_301, 143.06, 231.2, 1.7999
FILLER_0_81_361, 168.82, 231.2, 1.79995
FILLER_0_82_357, 168.82, 231.2, 1.79995
FILLER_0_80_410, 194.58, 231.2, 1.79997
FILLER_0_82_413, 194.58, 231.2, 1.79997
FILLER_0_82_469, 220.34, 231.2, 1.79997
PHY_EDGE_ROW_78_Left_165, 5.52, 225.76, 1.8
PHY_EDGE_ROW_79_Left_166, 5.52, 225.76, 1.8
PHY_EDGE_ROW_78_Right_78, 242.88, 225.76, 1.79994
PHY_EDGE_ROW_79_Right_79, 242.88, 225.76, 1.79994
FILLER_0_79_51, 27.14, 225.76, 1.8
FILLER_0_79_105, 52.9, 225.76, 1.79999
FILLER_0_79_161, 78.66, 225.76, 1.79999
FILLER_0_79_217, 104.42, 225.76, 1.79998
FILLER_0_79_273, 130.18, 225.76, 1.79997
FILLER_0_79_329, 155.94, 225.76, 1.79997
FILLER_0_79_385, 181.7, 225.76, 1.79996
FILLER_0_79_441, 206.08, 225.76, 1.79994
FILLER_0_79_497, 233.22, 225.76, 1.79994
FILLER_0_79_505, 238.74, 225.76, 1.79994
FILLER_0_80_77, 40.02, 225.76, 1.79999
FILLER_0_80_133, 65.78, 225.76, 1.79999
FILLER_0_80_189, 91.54, 225.76, 1.79998
FILLER_0_80_245, 117.3, 225.76, 1.79998
FILLER_0_80_301, 143.06, 225.76, 1.79997
FILLER_0_80_357, 168.82, 225.76, 1.79997
FILLER_0_80_365, 174.34, 225.76, 1.79997
_429_, 194.58, 225.76, 1.79995
_427_, 200.1, 225.76, 1.79994
FILLER_0_78_466, 220.34, 225.76, 1.79994
FILLER_0_80_469, 220.34, 225.76, 1.79994
PHY_EDGE_ROW_76_Left_163, 5.52, 220.32, 1.79999
PHY_EDGE_ROW_77_Left_164, 5.52, 220.32, 1.79999
PHY_EDGE_ROW_76_Right_76, 242.88, 220.32, 1.79974
PHY_EDGE_ROW_77_Right_77, 242.88, 220.32, 1.79974
FILLER_0_77_51, 27.14, 220.32, 1.79999
FILLER_0_77_105, 52.9, 220.32, 1.79998
FILLER_0_77_161, 78.66, 220.32, 1.79997
FILLER_0_77_217, 104.42, 220.32, 1.79996
FILLER_0_77_273, 130.18, 220.32, 1.79995
FILLER_0_77_329, 155.94, 220.32, 1.79994
FILLER_0_77_385, 181.7, 220.32, 1.7999
_428_, 192.74, 220.32, 1.79983
_501_, 192.74, 220.32, 1.79983
FILLER_0_77_405, 192.74, 220.32, 1.79983
FILLER_0_77_438, 207.46, 220.32, 1.7998
FILLER_0_77_497, 233.22, 220.32, 1.79975
output48, 238.74, 220.32, 1.79974
FILLER_0_78_77, 40.02, 220.32, 1.79999
FILLER_0_78_133, 65.78, 220.32, 1.79998
FILLER_0_78_189, 91.54, 220.32, 1.79997
FILLER_0_78_245, 117.3, 220.32, 1.79996
FILLER_0_76_298, 143.06, 220.32, 1.79995
FILLER_0_78_301, 143.06, 220.32, 1.79995
FILLER_0_78_357, 168.82, 220.32, 1.79994
FILLER_0_78_401, 189.06, 220.32, 1.79985
PHY_EDGE_ROW_74_Left_161, 5.52, 214.88, 1.79999
PHY_EDGE_ROW_75_Left_162, 5.52, 214.88, 1.79999
PHY_EDGE_ROW_74_Right_74, 242.88, 214.88, 1.79997
PHY_EDGE_ROW_75_Right_75, 242.88, 214.88, 1.79997
FILLER_0_75_51, 27.14, 214.88, 1.79998
FILLER_0_75_105, 52.9, 214.88, 1.79995
FILLER_0_75_161, 78.66, 214.88, 1.79993
FILLER_0_75_217, 104.42, 214.88, 1.7999
FILLER_0_75_273, 130.18, 214.88, 1.79987
FILLER_0_76_277, 130.18, 214.88, 1.79987
_438_, 135.7, 214.88, 1.79986
_504_, 135.7, 214.88, 1.79986
FILLER_0_75_281, 135.7, 214.88, 1.79986
_437_, 141.22, 214.88, 1.79987
ANTENNA_1, 141.22, 214.88, 1.79987
FILLER_0_75_327, 155.94, 214.88, 1.79991
FILLER_0_75_385, 181.7, 214.88, 1.79997
FILLER_0_75_441, 207.46, 214.88, 1.79997
FILLER_0_75_497, 233.22, 214.88, 1.79997
FILLER_0_75_505, 238.74, 214.88, 1.79997
FILLER_0_76_77, 40.02, 214.88, 1.79997
FILLER_0_76_133, 65.78, 214.88, 1.79994
FILLER_0_76_189, 91.54, 214.88, 1.79991
FILLER_0_76_245, 117.3, 214.88, 1.79988
FILLER_0_76_357, 168.82, 214.88, 1.79995
FILLER_0_76_413, 194.58, 214.88, 1.79997
FILLER_0_76_469, 220.34, 214.88, 1.79997
PHY_EDGE_ROW_72_Left_159, 5.52, 209.44, 1.8
PHY_EDGE_ROW_73_Left_160, 5.52, 209.44, 1.8
PHY_EDGE_ROW_72_Right_72, 242.88, 209.44, 1.79999
PHY_EDGE_ROW_73_Right_73, 242.88, 209.44, 1.79999
FILLER_0_73_51, 27.14, 209.44, 1.8
FILLER_0_73_105, 52.9, 209.44, 1.8
FILLER_0_73_161, 78.66, 209.44, 1.8
FILLER_0_73_217, 104.42, 209.44, 1.8
FILLER_0_73_273, 130.18, 209.44, 1.8
FILLER_0_73_329, 155.94, 209.44, 1.79999
FILLER_0_73_385, 181.7, 209.44, 1.79999
FILLER_0_73_441, 207.46, 209.44, 1.79999
FILLER_0_73_497, 233.22, 209.44, 1.79999
FILLER_0_73_505, 238.74, 209.44, 1.79999
FILLER_0_74_77, 40.02, 209.44, 1.8
FILLER_0_74_133, 65.78, 209.44, 1.8
FILLER_0_74_189, 91.54, 209.44, 1.8
FILLER_0_74_245, 117.3, 209.44, 1.8
FILLER_0_74_301, 143.06, 209.44, 1.8
FILLER_0_74_357, 168.82, 209.44, 1.79999
FILLER_0_74_413, 194.58, 209.44, 1.79999
FILLER_0_74_469, 220.34, 209.44, 1.79999
PHY_EDGE_ROW_70_Left_157, 5.52, 204, 1.8
PHY_EDGE_ROW_71_Left_158, 5.52, 204, 1.8
input23, 5.52, 204, 1.8
PHY_EDGE_ROW_70_Right_70, 242.88, 204, 1.79985
PHY_EDGE_ROW_71_Right_71, 242.88, 204, 1.79985
FILLER_0_71_105, 52.9, 204, 1.79999
FILLER_0_71_161, 78.66, 204, 1.79999
FILLER_0_71_217, 104.42, 204, 1.79999
FILLER_0_71_273, 130.18, 204, 1.79998
FILLER_0_71_329, 155.94, 204, 1.79998
FILLER_0_71_385, 181.7, 204, 1.79996
FILLER_0_71_441, 207.46, 204, 1.79991
FILLER_0_71_497, 233.22, 204, 1.79986
output51, 238.74, 204, 1.79985
FILLER_0_72_77, 40.02, 204, 1.79999
FILLER_0_72_133, 65.78, 204, 1.79999
FILLER_0_72_189, 91.54, 204, 1.79999
FILLER_0_72_245, 117.3, 204, 1.79998
FILLER_0_72_301, 143.06, 204, 1.79998
FILLER_0_72_357, 168.82, 204, 1.79998
FILLER_0_72_413, 194.58, 204, 1.79994
FILLER_0_72_469, 220.34, 204, 1.79989
PHY_EDGE_ROW_68_Left_155, 5.52, 198.56, 1.8
PHY_EDGE_ROW_69_Left_156, 5.52, 198.56, 1.8
PHY_EDGE_ROW_68_Right_68, 242.88, 198.56, 1.8
PHY_EDGE_ROW_69_Right_69, 242.88, 198.56, 1.8
FILLER_0_69_51, 27.14, 198.56, 1.8
FILLER_0_69_105, 52.9, 198.56, 1.8
FILLER_0_69_161, 78.66, 198.56, 1.8
FILLER_0_69_217, 104.42, 198.56, 1.8
FILLER_0_69_273, 130.18, 198.56, 1.8
FILLER_0_69_329, 155.94, 198.56, 1.8
FILLER_0_69_385, 181.7, 198.56, 1.8
FILLER_0_69_441, 207.46, 198.56, 1.8
FILLER_0_69_497, 233.22, 198.56, 1.8
FILLER_0_69_505, 238.74, 198.56, 1.8
FILLER_0_70_77, 40.02, 198.56, 1.8
FILLER_0_70_133, 65.78, 198.56, 1.8
FILLER_0_70_189, 91.54, 198.56, 1.8
FILLER_0_70_245, 117.3, 198.56, 1.8
FILLER_0_70_301, 143.06, 198.56, 1.8
FILLER_0_70_357, 168.82, 198.56, 1.8
FILLER_0_70_413, 194.58, 198.56, 1.8
FILLER_0_70_469, 220.34, 198.56, 1.8
PHY_EDGE_ROW_66_Left_153, 5.52, 193.12, 1.8
PHY_EDGE_ROW_67_Left_154, 5.52, 193.12, 1.8
PHY_EDGE_ROW_66_Right_66, 242.88, 193.12, 1.8
PHY_EDGE_ROW_67_Right_67, 242.88, 193.12, 1.8
FILLER_0_67_51, 27.14, 193.12, 1.8
FILLER_0_67_105, 52.9, 193.12, 1.8
FILLER_0_67_161, 78.66, 193.12, 1.8
FILLER_0_67_217, 104.42, 193.12, 1.8
FILLER_0_67_273, 130.18, 193.12, 1.8
FILLER_0_67_329, 155.94, 193.12, 1.8
FILLER_0_67_385, 181.7, 193.12, 1.8
FILLER_0_67_441, 207.46, 193.12, 1.8
FILLER_0_67_497, 233.22, 193.12, 1.8
FILLER_0_67_505, 233.22, 193.12, 1.8
FILLER_0_68_77, 40.02, 193.12, 1.8
FILLER_0_68_133, 65.78, 193.12, 1.8
FILLER_0_68_189, 91.54, 193.12, 1.8
FILLER_0_68_245, 117.3, 193.12, 1.8
FILLER_0_68_301, 143.06, 193.12, 1.8
FILLER_0_68_357, 168.82, 193.12, 1.8
FILLER_0_68_413, 194.58, 193.12, 1.8
FILLER_0_68_469, 220.34, 193.12, 1.8
PHY_EDGE_ROW_64_Left_151, 5.52, 187.68, 1.79999
PHY_EDGE_ROW_65_Left_152, 5.52, 187.68, 1.79999
input12, 5.52, 187.68, 1.79999
PHY_EDGE_ROW_64_Right_64, 242.88, 187.68, 1.79998
PHY_EDGE_ROW_65_Right_65, 242.88, 187.68, 1.79998
FILLER_0_65_105, 52.9, 187.68, 1.8
FILLER_0_65_161, 78.66, 187.68, 1.79999
FILLER_0_65_217, 104.42, 187.68, 1.79999
FILLER_0_65_273, 130.18, 187.68, 1.79999
FILLER_0_65_329, 155.94, 187.68, 1.79999
FILLER_0_65_385, 181.7, 187.68, 1.79999
FILLER_0_65_441, 207.46, 187.68, 1.79999
FILLER_0_65_497, 233.22, 187.68, 1.79998
FILLER_0_66_501, 233.22, 187.68, 1.79998
input7, 238.74, 187.68, 1.79998
FILLER_0_65_505, 238.74, 187.68, 1.79998
FILLER_0_66_77, 40.02, 187.68, 1.8
FILLER_0_66_133, 65.78, 187.68, 1.8
FILLER_0_66_189, 91.54, 187.68, 1.79999
FILLER_0_66_245, 117.3, 187.68, 1.79999
FILLER_0_66_301, 143.06, 187.68, 1.79999
FILLER_0_66_357, 168.82, 187.68, 1.79999
FILLER_0_66_413, 194.58, 187.68, 1.79999
FILLER_0_66_469, 220.34, 187.68, 1.79999
PHY_EDGE_ROW_62_Left_149, 5.52, 182.24, 1.79997
PHY_EDGE_ROW_63_Left_150, 5.52, 182.24, 1.79997
PHY_EDGE_ROW_62_Right_62, 242.88, 182.24, 1.79994
PHY_EDGE_ROW_63_Right_63, 242.88, 182.24, 1.79994
FILLER_0_63_51, 27.14, 182.24, 1.79996
FILLER_0_63_105, 52.9, 182.24, 1.7999
FILLER_0_63_161, 78.66, 182.24, 1.79985
FILLER_0_63_217, 104.42, 182.24, 1.79979
FILLER_0_63_273, 132.48, 182.24, 1.79977
FILLER_0_64_301, 143.52, 182.24, 1.79979
_489_, 150.42, 182.24, 1.7998
FILLER_0_63_385, 181.7, 182.24, 1.79994
FILLER_0_63_441, 207.46, 182.24, 1.79994
FILLER_0_63_497, 233.22, 182.24, 1.79994
FILLER_0_63_505, 238.74, 182.24, 1.79994
FILLER_0_64_77, 40.02, 182.24, 1.79993
FILLER_0_64_133, 65.78, 182.24, 1.79988
FILLER_0_64_189, 91.54, 182.24, 1.79982
FILLER_0_62_245, 117.3, 182.24, 1.79976
FILLER_0_64_245, 117.3, 182.24, 1.79976
_485_, 122.82, 182.24, 1.79975
FILLER_0_64_357, 168.82, 182.24, 1.7999
FILLER_0_64_413, 194.58, 182.24, 1.79994
FILLER_0_64_469, 220.34, 182.24, 1.79994
PHY_EDGE_ROW_60_Left_147, 5.52, 176.8, 1.79994
PHY_EDGE_ROW_61_Left_148, 5.52, 176.8, 1.79994
PHY_EDGE_ROW_60_Right_60, 242.88, 176.8, 1.79989
PHY_EDGE_ROW_61_Right_61, 242.88, 176.8, 1.79989
FILLER_0_61_51, 27.14, 176.8, 1.79992
FILLER_0_61_105, 52.9, 176.8, 1.79979
FILLER_0_61_161, 78.66, 176.8, 1.79965
FILLER_0_62_165, 78.66, 176.8, 1.79965
_305_, 98.9, 176.8, 1.79961
FILLER_0_61_205, 98.9, 176.8, 1.79961
FILLER_0_61_219, 109.94, 176.8, 1.79962
_293_, 115.46, 176.8, 1.79962
_294_, 115.46, 176.8, 1.79962
FILLER_0_61_237, 115.46, 176.8, 1.79962
FILLER_0_61_248, 115.46, 176.8, 1.79962
_304_, 124.66, 176.8, 1.79962
FILLER_0_61_270, 130.18, 176.8, 1.79963
clkbuf_2_3__f_clk, 150.42, 176.8, 1.79965
FILLER_0_61_333, 157.32, 176.8, 1.79972
FILLER_0_61_385, 181.7, 176.8, 1.79989
FILLER_0_61_441, 207.46, 176.8, 1.79989
FILLER_0_61_497, 233.22, 176.8, 1.79989
FILLER_0_61_505, 233.22, 176.8, 1.79989
FILLER_0_62_77, 40.02, 176.8, 1.79985
FILLER_0_62_133, 65.78, 176.8, 1.79972
_319_, 86.02, 176.8, 1.79962
_487_, 86.02, 176.8, 1.79962
FILLER_0_60_189, 91.54, 176.8, 1.79962
FILLER_0_62_188, 91.54, 176.8, 1.79962
FILLER_0_61_305, 143.06, 176.8, 1.79965
FILLER_0_60_360, 168.82, 176.8, 1.79983
FILLER_0_62_357, 168.82, 176.8, 1.79983
FILLER_0_62_413, 194.58, 176.8, 1.79989
FILLER_0_62_469, 220.34, 176.8, 1.79989
PHY_EDGE_ROW_58_Left_145, 5.52, 171.36, 1.79992
PHY_EDGE_ROW_59_Left_146, 5.52, 171.36, 1.79992
output41, 5.52, 171.36, 1.79992
PHY_EDGE_ROW_58_Right_58, 242.88, 171.36, 1.79991
PHY_EDGE_ROW_59_Right_59, 242.88, 171.36, 1.79991
FILLER_0_59_45, 27.14, 171.36, 1.79995
FILLER_0_59_53, 27.14, 171.36, 1.79995
FILLER_0_59_105, 52.9, 171.36, 1.7999
FILLER_0_59_161, 78.66, 171.36, 1.79985
_318_, 84.18, 171.36, 1.79985
FILLER_0_59_169, 84.18, 171.36, 1.79985
FILLER_0_60_165, 84.18, 171.36, 1.79985
_306_, 104.42, 171.36, 1.79982
FILLER_0_59_216, 104.42, 171.36, 1.79982
_295_, 115.46, 171.36, 1.79981
FILLER_0_59_242, 115.46, 171.36, 1.79981
FILLER_0_60_245, 115.46, 171.36, 1.79981
_303_, 124.66, 171.36, 1.79981
FILLER_0_59_250, 124.66, 171.36, 1.79981
FILLER_0_59_270, 130.18, 171.36, 1.79982
_344_, 150.42, 171.36, 1.79983
_345_, 150.42, 171.36, 1.79983
_490_, 166.06, 171.36, 1.79986
FILLER_0_59_385, 181.7, 171.36, 1.79992
FILLER_0_59_441, 207.46, 171.36, 1.79992
FILLER_0_59_497, 233.22, 171.36, 1.79991
input17, 238.74, 171.36, 1.79991
FILLER_0_59_505, 238.74, 171.36, 1.79991
FILLER_0_60_77, 40.02, 171.36, 1.79992
FILLER_0_60_133, 65.78, 171.36, 1.79988
FILLER_0_58_189, 91.08, 171.36, 1.79984
FILLER_0_60_209, 102.12, 171.36, 1.79982
_333_, 111.78, 171.36, 1.79981
FILLER_0_58_301, 143.06, 171.36, 1.79983
FILLER_0_60_301, 143.06, 171.36, 1.79983
_351_, 157.32, 171.36, 1.79984
FILLER_0_58_333, 157.32, 171.36, 1.79984
FILLER_0_60_413, 194.58, 171.36, 1.79992
FILLER_0_60_469, 220.34, 171.36, 1.79992
PHY_EDGE_ROW_56_Left_143, 5.52, 165.92, 1.79996
PHY_EDGE_ROW_57_Left_144, 5.52, 165.92, 1.79996
PHY_EDGE_ROW_56_Right_56, 242.88, 165.92, 1.79992
PHY_EDGE_ROW_57_Right_57, 242.88, 165.92, 1.79992
FILLER_0_57_51, 27.14, 165.92, 1.79995
FILLER_0_57_105, 52.9, 165.92, 1.79986
FILLER_0_57_161, 78.66, 165.92, 1.79977
_317_, 89.7, 165.92, 1.79973
_307_, 104.42, 165.92, 1.79969
_314_, 104.42, 165.92, 1.79969
FILLER_0_57_225, 104.42, 165.92, 1.79969
_308_, 116.38, 165.92, 1.79968
_309_, 116.38, 165.92, 1.79968
FILLER_0_56_247, 116.38, 165.92, 1.79968
FILLER_0_57_246, 116.38, 165.92, 1.79968
FILLER_0_58_245, 116.38, 165.92, 1.79968
_302_, 124.66, 165.92, 1.79968
FILLER_0_57_274, 130.18, 165.92, 1.79969
_486_, 135.7, 165.92, 1.7997
_343_, 155.94, 165.92, 1.7998
FILLER_0_57_323, 155.94, 165.92, 1.7998
_352_, 161.46, 165.92, 1.79983
FILLER_0_57_337, 161.46, 165.92, 1.79983
_350_, 166.98, 165.92, 1.79986
FILLER_0_58_355, 166.98, 165.92, 1.79986
FILLER_0_57_441, 207.46, 165.92, 1.79992
FILLER_0_57_497, 233.22, 165.92, 1.79992
FILLER_0_57_505, 238.74, 165.92, 1.79992
FILLER_0_58_77, 40.02, 165.92, 1.7999
FILLER_0_58_133, 65.78, 165.92, 1.79981
FILLER_0_56_301, 145.82, 165.92, 1.79975
_349_, 172.04, 165.92, 1.7999
FILLER_0_56_410, 194.58, 165.92, 1.79992
FILLER_0_58_413, 194.58, 165.92, 1.79992
FILLER_0_58_469, 220.34, 165.92, 1.79992
PHY_EDGE_ROW_54_Left_141, 5.52, 160.48, 1.79997
PHY_EDGE_ROW_55_Left_142, 5.52, 160.48, 1.79997
PHY_EDGE_ROW_54_Right_54, 242.88, 160.48, 1.79979
PHY_EDGE_ROW_55_Right_55, 242.88, 160.48, 1.79979
FILLER_0_55_51, 27.14, 160.48, 1.79996
FILLER_0_55_105, 52.9, 160.48, 1.7999
FILLER_0_55_161, 78.66, 160.48, 1.79984
FILLER_0_55_217, 104.42, 160.48, 1.79978
_336_, 109.94, 160.48, 1.79977
_301_, 124.66, 160.48, 1.79976
_312_, 135.7, 160.48, 1.79976
FILLER_0_55_289, 135.7, 160.48, 1.79976
_338_, 141.22, 160.48, 1.79977
_346_, 169.74, 160.48, 1.79986
_348_, 169.74, 160.48, 1.79986
FILLER_0_55_382, 181.7, 160.48, 1.79987
FILLER_0_55_441, 210.22, 160.48, 1.79979
FILLER_0_56_469, 221.26, 160.48, 1.79979
FILLER_0_55_497, 233.22, 160.48, 1.79979
FILLER_0_55_505, 233.22, 160.48, 1.79979
FILLER_0_56_77, 40.02, 160.48, 1.79993
FILLER_0_56_133, 65.78, 160.48, 1.79987
FILLER_0_54_177, 86.02, 160.48, 1.79982
FILLER_0_56_189, 91.54, 160.48, 1.79981
_300_, 111.78, 160.48, 1.79976
_332_, 111.78, 160.48, 1.79976
_337_, 111.78, 160.48, 1.79976
_339_, 148.12, 160.48, 1.79979
_340_, 148.12, 160.48, 1.79979
_342_, 153.64, 160.48, 1.7998
FILLER_0_55_328, 153.64, 160.48, 1.7998
_259_, 200.1, 160.48, 1.79979
PHY_EDGE_ROW_52_Left_139, 5.52, 155.04, 1.79994
PHY_EDGE_ROW_53_Left_140, 5.52, 155.04, 1.79994
input6, 5.52, 155.04, 1.79994
PHY_EDGE_ROW_52_Right_52, 242.88, 155.04, 1.79987
PHY_EDGE_ROW_53_Right_53, 242.88, 155.04, 1.79987
FILLER_0_54_19, 15.18, 155.04, 1.79995
FILLER_0_53_51, 27.14, 155.04, 1.79993
FILLER_0_53_105, 52.9, 155.04, 1.79983
FILLER_0_53_161, 78.66, 155.04, 1.79973
_313_, 84.18, 155.04, 1.79971
_324_, 84.18, 155.04, 1.79971
_331_, 98.9, 155.04, 1.79969
FILLER_0_53_215, 104.42, 155.04, 1.79969
FILLER_0_53_273, 130.18, 155.04, 1.79971
FILLER_0_53_281, 135.7, 155.04, 1.79973
_311_, 141.22, 155.04, 1.79975
FILLER_0_54_315, 150.42, 155.04, 1.79979
FILLER_0_53_385, 181.7, 155.04, 1.79991
_257_, 195.04, 155.04, 1.79989
FILLER_0_54_413, 195.04, 155.04, 1.79989
FILLER_0_53_441, 208.38, 155.04, 1.79989
FILLER_0_53_497, 233.22, 155.04, 1.79988
FILLER_0_54_501, 233.22, 155.04, 1.79988
output34, 238.74, 155.04, 1.79987
FILLER_0_53_505, 238.74, 155.04, 1.79987
FILLER_0_54_77, 40.02, 155.04, 1.79988
FILLER_0_52_133, 65.78, 155.04, 1.79978
FILLER_0_54_133, 65.78, 155.04, 1.79978
FILLER_0_54_233, 111.78, 155.04, 1.7997
_299_, 117.3, 155.04, 1.7997
FILLER_0_54_245, 117.3, 155.04, 1.7997
_252_, 128.34, 155.04, 1.79971
FILLER_0_54_301, 145.36, 155.04, 1.79977
_347_, 156.4, 155.04, 1.79982
FILLER_0_52_333, 156.4, 155.04, 1.79982
FILLER_0_54_330, 156.4, 155.04, 1.79982
FILLER_0_52_355, 168.82, 155.04, 1.79988
FILLER_0_52_421, 200.1, 155.04, 1.79989
_315_, 91.54, 155.04, 1.79969
_316_, 91.54, 155.04, 1.79969
_322_, 91.54, 155.04, 1.79969
_323_, 91.54, 155.04, 1.79969
_325_, 91.54, 155.04, 1.79969
_335_, 91.54, 155.04, 1.79969
FILLER_0_54_192, 91.54, 155.04, 1.79969
PHY_EDGE_ROW_50_Left_137, 5.52, 149.6, 1.79988
PHY_EDGE_ROW_51_Left_138, 5.52, 149.6, 1.79988
PHY_EDGE_ROW_50_Right_50, 242.88, 149.6, 1.79973
PHY_EDGE_ROW_51_Right_51, 242.88, 149.6, 1.79973
FILLER_0_51_51, 27.14, 149.6, 1.79982
FILLER_0_51_105, 52.9, 149.6, 1.79956
clkbuf_2_1__f_clk, 63.94, 149.6, 1.79944
FILLER_0_51_125, 63.94, 149.6, 1.79944
FILLER_0_51_133, 63.94, 149.6, 1.79944
_320_, 84.18, 149.6, 1.79939
_334_, 84.18, 149.6, 1.79939
FILLER_0_51_169, 84.18, 149.6, 1.79939
FILLER_0_52_177, 84.18, 149.6, 1.79939
_326_, 92.46, 149.6, 1.79938
FILLER_0_52_191, 92.46, 149.6, 1.79938
FILLER_0_51_216, 104.42, 149.6, 1.79936
FILLER_0_51_273, 133.86, 149.6, 1.79944
FILLER_0_51_317, 150.42, 149.6, 1.79958
_341_, 155.94, 149.6, 1.79963
FILLER_0_51_326, 155.94, 149.6, 1.79963
_258_, 201.94, 149.6, 1.79973
FILLER_0_51_497, 233.22, 149.6, 1.79973
FILLER_0_51_505, 238.74, 149.6, 1.79973
FILLER_0_52_77, 40.02, 149.6, 1.79969
FILLER_0_50_197, 96.6, 149.6, 1.79937
FILLER_0_52_245, 117.3, 149.6, 1.79935
clkbuf_0_clk, 122.82, 149.6, 1.79934
FILLER_0_51_261, 122.82, 149.6, 1.79934
FILLER_0_52_301, 143.06, 149.6, 1.79952
_354_, 163.3, 149.6, 1.7997
_355_, 163.3, 149.6, 1.7997
FILLER_0_50_355, 168.82, 149.6, 1.79975
FILLER_0_50_365, 174.34, 149.6, 1.79981
FILLER_0_51_385, 179.86, 149.6, 1.79981
_310_, 189.06, 149.6, 1.79977
FILLER_0_51_405, 189.06, 149.6, 1.79977
_240_, 203.32, 149.6, 1.79973
FILLER_0_52_429, 203.32, 149.6, 1.79973
FILLER_0_52_471, 220.34, 149.6, 1.79973
PHY_EDGE_ROW_48_Left_135, 5.52, 144.16, 1.79997
PHY_EDGE_ROW_49_Left_136, 5.52, 144.16, 1.79997
PHY_EDGE_ROW_48_Right_48, 242.88, 144.16, 1.79968
PHY_EDGE_ROW_49_Right_49, 242.88, 144.16, 1.79968
FILLER_0_49_51, 27.14, 144.16, 1.79996
FILLER_0_49_105, 52.9, 144.16, 1.79992
FILLER_0_49_161, 78.66, 144.16, 1.79989
_321_, 89.7, 144.16, 1.79987
FILLER_0_49_217, 103.04, 144.16, 1.79986
FILLER_0_49_273, 130.18, 144.16, 1.79984
FILLER_0_49_329, 155.94, 144.16, 1.79983
FILLER_0_50_333, 155.94, 144.16, 1.79983
_356_, 166.52, 144.16, 1.79983
_357_, 166.52, 144.16, 1.79983
FILLER_0_49_387, 185.84, 144.16, 1.79976
FILLER_0_50_402, 191.36, 144.16, 1.79972
FILLER_0_49_441, 209.76, 144.16, 1.79968
FILLER_0_50_469, 220.8, 144.16, 1.79968
FILLER_0_49_497, 233.22, 144.16, 1.79968
FILLER_0_49_505, 233.22, 144.16, 1.79968
FILLER_0_50_77, 40.02, 144.16, 1.79994
FILLER_0_50_133, 65.78, 144.16, 1.79991
FILLER_0_50_177, 86.02, 144.16, 1.79988
_327_, 97.06, 144.16, 1.79986
FILLER_0_48_242, 117.3, 144.16, 1.79985
FILLER_0_50_245, 117.3, 144.16, 1.79985
FILLER_0_48_298, 143.06, 144.16, 1.79984
FILLER_0_50_297, 143.06, 144.16, 1.79984
FILLER_0_50_305, 143.06, 144.16, 1.79984
_361_, 170.66, 144.16, 1.79983
FILLER_0_48_356, 170.66, 144.16, 1.79983
_246_, 194.58, 144.16, 1.7997
FILLER_0_48_410, 194.58, 144.16, 1.7997
FILLER_0_50_417, 194.58, 144.16, 1.7997
_492_, 200.1, 144.16, 1.79968
PHY_EDGE_ROW_46_Left_133, 5.52, 138.72, 1.79995
PHY_EDGE_ROW_47_Left_134, 5.52, 138.72, 1.79995
input14, 5.52, 138.72, 1.79995
PHY_EDGE_ROW_46_Right_46, 242.88, 138.72, 1.79983
PHY_EDGE_ROW_47_Right_47, 242.88, 138.72, 1.79983
FILLER_0_47_105, 52.9, 138.72, 1.79983
FILLER_0_47_161, 78.66, 138.72, 1.79973
FILLER_0_48_189, 92.46, 138.72, 1.79969
FILLER_0_47_217, 104.42, 138.72, 1.79965
_481_, 139.84, 138.72, 1.79962
_256_, 150.42, 138.72, 1.79967
FILLER_0_47_315, 150.42, 138.72, 1.79967
FILLER_0_47_327, 155.94, 138.72, 1.79971
FILLER_0_48_333, 155.94, 138.72, 1.79971
_353_, 161.46, 138.72, 1.79974
FILLER_0_47_337, 161.46, 138.72, 1.79974
_358_, 166.98, 138.72, 1.79979
_359_, 166.98, 138.72, 1.79979
_368_, 195.5, 138.72, 1.79984
FILLER_0_47_401, 195.5, 138.72, 1.79984
FILLER_0_47_445, 207.46, 138.72, 1.79984
FILLER_0_47_497, 233.22, 138.72, 1.79983
FILLER_0_48_501, 233.22, 138.72, 1.79983
input1, 238.74, 138.72, 1.79983
FILLER_0_47_505, 238.74, 138.72, 1.79983
FILLER_0_48_77, 40.02, 138.72, 1.79988
FILLER_0_48_133, 65.78, 138.72, 1.79978
_329_, 86.02, 138.72, 1.79971
_328_, 97.06, 138.72, 1.79967
_250_, 125.58, 138.72, 1.79962
_260_, 131.1, 138.72, 1.79962
FILLER_0_47_281, 131.1, 138.72, 1.79962
FILLER_0_48_277, 131.1, 138.72, 1.79962
_360_, 172.04, 138.72, 1.79983
FILLER_0_46_389, 183.08, 138.72, 1.79985
FILLER_0_47_393, 183.08, 138.72, 1.79985
_369_, 196.42, 138.72, 1.79984
_271_, 118.68, 138.72, 1.79962
hold10, 118.68, 138.72, 1.79962
PHY_EDGE_ROW_44_Left_131, 5.52, 133.28, 1.79994
PHY_EDGE_ROW_45_Left_132, 5.52, 133.28, 1.79994
PHY_EDGE_ROW_44_Right_44, 242.88, 133.28, 1.79991
PHY_EDGE_ROW_45_Right_45, 242.88, 133.28, 1.79991
FILLER_0_45_51, 27.14, 133.28, 1.79992
FILLER_0_45_105, 52.9, 133.28, 1.79979
_488_, 78.66, 133.28, 1.79967
FILLER_0_45_161, 78.66, 133.28, 1.79967
_270_, 115.46, 133.28, 1.79961
FILLER_0_45_237, 115.46, 133.28, 1.79961
_264_, 132.94, 133.28, 1.79967
FILLER_0_45_329, 158.7, 133.28, 1.79982
FILLER_0_46_357, 169.74, 133.28, 1.79988
FILLER_0_45_385, 181.7, 133.28, 1.79991
FILLER_0_45_441, 207.46, 133.28, 1.79991
FILLER_0_45_497, 233.22, 133.28, 1.79991
FILLER_0_45_505, 238.74, 133.28, 1.79991
FILLER_0_46_77, 40.02, 133.28, 1.79986
FILLER_0_46_133, 65.78, 133.28, 1.79973
_482_, 111.78, 133.28, 1.79961
_253_, 131.1, 133.28, 1.79966
FILLER_0_46_298, 143.06, 133.28, 1.79973
_367_, 189.06, 133.28, 1.79991
FILLER_0_46_469, 220.34, 133.28, 1.79991
_267_, 123.28, 133.28, 1.79963
_268_, 123.28, 133.28, 1.79963
_269_, 123.28, 133.28, 1.79963
FILLER_0_44_253, 123.28, 133.28, 1.79963
FILLER_0_46_256, 123.28, 133.28, 1.79963
PHY_EDGE_ROW_42_Left_129, 5.52, 127.84, 1.79997
PHY_EDGE_ROW_43_Left_130, 5.52, 127.84, 1.79997
PHY_EDGE_ROW_42_Right_42, 242.88, 127.84, 1.79982
PHY_EDGE_ROW_43_Right_43, 242.88, 127.84, 1.79982
input33, 242.88, 127.84, 1.79982
_463_, 12.42, 127.84, 1.79997
FILLER_0_43_15, 12.42, 127.84, 1.79997
FILLER_0_43_105, 52.9, 127.84, 1.79994
FILLER_0_43_161, 78.66, 127.84, 1.7999
_330_, 84.18, 127.84, 1.7999
FILLER_0_44_165, 84.18, 127.84, 1.7999
FILLER_0_43_217, 104.42, 127.84, 1.79988
_266_, 124.66, 127.84, 1.79986
_272_, 124.66, 127.84, 1.79986
_273_, 124.66, 127.84, 1.79986
FILLER_0_43_276, 130.18, 127.84, 1.79986
FILLER_0_43_329, 155.94, 127.84, 1.79989
_366_, 179.86, 127.84, 1.79993
FILLER_0_43_385, 179.86, 127.84, 1.79993
FILLER_0_43_441, 207.46, 127.84, 1.79987
FILLER_0_43_497, 235.06, 127.84, 1.79982
FILLER_0_43_505, 235.06, 127.84, 1.79982
FILLER_0_44_77, 40.02, 127.84, 1.79995
FILLER_0_44_133, 65.78, 127.84, 1.79992
FILLER_0_42_189, 91.54, 127.84, 1.79989
FILLER_0_44_188, 91.54, 127.84, 1.79989
FILLER_0_43_249, 117.3, 127.84, 1.79987
FILLER_0_44_245, 117.3, 127.84, 1.79987
_265_, 129.72, 127.84, 1.79986
_263_, 148.58, 127.84, 1.79987
_364_, 163.3, 127.84, 1.79991
FILLER_0_43_349, 163.3, 127.84, 1.79991
_365_, 172.5, 127.84, 1.79993
FILLER_0_42_397, 189.06, 127.84, 1.79991
FILLER_0_42_410, 194.58, 127.84, 1.79989
FILLER_0_44_413, 194.58, 127.84, 1.79989
FILLER_0_44_469, 220.34, 127.84, 1.79984
_515_, 225.86, 127.84, 1.79983
PHY_EDGE_ROW_40_Left_127, 5.52, 122.4, 1.7999
PHY_EDGE_ROW_41_Left_128, 5.52, 122.4, 1.7999
output43, 5.52, 122.4, 1.7999
PHY_EDGE_ROW_40_Right_40, 242.88, 122.4, 1.7997
PHY_EDGE_ROW_41_Right_41, 242.88, 122.4, 1.7997
FILLER_0_41_51, 28.52, 122.4, 1.79991
FILLER_0_41_105, 52.9, 122.4, 1.79985
FILLER_0_41_273, 130.18, 122.4, 1.79975
FILLER_0_41_329, 158.24, 122.4, 1.79979
FILLER_0_42_345, 163.76, 122.4, 1.79981
_363_, 169.28, 122.4, 1.79983
FILLER_0_42_359, 169.28, 122.4, 1.79983
_261_, 201.94, 122.4, 1.79974
FILLER_0_41_445, 211.14, 122.4, 1.79972
_470_, 236.44, 122.4, 1.7997
FILLER_0_41_500, 236.44, 122.4, 1.7997
FILLER_0_41_505, 236.44, 122.4, 1.7997
FILLER_0_42_505, 236.44, 122.4, 1.7997
FILLER_0_42_21, 15.18, 122.4, 1.79992
_465_, 20.7, 122.4, 1.79993
FILLER_0_42_77, 40.02, 122.4, 1.79988
FILLER_0_42_133, 65.78, 122.4, 1.79981
FILLER_0_40_141, 71.3, 122.4, 1.79979
_282_, 76.82, 122.4, 1.79978
_280_, 94.76, 122.4, 1.79975
FILLER_0_40_193, 94.76, 122.4, 1.79975
FILLER_0_40_242, 117.3, 122.4, 1.79975
FILLER_0_42_245, 117.3, 122.4, 1.79975
FILLER_0_42_301, 143.06, 122.4, 1.79975
_493_, 148.58, 122.4, 1.79975
_374_, 168.82, 122.4, 1.79983
_251_, 189.06, 122.4, 1.79977
_262_, 189.06, 122.4, 1.79977
_391_, 189.06, 122.4, 1.79977
FILLER_0_40_398, 189.06, 122.4, 1.79977
_468_, 203.78, 122.4, 1.79974
FILLER_0_40_433, 203.78, 122.4, 1.79974
FILLER_0_41_437, 203.78, 122.4, 1.79974
_516_, 220.34, 122.4, 1.7997
FILLER_0_40_473, 220.34, 122.4, 1.7997
FILLER_0_42_469, 220.34, 122.4, 1.7997
_281_, 85.79, 122.4, 1.79976
_291_, 85.79, 122.4, 1.79976
FILLER_0_41_165, 85.79, 122.4, 1.79976
FILLER_0_41_169, 85.79, 122.4, 1.79976
FILLER_0_41_179, 85.79, 122.4, 1.79976
hold2, 228.39, 122.4, 1.7997
hold3, 228.39, 122.4, 1.7997
PHY_EDGE_ROW_38_Left_125, 5.52, 116.96, 1.79984
PHY_EDGE_ROW_39_Left_126, 5.52, 116.96, 1.79984
FILLER_0_40_3, 5.52, 116.96, 1.79984
PHY_EDGE_ROW_38_Right_38, 242.88, 116.96, 1.79945
PHY_EDGE_ROW_39_Right_39, 242.88, 116.96, 1.79945
_513_, 9.66, 116.96, 1.79984
FILLER_0_39_15, 9.66, 116.96, 1.79984
_464_, 15.18, 116.96, 1.79985
FILLER_0_39_52, 27.14, 116.96, 1.79983
FILLER_0_39_105, 52.9, 116.96, 1.79964
_483_, 73.14, 116.96, 1.79948
FILLER_0_39_161, 78.66, 116.96, 1.79946
FILLER_0_40_167, 84.18, 116.96, 1.79944
_292_, 89.7, 116.96, 1.79942
FILLER_0_39_184, 89.7, 116.96, 1.79942
FILLER_0_39_192, 89.7, 116.96, 1.79942
_290_, 98.9, 116.96, 1.79942
FILLER_0_39_270, 130.18, 116.96, 1.7995
_381_, 150.42, 116.96, 1.79958
_382_, 150.42, 116.96, 1.79958
FILLER_0_39_333, 155.94, 116.96, 1.7996
_469_, 227.7, 116.96, 1.79945
_471_, 227.7, 116.96, 1.79945
_472_, 227.7, 116.96, 1.79945
_474_, 227.7, 116.96, 1.79945
FILLER_0_40_483, 227.7, 116.96, 1.79945
_473_, 233.22, 116.96, 1.79945
FILLER_0_39_497, 233.22, 116.96, 1.79945
FILLER_0_39_505, 238.74, 116.96, 1.79945
FILLER_0_40_508, 238.74, 116.96, 1.79945
FILLER_0_40_80, 40.02, 116.96, 1.79973
FILLER_0_40_133, 65.78, 116.96, 1.79954
_484_, 86.02, 116.96, 1.79943
FILLER_0_38_209, 102.12, 116.96, 1.79942
FILLER_0_39_216, 102.12, 116.96, 1.79942
_277_, 115.92, 116.96, 1.79945
_278_, 115.92, 116.96, 1.79945
FILLER_0_38_301, 143.06, 116.96, 1.79955
FILLER_0_39_305, 143.06, 116.96, 1.79955
FILLER_0_40_301, 143.06, 116.96, 1.79955
_254_, 183.08, 116.96, 1.79963
FILLER_0_38_385, 183.08, 116.96, 1.79963
FILLER_0_39_393, 183.08, 116.96, 1.79963
FILLER_0_40_389, 183.08, 116.96, 1.79963
_514_, 201.02, 116.96, 1.79947
FILLER_0_38_424, 201.02, 116.96, 1.79947
FILLER_0_39_469, 218.5, 116.96, 1.79945
FILLER_0_40_465, 218.5, 116.96, 1.79945
_279_, 109.02, 116.96, 1.79943
_298_, 109.02, 116.96, 1.79943
FILLER_0_38_222, 109.02, 116.96, 1.79943
_375_, 163.99, 116.96, 1.79964
_376_, 163.99, 116.96, 1.79964
_377_, 163.99, 116.96, 1.79964
_380_, 163.99, 116.96, 1.79964
FILLER_0_39_346, 163.99, 116.96, 1.79964
_239_, 192.05, 116.96, 1.79951
_241_, 192.05, 116.96, 1.79951
_243_, 192.05, 116.96, 1.79951
_244_, 192.05, 116.96, 1.79951
_480_, 192.05, 116.96, 1.79951
FILLER_0_40_412, 192.05, 116.96, 1.79951
hold4, 209.3, 116.96, 1.79946
PHY_EDGE_ROW_36_Left_123, 5.52, 111.52, 1.79997
PHY_EDGE_ROW_37_Left_124, 5.52, 111.52, 1.79997
PHY_EDGE_ROW_36_Right_36, 242.88, 111.52, 1.79972
PHY_EDGE_ROW_37_Right_37, 242.88, 111.52, 1.79972
FILLER_0_37_51, 27.14, 111.52, 1.79996
FILLER_0_37_105, 52.9, 111.52, 1.79991
FILLER_0_37_161, 78.66, 111.52, 1.79987
_287_, 104.42, 111.52, 1.79982
_288_, 104.42, 111.52, 1.79982
_289_, 104.42, 111.52, 1.79982
FILLER_0_37_217, 104.42, 111.52, 1.79982
_497_, 130.18, 111.52, 1.79982
FILLER_0_37_273, 130.18, 111.52, 1.79982
FILLER_0_37_333, 155.94, 111.52, 1.79986
FILLER_0_38_333, 155.94, 111.52, 1.79986
_378_, 161.46, 111.52, 1.79987
_379_, 161.46, 111.52, 1.79987
FILLER_0_37_383, 181.7, 111.52, 1.79988
FILLER_0_38_395, 187.22, 111.52, 1.79986
_466_, 201.94, 111.52, 1.7998
FILLER_0_37_441, 207.46, 111.52, 1.79978
FILLER_0_38_441, 207.46, 111.52, 1.79978
_248_, 212.98, 111.52, 1.79977
_247_, 218.5, 111.52, 1.79976
FILLER_0_37_461, 218.5, 111.52, 1.79976
FILLER_0_38_467, 218.5, 111.52, 1.79976
output54, 235.52, 111.52, 1.79972
FILLER_0_37_497, 235.52, 111.52, 1.79972
FILLER_0_38_77, 40.02, 111.52, 1.79994
FILLER_0_38_133, 65.78, 111.52, 1.79989
FILLER_0_38_189, 91.54, 111.52, 1.79984
_276_, 117.3, 111.52, 1.79982
FILLER_0_38_242, 117.3, 111.52, 1.79982
FILLER_0_38_357, 167.9, 111.52, 1.79988
FILLER_0_38_365, 173.42, 111.52, 1.7999
FILLER_0_36_413, 194.58, 111.52, 1.79983
_249_, 200.1, 111.52, 1.79981
_467_, 205.62, 111.52, 1.79979
_475_, 225.86, 111.52, 1.79974
PHY_EDGE_ROW_34_Left_121, 5.52, 106.08, 1.79996
PHY_EDGE_ROW_35_Left_122, 5.52, 106.08, 1.79996
input21, 5.52, 106.08, 1.79996
PHY_EDGE_ROW_34_Right_34, 242.88, 106.08, 1.79992
PHY_EDGE_ROW_35_Right_35, 242.88, 106.08, 1.79992
FILLER_0_35_15, 9.66, 106.08, 1.79996
_442_, 15.18, 106.08, 1.79996
FILLER_0_36_18, 15.18, 106.08, 1.79996
FILLER_0_35_52, 27.14, 106.08, 1.79996
FILLER_0_35_105, 52.9, 106.08, 1.79993
FILLER_0_35_161, 78.66, 106.08, 1.7999
_285_, 106.72, 106.08, 1.79987
_296_, 106.72, 106.08, 1.79987
_297_, 106.72, 106.08, 1.79987
FILLER_0_35_220, 106.72, 106.08, 1.79987
_274_, 112.24, 106.08, 1.79987
FILLER_0_35_273, 130.18, 106.08, 1.79989
FILLER_0_36_277, 130.18, 106.08, 1.79989
_416_, 135.7, 106.08, 1.79989
FILLER_0_35_329, 155.94, 106.08, 1.79992
_242_, 183.54, 106.08, 1.79993
FILLER_0_35_385, 183.54, 106.08, 1.79993
hold1, 231.38, 106.08, 1.79992
FILLER_0_35_481, 231.38, 106.08, 1.79992
FILLER_0_35_505, 236.9, 106.08, 1.79992
FILLER_0_36_506, 236.9, 106.08, 1.79992
FILLER_0_36_77, 40.02, 106.08, 1.79995
FILLER_0_36_133, 65.78, 106.08, 1.79992
FILLER_0_36_189, 91.54, 106.08, 1.79989
FILLER_0_35_205, 97.06, 106.08, 1.79988
_275_, 111.78, 106.08, 1.79987
_286_, 111.78, 106.08, 1.79987
FILLER_0_36_228, 111.78, 106.08, 1.79987
_415_, 137.54, 106.08, 1.79989
FILLER_0_34_300, 143.06, 106.08, 1.7999
FILLER_0_36_300, 143.06, 106.08, 1.7999
FILLER_0_36_345, 163.3, 106.08, 1.79993
_373_, 168.82, 106.08, 1.79994
FILLER_0_36_358, 168.82, 106.08, 1.79994
_370_, 174.34, 106.08, 1.79994
_476_, 220.34, 106.08, 1.79992
_477_, 220.34, 106.08, 1.79992
FILLER_0_36_469, 220.34, 106.08, 1.79992
PHY_EDGE_ROW_32_Left_119, 5.52, 100.64, 1.79993
PHY_EDGE_ROW_33_Left_120, 5.52, 100.64, 1.79993
PHY_EDGE_ROW_32_Right_32, 242.88, 100.64, 1.79979
PHY_EDGE_ROW_33_Right_33, 242.88, 100.64, 1.79979
FILLER_0_33_105, 52.9, 100.64, 1.79993
FILLER_0_33_161, 78.66, 100.64, 1.79992
_283_, 98.9, 100.64, 1.79991
FILLER_0_33_217, 104.42, 100.64, 1.79991
FILLER_0_33_273, 130.18, 100.64, 1.79991
_410_, 135.7, 100.64, 1.79991
FILLER_0_33_281, 135.7, 100.64, 1.79991
FILLER_0_33_326, 155.94, 100.64, 1.79992
FILLER_0_33_381, 181.7, 100.64, 1.7999
FILLER_0_33_389, 181.7, 100.64, 1.7999
_479_, 187.22, 100.64, 1.79987
FILLER_0_33_441, 207.46, 100.64, 1.79983
_518_, 218.5, 100.64, 1.7998
_517_, 227.7, 100.64, 1.79979
hold5, 227.7, 100.64, 1.79979
FILLER_0_33_493, 233.22, 100.64, 1.79979
FILLER_0_33_501, 233.22, 100.64, 1.79979
FILLER_0_33_505, 238.74, 100.64, 1.79979
FILLER_0_34_509, 238.74, 100.64, 1.79979
_511_, 15.18, 100.64, 1.79993
FILLER_0_34_77, 40.02, 100.64, 1.79994
FILLER_0_34_133, 65.78, 100.64, 1.79993
FILLER_0_34_189, 91.54, 100.64, 1.79992
FILLER_0_34_197, 97.06, 100.64, 1.79991
_284_, 102.58, 100.64, 1.79991
_417_, 141.68, 100.64, 1.79991
FILLER_0_32_299, 141.68, 100.64, 1.79991
_372_, 168.82, 100.64, 1.79992
FILLER_0_33_361, 168.82, 100.64, 1.79992
FILLER_0_34_410, 194.58, 100.64, 1.79986
PHY_EDGE_ROW_30_Left_117, 5.52, 95.2, 1.79996
PHY_EDGE_ROW_31_Left_118, 5.52, 95.2, 1.79996
PHY_EDGE_ROW_30_Right_30, 242.88, 95.2, 1.79985
PHY_EDGE_ROW_31_Right_31, 242.88, 95.2, 1.79985
_457_, 12.42, 95.2, 1.79996
FILLER_0_32_15, 12.42, 95.2, 1.79996
_458_, 21.62, 95.2, 1.79996
FILLER_0_31_105, 52.9, 95.2, 1.79992
_444_, 78.66, 95.2, 1.79987
FILLER_0_31_161, 78.66, 95.2, 1.79987
FILLER_0_31_218, 104.42, 95.2, 1.79985
FILLER_0_31_273, 130.18, 95.2, 1.79982
clkbuf_2_2__f_clk, 176.18, 95.2, 1.79987
FILLER_0_31_441, 207.46, 95.2, 1.79986
FILLER_0_31_497, 233.22, 95.2, 1.79985
input16, 238.74, 95.2, 1.79985
FILLER_0_31_505, 238.74, 95.2, 1.79985
_459_, 15.18, 95.2, 1.79996
FILLER_0_30_21, 15.18, 95.2, 1.79996
FILLER_0_32_74, 40.02, 95.2, 1.79994
FILLER_0_32_133, 65.78, 95.2, 1.7999
FILLER_0_32_189, 92, 95.2, 1.79986
FILLER_0_32_245, 117.3, 95.2, 1.79983
_397_, 146.74, 95.2, 1.79982
FILLER_0_31_325, 152.26, 95.2, 1.79983
_386_, 163.3, 95.2, 1.79984
_388_, 163.3, 95.2, 1.79984
FILLER_0_30_355, 168.82, 95.2, 1.79986
FILLER_0_31_361, 168.82, 95.2, 1.79986
FILLER_0_32_357, 168.82, 95.2, 1.79986
FILLER_0_32_413, 194.58, 95.2, 1.79986
_478_, 220.34, 95.2, 1.79986
FILLER_0_32_472, 220.34, 95.2, 1.79986
_406_, 138.46, 95.2, 1.79981
_407_, 138.46, 95.2, 1.79981
_408_, 138.46, 95.2, 1.79981
_409_, 138.46, 95.2, 1.79981
_414_, 138.46, 95.2, 1.79981
FILLER_0_31_281, 138.46, 95.2, 1.79981
FILLER_0_32_289, 138.46, 95.2, 1.79981
PHY_EDGE_ROW_28_Left_115, 5.52, 89.76, 1.79987
PHY_EDGE_ROW_29_Left_116, 5.52, 89.76, 1.79987
output65, 5.52, 89.76, 1.79987
PHY_EDGE_ROW_28_Right_28, 242.88, 89.76, 1.79985
PHY_EDGE_ROW_29_Right_29, 242.88, 89.76, 1.79985
FILLER_0_29_53, 34.04, 89.76, 1.79987
FILLER_0_29_105, 52.9, 89.76, 1.79981
FILLER_0_29_161, 78.66, 89.76, 1.79973
_443_, 84.18, 89.76, 1.79972
_506_, 84.18, 89.76, 1.79972
FILLER_0_30_165, 84.18, 89.76, 1.79972
_395_, 129.72, 89.76, 1.79974
_411_, 135.24, 89.76, 1.79974
FILLER_0_29_281, 135.24, 89.76, 1.79974
_396_, 140.76, 89.76, 1.79975
_400_, 140.76, 89.76, 1.79975
_401_, 140.76, 89.76, 1.79975
_403_, 140.76, 89.76, 1.79975
FILLER_0_30_317, 150.42, 89.76, 1.79977
_402_, 155.94, 89.76, 1.79979
FILLER_0_29_326, 155.94, 89.76, 1.79979
FILLER_0_30_333, 155.94, 89.76, 1.79979
_389_, 161.46, 89.76, 1.79981
_398_, 161.46, 89.76, 1.79981
FILLER_0_29_337, 161.46, 89.76, 1.79981
_385_, 166.98, 89.76, 1.79984
_387_, 166.98, 89.76, 1.79984
FILLER_0_29_441, 207.46, 89.76, 1.79985
FILLER_0_29_497, 233.22, 89.76, 1.79985
FILLER_0_29_505, 238.74, 89.76, 1.79985
_460_, 15.18, 89.76, 1.79989
FILLER_0_29_27, 15.18, 89.76, 1.79989
FILLER_0_30_77, 40.02, 89.76, 1.79985
FILLER_0_30_133, 65.78, 89.76, 1.79977
FILLER_0_30_186, 91.54, 89.76, 1.79972
FILLER_0_29_217, 102.58, 89.76, 1.79972
FILLER_0_28_244, 117.3, 89.76, 1.79973
FILLER_0_30_245, 117.3, 89.76, 1.79973
FILLER_0_28_253, 122.82, 89.76, 1.79973
FILLER_0_30_277, 130.64, 89.76, 1.79974
FILLER_0_30_309, 147.2, 89.76, 1.79976
_399_, 152.72, 89.76, 1.79978
FILLER_0_28_357, 170.2, 89.76, 1.79986
FILLER_0_29_388, 181.24, 89.76, 1.79988
_456_, 189.06, 89.76, 1.79985
_510_, 189.06, 89.76, 1.79985
FILLER_0_28_412, 194.58, 89.76, 1.79985
FILLER_0_30_413, 194.58, 89.76, 1.79985
FILLER_0_30_469, 220.34, 89.76, 1.79985
PHY_EDGE_ROW_26_Left_113, 5.52, 84.32, 1.79984
PHY_EDGE_ROW_27_Left_114, 5.52, 84.32, 1.79984
FILLER_0_27_3, 5.52, 84.32, 1.79984
PHY_EDGE_ROW_26_Right_26, 242.88, 84.32, 1.79985
PHY_EDGE_ROW_27_Right_27, 242.88, 84.32, 1.79985
_462_, 9.66, 84.32, 1.79984
_512_, 9.66, 84.32, 1.79984
FILLER_0_28_15, 9.66, 84.32, 1.79984
hold9, 21.62, 84.32, 1.79988
_446_, 27.14, 84.32, 1.79984
FILLER_0_27_51, 27.14, 84.32, 1.79984
FILLER_0_27_105, 52.9, 84.32, 1.79969
FILLER_0_27_161, 78.66, 84.32, 1.79954
FILLER_0_27_217, 103.04, 84.32, 1.7994
_394_, 124.66, 84.32, 1.79948
_404_, 124.66, 84.32, 1.79948
_405_, 124.66, 84.32, 1.79948
_439_, 137.08, 84.32, 1.79957
ANTENNA_3, 142.6, 84.32, 1.79961
FILLER_0_27_331, 155.94, 84.32, 1.79971
FILLER_0_27_337, 155.94, 84.32, 1.79971
_383_, 168.82, 84.32, 1.79981
_384_, 168.82, 84.32, 1.79981
_451_, 181.7, 84.32, 1.79985
_454_, 195.96, 84.32, 1.79985
FILLER_0_27_497, 233.22, 84.32, 1.79985
FILLER_0_27_505, 238.74, 84.32, 1.79985
_447_, 26.22, 84.32, 1.79985
FILLER_0_28_80, 40.02, 84.32, 1.79976
FILLER_0_28_133, 65.78, 84.32, 1.79962
FILLER_0_26_189, 91.54, 84.32, 1.79947
FILLER_0_28_189, 91.54, 84.32, 1.79947
_245_, 102.58, 84.32, 1.7994
_495_, 111.78, 84.32, 1.79941
hold7, 111.78, 84.32, 1.79941
FILLER_0_26_230, 111.78, 84.32, 1.79941
FILLER_0_27_237, 111.78, 84.32, 1.79941
_412_, 131.56, 84.32, 1.79953
_413_, 131.56, 84.32, 1.79953
FILLER_0_28_300, 143.98, 84.32, 1.79962
FILLER_0_26_361, 171.58, 84.32, 1.79984
FILLER_0_28_377, 177.1, 84.32, 1.79987
_455_, 182.62, 84.32, 1.79985
FILLER_0_26_389, 182.62, 84.32, 1.79985
FILLER_0_28_469, 220.34, 84.32, 1.79985
PHY_EDGE_ROW_24_Left_111, 5.52, 78.88, 1.79989
PHY_EDGE_ROW_25_Left_112, 5.52, 78.88, 1.79989
output40, 5.52, 78.88, 1.79989
PHY_EDGE_ROW_24_Right_24, 242.88, 78.88, 1.79973
PHY_EDGE_ROW_25_Right_25, 242.88, 78.88, 1.79973
_461_, 15.18, 78.88, 1.79991
FILLER_0_25_45, 27.14, 78.88, 1.79992
FILLER_0_25_53, 27.14, 78.88, 1.79992
FILLER_0_25_105, 52.9, 78.88, 1.79987
FILLER_0_25_161, 78.66, 78.88, 1.79981
_445_, 110.86, 78.88, 1.79978
hold8, 138.92, 78.88, 1.79981
FILLER_0_26_304, 144.44, 78.88, 1.79982
FILLER_0_25_325, 155.94, 78.88, 1.79984
FILLER_0_25_333, 155.94, 78.88, 1.79984
FILLER_0_26_333, 155.94, 78.88, 1.79984
FILLER_0_25_384, 181.7, 78.88, 1.79987
FILLER_0_25_441, 207.46, 78.88, 1.79979
FILLER_0_25_497, 233.22, 78.88, 1.79974
output36, 238.74, 78.88, 1.79973
FILLER_0_26_15, 12.42, 78.88, 1.7999
FILLER_0_26_77, 40.02, 78.88, 1.79989
FILLER_0_26_133, 65.78, 78.88, 1.79984
FILLER_0_25_181, 86.02, 78.88, 1.7998
FILLER_0_24_265, 126.96, 78.88, 1.7998
FILLER_0_25_270, 126.96, 78.88, 1.7998
FILLER_0_26_265, 126.96, 78.88, 1.7998
_390_, 163.3, 78.88, 1.79986
_393_, 163.3, 78.88, 1.79986
hold6, 163.3, 78.88, 1.79986
FILLER_0_25_349, 163.3, 78.88, 1.79986
_392_, 189.06, 78.88, 1.79983
FILLER_0_26_469, 220.34, 78.88, 1.79977
_449_, 95.68, 78.88, 1.79978
_452_, 95.68, 78.88, 1.79978
_453_, 95.68, 78.88, 1.79978
FILLER_0_24_197, 95.68, 78.88, 1.79978
FILLER_0_25_192, 95.68, 78.88, 1.79978
PHY_EDGE_ROW_22_Left_109, 5.52, 73.44, 1.79994
PHY_EDGE_ROW_23_Left_110, 5.52, 73.44, 1.79994
PHY_EDGE_ROW_22_Right_22, 242.88, 73.44, 1.7999
PHY_EDGE_ROW_23_Right_23, 242.88, 73.44, 1.7999
FILLER_0_23_51, 27.14, 73.44, 1.79991
FILLER_0_23_105, 52.9, 73.44, 1.7998
FILLER_0_23_161, 78.66, 73.44, 1.79968
_448_, 89.7, 73.44, 1.79963
_509_, 89.7, 73.44, 1.79963
FILLER_0_23_181, 89.7, 73.44, 1.79963
_450_, 98.9, 73.44, 1.79962
_508_, 98.9, 73.44, 1.79962
FILLER_0_23_218, 104.42, 73.44, 1.79963
FILLER_0_23_273, 130.18, 73.44, 1.79967
FILLER_0_23_329, 155.94, 73.44, 1.79977
FILLER_0_24_333, 155.94, 73.44, 1.79977
_494_, 161.46, 73.44, 1.7998
FILLER_0_23_385, 181.7, 73.44, 1.7999
FILLER_0_23_441, 207.46, 73.44, 1.7999
FILLER_0_23_497, 233.22, 73.44, 1.7999
FILLER_0_23_505, 238.74, 73.44, 1.7999
FILLER_0_24_77, 40.02, 73.44, 1.79986
FILLER_0_22_133, 65.78, 73.44, 1.79974
FILLER_0_24_133, 65.78, 73.44, 1.79974
FILLER_0_24_177, 86.02, 73.44, 1.79965
FILLER_0_24_247, 117.3, 73.44, 1.79964
_496_, 128.34, 73.44, 1.79966
FILLER_0_24_358, 168.82, 73.44, 1.79985
FILLER_0_24_413, 194.58, 73.44, 1.7999
FILLER_0_24_469, 220.34, 73.44, 1.7999
PHY_EDGE_ROW_20_Left_107, 5.52, 68, 1.79993
PHY_EDGE_ROW_21_Left_108, 5.52, 68, 1.79993
PHY_EDGE_ROW_20_Right_20, 242.88, 68, 1.79995
PHY_EDGE_ROW_21_Right_21, 242.88, 68, 1.79995
FILLER_0_21_51, 27.14, 68, 1.7999
FILLER_0_21_105, 52.9, 68, 1.79974
clkbuf_2_0__f_clk, 63.94, 68, 1.79967
FILLER_0_21_125, 63.94, 68, 1.79967
FILLER_0_21_133, 63.94, 68, 1.79967
FILLER_0_21_217, 104.42, 68, 1.79977
FILLER_0_21_273, 130.18, 68, 1.79983
FILLER_0_21_329, 154.56, 68, 1.79989
FILLER_0_21_385, 182.16, 68, 1.79995
FILLER_0_21_441, 207.46, 68, 1.79995
FILLER_0_21_497, 233.22, 68, 1.79995
FILLER_0_21_505, 233.22, 68, 1.79995
FILLER_0_22_77, 40.02, 68, 1.79982
FILLER_0_22_189, 91.54, 68, 1.79974
FILLER_0_22_245, 117.3, 68, 1.7998
FILLER_0_22_301, 143.06, 68, 1.79986
_440_, 148.58, 68, 1.79987
FILLER_0_20_354, 168.82, 68, 1.79993
FILLER_0_22_357, 168.82, 68, 1.79993
_418_, 174.34, 68, 1.79995
ANTENNA_2, 179.86, 68, 1.79995
FILLER_0_22_413, 194.58, 68, 1.79995
FILLER_0_22_469, 220.34, 68, 1.79995
PHY_EDGE_ROW_18_Left_105, 5.52, 62.56, 1.79997
PHY_EDGE_ROW_19_Left_106, 5.52, 62.56, 1.79997
input10, 5.52, 62.56, 1.79997
PHY_EDGE_ROW_18_Right_18, 242.88, 62.56, 1.79989
PHY_EDGE_ROW_19_Right_19, 242.88, 62.56, 1.79989
FILLER_0_19_105, 52.9, 62.56, 1.79989
FILLER_0_19_161, 78.66, 62.56, 1.79982
FILLER_0_19_217, 104.42, 62.56, 1.79975
FILLER_0_19_273, 133.4, 62.56, 1.79975
_441_, 144.44, 62.56, 1.79977
_505_, 144.44, 62.56, 1.79977
FILLER_0_20_301, 144.44, 62.56, 1.79977
FILLER_0_19_333, 158.7, 62.56, 1.79983
FILLER_0_19_349, 164.22, 62.56, 1.79985
_420_, 169.74, 62.56, 1.79987
_498_, 169.74, 62.56, 1.79987
FILLER_0_19_387, 185.84, 62.56, 1.7999
FILLER_0_19_441, 206.08, 62.56, 1.79989
FILLER_0_19_497, 233.22, 62.56, 1.79989
FILLER_0_20_501, 233.22, 62.56, 1.79989
input20, 238.74, 62.56, 1.79989
FILLER_0_19_505, 238.74, 62.56, 1.79989
FILLER_0_20_77, 40.02, 62.56, 1.79992
FILLER_0_20_133, 65.78, 62.56, 1.79985
FILLER_0_20_189, 91.54, 62.56, 1.79978
_499_, 111.78, 62.56, 1.79973
FILLER_0_20_245, 117.3, 62.56, 1.79973
hold11, 122.82, 62.56, 1.79974
FILLER_0_18_410, 194.58, 62.56, 1.79989
FILLER_0_20_414, 194.58, 62.56, 1.79989
_424_, 200.1, 62.56, 1.79989
FILLER_0_18_466, 220.34, 62.56, 1.79989
FILLER_0_20_469, 220.34, 62.56, 1.79989
PHY_EDGE_ROW_16_Left_103, 5.52, 57.12, 1.79998
PHY_EDGE_ROW_17_Left_104, 5.52, 57.12, 1.79998
PHY_EDGE_ROW_16_Right_16, 242.88, 57.12, 1.79995
PHY_EDGE_ROW_17_Right_17, 242.88, 57.12, 1.79995
FILLER_0_17_51, 27.14, 57.12, 1.79996
FILLER_0_17_105, 52.9, 57.12, 1.7999
FILLER_0_17_161, 78.66, 57.12, 1.79985
_422_, 104.42, 57.12, 1.79979
FILLER_0_17_217, 104.42, 57.12, 1.79979
FILLER_0_18_221, 104.42, 57.12, 1.79979
_500_, 118.22, 57.12, 1.79977
FILLER_0_17_249, 118.22, 57.12, 1.79977
_425_, 124.66, 57.12, 1.79977
_426_, 130.18, 57.12, 1.79979
FILLER_0_17_271, 130.18, 57.12, 1.79979
_436_, 150.42, 57.12, 1.79984
FILLER_0_17_329, 155.94, 57.12, 1.79986
FILLER_0_17_385, 181.7, 57.12, 1.79995
FILLER_0_17_441, 207.46, 57.12, 1.79995
FILLER_0_17_497, 233.22, 57.12, 1.79995
FILLER_0_17_505, 238.74, 57.12, 1.79995
FILLER_0_18_77, 40.02, 57.12, 1.79993
FILLER_0_18_133, 65.78, 57.12, 1.79988
FILLER_0_18_189, 91.54, 57.12, 1.79982
_423_, 117.3, 57.12, 1.79977
FILLER_0_18_244, 117.3, 57.12, 1.79977
FILLER_0_18_309, 148.58, 57.12, 1.79983
_419_, 174.34, 57.12, 1.79994
PHY_EDGE_ROW_14_Left_101, 5.52, 51.68, 1.8
PHY_EDGE_ROW_15_Left_102, 5.52, 51.68, 1.8
PHY_EDGE_ROW_14_Right_14, 242.88, 51.68, 1.79999
PHY_EDGE_ROW_15_Right_15, 242.88, 51.68, 1.79999
FILLER_0_15_51, 27.14, 51.68, 1.8
FILLER_0_15_105, 52.9, 51.68, 1.79999
FILLER_0_15_161, 78.66, 51.68, 1.79999
FILLER_0_15_217, 104.42, 51.68, 1.79998
FILLER_0_16_221, 104.42, 51.68, 1.79998
FILLER_0_15_273, 130.18, 51.68, 1.79998
FILLER_0_15_329, 155.94, 51.68, 1.79999
FILLER_0_15_385, 181.7, 51.68, 1.79999
FILLER_0_15_441, 207.46, 51.68, 1.79999
FILLER_0_15_497, 233.22, 51.68, 1.79999
FILLER_0_15_505, 233.22, 51.68, 1.79999
FILLER_0_16_77, 40.02, 51.68, 1.79999
FILLER_0_16_133, 65.78, 51.68, 1.79999
FILLER_0_16_189, 91.54, 51.68, 1.79998
_421_, 111.78, 51.68, 1.79998
FILLER_0_16_301, 143.06, 51.68, 1.79999
FILLER_0_16_357, 168.82, 51.68, 1.79999
FILLER_0_16_413, 194.58, 51.68, 1.79999
FILLER_0_16_469, 220.34, 51.68, 1.79999
PHY_EDGE_ROW_12_Left_99, 5.52, 46.24, 1.8
PHY_EDGE_ROW_13_Left_100, 5.52, 46.24, 1.8
PHY_EDGE_ROW_12_Right_12, 242.88, 46.24, 1.79999
PHY_EDGE_ROW_13_Right_13, 242.88, 46.24, 1.79999
FILLER_0_13_51, 27.14, 46.24, 1.8
FILLER_0_13_105, 52.9, 46.24, 1.8
FILLER_0_13_161, 78.66, 46.24, 1.8
FILLER_0_13_217, 104.42, 46.24, 1.8
FILLER_0_13_273, 130.18, 46.24, 1.8
FILLER_0_13_329, 155.94, 46.24, 1.8
FILLER_0_13_385, 181.7, 46.24, 1.8
FILLER_0_13_441, 207.46, 46.24, 1.79999
FILLER_0_13_497, 233.22, 46.24, 1.79999
input32, 238.74, 46.24, 1.79999
FILLER_0_13_505, 238.74, 46.24, 1.79999
FILLER_0_14_77, 40.02, 46.24, 1.8
FILLER_0_14_133, 65.78, 46.24, 1.8
FILLER_0_14_189, 91.54, 46.24, 1.8
FILLER_0_14_245, 117.3, 46.24, 1.8
FILLER_0_14_301, 143.06, 46.24, 1.8
FILLER_0_14_357, 168.82, 46.24, 1.8
FILLER_0_14_413, 194.58, 46.24, 1.79999
FILLER_0_14_469, 220.34, 46.24, 1.79999
PHY_EDGE_ROW_10_Left_97, 5.52, 40.8, 1.8
PHY_EDGE_ROW_11_Left_98, 5.52, 40.8, 1.8
input24, 5.52, 40.8, 1.8
PHY_EDGE_ROW_10_Right_10, 242.88, 40.8, 1.8
PHY_EDGE_ROW_11_Right_11, 242.88, 40.8, 1.8
FILLER_0_12_18, 15.18, 40.8, 1.8
FILLER_0_11_51, 27.14, 40.8, 1.8
FILLER_0_11_105, 52.9, 40.8, 1.8
FILLER_0_11_161, 78.66, 40.8, 1.8
FILLER_0_11_217, 104.42, 40.8, 1.8
FILLER_0_11_273, 130.18, 40.8, 1.8
FILLER_0_11_329, 155.94, 40.8, 1.8
FILLER_0_11_385, 181.7, 40.8, 1.8
FILLER_0_11_441, 207.46, 40.8, 1.8
FILLER_0_11_497, 233.22, 40.8, 1.8
FILLER_0_11_505, 238.74, 40.8, 1.8
FILLER_0_12_77, 40.02, 40.8, 1.8
FILLER_0_12_133, 65.78, 40.8, 1.8
FILLER_0_12_189, 91.54, 40.8, 1.8
FILLER_0_12_245, 117.3, 40.8, 1.8
FILLER_0_12_301, 143.06, 40.8, 1.8
FILLER_0_12_357, 168.82, 40.8, 1.8
FILLER_0_12_413, 194.58, 40.8, 1.8
FILLER_0_12_469, 220.34, 40.8, 1.8
PHY_EDGE_ROW_8_Left_95, 5.52, 35.36, 1.8
PHY_EDGE_ROW_9_Left_96, 5.52, 35.36, 1.8
PHY_EDGE_ROW_8_Right_8, 242.88, 35.36, 1.8
PHY_EDGE_ROW_9_Right_9, 242.88, 35.36, 1.8
FILLER_0_9_51, 27.14, 35.36, 1.8
FILLER_0_9_105, 52.9, 35.36, 1.8
FILLER_0_9_161, 78.66, 35.36, 1.8
FILLER_0_9_217, 104.42, 35.36, 1.8
FILLER_0_9_273, 130.18, 35.36, 1.8
FILLER_0_9_329, 155.94, 35.36, 1.8
FILLER_0_9_385, 181.7, 35.36, 1.8
FILLER_0_9_441, 207.46, 35.36, 1.8
FILLER_0_9_497, 233.22, 35.36, 1.8
FILLER_0_9_505, 238.74, 35.36, 1.8
FILLER_0_10_77, 40.02, 35.36, 1.8
FILLER_0_10_133, 65.78, 35.36, 1.8
FILLER_0_10_189, 91.54, 35.36, 1.8
FILLER_0_10_245, 117.3, 35.36, 1.8
FILLER_0_10_301, 143.06, 35.36, 1.8
FILLER_0_10_357, 168.82, 35.36, 1.8
FILLER_0_10_413, 194.58, 35.36, 1.8
FILLER_0_10_469, 220.34, 35.36, 1.8
PHY_EDGE_ROW_6_Left_93, 5.52, 29.92, 1.79999
PHY_EDGE_ROW_7_Left_94, 5.52, 29.92, 1.79999
input13, 5.52, 29.92, 1.79999
PHY_EDGE_ROW_6_Right_6, 242.88, 29.92, 1.79999
PHY_EDGE_ROW_7_Right_7, 242.88, 29.92, 1.79999
FILLER_0_7_105, 52.9, 29.92, 1.8
FILLER_0_7_161, 78.66, 29.92, 1.8
FILLER_0_7_217, 104.42, 29.92, 1.8
FILLER_0_7_273, 130.18, 29.92, 1.8
FILLER_0_7_329, 155.94, 29.92, 1.8
FILLER_0_7_385, 181.7, 29.92, 1.8
FILLER_0_7_441, 207.46, 29.92, 1.79999
FILLER_0_7_497, 233.22, 29.92, 1.79999
input8, 238.74, 29.92, 1.79999
FILLER_0_7_505, 238.74, 29.92, 1.79999
FILLER_0_8_77, 40.02, 29.92, 1.8
FILLER_0_8_133, 65.78, 29.92, 1.8
FILLER_0_8_189, 91.54, 29.92, 1.8
FILLER_0_8_245, 117.3, 29.92, 1.8
FILLER_0_8_301, 143.06, 29.92, 1.8
FILLER_0_8_357, 168.82, 29.92, 1.8
FILLER_0_8_413, 194.58, 29.92, 1.79999
FILLER_0_8_469, 220.34, 29.92, 1.79999
PHY_EDGE_ROW_4_Left_91, 5.52, 24.48, 1.8
PHY_EDGE_ROW_5_Left_92, 5.52, 24.48, 1.8
PHY_EDGE_ROW_4_Right_4, 242.88, 24.48, 1.8
PHY_EDGE_ROW_5_Right_5, 242.88, 24.48, 1.8
FILLER_0_5_51, 27.14, 24.48, 1.8
FILLER_0_5_105, 52.9, 24.48, 1.8
FILLER_0_5_161, 78.66, 24.48, 1.8
FILLER_0_5_217, 104.42, 24.48, 1.8
FILLER_0_5_273, 130.18, 24.48, 1.8
FILLER_0_5_329, 155.94, 24.48, 1.8
FILLER_0_5_385, 181.7, 24.48, 1.8
FILLER_0_5_441, 207.46, 24.48, 1.8
FILLER_0_5_497, 233.22, 24.48, 1.8
FILLER_0_5_505, 238.74, 24.48, 1.8
FILLER_0_6_77, 40.02, 24.48, 1.8
FILLER_0_6_133, 65.78, 24.48, 1.8
FILLER_0_6_189, 91.54, 24.48, 1.8
FILLER_0_6_245, 117.3, 24.48, 1.8
FILLER_0_6_301, 143.06, 24.48, 1.8
FILLER_0_6_357, 168.82, 24.48, 1.8
FILLER_0_6_413, 194.58, 24.48, 1.8
FILLER_0_6_469, 220.34, 24.48, 1.8
PHY_EDGE_ROW_2_Left_89, 5.52, 19.04, 1.79999
PHY_EDGE_ROW_3_Left_90, 5.52, 19.04, 1.79999
PHY_EDGE_ROW_2_Right_2, 242.88, 19.04, 1.79997
PHY_EDGE_ROW_3_Right_3, 242.88, 19.04, 1.79997
input3, 242.88, 19.04, 1.79997
FILLER_0_3_51, 27.14, 19.04, 1.79999
FILLER_0_3_105, 52.9, 19.04, 1.79999
FILLER_0_3_161, 78.66, 19.04, 1.79999
FILLER_0_3_217, 104.42, 19.04, 1.79999
FILLER_0_3_273, 130.18, 19.04, 1.79999
FILLER_0_3_329, 155.94, 19.04, 1.79999
FILLER_0_3_385, 181.7, 19.04, 1.79999
FILLER_0_3_441, 207.46, 19.04, 1.79998
FILLER_0_3_497, 233.22, 19.04, 1.79998
FILLER_0_3_505, 233.22, 19.04, 1.79998
FILLER_0_4_77, 40.02, 19.04, 1.79999
FILLER_0_4_133, 65.78, 19.04, 1.79999
FILLER_0_4_189, 91.54, 19.04, 1.79999
FILLER_0_4_245, 117.3, 19.04, 1.79999
FILLER_0_4_301, 143.06, 19.04, 1.79999
FILLER_0_4_357, 168.82, 19.04, 1.79999
FILLER_0_4_413, 194.58, 19.04, 1.79998
FILLER_0_4_469, 220.34, 19.04, 1.79998
PHY_EDGE_ROW_0_Left_87, 5.52, 13.6, 1.79978
PHY_EDGE_ROW_1_Left_88, 5.52, 13.6, 1.79978
output47, 5.52, 13.6, 1.79978
output58, 5.52, 13.6, 1.79978
PHY_EDGE_ROW_0_Right_0, 242.88, 13.6, 1.7997
PHY_EDGE_ROW_1_Right_1, 242.88, 13.6, 1.7997
input25, 242.88, 13.6, 1.7997
output52, 242.88, 13.6, 1.7997
FILLER_0_1_510, 242.88, 13.6, 1.7997
FILLER_0_0_69, 34.5, 13.6, 1.79975
FILLER_0_1_53, 34.5, 13.6, 1.79975
FILLER_0_0_109, 52.9, 13.6, 1.79964
FILLER_0_1_105, 52.9, 13.6, 1.79964
FILLER_0_1_161, 79.12, 13.6, 1.79953
FILLER_0_2_189, 92, 13.6, 1.7995
FILLER_0_0_237, 111.78, 13.6, 1.7995
FILLER_0_0_305, 143.06, 13.6, 1.79961
FILLER_0_2_301, 143.06, 13.6, 1.79961
FILLER_0_1_385, 182.16, 13.6, 1.79984
FILLER_0_0_405, 189.06, 13.6, 1.79983
FILLER_0_0_461, 214.82, 13.6, 1.79976
FILLER_0_0_501, 233.22, 13.6, 1.79972
FILLER_0_1_497, 233.22, 13.6, 1.79972
FILLER_0_2_501, 233.22, 13.6, 1.79972
input22, 12.42, 13.6, 1.79981
FILLER_0_0_9, 12.42, 13.6, 1.79981
FILLER_0_0_20, 12.42, 13.6, 1.79981
output46, 23.46, 13.6, 1.79983
FILLER_0_0_41, 23.46, 13.6, 1.79983
FILLER_0_1_45, 23.46, 13.6, 1.79983
output55, 40.02, 13.6, 1.79971
ANTENNA_5, 40.02, 13.6, 1.79971
FILLER_0_2_77, 40.02, 13.6, 1.79971
input18, 60.26, 13.6, 1.79961
FILLER_0_0_130, 65.78, 13.6, 1.79958
FILLER_0_2_133, 65.78, 13.6, 1.79958
output56, 71.3, 13.6, 1.79955
FILLER_0_0_141, 71.3, 13.6, 1.79955
output37, 86.02, 13.6, 1.7995
FILLER_0_0_169, 86.02, 13.6, 1.7995
output50, 102.58, 13.6, 1.79949
FILLER_0_0_209, 102.58, 13.6, 1.79949
FILLER_0_0_219, 102.58, 13.6, 1.79949
FILLER_0_1_217, 102.58, 13.6, 1.79949
output57, 117.3, 13.6, 1.7995
FILLER_0_2_245, 117.3, 13.6, 1.7995
output59, 128.34, 13.6, 1.79954
FILLER_0_0_265, 128.34, 13.6, 1.79954
FILLER_0_1_273, 128.34, 13.6, 1.79954
output35, 148.58, 13.6, 1.79964
FILLER_0_0_327, 154.1, 13.6, 1.79968
FILLER_0_1_329, 154.1, 13.6, 1.79968
output64, 163.3, 13.6, 1.79975
FILLER_0_0_357, 168.82, 13.6, 1.7998
FILLER_0_2_357, 168.82, 13.6, 1.7998
FILLER_0_0_365, 174.34, 13.6, 1.79985
input29, 194.58, 13.6, 1.79981
FILLER_0_0_412, 194.58, 13.6, 1.79981
FILLER_0_2_413, 194.58, 13.6, 1.79981
input26, 205.62, 13.6, 1.79979
FILLER_0_0_433, 205.62, 13.6, 1.79979
FILLER_0_0_441, 205.62, 13.6, 1.79979
FILLER_0_1_441, 205.62, 13.6, 1.79979
input5, 220.34, 13.6, 1.79975
FILLER_0_2_469, 220.34, 13.6, 1.79975

