OpenROAD 0cfb9a45bfb256c9af1a0500d4c97da0f145f54f 
This program is licensed under the BSD-3 license. See the LICENSE file for details.
Components of this program may be licensed under more restrictive licenses which must be honored.
[INFO]: Reading ODB at '/openlane/designs/sequential_multiplier_16x16/runs/ejecucion_16x16/tmp/placement/9-resizer.odb'…
define_corners Typical
read_liberty -corner Typical /home/juanjo/.volare/sky130A/libs.ref/sky130_fd_sc_hd/lib/sky130_fd_sc_hd__tt_025C_1v80.lib
Using 1e-12 for capacitance...
Using 1e+03 for resistance...
Using 1e-09 for time...
Using 1e+00 for voltage...
Using 1e-03 for current...
Using 1e-09 for power...
Using 1e-06 for distance...
Reading design constraints file at '/openlane/designs/sequential_multiplier_16x16/runs/ejecucion_16x16/tmp/placement/9-resizer.sdc'…
Placement Analysis
---------------------------------
total displacement          0.0 u
average displacement        0.0 u
max displacement            0.0 u
original HPWL           15540.0 u
legalized HPWL          15838.9 u
delta HPWL                    2 %

[INFO DPL-0020] Mirrored 157 instances
[INFO DPL-0021] HPWL before           15838.9 u
[INFO DPL-0022] HPWL after            15540.0 u
[INFO DPL-0023] HPWL delta               -1.9 %
Setting global connections for newly added cells…
Writing OpenROAD database to '/openlane/designs/sequential_multiplier_16x16/runs/ejecucion_16x16/results/placement/sequential_multiplier_16x16.odb'…
Writing netlist to '/openlane/designs/sequential_multiplier_16x16/runs/ejecucion_16x16/results/placement/sequential_multiplier_16x16.nl.v'…
Writing powered netlist to '/openlane/designs/sequential_multiplier_16x16/runs/ejecucion_16x16/results/placement/sequential_multiplier_16x16.pnl.v'…
Writing layout to '/openlane/designs/sequential_multiplier_16x16/runs/ejecucion_16x16/results/placement/sequential_multiplier_16x16.def'…
