OpenROAD 0cfb9a45bfb256c9af1a0500d4c97da0f145f54f 
This program is licensed under the BSD-3 license. See the LICENSE file for details.
Components of this program may be licensed under more restrictive licenses which must be honored.
[INFO]: Reading ODB at '/openlane/designs/combinational_multiplier_32x32/runs/ejecucion_32x32/results/floorplan/combinational_multiplier_32x32.odb'…
define_corners Typical
read_liberty -corner Typical /home/juanjo/.volare/sky130A/libs.ref/sky130_fd_sc_hd/lib/sky130_fd_sc_hd__tt_025C_1v80.lib
Using 1e-12 for capacitance...
Using 1e+03 for resistance...
Using 1e-09 for time...
Using 1e+00 for voltage...
Using 1e-03 for current...
Using 1e-09 for power...
Using 1e-06 for distance...
Reading design constraints file at '/openlane/designs/combinational_multiplier_32x32/runs/ejecucion_32x32/tmp/floorplan/3-initial_fp.sdc'…
[INFO]: Setting RC values...
[INFO]: Setting signal min routing layer to: met1 and clock min routing layer to met1. 
[INFO]: Setting signal max routing layer to: met5 and clock max routing layer to met5. 
[INFO GPL-0002] DBU: 1000
[INFO GPL-0003] SiteSize: 460 2720
[INFO GPL-0004] CoreAreaLxLy: 5520 10880
[INFO GPL-0005] CoreAreaUxUy: 1057540 1060800
[INFO GPL-0006] NumInstances: 22250
[INFO GPL-0007] NumPlaceInstances: 5764
[INFO GPL-0008] NumFixedInstances: 16486
[INFO GPL-0009] NumDummyInstances: 0
[INFO GPL-0010] NumNets: 5828
[INFO GPL-0011] NumPins: 22497
[INFO GPL-0012] DieAreaLxLy: 0 0
[INFO GPL-0013] DieAreaUxUy: 1063210 1073930
[INFO GPL-0014] CoreAreaLxLy: 5520 10880
[INFO GPL-0015] CoreAreaUxUy: 1057540 1060800
[INFO GPL-0016] CoreArea: 1104536838400
[INFO GPL-0017] NonPlaceInstsArea: 22559136000
[INFO GPL-0018] PlaceInstsArea: 55353088000
[INFO GPL-0019] Util(%): 5.12
[INFO GPL-0020] StdInstsArea: 55353088000
[INFO GPL-0021] MacroInstsArea: 0
[InitialPlace]  Iter: 1 CG residual: 0.00000210 HPWL: 178690170
[InitialPlace]  Iter: 2 CG residual: 0.00000119 HPWL: 148983856
[InitialPlace]  Iter: 3 CG residual: 0.00000217 HPWL: 149098791
[InitialPlace]  Iter: 4 CG residual: 0.00000122 HPWL: 149360969
[InitialPlace]  Iter: 5 CG residual: 0.00000397 HPWL: 149326760
[INFO GPL-0031] FillerInit: NumGCells: 16955
[INFO GPL-0032] FillerInit: NumGNets: 5828
[INFO GPL-0033] FillerInit: NumGPins: 22497
[INFO GPL-0023] TargetDensity: 0.15
[INFO GPL-0024] AveragePlaceInstArea: 9603242
[INFO GPL-0025] IdealBinArea: 64021612
[INFO GPL-0026] IdealBinCnt: 17252
[INFO GPL-0027] TotalBinArea: 1104536838400
[INFO GPL-0028] BinCnt: 128 128
[INFO GPL-0029] BinSize: 8219 8203
[INFO GPL-0030] NumBins: 16384
[NesterovSolve] Iter: 1 overflow: 0.967306 HPWL: 146320939
[NesterovSolve] Iter: 10 overflow: 0.90674 HPWL: 203222506
[NesterovSolve] Iter: 20 overflow: 0.891017 HPWL: 210478053
[NesterovSolve] Iter: 30 overflow: 0.88693 HPWL: 211726777
[NesterovSolve] Iter: 40 overflow: 0.884716 HPWL: 212074462
[NesterovSolve] Iter: 50 overflow: 0.884272 HPWL: 211911393
[NesterovSolve] Iter: 60 overflow: 0.884999 HPWL: 211590823
[NesterovSolve] Iter: 70 overflow: 0.885846 HPWL: 211407176
[NesterovSolve] Iter: 80 overflow: 0.886107 HPWL: 211434747
[NesterovSolve] Iter: 90 overflow: 0.885888 HPWL: 211640719
[NesterovSolve] Iter: 100 overflow: 0.885244 HPWL: 211960266
[NesterovSolve] Iter: 110 overflow: 0.884473 HPWL: 212438786
[NesterovSolve] Iter: 120 overflow: 0.883862 HPWL: 213218636
[NesterovSolve] Iter: 130 overflow: 0.883141 HPWL: 214421868
[NesterovSolve] Iter: 140 overflow: 0.881505 HPWL: 216129405
[NesterovSolve] Iter: 150 overflow: 0.879116 HPWL: 218630166
[NesterovSolve] Iter: 160 overflow: 0.875399 HPWL: 222369469
[NesterovSolve] Iter: 170 overflow: 0.870152 HPWL: 227140356
[NesterovSolve] Iter: 180 overflow: 0.862797 HPWL: 233403162
[NesterovSolve] Iter: 190 overflow: 0.851165 HPWL: 240465762
[NesterovSolve] Iter: 200 overflow: 0.837466 HPWL: 248718813
[NesterovSolve] Iter: 210 overflow: 0.81831 HPWL: 257096295
[NesterovSolve] Iter: 220 overflow: 0.793429 HPWL: 267043080
[INFO GPL-0100] worst slack 2.4e-09
[INFO GPL-0103] Weighted 582 nets.
[NesterovSolve] Iter: 230 overflow: 0.768455 HPWL: 277816955
[NesterovSolve] Iter: 240 overflow: 0.739657 HPWL: 289183263
[NesterovSolve] Iter: 250 overflow: 0.70095 HPWL: 303972704
[NesterovSolve] Iter: 260 overflow: 0.656561 HPWL: 318023685
[INFO GPL-0100] worst slack 2.34e-09
[INFO GPL-0103] Weighted 581 nets.
[NesterovSolve] Iter: 270 overflow: 0.611102 HPWL: 332501646
[NesterovSolve] Snapshot saved at iter = 272
[NesterovSolve] Iter: 280 overflow: 0.559491 HPWL: 345853113
[NesterovSolve] Iter: 290 overflow: 0.499412 HPWL: 361638326
[INFO GPL-0100] worst slack 2.33e-09
[INFO GPL-0103] Weighted 581 nets.
[NesterovSolve] Iter: 300 overflow: 0.441029 HPWL: 379049059
[NesterovSolve] Iter: 310 overflow: 0.396532 HPWL: 395018537
[NesterovSolve] Iter: 320 overflow: 0.359804 HPWL: 403207835
[NesterovSolve] Iter: 330 overflow: 0.327053 HPWL: 407876433
[NesterovSolve] Iter: 340 overflow: 0.301065 HPWL: 411661257
[INFO GPL-0100] worst slack 2.29e-09
[INFO GPL-0103] Weighted 582 nets.
[NesterovSolve] Iter: 350 overflow: 0.281971 HPWL: 413892115
[NesterovSolve] Iter: 360 overflow: 0.258429 HPWL: 416389924
[NesterovSolve] Iter: 370 overflow: 0.240018 HPWL: 418054758
[NesterovSolve] Iter: 380 overflow: 0.219427 HPWL: 419356984
[INFO GPL-0100] worst slack 2.15e-09
[INFO GPL-0103] Weighted 577 nets.
[NesterovSolve] Iter: 390 overflow: 0.202761 HPWL: 420590915
[INFO GPL-0075] Routability numCall: 1 inflationIterCnt: 1 bloatIterCnt: 0
[INFO GPL-0036] TileLxLy: 0 0
[INFO GPL-0037] TileSize: 6900 6900
[INFO GPL-0038] TileCnt: 154 155
[INFO GPL-0039] numRoutingLayers: 6
[INFO GPL-0040] NumTiles: 23870
[INFO GPL-0063] TotalRouteOverflowH2: 0.0
[INFO GPL-0064] TotalRouteOverflowV2: 0.0
[INFO GPL-0065] OverflowTileCnt2: 0
[INFO GPL-0066] 0.5%RC: 0.9835243513727598
[INFO GPL-0067] 1.0%RC: 0.94992835482417
[INFO GPL-0068] 2.0%RC: 0.9036917569816754
[INFO GPL-0069] 5.0%RC: 0.8173551365040665
[INFO GPL-0070] 0.5rcK: 1.0
[INFO GPL-0071] 1.0rcK: 1.0
[INFO GPL-0072] 2.0rcK: 0.0
[INFO GPL-0073] 5.0rcK: 0.0
[INFO GPL-0074] FinalRC: 0.96672636
[NesterovSolve] Iter: 400 overflow: 0.183476 HPWL: 421374290
[NesterovSolve] Iter: 410 overflow: 0.166991 HPWL: 422116574
[NesterovSolve] Iter: 420 overflow: 0.150861 HPWL: 422953374
[INFO GPL-0100] worst slack 2.32e-09
[INFO GPL-0103] Weighted 582 nets.
[NesterovSolve] Iter: 430 overflow: 0.134575 HPWL: 422638445
[NesterovSolve] Iter: 440 overflow: 0.119018 HPWL: 422905926
[NesterovSolve] Iter: 450 overflow: 0.103774 HPWL: 424064470
[NesterovSolve] Finished with Overflow: 0.098381
Setting global connections for newly added cells…
Writing OpenROAD database to '/openlane/designs/combinational_multiplier_32x32/runs/ejecucion_32x32/tmp/placement/7-global.odb'…
Writing netlist to '/openlane/designs/combinational_multiplier_32x32/runs/ejecucion_32x32/tmp/placement/7-global.nl.v'…
Writing powered netlist to '/openlane/designs/combinational_multiplier_32x32/runs/ejecucion_32x32/tmp/placement/7-global.pnl.v'…
Writing layout to '/openlane/designs/combinational_multiplier_32x32/runs/ejecucion_32x32/tmp/placement/7-global.def'…
