
===========================================================================
report_checks -path_delay min (Hold)
============================================================================
======================= Typical Corner ===================================

Startpoint: mcand[2] (input port clocked by clk)
Endpoint: product[3] (output port clocked by clk)
Path Group: clk
Path Type: min

Fanout     Cap    Slew   Delay    Time   Description
-----------------------------------------------------------------------------
                  0.00    0.00    0.00   clock clk (rise edge)
                          0.00    0.00   clock network delay (ideal)
                          4.00    4.00 v input external delay
                  0.12    0.09    4.09 v mcand[2] (in)
    10    0.06                           mcand[2] (net)
                  0.13    0.00    4.09 v _1374_/A (sky130_fd_sc_hd__buf_1)
                  0.24    0.27    4.36 v _1374_/X (sky130_fd_sc_hd__buf_1)
    10    0.04                           _1074_ (net)
                  0.24    0.00    4.36 v _1386_/A2 (sky130_fd_sc_hd__a22oi_2)
                  0.13    0.25    4.61 ^ _1386_/Y (sky130_fd_sc_hd__a22oi_2)
     1    0.01                           _1204_ (net)
                  0.13    0.00    4.61 ^ _1387_/B (sky130_fd_sc_hd__nor2_2)
                  0.04    0.05    4.66 v _1387_/Y (sky130_fd_sc_hd__nor2_2)
     2    0.01                           _1215_ (net)
                  0.04    0.00    4.66 v _1390_/A (sky130_fd_sc_hd__nand2_2)
                  0.06    0.06    4.73 ^ _1390_/Y (sky130_fd_sc_hd__nand2_2)
     3    0.01                           _1248_ (net)
                  0.06    0.00    4.73 ^ _1410_/A (sky130_fd_sc_hd__and2_2)
                  0.05    0.13    4.86 ^ _1410_/X (sky130_fd_sc_hd__and2_2)
     1    0.00                           _0097_ (net)
                  0.05    0.00    4.86 ^ _1411_/B (sky130_fd_sc_hd__nor2_2)
                  0.17    0.13    4.98 v _1411_/Y (sky130_fd_sc_hd__nor2_2)
     1    0.07                           product[3] (net)
                  0.17    0.02    5.01 v product[3] (out)
                                  5.01   data arrival time

                  0.00    0.00    0.00   clock clk (rise edge)
                          0.00    0.00   clock network delay (ideal)
                          0.25    0.25   clock uncertainty
                          0.00    0.25   clock reconvergence pessimism
                         -4.00   -3.75   output external delay
                                 -3.75   data required time
-----------------------------------------------------------------------------
                                 -3.75   data required time
                                 -5.01   data arrival time
-----------------------------------------------------------------------------
                                  8.76   slack (MET)


Startpoint: mcand[5] (input port clocked by clk)
Endpoint: product[5] (output port clocked by clk)
Path Group: clk
Path Type: min

Fanout     Cap    Slew   Delay    Time   Description
-----------------------------------------------------------------------------
                  0.00    0.00    0.00   clock clk (rise edge)
                          0.00    0.00   clock network delay (ideal)
                          4.00    4.00 v input external delay
                  0.15    0.11    4.11 v mcand[5] (in)
     8    0.07                           mcand[5] (net)
                  0.15    0.00    4.11 v _1436_/B (sky130_fd_sc_hd__nand2_2)
                  0.08    0.12    4.22 ^ _1436_/Y (sky130_fd_sc_hd__nand2_2)
     1    0.01                           _0375_ (net)
                  0.08    0.00    4.22 ^ _1437_/B (sky130_fd_sc_hd__xnor2_2)
                  0.06    0.08    4.30 v _1437_/Y (sky130_fd_sc_hd__xnor2_2)
     3    0.01                           _0386_ (net)
                  0.06    0.00    4.30 v _1447_/A (sky130_fd_sc_hd__nand3_2)
                  0.04    0.06    4.37 ^ _1447_/Y (sky130_fd_sc_hd__nand3_2)
     2    0.01                           _0490_ (net)
                  0.04    0.00    4.37 ^ _1451_/A1 (sky130_fd_sc_hd__a21o_2)
                  0.03    0.11    4.47 ^ _1451_/X (sky130_fd_sc_hd__a21o_2)
     2    0.00                           _0496_ (net)
                  0.03    0.00    4.47 ^ _1452_/B (sky130_fd_sc_hd__and2b_2)
                  0.06    0.15    4.62 ^ _1452_/X (sky130_fd_sc_hd__and2b_2)
     1    0.01                           _0497_ (net)
                  0.06    0.00    4.62 ^ _1453_/B (sky130_fd_sc_hd__xnor2_2)
                  0.13    0.16    4.78 ^ _1453_/Y (sky130_fd_sc_hd__xnor2_2)
     5    0.02                           _0498_ (net)
                  0.13    0.00    4.78 ^ _1456_/A (sky130_fd_sc_hd__xnor2_2)
                  0.28    0.25    5.03 v _1456_/Y (sky130_fd_sc_hd__xnor2_2)
     1    0.06                           product[5] (net)
                  0.28    0.02    5.04 v product[5] (out)
                                  5.04   data arrival time

                  0.00    0.00    0.00   clock clk (rise edge)
                          0.00    0.00   clock network delay (ideal)
                          0.25    0.25   clock uncertainty
                          0.00    0.25   clock reconvergence pessimism
                         -4.00   -3.75   output external delay
                                 -3.75   data required time
-----------------------------------------------------------------------------
                                 -3.75   data required time
                                 -5.04   data arrival time
-----------------------------------------------------------------------------
                                  8.79   slack (MET)


Startpoint: mcand[15] (input port clocked by clk)
Endpoint: product[23] (output port clocked by clk)
Path Group: clk
Path Type: min

Fanout     Cap    Slew   Delay    Time   Description
-----------------------------------------------------------------------------
                  0.00    0.00    0.00   clock clk (rise edge)
                          0.00    0.00   clock network delay (ideal)
                          4.00    4.00 v input external delay
                  0.13    0.09    4.09 v mcand[15] (in)
     5    0.06                           mcand[15] (net)
                  0.13    0.00    4.09 v _2344_/B (sky130_fd_sc_hd__nand2_2)
                  0.07    0.11    4.20 ^ _2344_/Y (sky130_fd_sc_hd__nand2_2)
     1    0.01                           _0045_ (net)
                  0.07    0.00    4.20 ^ _2345_/B (sky130_fd_sc_hd__xnor2_2)
                  0.06    0.12    4.32 ^ _2345_/Y (sky130_fd_sc_hd__xnor2_2)
     2    0.01                           _0046_ (net)
                  0.06    0.00    4.32 ^ _2387_/A (sky130_fd_sc_hd__nand3_2)
                  0.09    0.09    4.41 v _2387_/Y (sky130_fd_sc_hd__nand3_2)
     3    0.01                           _0092_ (net)
                  0.09    0.00    4.41 v _2455_/C1 (sky130_fd_sc_hd__o211ai_2)
                  0.06    0.07    4.48 ^ _2455_/Y (sky130_fd_sc_hd__o211ai_2)
     2    0.00                           _0165_ (net)
                  0.06    0.00    4.48 ^ _2514_/A2 (sky130_fd_sc_hd__a21o_2)
                  0.10    0.16    4.64 ^ _2514_/X (sky130_fd_sc_hd__a21o_2)
     3    0.02                           _0229_ (net)
                  0.10    0.00    4.64 ^ _2561_/A3 (sky130_fd_sc_hd__a31oi_2)
                  0.04    0.11    4.76 v _2561_/Y (sky130_fd_sc_hd__a31oi_2)
     1    0.01                           _0279_ (net)
                  0.04    0.00    4.76 v _2562_/B (sky130_fd_sc_hd__xnor2_2)
                  0.28    0.28    5.04 v _2562_/Y (sky130_fd_sc_hd__xnor2_2)
     1    0.06                           product[23] (net)
                  0.28    0.02    5.06 v product[23] (out)
                                  5.06   data arrival time

                  0.00    0.00    0.00   clock clk (rise edge)
                          0.00    0.00   clock network delay (ideal)
                          0.25    0.25   clock uncertainty
                          0.00    0.25   clock reconvergence pessimism
                         -4.00   -3.75   output external delay
                                 -3.75   data required time
-----------------------------------------------------------------------------
                                 -3.75   data required time
                                 -5.06   data arrival time
-----------------------------------------------------------------------------
                                  8.81   slack (MET)


Startpoint: mcand[15] (input port clocked by clk)
Endpoint: product[22] (output port clocked by clk)
Path Group: clk
Path Type: min

Fanout     Cap    Slew   Delay    Time   Description
-----------------------------------------------------------------------------
                  0.00    0.00    0.00   clock clk (rise edge)
                          0.00    0.00   clock network delay (ideal)
                          4.00    4.00 v input external delay
                  0.13    0.09    4.09 v mcand[15] (in)
     5    0.06                           mcand[15] (net)
                  0.13    0.00    4.09 v _2344_/B (sky130_fd_sc_hd__nand2_2)
                  0.07    0.11    4.20 ^ _2344_/Y (sky130_fd_sc_hd__nand2_2)
     1    0.01                           _0045_ (net)
                  0.07    0.00    4.20 ^ _2345_/B (sky130_fd_sc_hd__xnor2_2)
                  0.06    0.12    4.32 ^ _2345_/Y (sky130_fd_sc_hd__xnor2_2)
     2    0.01                           _0046_ (net)
                  0.06    0.00    4.32 ^ _2387_/A (sky130_fd_sc_hd__nand3_2)
                  0.09    0.09    4.41 v _2387_/Y (sky130_fd_sc_hd__nand3_2)
     3    0.01                           _0092_ (net)
                  0.09    0.00    4.41 v _2455_/C1 (sky130_fd_sc_hd__o211ai_2)
                  0.06    0.07    4.48 ^ _2455_/Y (sky130_fd_sc_hd__o211ai_2)
     2    0.00                           _0165_ (net)
                  0.06    0.00    4.48 ^ _2514_/A2 (sky130_fd_sc_hd__a21o_2)
                  0.10    0.16    4.64 ^ _2514_/X (sky130_fd_sc_hd__a21o_2)
     3    0.02                           _0229_ (net)
                  0.10    0.00    4.64 ^ _2515_/B (sky130_fd_sc_hd__xnor2_2)
                  0.06    0.08    4.72 v _2515_/Y (sky130_fd_sc_hd__xnor2_2)
     3    0.01                           _0230_ (net)
                  0.06    0.00    4.72 v _2517_/A_N (sky130_fd_sc_hd__and2b_2)
                  0.04    0.20    4.93 ^ _2517_/X (sky130_fd_sc_hd__and2b_2)
     1    0.01                           _0232_ (net)
                  0.04    0.00    4.93 ^ _2518_/B (sky130_fd_sc_hd__nor2_2)
                  0.16    0.12    5.05 v _2518_/Y (sky130_fd_sc_hd__nor2_2)
     1    0.07                           product[22] (net)
                  0.16    0.02    5.06 v product[22] (out)
                                  5.06   data arrival time

                  0.00    0.00    0.00   clock clk (rise edge)
                          0.00    0.00   clock network delay (ideal)
                          0.25    0.25   clock uncertainty
                          0.00    0.25   clock reconvergence pessimism
                         -4.00   -3.75   output external delay
                                 -3.75   data required time
-----------------------------------------------------------------------------
                                 -3.75   data required time
                                 -5.06   data arrival time
-----------------------------------------------------------------------------
                                  8.81   slack (MET)


Startpoint: mcand[15] (input port clocked by clk)
Endpoint: product[16] (output port clocked by clk)
Path Group: clk
Path Type: min

Fanout     Cap    Slew   Delay    Time   Description
-----------------------------------------------------------------------------
                  0.00    0.00    0.00   clock clk (rise edge)
                          0.00    0.00   clock network delay (ideal)
                          4.00    4.00 v input external delay
                  0.13    0.09    4.09 v mcand[15] (in)
     5    0.06                           mcand[15] (net)
                  0.14    0.00    4.09 v _1988_/B (sky130_fd_sc_hd__nand2_2)
                  0.07    0.11    4.21 ^ _1988_/Y (sky130_fd_sc_hd__nand2_2)
     1    0.01                           _1027_ (net)
                  0.07    0.00    4.21 ^ _1993_/A (sky130_fd_sc_hd__xnor2_2)
                  0.08    0.13    4.34 ^ _1993_/Y (sky130_fd_sc_hd__xnor2_2)
     3    0.01                           _1033_ (net)
                  0.08    0.00    4.34 ^ _2124_/A1 (sky130_fd_sc_hd__a21boi_2)
                  0.06    0.07    4.42 v _2124_/Y (sky130_fd_sc_hd__a21boi_2)
     2    0.01                           _1175_ (net)
                  0.06    0.00    4.42 v _2125_/B (sky130_fd_sc_hd__xnor2_2)
                  0.07    0.18    4.60 ^ _2125_/Y (sky130_fd_sc_hd__xnor2_2)
     2    0.01                           _1176_ (net)
                  0.07    0.00    4.60 ^ _2126_/B (sky130_fd_sc_hd__xnor2_2)
                  0.09    0.14    4.74 ^ _2126_/Y (sky130_fd_sc_hd__xnor2_2)
     3    0.02                           _1177_ (net)
                  0.09    0.00    4.74 ^ _2128_/A (sky130_fd_sc_hd__xnor2_2)
                  0.10    0.15    4.89 ^ _2128_/Y (sky130_fd_sc_hd__xnor2_2)
     3    0.02                           _1179_ (net)
                  0.10    0.00    4.89 ^ _2132_/A (sky130_fd_sc_hd__xnor2_2)
                  0.21    0.20    5.09 v _2132_/Y (sky130_fd_sc_hd__xnor2_2)
     1    0.05                           product[16] (net)
                  0.21    0.01    5.09 v product[16] (out)
                                  5.09   data arrival time

                  0.00    0.00    0.00   clock clk (rise edge)
                          0.00    0.00   clock network delay (ideal)
                          0.25    0.25   clock uncertainty
                          0.00    0.25   clock reconvergence pessimism
                         -4.00   -3.75   output external delay
                                 -3.75   data required time
-----------------------------------------------------------------------------
                                 -3.75   data required time
                                 -5.09   data arrival time
-----------------------------------------------------------------------------
                                  8.84   slack (MET)


Startpoint: mcand[15] (input port clocked by clk)
Endpoint: product[17] (output port clocked by clk)
Path Group: clk
Path Type: min

Fanout     Cap    Slew   Delay    Time   Description
-----------------------------------------------------------------------------
                  0.00    0.00    0.00   clock clk (rise edge)
                          0.00    0.00   clock network delay (ideal)
                          4.00    4.00 v input external delay
                  0.13    0.09    4.09 v mcand[15] (in)
     5    0.06                           mcand[15] (net)
                  0.14    0.00    4.09 v _1988_/B (sky130_fd_sc_hd__nand2_2)
                  0.07    0.11    4.21 ^ _1988_/Y (sky130_fd_sc_hd__nand2_2)
     1    0.01                           _1027_ (net)
                  0.07    0.00    4.21 ^ _1993_/A (sky130_fd_sc_hd__xnor2_2)
                  0.08    0.13    4.34 ^ _1993_/Y (sky130_fd_sc_hd__xnor2_2)
     3    0.01                           _1033_ (net)
                  0.08    0.00    4.34 ^ _2124_/A1 (sky130_fd_sc_hd__a21boi_2)
                  0.06    0.07    4.42 v _2124_/Y (sky130_fd_sc_hd__a21boi_2)
     2    0.01                           _1175_ (net)
                  0.06    0.00    4.42 v _2133_/A_N (sky130_fd_sc_hd__and2b_2)
                  0.04    0.19    4.61 ^ _2133_/X (sky130_fd_sc_hd__and2b_2)
     1    0.00                           _1184_ (net)
                  0.04    0.00    4.61 ^ _2134_/B1 (sky130_fd_sc_hd__a21o_2)
                  0.08    0.11    4.73 ^ _2134_/X (sky130_fd_sc_hd__a21o_2)
     3    0.02                           _1185_ (net)
                  0.08    0.00    4.73 ^ _2200_/A (sky130_fd_sc_hd__xor2_2)
                  0.05    0.09    4.82 v _2200_/X (sky130_fd_sc_hd__xor2_2)
     2    0.01                           _1257_ (net)
                  0.05    0.00    4.82 v _2203_/A (sky130_fd_sc_hd__xnor2_2)
                  0.25    0.27    5.09 v _2203_/Y (sky130_fd_sc_hd__xnor2_2)
     1    0.06                           product[17] (net)
                  0.25    0.01    5.10 v product[17] (out)
                                  5.10   data arrival time

                  0.00    0.00    0.00   clock clk (rise edge)
                          0.00    0.00   clock network delay (ideal)
                          0.25    0.25   clock uncertainty
                          0.00    0.25   clock reconvergence pessimism
                         -4.00   -3.75   output external delay
                                 -3.75   data required time
-----------------------------------------------------------------------------
                                 -3.75   data required time
                                 -5.10   data arrival time
-----------------------------------------------------------------------------
                                  8.85   slack (MET)


Startpoint: mcand[15] (input port clocked by clk)
Endpoint: product[18] (output port clocked by clk)
Path Group: clk
Path Type: min

Fanout     Cap    Slew   Delay    Time   Description
-----------------------------------------------------------------------------
                  0.00    0.00    0.00   clock clk (rise edge)
                          0.00    0.00   clock network delay (ideal)
                          4.00    4.00 v input external delay
                  0.13    0.09    4.09 v mcand[15] (in)
     5    0.06                           mcand[15] (net)
                  0.13    0.00    4.09 v _2209_/B (sky130_fd_sc_hd__nand2_2)
                  0.07    0.11    4.21 ^ _2209_/Y (sky130_fd_sc_hd__nand2_2)
     1    0.01                           _1266_ (net)
                  0.07    0.00    4.21 ^ _2210_/B (sky130_fd_sc_hd__xnor2_2)
                  0.08    0.13    4.34 ^ _2210_/Y (sky130_fd_sc_hd__xnor2_2)
     2    0.01                           _1267_ (net)
                  0.08    0.00    4.34 ^ _2260_/A (sky130_fd_sc_hd__xnor2_2)
                  0.09    0.14    4.48 ^ _2260_/Y (sky130_fd_sc_hd__xnor2_2)
     2    0.01                           _1321_ (net)
                  0.09    0.00    4.48 ^ _2263_/A (sky130_fd_sc_hd__xnor2_2)
                  0.09    0.14    4.63 ^ _2263_/Y (sky130_fd_sc_hd__xnor2_2)
     2    0.01                           _1325_ (net)
                  0.09    0.00    4.63 ^ _2264_/B (sky130_fd_sc_hd__xnor2_2)
                  0.09    0.14    4.77 ^ _2264_/Y (sky130_fd_sc_hd__xnor2_2)
     2    0.02                           _1326_ (net)
                  0.09    0.00    4.77 ^ _2267_/A (sky130_fd_sc_hd__xor2_2)
                  0.06    0.10    4.87 v _2267_/X (sky130_fd_sc_hd__xor2_2)
     3    0.01                           _1329_ (net)
                  0.06    0.00    4.87 v _2272_/A (sky130_fd_sc_hd__xnor2_2)
                  0.17    0.23    5.10 v _2272_/Y (sky130_fd_sc_hd__xnor2_2)
     1    0.04                           product[18] (net)
                  0.17    0.00    5.10 v product[18] (out)
                                  5.10   data arrival time

                  0.00    0.00    0.00   clock clk (rise edge)
                          0.00    0.00   clock network delay (ideal)
                          0.25    0.25   clock uncertainty
                          0.00    0.25   clock reconvergence pessimism
                         -4.00   -3.75   output external delay
                                 -3.75   data required time
-----------------------------------------------------------------------------
                                 -3.75   data required time
                                 -5.10   data arrival time
-----------------------------------------------------------------------------
                                  8.85   slack (MET)


Startpoint: mcand[0] (input port clocked by clk)
Endpoint: product[1] (output port clocked by clk)
Path Group: clk
Path Type: min

Fanout     Cap    Slew   Delay    Time   Description
-----------------------------------------------------------------------------
                  0.00    0.00    0.00   clock clk (rise edge)
                          0.00    0.00   clock network delay (ideal)
                          4.00    4.00 v input external delay
                  0.10    0.08    4.08 v mcand[0] (in)
     4    0.05                           mcand[0] (net)
                  0.11    0.00    4.08 v _1367_/A (sky130_fd_sc_hd__buf_1)
                  0.22    0.25    4.33 v _1367_/X (sky130_fd_sc_hd__buf_1)
    10    0.04                           _0999_ (net)
                  0.22    0.00    4.33 v _1368_/A (sky130_fd_sc_hd__buf_1)
                  0.31    0.35    4.68 v _1368_/X (sky130_fd_sc_hd__buf_1)
    10    0.05                           _1010_ (net)
                  0.31    0.00    4.68 v _2764_/B2 (sky130_fd_sc_hd__a22oi_2)
                  0.14    0.24    4.92 ^ _2764_/Y (sky130_fd_sc_hd__a22oi_2)
     1    0.00                           _0492_ (net)
                  0.14    0.00    4.92 ^ _2765_/B (sky130_fd_sc_hd__nor2_2)
                  0.17    0.16    5.08 v _2765_/Y (sky130_fd_sc_hd__nor2_2)
     1    0.07                           product[1] (net)
                  0.17    0.02    5.10 v product[1] (out)
                                  5.10   data arrival time

                  0.00    0.00    0.00   clock clk (rise edge)
                          0.00    0.00   clock network delay (ideal)
                          0.25    0.25   clock uncertainty
                          0.00    0.25   clock reconvergence pessimism
                         -4.00   -3.75   output external delay
                                 -3.75   data required time
-----------------------------------------------------------------------------
                                 -3.75   data required time
                                 -5.10   data arrival time
-----------------------------------------------------------------------------
                                  8.85   slack (MET)


Startpoint: mcand[15] (input port clocked by clk)
Endpoint: product[15] (output port clocked by clk)
Path Group: clk
Path Type: min

Fanout     Cap    Slew   Delay    Time   Description
-----------------------------------------------------------------------------
                  0.00    0.00    0.00   clock clk (rise edge)
                          0.00    0.00   clock network delay (ideal)
                          4.00    4.00 v input external delay
                  0.13    0.09    4.09 v mcand[15] (in)
     5    0.06                           mcand[15] (net)
                  0.14    0.00    4.09 v _1988_/B (sky130_fd_sc_hd__nand2_2)
                  0.07    0.11    4.21 ^ _1988_/Y (sky130_fd_sc_hd__nand2_2)
     1    0.01                           _1027_ (net)
                  0.07    0.00    4.21 ^ _1993_/A (sky130_fd_sc_hd__xnor2_2)
                  0.06    0.09    4.30 v _1993_/Y (sky130_fd_sc_hd__xnor2_2)
     3    0.01                           _1033_ (net)
                  0.06    0.00    4.30 v _2054_/B1 (sky130_fd_sc_hd__a21oi_2)
                  0.13    0.14    4.44 ^ _2054_/Y (sky130_fd_sc_hd__a21oi_2)
     2    0.01                           _1099_ (net)
                  0.13    0.00    4.44 ^ _2055_/C1 (sky130_fd_sc_hd__a211oi_2)
                  0.04    0.06    4.50 v _2055_/Y (sky130_fd_sc_hd__a211oi_2)
     3    0.01                           _1100_ (net)
                  0.04    0.00    4.50 v _2058_/A1 (sky130_fd_sc_hd__o21ai_2)
                  0.07    0.15    4.64 ^ _2058_/Y (sky130_fd_sc_hd__o21ai_2)
     3    0.01                           _1103_ (net)
                  0.07    0.00    4.64 ^ _2060_/A2 (sky130_fd_sc_hd__a21o_2)
                  0.03    0.12    4.76 ^ _2060_/X (sky130_fd_sc_hd__a21o_2)
     2    0.00                           _1105_ (net)
                  0.03    0.00    4.76 ^ _2061_/B (sky130_fd_sc_hd__and2b_2)
                  0.08    0.16    4.92 ^ _2061_/X (sky130_fd_sc_hd__and2b_2)
     2    0.01                           _1106_ (net)
                  0.08    0.00    4.92 ^ _2062_/B (sky130_fd_sc_hd__xnor2_2)
                  0.20    0.18    5.10 v _2062_/Y (sky130_fd_sc_hd__xnor2_2)
     1    0.05                           product[15] (net)
                  0.20    0.01    5.11 v product[15] (out)
                                  5.11   data arrival time

                  0.00    0.00    0.00   clock clk (rise edge)
                          0.00    0.00   clock network delay (ideal)
                          0.25    0.25   clock uncertainty
                          0.00    0.25   clock reconvergence pessimism
                         -4.00   -3.75   output external delay
                                 -3.75   data required time
-----------------------------------------------------------------------------
                                 -3.75   data required time
                                 -5.11   data arrival time
-----------------------------------------------------------------------------
                                  8.86   slack (MET)


Startpoint: mplier[2] (input port clocked by clk)
Endpoint: product[9] (output port clocked by clk)
Path Group: clk
Path Type: min

Fanout     Cap    Slew   Delay    Time   Description
-----------------------------------------------------------------------------
                  0.00    0.00    0.00   clock clk (rise edge)
                          0.00    0.00   clock network delay (ideal)
                          4.00    4.00 v input external delay
                  0.06    0.04    4.04 v mplier[2] (in)
     3    0.03                           mplier[2] (net)
                  0.06    0.00    4.04 v _1434_/A (sky130_fd_sc_hd__and4_2)
                  0.06    0.20    4.25 v _1434_/X (sky130_fd_sc_hd__and4_2)
     3    0.01                           _0354_ (net)
                  0.06    0.00    4.25 v _1461_/A1 (sky130_fd_sc_hd__o211a_2)
                  0.08    0.31    4.56 v _1461_/X (sky130_fd_sc_hd__o211a_2)
     4    0.03                           _0505_ (net)
                  0.08    0.00    4.56 v _1564_/A (sky130_fd_sc_hd__xor2_2)
                  0.11    0.17    4.73 ^ _1564_/X (sky130_fd_sc_hd__xor2_2)
     2    0.01                           _0607_ (net)
                  0.11    0.00    4.73 ^ _1572_/B2 (sky130_fd_sc_hd__o2bb2a_2)
                  0.09    0.20    4.93 ^ _1572_/X (sky130_fd_sc_hd__o2bb2a_2)
     3    0.01                           _0615_ (net)
                  0.09    0.00    4.93 ^ _1634_/A2 (sky130_fd_sc_hd__o31a_2)
                  0.04    0.14    5.08 ^ _1634_/X (sky130_fd_sc_hd__o31a_2)
     1    0.01                           _0676_ (net)
                  0.04    0.00    5.08 ^ _1636_/B1 (sky130_fd_sc_hd__a211oi_2)
                  0.12    0.10    5.18 v _1636_/Y (sky130_fd_sc_hd__a211oi_2)
     1    0.04                           product[9] (net)
                  0.12    0.00    5.18 v product[9] (out)
                                  5.18   data arrival time

                  0.00    0.00    0.00   clock clk (rise edge)
                          0.00    0.00   clock network delay (ideal)
                          0.25    0.25   clock uncertainty
                          0.00    0.25   clock reconvergence pessimism
                         -4.00   -3.75   output external delay
                                 -3.75   data required time
-----------------------------------------------------------------------------
                                 -3.75   data required time
                                 -5.18   data arrival time
-----------------------------------------------------------------------------
                                  8.93   slack (MET)


Startpoint: mcand[15] (input port clocked by clk)
Endpoint: product[21] (output port clocked by clk)
Path Group: clk
Path Type: min

Fanout     Cap    Slew   Delay    Time   Description
-----------------------------------------------------------------------------
                  0.00    0.00    0.00   clock clk (rise edge)
                          0.00    0.00   clock network delay (ideal)
                          4.00    4.00 v input external delay
                  0.13    0.09    4.09 v mcand[15] (in)
     5    0.06                           mcand[15] (net)
                  0.13    0.00    4.09 v _2344_/B (sky130_fd_sc_hd__nand2_2)
                  0.07    0.11    4.20 ^ _2344_/Y (sky130_fd_sc_hd__nand2_2)
     1    0.01                           _0045_ (net)
                  0.07    0.00    4.20 ^ _2345_/B (sky130_fd_sc_hd__xnor2_2)
                  0.05    0.07    4.28 v _2345_/Y (sky130_fd_sc_hd__xnor2_2)
     2    0.01                           _0046_ (net)
                  0.05    0.00    4.28 v _2387_/A (sky130_fd_sc_hd__nand3_2)
                  0.08    0.08    4.36 ^ _2387_/Y (sky130_fd_sc_hd__nand3_2)
     3    0.01                           _0092_ (net)
                  0.08    0.00    4.36 ^ _2389_/A (sky130_fd_sc_hd__and2_2)
                  0.08    0.17    4.52 ^ _2389_/X (sky130_fd_sc_hd__and2_2)
     2    0.01                           _0094_ (net)
                  0.08    0.00    4.52 ^ _2405_/B (sky130_fd_sc_hd__and2b_2)
                  0.04    0.14    4.66 ^ _2405_/X (sky130_fd_sc_hd__and2b_2)
     2    0.00                           _0110_ (net)
                  0.04    0.00    4.66 ^ _2458_/A1 (sky130_fd_sc_hd__o21a_2)
                  0.05    0.13    4.79 ^ _2458_/X (sky130_fd_sc_hd__o21a_2)
     2    0.01                           _0168_ (net)
                  0.05    0.00    4.79 ^ _2460_/A (sky130_fd_sc_hd__or2b_2)
                  0.09    0.14    4.93 ^ _2460_/X (sky130_fd_sc_hd__or2b_2)
     3    0.02                           _0170_ (net)
                  0.09    0.00    4.93 ^ _2462_/A (sky130_fd_sc_hd__xnor2_2)
                  0.30    0.25    5.18 v _2462_/Y (sky130_fd_sc_hd__xnor2_2)
     1    0.07                           product[21] (net)
                  0.31    0.02    5.20 v product[21] (out)
                                  5.20   data arrival time

                  0.00    0.00    0.00   clock clk (rise edge)
                          0.00    0.00   clock network delay (ideal)
                          0.25    0.25   clock uncertainty
                          0.00    0.25   clock reconvergence pessimism
                         -4.00   -3.75   output external delay
                                 -3.75   data required time
-----------------------------------------------------------------------------
                                 -3.75   data required time
                                 -5.20   data arrival time
-----------------------------------------------------------------------------
                                  8.95   slack (MET)


Startpoint: mcand[15] (input port clocked by clk)
Endpoint: product[19] (output port clocked by clk)
Path Group: clk
Path Type: min

Fanout     Cap    Slew   Delay    Time   Description
-----------------------------------------------------------------------------
                  0.00    0.00    0.00   clock clk (rise edge)
                          0.00    0.00   clock network delay (ideal)
                          4.00    4.00 v input external delay
                  0.13    0.09    4.09 v mcand[15] (in)
     5    0.06                           mcand[15] (net)
                  0.13    0.00    4.09 v _2209_/B (sky130_fd_sc_hd__nand2_2)
                  0.07    0.11    4.21 ^ _2209_/Y (sky130_fd_sc_hd__nand2_2)
     1    0.01                           _1266_ (net)
                  0.07    0.00    4.21 ^ _2210_/B (sky130_fd_sc_hd__xnor2_2)
                  0.08    0.13    4.34 ^ _2210_/Y (sky130_fd_sc_hd__xnor2_2)
     2    0.01                           _1267_ (net)
                  0.08    0.00    4.34 ^ _2260_/A (sky130_fd_sc_hd__xnor2_2)
                  0.07    0.10    4.44 v _2260_/Y (sky130_fd_sc_hd__xnor2_2)
     2    0.01                           _1321_ (net)
                  0.07    0.00    4.44 v _2273_/A_N (sky130_fd_sc_hd__and2b_2)
                  0.05    0.21    4.65 ^ _2273_/X (sky130_fd_sc_hd__and2b_2)
     1    0.00                           _1335_ (net)
                  0.05    0.00    4.65 ^ _2274_/B1 (sky130_fd_sc_hd__a21oi_2)
                  0.04    0.05    4.69 v _2274_/Y (sky130_fd_sc_hd__a21oi_2)
     3    0.01                           _1336_ (net)
                  0.04    0.00    4.69 v _2333_/A (sky130_fd_sc_hd__xnor2_2)
                  0.07    0.20    4.89 ^ _2333_/Y (sky130_fd_sc_hd__xnor2_2)
     2    0.01                           _0034_ (net)
                  0.07    0.00    4.89 ^ _2337_/A (sky130_fd_sc_hd__xnor2_2)
                  0.37    0.29    5.18 v _2337_/Y (sky130_fd_sc_hd__xnor2_2)
     1    0.08                           product[19] (net)
                  0.37    0.03    5.21 v product[19] (out)
                                  5.21   data arrival time

                  0.00    0.00    0.00   clock clk (rise edge)
                          0.00    0.00   clock network delay (ideal)
                          0.25    0.25   clock uncertainty
                          0.00    0.25   clock reconvergence pessimism
                         -4.00   -3.75   output external delay
                                 -3.75   data required time
-----------------------------------------------------------------------------
                                 -3.75   data required time
                                 -5.21   data arrival time
-----------------------------------------------------------------------------
                                  8.96   slack (MET)


Startpoint: mcand[0] (input port clocked by clk)
Endpoint: product[0] (output port clocked by clk)
Path Group: clk
Path Type: min

Fanout     Cap    Slew   Delay    Time   Description
-----------------------------------------------------------------------------
                  0.00    0.00    0.00   clock clk (rise edge)
                          0.00    0.00   clock network delay (ideal)
                          4.00    4.00 v input external delay
                  0.10    0.08    4.08 v mcand[0] (in)
     4    0.05                           mcand[0] (net)
                  0.11    0.00    4.08 v _1367_/A (sky130_fd_sc_hd__buf_1)
                  0.22    0.25    4.33 v _1367_/X (sky130_fd_sc_hd__buf_1)
    10    0.04                           _0999_ (net)
                  0.22    0.00    4.33 v _1368_/A (sky130_fd_sc_hd__buf_1)
                  0.31    0.35    4.68 v _1368_/X (sky130_fd_sc_hd__buf_1)
    10    0.05                           _1010_ (net)
                  0.31    0.00    4.68 v _1372_/A (sky130_fd_sc_hd__and2_2)
                  0.08    0.32    5.00 v _1372_/X (sky130_fd_sc_hd__and2_2)
     1    0.02                           _1053_ (net)
                  0.08    0.00    5.00 v _1373_/A (sky130_fd_sc_hd__buf_1)
                  0.20    0.22    5.22 v _1373_/X (sky130_fd_sc_hd__buf_1)
     1    0.03                           product[0] (net)
                  0.20    0.00    5.22 v product[0] (out)
                                  5.22   data arrival time

                  0.00    0.00    0.00   clock clk (rise edge)
                          0.00    0.00   clock network delay (ideal)
                          0.25    0.25   clock uncertainty
                          0.00    0.25   clock reconvergence pessimism
                         -4.00   -3.75   output external delay
                                 -3.75   data required time
-----------------------------------------------------------------------------
                                 -3.75   data required time
                                 -5.22   data arrival time
-----------------------------------------------------------------------------
                                  8.97   slack (MET)


Startpoint: mcand[15] (input port clocked by clk)
Endpoint: product[20] (output port clocked by clk)
Path Group: clk
Path Type: min

Fanout     Cap    Slew   Delay    Time   Description
-----------------------------------------------------------------------------
                  0.00    0.00    0.00   clock clk (rise edge)
                          0.00    0.00   clock network delay (ideal)
                          4.00    4.00 v input external delay
                  0.13    0.09    4.09 v mcand[15] (in)
     5    0.06                           mcand[15] (net)
                  0.13    0.00    4.09 v _2209_/B (sky130_fd_sc_hd__nand2_2)
                  0.07    0.11    4.21 ^ _2209_/Y (sky130_fd_sc_hd__nand2_2)
     1    0.01                           _1266_ (net)
                  0.07    0.00    4.21 ^ _2210_/B (sky130_fd_sc_hd__xnor2_2)
                  0.08    0.13    4.34 ^ _2210_/Y (sky130_fd_sc_hd__xnor2_2)
     2    0.01                           _1267_ (net)
                  0.08    0.00    4.34 ^ _2330_/A1 (sky130_fd_sc_hd__a21bo_2)
                  0.07    0.15    4.49 ^ _2330_/X (sky130_fd_sc_hd__a21bo_2)
     2    0.01                           _0030_ (net)
                  0.07    0.00    4.49 ^ _2331_/B (sky130_fd_sc_hd__xnor2_2)
                  0.09    0.14    4.63 ^ _2331_/Y (sky130_fd_sc_hd__xnor2_2)
     2    0.01                           _0031_ (net)
                  0.09    0.00    4.63 ^ _2395_/A2 (sky130_fd_sc_hd__a21boi_2)
                  0.05    0.07    4.70 v _2395_/Y (sky130_fd_sc_hd__a21boi_2)
     2    0.01                           _0101_ (net)
                  0.05    0.00    4.70 v _2396_/B (sky130_fd_sc_hd__nor2_2)
                  0.14    0.12    4.82 ^ _2396_/Y (sky130_fd_sc_hd__nor2_2)
     3    0.01                           _0102_ (net)
                  0.14    0.00    4.82 ^ _2398_/A (sky130_fd_sc_hd__or2_2)
                  0.12    0.19    5.01 ^ _2398_/X (sky130_fd_sc_hd__or2_2)
     4    0.02                           _0104_ (net)
                  0.12    0.00    5.01 ^ _2404_/A (sky130_fd_sc_hd__xor2_2)
                  0.16    0.23    5.24 v _2404_/X (sky130_fd_sc_hd__xor2_2)
     1    0.06                           product[20] (net)
                  0.16    0.01    5.26 v product[20] (out)
                                  5.26   data arrival time

                  0.00    0.00    0.00   clock clk (rise edge)
                          0.00    0.00   clock network delay (ideal)
                          0.25    0.25   clock uncertainty
                          0.00    0.25   clock reconvergence pessimism
                         -4.00   -3.75   output external delay
                                 -3.75   data required time
-----------------------------------------------------------------------------
                                 -3.75   data required time
                                 -5.26   data arrival time
-----------------------------------------------------------------------------
                                  9.01   slack (MET)


Startpoint: mcand[2] (input port clocked by clk)
Endpoint: product[2] (output port clocked by clk)
Path Group: clk
Path Type: min

Fanout     Cap    Slew   Delay    Time   Description
-----------------------------------------------------------------------------
                  0.00    0.00    0.00   clock clk (rise edge)
                          0.00    0.00   clock network delay (ideal)
                          4.00    4.00 v input external delay
                  0.12    0.09    4.09 v mcand[2] (in)
    10    0.06                           mcand[2] (net)
                  0.13    0.00    4.09 v _1374_/A (sky130_fd_sc_hd__buf_1)
                  0.24    0.27    4.36 v _1374_/X (sky130_fd_sc_hd__buf_1)
    10    0.04                           _1074_ (net)
                  0.24    0.00    4.36 v _1386_/A2 (sky130_fd_sc_hd__a22oi_2)
                  0.13    0.25    4.61 ^ _1386_/Y (sky130_fd_sc_hd__a22oi_2)
     1    0.01                           _1204_ (net)
                  0.13    0.00    4.61 ^ _1387_/B (sky130_fd_sc_hd__nor2_2)
                  0.04    0.05    4.66 v _1387_/Y (sky130_fd_sc_hd__nor2_2)
     2    0.01                           _1215_ (net)
                  0.04    0.00    4.66 v _1390_/A (sky130_fd_sc_hd__nand2_2)
                  0.06    0.06    4.73 ^ _1390_/Y (sky130_fd_sc_hd__nand2_2)
     3    0.01                           _1248_ (net)
                  0.06    0.00    4.73 ^ _1392_/A (sky130_fd_sc_hd__and2_2)
                  0.13    0.19    4.92 ^ _1392_/X (sky130_fd_sc_hd__and2_2)
     1    0.02                           _1269_ (net)
                  0.13    0.00    4.93 ^ _1393_/A (sky130_fd_sc_hd__buf_1)
                  0.40    0.34    5.26 ^ _1393_/X (sky130_fd_sc_hd__buf_1)
     1    0.03                           product[2] (net)
                  0.40    0.00    5.26 ^ product[2] (out)
                                  5.26   data arrival time

                  0.00    0.00    0.00   clock clk (rise edge)
                          0.00    0.00   clock network delay (ideal)
                          0.25    0.25   clock uncertainty
                          0.00    0.25   clock reconvergence pessimism
                         -4.00   -3.75   output external delay
                                 -3.75   data required time
-----------------------------------------------------------------------------
                                 -3.75   data required time
                                 -5.26   data arrival time
-----------------------------------------------------------------------------
                                  9.01   slack (MET)


Startpoint: mplier[0] (input port clocked by clk)
Endpoint: product[10] (output port clocked by clk)
Path Group: clk
Path Type: min

Fanout     Cap    Slew   Delay    Time   Description
-----------------------------------------------------------------------------
                  0.00    0.00    0.00   clock clk (rise edge)
                          0.00    0.00   clock network delay (ideal)
                          4.00    4.00 v input external delay
                  0.04    0.03    4.03 v mplier[0] (in)
     2    0.02                           mplier[0] (net)
                  0.04    0.00    4.03 v _1516_/A (sky130_fd_sc_hd__and4_2)
                  0.04    0.17    4.20 v _1516_/X (sky130_fd_sc_hd__and4_2)
     1    0.00                           _0559_ (net)
                  0.04    0.00    4.20 v _1517_/A (sky130_fd_sc_hd__inv_2)
                  0.09    0.08    4.28 ^ _1517_/Y (sky130_fd_sc_hd__inv_2)
     3    0.02                           _0560_ (net)
                  0.09    0.00    4.29 ^ _1579_/A1 (sky130_fd_sc_hd__o21ai_2)
                  0.07    0.09    4.38 v _1579_/Y (sky130_fd_sc_hd__o21ai_2)
     2    0.02                           _0621_ (net)
                  0.07    0.00    4.38 v _1639_/C (sky130_fd_sc_hd__and3_2)
                  0.06    0.23    4.61 v _1639_/X (sky130_fd_sc_hd__and3_2)
     2    0.01                           _0680_ (net)
                  0.06    0.00    4.61 v _1693_/A (sky130_fd_sc_hd__xnor2_2)
                  0.09    0.18    4.79 v _1693_/Y (sky130_fd_sc_hd__xnor2_2)
     4    0.02                           _0734_ (net)
                  0.09    0.00    4.79 v _1697_/A (sky130_fd_sc_hd__xnor2_2)
                  0.09    0.24    5.03 ^ _1697_/Y (sky130_fd_sc_hd__xnor2_2)
     3    0.02                           _0738_ (net)
                  0.09    0.00    5.03 ^ _1698_/B (sky130_fd_sc_hd__xnor2_2)
                  0.26    0.22    5.25 v _1698_/Y (sky130_fd_sc_hd__xnor2_2)
     1    0.06                           product[10] (net)
                  0.26    0.01    5.27 v product[10] (out)
                                  5.27   data arrival time

                  0.00    0.00    0.00   clock clk (rise edge)
                          0.00    0.00   clock network delay (ideal)
                          0.25    0.25   clock uncertainty
                          0.00    0.25   clock reconvergence pessimism
                         -4.00   -3.75   output external delay
                                 -3.75   data required time
-----------------------------------------------------------------------------
                                 -3.75   data required time
                                 -5.27   data arrival time
-----------------------------------------------------------------------------
                                  9.02   slack (MET)


Startpoint: mplier[0] (input port clocked by clk)
Endpoint: product[11] (output port clocked by clk)
Path Group: clk
Path Type: min

Fanout     Cap    Slew   Delay    Time   Description
-----------------------------------------------------------------------------
                  0.00    0.00    0.00   clock clk (rise edge)
                          0.00    0.00   clock network delay (ideal)
                          4.00    4.00 v input external delay
                  0.04    0.03    4.03 v mplier[0] (in)
     2    0.02                           mplier[0] (net)
                  0.04    0.00    4.03 v _1516_/A (sky130_fd_sc_hd__and4_2)
                  0.04    0.17    4.20 v _1516_/X (sky130_fd_sc_hd__and4_2)
     1    0.00                           _0559_ (net)
                  0.04    0.00    4.20 v _1517_/A (sky130_fd_sc_hd__inv_2)
                  0.09    0.08    4.28 ^ _1517_/Y (sky130_fd_sc_hd__inv_2)
     3    0.02                           _0560_ (net)
                  0.09    0.00    4.29 ^ _1579_/A1 (sky130_fd_sc_hd__o21ai_2)
                  0.07    0.09    4.38 v _1579_/Y (sky130_fd_sc_hd__o21ai_2)
     2    0.02                           _0621_ (net)
                  0.07    0.00    4.38 v _1639_/C (sky130_fd_sc_hd__and3_2)
                  0.06    0.23    4.61 v _1639_/X (sky130_fd_sc_hd__and3_2)
     2    0.01                           _0680_ (net)
                  0.06    0.00    4.61 v _1693_/A (sky130_fd_sc_hd__xnor2_2)
                  0.09    0.18    4.79 v _1693_/Y (sky130_fd_sc_hd__xnor2_2)
     4    0.02                           _0734_ (net)
                  0.09    0.00    4.79 v _1765_/B (sky130_fd_sc_hd__nand4_2)
                  0.06    0.11    4.90 ^ _1765_/Y (sky130_fd_sc_hd__nand4_2)
     2    0.01                           _0805_ (net)
                  0.06    0.00    4.90 ^ _1767_/A (sky130_fd_sc_hd__nand2_2)
                  0.04    0.06    4.95 v _1767_/Y (sky130_fd_sc_hd__nand2_2)
     1    0.01                           _0807_ (net)
                  0.04    0.00    4.95 v _1771_/A (sky130_fd_sc_hd__xnor2_2)
                  0.31    0.31    5.26 v _1771_/Y (sky130_fd_sc_hd__xnor2_2)
     1    0.07                           product[11] (net)
                  0.31    0.02    5.28 v product[11] (out)
                                  5.28   data arrival time

                  0.00    0.00    0.00   clock clk (rise edge)
                          0.00    0.00   clock network delay (ideal)
                          0.25    0.25   clock uncertainty
                          0.00    0.25   clock reconvergence pessimism
                         -4.00   -3.75   output external delay
                                 -3.75   data required time
-----------------------------------------------------------------------------
                                 -3.75   data required time
                                 -5.28   data arrival time
-----------------------------------------------------------------------------
                                  9.03   slack (MET)


Startpoint: mcand[5] (input port clocked by clk)
Endpoint: product[6] (output port clocked by clk)
Path Group: clk
Path Type: min

Fanout     Cap    Slew   Delay    Time   Description
-----------------------------------------------------------------------------
                  0.00    0.00    0.00   clock clk (rise edge)
                          0.00    0.00   clock network delay (ideal)
                          4.00    4.00 v input external delay
                  0.15    0.11    4.11 v mcand[5] (in)
     8    0.07                           mcand[5] (net)
                  0.15    0.00    4.11 v _1436_/B (sky130_fd_sc_hd__nand2_2)
                  0.08    0.12    4.22 ^ _1436_/Y (sky130_fd_sc_hd__nand2_2)
     1    0.01                           _0375_ (net)
                  0.08    0.00    4.22 ^ _1437_/B (sky130_fd_sc_hd__xnor2_2)
                  0.06    0.08    4.30 v _1437_/Y (sky130_fd_sc_hd__xnor2_2)
     3    0.01                           _0386_ (net)
                  0.06    0.00    4.30 v _1447_/A (sky130_fd_sc_hd__nand3_2)
                  0.04    0.06    4.37 ^ _1447_/Y (sky130_fd_sc_hd__nand3_2)
     2    0.01                           _0490_ (net)
                  0.04    0.00    4.37 ^ _1451_/A1 (sky130_fd_sc_hd__a21o_2)
                  0.03    0.11    4.47 ^ _1451_/X (sky130_fd_sc_hd__a21o_2)
     2    0.00                           _0496_ (net)
                  0.03    0.00    4.47 ^ _1452_/B (sky130_fd_sc_hd__and2b_2)
                  0.06    0.15    4.62 ^ _1452_/X (sky130_fd_sc_hd__and2b_2)
     1    0.01                           _0497_ (net)
                  0.06    0.00    4.62 ^ _1453_/B (sky130_fd_sc_hd__xnor2_2)
                  0.13    0.16    4.78 ^ _1453_/Y (sky130_fd_sc_hd__xnor2_2)
     5    0.02                           _0498_ (net)
                  0.13    0.00    4.78 ^ _1492_/A2 (sky130_fd_sc_hd__o21ai_2)
                  0.03    0.05    4.83 v _1492_/Y (sky130_fd_sc_hd__o21ai_2)
     1    0.00                           _0536_ (net)
                  0.03    0.00    4.83 v _1493_/B (sky130_fd_sc_hd__and2_2)
                  0.06    0.20    5.04 v _1493_/X (sky130_fd_sc_hd__and2_2)
     1    0.02                           _0537_ (net)
                  0.06    0.00    5.04 v _1494_/A (sky130_fd_sc_hd__buf_1)
                  0.25    0.25    5.29 v _1494_/X (sky130_fd_sc_hd__buf_1)
     1    0.04                           product[6] (net)
                  0.25    0.00    5.30 v product[6] (out)
                                  5.30   data arrival time

                  0.00    0.00    0.00   clock clk (rise edge)
                          0.00    0.00   clock network delay (ideal)
                          0.25    0.25   clock uncertainty
                          0.00    0.25   clock reconvergence pessimism
                         -4.00   -3.75   output external delay
                                 -3.75   data required time
-----------------------------------------------------------------------------
                                 -3.75   data required time
                                 -5.30   data arrival time
-----------------------------------------------------------------------------
                                  9.05   slack (MET)


Startpoint: mplier[11] (input port clocked by clk)
Endpoint: product[29] (output port clocked by clk)
Path Group: clk
Path Type: min

Fanout     Cap    Slew   Delay    Time   Description
-----------------------------------------------------------------------------
                  0.00    0.00    0.00   clock clk (rise edge)
                          0.00    0.00   clock network delay (ideal)
                          4.00    4.00 v input external delay
                  0.11    0.08    4.08 v mplier[11] (in)
     5    0.05                           mplier[11] (net)
                  0.12    0.00    4.08 v _2234_/A (sky130_fd_sc_hd__buf_1)
                  0.24    0.27    4.35 v _2234_/X (sky130_fd_sc_hd__buf_1)
    10    0.04                           _1293_ (net)
                  0.24    0.00    4.35 v _2481_/A (sky130_fd_sc_hd__buf_1)
                  0.22    0.29    4.65 v _2481_/X (sky130_fd_sc_hd__buf_1)
    10    0.04                           _0192_ (net)
                  0.22    0.00    4.65 v _2681_/A (sky130_fd_sc_hd__nand3_2)
                  0.06    0.11    4.76 ^ _2681_/Y (sky130_fd_sc_hd__nand3_2)
     2    0.01                           _0406_ (net)
                  0.06    0.00    4.76 ^ _2700_/A2 (sky130_fd_sc_hd__a21o_2)
                  0.07    0.15    4.91 ^ _2700_/X (sky130_fd_sc_hd__a21o_2)
     3    0.01                           _0427_ (net)
                  0.07    0.00    4.91 ^ _2725_/A2 (sky130_fd_sc_hd__a21oi_2)
                  0.04    0.06    4.97 v _2725_/Y (sky130_fd_sc_hd__a21oi_2)
     2    0.01                           _0454_ (net)
                  0.04    0.00    4.97 v _2748_/A (sky130_fd_sc_hd__inv_2)
                  0.04    0.05    5.02 ^ _2748_/Y (sky130_fd_sc_hd__inv_2)
     2    0.01                           _0478_ (net)
                  0.04    0.00    5.02 ^ _2749_/B1 (sky130_fd_sc_hd__o21ai_2)
                  0.05    0.06    5.08 v _2749_/Y (sky130_fd_sc_hd__o21ai_2)
     1    0.01                           _0479_ (net)
                  0.05    0.00    5.08 v _2750_/B (sky130_fd_sc_hd__xnor2_2)
                  0.24    0.26    5.34 v _2750_/Y (sky130_fd_sc_hd__xnor2_2)
     1    0.05                           product[29] (net)
                  0.24    0.01    5.35 v product[29] (out)
                                  5.35   data arrival time

                  0.00    0.00    0.00   clock clk (rise edge)
                          0.00    0.00   clock network delay (ideal)
                          0.25    0.25   clock uncertainty
                          0.00    0.25   clock reconvergence pessimism
                         -4.00   -3.75   output external delay
                                 -3.75   data required time
-----------------------------------------------------------------------------
                                 -3.75   data required time
                                 -5.35   data arrival time
-----------------------------------------------------------------------------
                                  9.10   slack (MET)


Startpoint: mplier[2] (input port clocked by clk)
Endpoint: product[8] (output port clocked by clk)
Path Group: clk
Path Type: min

Fanout     Cap    Slew   Delay    Time   Description
-----------------------------------------------------------------------------
                  0.00    0.00    0.00   clock clk (rise edge)
                          0.00    0.00   clock network delay (ideal)
                          4.00    4.00 v input external delay
                  0.06    0.04    4.04 v mplier[2] (in)
     3    0.03                           mplier[2] (net)
                  0.06    0.00    4.04 v _1434_/A (sky130_fd_sc_hd__and4_2)
                  0.06    0.20    4.25 v _1434_/X (sky130_fd_sc_hd__and4_2)
     3    0.01                           _0354_ (net)
                  0.06    0.00    4.25 v _1461_/A1 (sky130_fd_sc_hd__o211a_2)
                  0.08    0.31    4.56 v _1461_/X (sky130_fd_sc_hd__o211a_2)
     4    0.03                           _0505_ (net)
                  0.08    0.00    4.56 v _1564_/A (sky130_fd_sc_hd__xor2_2)
                  0.11    0.17    4.73 ^ _1564_/X (sky130_fd_sc_hd__xor2_2)
     2    0.01                           _0607_ (net)
                  0.11    0.00    4.73 ^ _1572_/B2 (sky130_fd_sc_hd__o2bb2a_2)
                  0.09    0.20    4.93 ^ _1572_/X (sky130_fd_sc_hd__o2bb2a_2)
     3    0.01                           _0615_ (net)
                  0.09    0.00    4.93 ^ _1573_/B (sky130_fd_sc_hd__nor2_2)
                  0.04    0.05    4.99 v _1573_/Y (sky130_fd_sc_hd__nor2_2)
     1    0.01                           _0616_ (net)
                  0.04    0.00    4.99 v _1577_/A (sky130_fd_sc_hd__xnor2_2)
                  0.37    0.34    5.33 v _1577_/Y (sky130_fd_sc_hd__xnor2_2)
     1    0.09                           product[8] (net)
                  0.38    0.03    5.36 v product[8] (out)
                                  5.36   data arrival time

                  0.00    0.00    0.00   clock clk (rise edge)
                          0.00    0.00   clock network delay (ideal)
                          0.25    0.25   clock uncertainty
                          0.00    0.25   clock reconvergence pessimism
                         -4.00   -3.75   output external delay
                                 -3.75   data required time
-----------------------------------------------------------------------------
                                 -3.75   data required time
                                 -5.36   data arrival time
-----------------------------------------------------------------------------
                                  9.11   slack (MET)


Startpoint: mcand[5] (input port clocked by clk)
Endpoint: product[7] (output port clocked by clk)
Path Group: clk
Path Type: min

Fanout     Cap    Slew   Delay    Time   Description
-----------------------------------------------------------------------------
                  0.00    0.00    0.00   clock clk (rise edge)
                          0.00    0.00   clock network delay (ideal)
                          4.00    4.00 v input external delay
                  0.15    0.11    4.11 v mcand[5] (in)
     8    0.07                           mcand[5] (net)
                  0.15    0.00    4.11 v _1436_/B (sky130_fd_sc_hd__nand2_2)
                  0.08    0.12    4.22 ^ _1436_/Y (sky130_fd_sc_hd__nand2_2)
     1    0.01                           _0375_ (net)
                  0.08    0.00    4.22 ^ _1437_/B (sky130_fd_sc_hd__xnor2_2)
                  0.06    0.08    4.30 v _1437_/Y (sky130_fd_sc_hd__xnor2_2)
     3    0.01                           _0386_ (net)
                  0.06    0.00    4.30 v _1447_/A (sky130_fd_sc_hd__nand3_2)
                  0.04    0.06    4.37 ^ _1447_/Y (sky130_fd_sc_hd__nand3_2)
     2    0.01                           _0490_ (net)
                  0.04    0.00    4.37 ^ _1451_/A1 (sky130_fd_sc_hd__a21o_2)
                  0.03    0.11    4.47 ^ _1451_/X (sky130_fd_sc_hd__a21o_2)
     2    0.00                           _0496_ (net)
                  0.03    0.00    4.47 ^ _1452_/B (sky130_fd_sc_hd__and2b_2)
                  0.06    0.15    4.62 ^ _1452_/X (sky130_fd_sc_hd__and2b_2)
     1    0.01                           _0497_ (net)
                  0.06    0.00    4.62 ^ _1453_/B (sky130_fd_sc_hd__xnor2_2)
                  0.13    0.16    4.78 ^ _1453_/Y (sky130_fd_sc_hd__xnor2_2)
     5    0.02                           _0498_ (net)
                  0.13    0.00    4.78 ^ _1491_/B (sky130_fd_sc_hd__or3_2)
                  0.05    0.14    4.92 ^ _1491_/X (sky130_fd_sc_hd__or3_2)
     3    0.01                           _0535_ (net)
                  0.05    0.00    4.92 ^ _2761_/A (sky130_fd_sc_hd__nand2_2)
                  0.02    0.03    4.96 v _2761_/Y (sky130_fd_sc_hd__nand2_2)
     1    0.00                           _0489_ (net)
                  0.02    0.00    4.96 v _2762_/B (sky130_fd_sc_hd__and2_2)
                  0.07    0.21    5.16 v _2762_/X (sky130_fd_sc_hd__and2_2)
     1    0.02                           _0491_ (net)
                  0.07    0.00    5.17 v _2763_/A (sky130_fd_sc_hd__buf_1)
                  0.20    0.22    5.39 v _2763_/X (sky130_fd_sc_hd__buf_1)
     1    0.03                           product[7] (net)
                  0.20    0.00    5.39 v product[7] (out)
                                  5.39   data arrival time

                  0.00    0.00    0.00   clock clk (rise edge)
                          0.00    0.00   clock network delay (ideal)
                          0.25    0.25   clock uncertainty
                          0.00    0.25   clock reconvergence pessimism
                         -4.00   -3.75   output external delay
                                 -3.75   data required time
-----------------------------------------------------------------------------
                                 -3.75   data required time
                                 -5.39   data arrival time
-----------------------------------------------------------------------------
                                  9.14   slack (MET)


Startpoint: mplier[11] (input port clocked by clk)
Endpoint: product[28] (output port clocked by clk)
Path Group: clk
Path Type: min

Fanout     Cap    Slew   Delay    Time   Description
-----------------------------------------------------------------------------
                  0.00    0.00    0.00   clock clk (rise edge)
                          0.00    0.00   clock network delay (ideal)
                          4.00    4.00 v input external delay
                  0.11    0.08    4.08 v mplier[11] (in)
     5    0.05                           mplier[11] (net)
                  0.12    0.00    4.08 v _2234_/A (sky130_fd_sc_hd__buf_1)
                  0.24    0.27    4.35 v _2234_/X (sky130_fd_sc_hd__buf_1)
    10    0.04                           _1293_ (net)
                  0.24    0.00    4.35 v _2481_/A (sky130_fd_sc_hd__buf_1)
                  0.22    0.29    4.65 v _2481_/X (sky130_fd_sc_hd__buf_1)
    10    0.04                           _0192_ (net)
                  0.22    0.00    4.65 v _2681_/A (sky130_fd_sc_hd__nand3_2)
                  0.06    0.11    4.76 ^ _2681_/Y (sky130_fd_sc_hd__nand3_2)
     2    0.01                           _0406_ (net)
                  0.06    0.00    4.76 ^ _2700_/A2 (sky130_fd_sc_hd__a21o_2)
                  0.07    0.15    4.91 ^ _2700_/X (sky130_fd_sc_hd__a21o_2)
     3    0.01                           _0427_ (net)
                  0.07    0.00    4.91 ^ _2726_/B (sky130_fd_sc_hd__and3_2)
                  0.04    0.15    5.06 ^ _2726_/X (sky130_fd_sc_hd__and3_2)
     1    0.00                           _0455_ (net)
                  0.04    0.00    5.06 ^ _2727_/B (sky130_fd_sc_hd__or2_2)
                  0.12    0.15    5.21 ^ _2727_/X (sky130_fd_sc_hd__or2_2)
     3    0.02                           _0456_ (net)
                  0.12    0.00    5.21 ^ _2733_/A (sky130_fd_sc_hd__xor2_2)
                  0.13    0.19    5.41 v _2733_/X (sky130_fd_sc_hd__xor2_2)
     1    0.05                           product[28] (net)
                  0.13    0.01    5.41 v product[28] (out)
                                  5.41   data arrival time

                  0.00    0.00    0.00   clock clk (rise edge)
                          0.00    0.00   clock network delay (ideal)
                          0.25    0.25   clock uncertainty
                          0.00    0.25   clock reconvergence pessimism
                         -4.00   -3.75   output external delay
                                 -3.75   data required time
-----------------------------------------------------------------------------
                                 -3.75   data required time
                                 -5.41   data arrival time
-----------------------------------------------------------------------------
                                  9.16   slack (MET)


Startpoint: mplier[15] (input port clocked by clk)
Endpoint: product[30] (output port clocked by clk)
Path Group: clk
Path Type: min

Fanout     Cap    Slew   Delay    Time   Description
-----------------------------------------------------------------------------
                  0.00    0.00    0.00   clock clk (rise edge)
                          0.00    0.00   clock network delay (ideal)
                          4.00    4.00 v input external delay
                  0.16    0.12    4.12 v mplier[15] (in)
    10    0.07                           mplier[15] (net)
                  0.17    0.00    4.12 v _2303_/A (sky130_fd_sc_hd__buf_1)
                  0.20    0.26    4.38 v _2303_/X (sky130_fd_sc_hd__buf_1)
    10    0.04                           _0001_ (net)
                  0.20    0.00    4.38 v _2346_/A (sky130_fd_sc_hd__buf_1)
                  0.29    0.33    4.71 v _2346_/X (sky130_fd_sc_hd__buf_1)
    10    0.05                           _0047_ (net)
                  0.29    0.00    4.71 v _2752_/A1 (sky130_fd_sc_hd__a21oi_2)
                  0.11    0.21    4.93 ^ _2752_/Y (sky130_fd_sc_hd__a21oi_2)
     1    0.01                           _0482_ (net)
                  0.11    0.00    4.93 ^ _2753_/B (sky130_fd_sc_hd__nor2_2)
                  0.03    0.05    4.98 v _2753_/Y (sky130_fd_sc_hd__nor2_2)
     2    0.01                           _0483_ (net)
                  0.03    0.00    4.98 v _2754_/C (sky130_fd_sc_hd__nor3_2)
                  0.15    0.11    5.09 ^ _2754_/Y (sky130_fd_sc_hd__nor3_2)
     1    0.01                           _0484_ (net)
                  0.15    0.00    5.09 ^ _2756_/A (sky130_fd_sc_hd__nor2_2)
                  0.03    0.08    5.17 v _2756_/Y (sky130_fd_sc_hd__nor2_2)
     2    0.01                           _0486_ (net)
                  0.03    0.00    5.17 v _2759_/A (sky130_fd_sc_hd__xor2_2)
                  0.14    0.25    5.41 v _2759_/X (sky130_fd_sc_hd__xor2_2)
     1    0.05                           product[30] (net)
                  0.14    0.01    5.42 v product[30] (out)
                                  5.42   data arrival time

                  0.00    0.00    0.00   clock clk (rise edge)
                          0.00    0.00   clock network delay (ideal)
                          0.25    0.25   clock uncertainty
                          0.00    0.25   clock reconvergence pessimism
                         -4.00   -3.75   output external delay
                                 -3.75   data required time
-----------------------------------------------------------------------------
                                 -3.75   data required time
                                 -5.42   data arrival time
-----------------------------------------------------------------------------
                                  9.17   slack (MET)


Startpoint: mcand[15] (input port clocked by clk)
Endpoint: product[24] (output port clocked by clk)
Path Group: clk
Path Type: min

Fanout     Cap    Slew   Delay    Time   Description
-----------------------------------------------------------------------------
                  0.00    0.00    0.00   clock clk (rise edge)
                          0.00    0.00   clock network delay (ideal)
                          4.00    4.00 v input external delay
                  0.13    0.09    4.09 v mcand[15] (in)
     5    0.06                           mcand[15] (net)
                  0.13    0.00    4.09 v _2344_/B (sky130_fd_sc_hd__nand2_2)
                  0.07    0.11    4.20 ^ _2344_/Y (sky130_fd_sc_hd__nand2_2)
     1    0.01                           _0045_ (net)
                  0.07    0.00    4.20 ^ _2345_/B (sky130_fd_sc_hd__xnor2_2)
                  0.06    0.12    4.32 ^ _2345_/Y (sky130_fd_sc_hd__xnor2_2)
     2    0.01                           _0046_ (net)
                  0.06    0.00    4.32 ^ _2387_/A (sky130_fd_sc_hd__nand3_2)
                  0.09    0.09    4.41 v _2387_/Y (sky130_fd_sc_hd__nand3_2)
     3    0.01                           _0092_ (net)
                  0.09    0.00    4.41 v _2455_/C1 (sky130_fd_sc_hd__o211ai_2)
                  0.06    0.07    4.48 ^ _2455_/Y (sky130_fd_sc_hd__o211ai_2)
     2    0.00                           _0165_ (net)
                  0.06    0.00    4.48 ^ _2514_/A2 (sky130_fd_sc_hd__a21o_2)
                  0.10    0.16    4.64 ^ _2514_/X (sky130_fd_sc_hd__a21o_2)
     3    0.02                           _0229_ (net)
                  0.10    0.00    4.64 ^ _2515_/B (sky130_fd_sc_hd__xnor2_2)
                  0.06    0.08    4.72 v _2515_/Y (sky130_fd_sc_hd__xnor2_2)
     3    0.01                           _0230_ (net)
                  0.06    0.00    4.72 v _2600_/A (sky130_fd_sc_hd__nand2_2)
                  0.05    0.07    4.79 ^ _2600_/Y (sky130_fd_sc_hd__nand2_2)
     2    0.01                           _0321_ (net)
                  0.05    0.00    4.79 ^ _2601_/C (sky130_fd_sc_hd__or3_2)
                  0.03    0.09    4.89 ^ _2601_/X (sky130_fd_sc_hd__or3_2)
     1    0.00                           _0322_ (net)
                  0.03    0.00    4.89 ^ _2605_/A2 (sky130_fd_sc_hd__o21a_2)
                  0.21    0.22    5.10 ^ _2605_/X (sky130_fd_sc_hd__o21a_2)
     4    0.04                           _0327_ (net)
                  0.21    0.01    5.11 ^ _2606_/B (sky130_fd_sc_hd__xnor2_2)
                  0.34    0.29    5.40 v _2606_/Y (sky130_fd_sc_hd__xnor2_2)
     1    0.08                           product[24] (net)
                  0.34    0.03    5.43 v product[24] (out)
                                  5.43   data arrival time

                  0.00    0.00    0.00   clock clk (rise edge)
                          0.00    0.00   clock network delay (ideal)
                          0.25    0.25   clock uncertainty
                          0.00    0.25   clock reconvergence pessimism
                         -4.00   -3.75   output external delay
                                 -3.75   data required time
-----------------------------------------------------------------------------
                                 -3.75   data required time
                                 -5.43   data arrival time
-----------------------------------------------------------------------------
                                  9.18   slack (MET)


Startpoint: mplier[3] (input port clocked by clk)
Endpoint: product[4] (output port clocked by clk)
Path Group: clk
Path Type: min

Fanout     Cap    Slew   Delay    Time   Description
-----------------------------------------------------------------------------
                  0.00    0.00    0.00   clock clk (rise edge)
                          0.00    0.00   clock network delay (ideal)
                          4.00    4.00 v input external delay
                  0.13    0.09    4.09 v mplier[3] (in)
    10    0.06                           mplier[3] (net)
                  0.13    0.00    4.09 v _1418_/C (sky130_fd_sc_hd__nand4_2)
                  0.10    0.14    4.23 ^ _1418_/Y (sky130_fd_sc_hd__nand4_2)
     3    0.01                           _0182_ (net)
                  0.10    0.00    4.23 ^ _1421_/A1 (sky130_fd_sc_hd__a21o_2)
                  0.04    0.13    4.36 ^ _1421_/X (sky130_fd_sc_hd__a21o_2)
     2    0.01                           _0215_ (net)
                  0.04    0.00    4.36 ^ _1423_/A2 (sky130_fd_sc_hd__a211o_2)
                  0.03    0.12    4.47 ^ _1423_/X (sky130_fd_sc_hd__a211o_2)
     2    0.00                           _0236_ (net)
                  0.03    0.00    4.47 ^ _1424_/B (sky130_fd_sc_hd__and2b_2)
                  0.06    0.15    4.62 ^ _1424_/X (sky130_fd_sc_hd__and2b_2)
     1    0.01                           _0247_ (net)
                  0.06    0.00    4.62 ^ _1425_/B (sky130_fd_sc_hd__xnor2_2)
                  0.08    0.13    4.75 ^ _1425_/Y (sky130_fd_sc_hd__xnor2_2)
     2    0.01                           _0258_ (net)
                  0.08    0.00    4.75 ^ _1428_/A (sky130_fd_sc_hd__xnor2_2)
                  0.05    0.12    4.87 ^ _1428_/Y (sky130_fd_sc_hd__xnor2_2)
     2    0.01                           _0290_ (net)
                  0.05    0.00    4.87 ^ _1429_/B (sky130_fd_sc_hd__nand2_2)
                  0.07    0.08    4.95 v _1429_/Y (sky130_fd_sc_hd__nand2_2)
     4    0.02                           _0301_ (net)
                  0.07    0.00    4.95 v _1431_/A (sky130_fd_sc_hd__and2_2)
                  0.10    0.24    5.18 v _1431_/X (sky130_fd_sc_hd__and2_2)
     1    0.04                           _0323_ (net)
                  0.10    0.01    5.19 v _1432_/A (sky130_fd_sc_hd__buf_1)
                  0.20    0.24    5.43 v _1432_/X (sky130_fd_sc_hd__buf_1)
     1    0.04                           product[4] (net)
                  0.20    0.00    5.43 v product[4] (out)
                                  5.43   data arrival time

                  0.00    0.00    0.00   clock clk (rise edge)
                          0.00    0.00   clock network delay (ideal)
                          0.25    0.25   clock uncertainty
                          0.00    0.25   clock reconvergence pessimism
                         -4.00   -3.75   output external delay
                                 -3.75   data required time
-----------------------------------------------------------------------------
                                 -3.75   data required time
                                 -5.43   data arrival time
-----------------------------------------------------------------------------
                                  9.18   slack (MET)


Startpoint: mplier[11] (input port clocked by clk)
Endpoint: product[27] (output port clocked by clk)
Path Group: clk
Path Type: min

Fanout     Cap    Slew   Delay    Time   Description
-----------------------------------------------------------------------------
                  0.00    0.00    0.00   clock clk (rise edge)
                          0.00    0.00   clock network delay (ideal)
                          4.00    4.00 v input external delay
                  0.11    0.08    4.08 v mplier[11] (in)
     5    0.05                           mplier[11] (net)
                  0.12    0.00    4.08 v _2234_/A (sky130_fd_sc_hd__buf_1)
                  0.24    0.27    4.35 v _2234_/X (sky130_fd_sc_hd__buf_1)
    10    0.04                           _1293_ (net)
                  0.24    0.00    4.35 v _2481_/A (sky130_fd_sc_hd__buf_1)
                  0.22    0.29    4.65 v _2481_/X (sky130_fd_sc_hd__buf_1)
    10    0.04                           _0192_ (net)
                  0.22    0.00    4.65 v _2681_/A (sky130_fd_sc_hd__nand3_2)
                  0.06    0.11    4.76 ^ _2681_/Y (sky130_fd_sc_hd__nand3_2)
     2    0.01                           _0406_ (net)
                  0.06    0.00    4.76 ^ _2700_/A2 (sky130_fd_sc_hd__a21o_2)
                  0.07    0.15    4.91 ^ _2700_/X (sky130_fd_sc_hd__a21o_2)
     3    0.01                           _0427_ (net)
                  0.07    0.00    4.91 ^ _2701_/A (sky130_fd_sc_hd__inv_2)
                  0.03    0.04    4.95 v _2701_/Y (sky130_fd_sc_hd__inv_2)
     2    0.01                           _0428_ (net)
                  0.03    0.00    4.95 v _2702_/C1 (sky130_fd_sc_hd__a211oi_2)
                  0.13    0.13    5.08 ^ _2702_/Y (sky130_fd_sc_hd__a211oi_2)
     2    0.00                           _0430_ (net)
                  0.13    0.00    5.08 ^ _2704_/A (sky130_fd_sc_hd__or2_2)
                  0.08    0.16    5.24 ^ _2704_/X (sky130_fd_sc_hd__or2_2)
     2    0.01                           _0432_ (net)
                  0.08    0.00    5.24 ^ _2706_/A (sky130_fd_sc_hd__xnor2_2)
                  0.21    0.19    5.44 v _2706_/Y (sky130_fd_sc_hd__xnor2_2)
     1    0.05                           product[27] (net)
                  0.21    0.01    5.44 v product[27] (out)
                                  5.44   data arrival time

                  0.00    0.00    0.00   clock clk (rise edge)
                          0.00    0.00   clock network delay (ideal)
                          0.25    0.25   clock uncertainty
                          0.00    0.25   clock reconvergence pessimism
                         -4.00   -3.75   output external delay
                                 -3.75   data required time
-----------------------------------------------------------------------------
                                 -3.75   data required time
                                 -5.44   data arrival time
-----------------------------------------------------------------------------
                                  9.19   slack (MET)


Startpoint: mplier[2] (input port clocked by clk)
Endpoint: product[12] (output port clocked by clk)
Path Group: clk
Path Type: min

Fanout     Cap    Slew   Delay    Time   Description
-----------------------------------------------------------------------------
                  0.00    0.00    0.00   clock clk (rise edge)
                          0.00    0.00   clock network delay (ideal)
                          4.00    4.00 ^ input external delay
                  0.13    0.09    4.09 ^ mplier[2] (in)
     3    0.03                           mplier[2] (net)
                  0.13    0.00    4.09 ^ _1532_/A (sky130_fd_sc_hd__and4_2)
                  0.07    0.22    4.31 ^ _1532_/X (sky130_fd_sc_hd__and4_2)
     3    0.01                           _0575_ (net)
                  0.07    0.00    4.31 ^ _1585_/A (sky130_fd_sc_hd__or2_2)
                  0.10    0.15    4.46 ^ _1585_/X (sky130_fd_sc_hd__or2_2)
     2    0.02                           _0627_ (net)
                  0.10    0.00    4.46 ^ _1641_/A (sky130_fd_sc_hd__and2_2)
                  0.05    0.15    4.61 ^ _1641_/X (sky130_fd_sc_hd__and2_2)
     2    0.01                           _0682_ (net)
                  0.05    0.00    4.61 ^ _1648_/A2 (sky130_fd_sc_hd__o21ai_2)
                  0.05    0.07    4.68 v _1648_/Y (sky130_fd_sc_hd__o21ai_2)
     3    0.01                           _0689_ (net)
                  0.05    0.00    4.68 v _1762_/B1 (sky130_fd_sc_hd__o21ai_2)
                  0.08    0.08    4.76 ^ _1762_/Y (sky130_fd_sc_hd__o21ai_2)
     3    0.01                           _0802_ (net)
                  0.08    0.00    4.76 ^ _1775_/C1 (sky130_fd_sc_hd__o211a_2)
                  0.09    0.20    4.96 ^ _1775_/X (sky130_fd_sc_hd__o211a_2)
     3    0.01                           _0814_ (net)
                  0.09    0.00    4.96 ^ _1838_/B1 (sky130_fd_sc_hd__a21oi_2)
                  0.04    0.05    5.01 v _1838_/Y (sky130_fd_sc_hd__a21oi_2)
     2    0.01                           _0877_ (net)
                  0.04    0.00    5.01 v _1839_/B (sky130_fd_sc_hd__nor2_2)
                  0.15    0.13    5.14 ^ _1839_/Y (sky130_fd_sc_hd__nor2_2)
     2    0.01                           _0878_ (net)
                  0.15    0.00    5.14 ^ _1840_/B (sky130_fd_sc_hd__xnor2_2)
                  0.33    0.28    5.42 v _1840_/Y (sky130_fd_sc_hd__xnor2_2)
     1    0.08                           product[12] (net)
                  0.34    0.03    5.45 v product[12] (out)
                                  5.45   data arrival time

                  0.00    0.00    0.00   clock clk (rise edge)
                          0.00    0.00   clock network delay (ideal)
                          0.25    0.25   clock uncertainty
                          0.00    0.25   clock reconvergence pessimism
                         -4.00   -3.75   output external delay
                                 -3.75   data required time
-----------------------------------------------------------------------------
                                 -3.75   data required time
                                 -5.45   data arrival time
-----------------------------------------------------------------------------
                                  9.20   slack (MET)


Startpoint: mcand[15] (input port clocked by clk)
Endpoint: product[26] (output port clocked by clk)
Path Group: clk
Path Type: min

Fanout     Cap    Slew   Delay    Time   Description
-----------------------------------------------------------------------------
                  0.00    0.00    0.00   clock clk (rise edge)
                          0.00    0.00   clock network delay (ideal)
                          4.00    4.00 v input external delay
                  0.13    0.09    4.09 v mcand[15] (in)
     5    0.06                           mcand[15] (net)
                  0.13    0.00    4.09 v _2344_/B (sky130_fd_sc_hd__nand2_2)
                  0.07    0.11    4.20 ^ _2344_/Y (sky130_fd_sc_hd__nand2_2)
     1    0.01                           _0045_ (net)
                  0.07    0.00    4.20 ^ _2345_/B (sky130_fd_sc_hd__xnor2_2)
                  0.06    0.12    4.32 ^ _2345_/Y (sky130_fd_sc_hd__xnor2_2)
     2    0.01                           _0046_ (net)
                  0.06    0.00    4.32 ^ _2387_/A (sky130_fd_sc_hd__nand3_2)
                  0.09    0.09    4.41 v _2387_/Y (sky130_fd_sc_hd__nand3_2)
     3    0.01                           _0092_ (net)
                  0.09    0.00    4.41 v _2455_/C1 (sky130_fd_sc_hd__o211ai_2)
                  0.06    0.07    4.48 ^ _2455_/Y (sky130_fd_sc_hd__o211ai_2)
     2    0.00                           _0165_ (net)
                  0.06    0.00    4.48 ^ _2514_/A2 (sky130_fd_sc_hd__a21o_2)
                  0.10    0.16    4.64 ^ _2514_/X (sky130_fd_sc_hd__a21o_2)
     3    0.02                           _0229_ (net)
                  0.10    0.00    4.64 ^ _2515_/B (sky130_fd_sc_hd__xnor2_2)
                  0.06    0.08    4.72 v _2515_/Y (sky130_fd_sc_hd__xnor2_2)
     3    0.01                           _0230_ (net)
                  0.06    0.00    4.72 v _2600_/A (sky130_fd_sc_hd__nand2_2)
                  0.05    0.07    4.79 ^ _2600_/Y (sky130_fd_sc_hd__nand2_2)
     2    0.01                           _0321_ (net)
                  0.05    0.00    4.79 ^ _2601_/C (sky130_fd_sc_hd__or3_2)
                  0.03    0.09    4.89 ^ _2601_/X (sky130_fd_sc_hd__or3_2)
     1    0.00                           _0322_ (net)
                  0.03    0.00    4.89 ^ _2605_/A2 (sky130_fd_sc_hd__o21a_2)
                  0.21    0.22    5.10 ^ _2605_/X (sky130_fd_sc_hd__o21a_2)
     4    0.04                           _0327_ (net)
                  0.21    0.01    5.11 ^ _2675_/A1 (sky130_fd_sc_hd__o21ai_2)
                  0.05    0.11    5.22 v _2675_/Y (sky130_fd_sc_hd__o21ai_2)
     2    0.01                           _0401_ (net)
                  0.05    0.00    5.22 v _2676_/B (sky130_fd_sc_hd__xor2_2)
                  0.14    0.23    5.45 v _2676_/X (sky130_fd_sc_hd__xor2_2)
     1    0.05                           product[26] (net)
                  0.14    0.01    5.46 v product[26] (out)
                                  5.46   data arrival time

                  0.00    0.00    0.00   clock clk (rise edge)
                          0.00    0.00   clock network delay (ideal)
                          0.25    0.25   clock uncertainty
                          0.00    0.25   clock reconvergence pessimism
                         -4.00   -3.75   output external delay
                                 -3.75   data required time
-----------------------------------------------------------------------------
                                 -3.75   data required time
                                 -5.46   data arrival time
-----------------------------------------------------------------------------
                                  9.21   slack (MET)


Startpoint: mplier[15] (input port clocked by clk)
Endpoint: product[31] (output port clocked by clk)
Path Group: clk
Path Type: min

Fanout     Cap    Slew   Delay    Time   Description
-----------------------------------------------------------------------------
                  0.00    0.00    0.00   clock clk (rise edge)
                          0.00    0.00   clock network delay (ideal)
                          4.00    4.00 v input external delay
                  0.16    0.12    4.12 v mplier[15] (in)
    10    0.07                           mplier[15] (net)
                  0.17    0.00    4.12 v _2303_/A (sky130_fd_sc_hd__buf_1)
                  0.20    0.26    4.38 v _2303_/X (sky130_fd_sc_hd__buf_1)
    10    0.04                           _0001_ (net)
                  0.20    0.00    4.38 v _2346_/A (sky130_fd_sc_hd__buf_1)
                  0.29    0.33    4.71 v _2346_/X (sky130_fd_sc_hd__buf_1)
    10    0.05                           _0047_ (net)
                  0.29    0.00    4.71 v _2751_/C (sky130_fd_sc_hd__and4_2)
                  0.05    0.33    5.05 v _2751_/X (sky130_fd_sc_hd__and4_2)
     2    0.01                           _0480_ (net)
                  0.05    0.00    5.05 v _2760_/B1 (sky130_fd_sc_hd__a211o_2)
                  0.15    0.41    5.46 v _2760_/X (sky130_fd_sc_hd__a211o_2)
     1    0.05                           product[31] (net)
                  0.15    0.01    5.47 v product[31] (out)
                                  5.47   data arrival time

                  0.00    0.00    0.00   clock clk (rise edge)
                          0.00    0.00   clock network delay (ideal)
                          0.25    0.25   clock uncertainty
                          0.00    0.25   clock reconvergence pessimism
                         -4.00   -3.75   output external delay
                                 -3.75   data required time
-----------------------------------------------------------------------------
                                 -3.75   data required time
                                 -5.47   data arrival time
-----------------------------------------------------------------------------
                                  9.22   slack (MET)


Startpoint: mplier[2] (input port clocked by clk)
Endpoint: product[13] (output port clocked by clk)
Path Group: clk
Path Type: min

Fanout     Cap    Slew   Delay    Time   Description
-----------------------------------------------------------------------------
                  0.00    0.00    0.00   clock clk (rise edge)
                          0.00    0.00   clock network delay (ideal)
                          4.00    4.00 ^ input external delay
                  0.13    0.09    4.09 ^ mplier[2] (in)
     3    0.03                           mplier[2] (net)
                  0.13    0.00    4.09 ^ _1532_/A (sky130_fd_sc_hd__and4_2)
                  0.07    0.22    4.31 ^ _1532_/X (sky130_fd_sc_hd__and4_2)
     3    0.01                           _0575_ (net)
                  0.07    0.00    4.31 ^ _1585_/A (sky130_fd_sc_hd__or2_2)
                  0.10    0.15    4.46 ^ _1585_/X (sky130_fd_sc_hd__or2_2)
     2    0.02                           _0627_ (net)
                  0.10    0.00    4.46 ^ _1641_/A (sky130_fd_sc_hd__and2_2)
                  0.05    0.15    4.61 ^ _1641_/X (sky130_fd_sc_hd__and2_2)
     2    0.01                           _0682_ (net)
                  0.05    0.00    4.61 ^ _1648_/A2 (sky130_fd_sc_hd__o21ai_2)
                  0.05    0.07    4.68 v _1648_/Y (sky130_fd_sc_hd__o21ai_2)
     3    0.01                           _0689_ (net)
                  0.05    0.00    4.68 v _1762_/B1 (sky130_fd_sc_hd__o21ai_2)
                  0.08    0.08    4.76 ^ _1762_/Y (sky130_fd_sc_hd__o21ai_2)
     3    0.01                           _0802_ (net)
                  0.08    0.00    4.76 ^ _1775_/C1 (sky130_fd_sc_hd__o211a_2)
                  0.09    0.20    4.96 ^ _1775_/X (sky130_fd_sc_hd__o211a_2)
     3    0.01                           _0814_ (net)
                  0.09    0.00    4.96 ^ _1838_/B1 (sky130_fd_sc_hd__a21oi_2)
                  0.04    0.05    5.01 v _1838_/Y (sky130_fd_sc_hd__a21oi_2)
     2    0.01                           _0877_ (net)
                  0.04    0.00    5.01 v _1841_/A2 (sky130_fd_sc_hd__o21bai_2)
                  0.08    0.15    5.16 ^ _1841_/Y (sky130_fd_sc_hd__o21bai_2)
     1    0.01                           _0879_ (net)
                  0.08    0.00    5.17 ^ _1911_/A (sky130_fd_sc_hd__xor2_2)
                  0.22    0.28    5.44 v _1911_/X (sky130_fd_sc_hd__xor2_2)
     1    0.09                           product[13] (net)
                  0.23    0.03    5.47 v product[13] (out)
                                  5.47   data arrival time

                  0.00    0.00    0.00   clock clk (rise edge)
                          0.00    0.00   clock network delay (ideal)
                          0.25    0.25   clock uncertainty
                          0.00    0.25   clock reconvergence pessimism
                         -4.00   -3.75   output external delay
                                 -3.75   data required time
-----------------------------------------------------------------------------
                                 -3.75   data required time
                                 -5.47   data arrival time
-----------------------------------------------------------------------------
                                  9.22   slack (MET)


Startpoint: mcand[14] (input port clocked by clk)
Endpoint: product[25] (output port clocked by clk)
Path Group: clk
Path Type: min

Fanout     Cap    Slew   Delay    Time   Description
-----------------------------------------------------------------------------
                  0.00    0.00    0.00   clock clk (rise edge)
                          0.00    0.00   clock network delay (ideal)
                          4.00    4.00 v input external delay
                  0.14    0.10    4.10 v mcand[14] (in)
     7    0.06                           mcand[14] (net)
                  0.14    0.00    4.10 v _2340_/A (sky130_fd_sc_hd__buf_1)
                  0.30    0.32    4.41 v _2340_/X (sky130_fd_sc_hd__buf_1)
    10    0.05                           _0040_ (net)
                  0.30    0.00    4.42 v _2479_/B (sky130_fd_sc_hd__nand2_2)
                  0.11    0.19    4.60 ^ _2479_/Y (sky130_fd_sc_hd__nand2_2)
     2    0.01                           _0190_ (net)
                  0.11    0.00    4.60 ^ _2544_/A2 (sky130_fd_sc_hd__o21ba_2)
                  0.08    0.16    4.76 ^ _2544_/X (sky130_fd_sc_hd__o21ba_2)
     2    0.01                           _0261_ (net)
                  0.08    0.00    4.76 ^ _2545_/B (sky130_fd_sc_hd__xnor2_2)
                  0.09    0.14    4.90 ^ _2545_/Y (sky130_fd_sc_hd__xnor2_2)
     2    0.02                           _0262_ (net)
                  0.09    0.00    4.90 ^ _2595_/A3 (sky130_fd_sc_hd__a31oi_2)
                  0.04    0.12    5.03 v _2595_/Y (sky130_fd_sc_hd__a31oi_2)
     2    0.01                           _0316_ (net)
                  0.04    0.00    5.03 v _2596_/B (sky130_fd_sc_hd__xnor2_2)
                  0.05    0.13    5.16 ^ _2596_/Y (sky130_fd_sc_hd__xnor2_2)
     2    0.01                           _0317_ (net)
                  0.05    0.00    5.16 ^ _2597_/B1 (sky130_fd_sc_hd__o21ai_2)
                  0.08    0.08    5.24 v _2597_/Y (sky130_fd_sc_hd__o21ai_2)
     3    0.02                           _0318_ (net)
                  0.08    0.00    5.24 v _2640_/A (sky130_fd_sc_hd__nand2_2)
                  0.06    0.08    5.32 ^ _2640_/Y (sky130_fd_sc_hd__nand2_2)
     1    0.01                           _0363_ (net)
                  0.06    0.00    5.32 ^ _2641_/B (sky130_fd_sc_hd__xor2_2)
                  0.12    0.16    5.48 v _2641_/X (sky130_fd_sc_hd__xor2_2)
     1    0.04                           product[25] (net)
                  0.12    0.00    5.48 v product[25] (out)
                                  5.48   data arrival time

                  0.00    0.00    0.00   clock clk (rise edge)
                          0.00    0.00   clock network delay (ideal)
                          0.25    0.25   clock uncertainty
                          0.00    0.25   clock reconvergence pessimism
                         -4.00   -3.75   output external delay
                                 -3.75   data required time
-----------------------------------------------------------------------------
                                 -3.75   data required time
                                 -5.48   data arrival time
-----------------------------------------------------------------------------
                                  9.23   slack (MET)


Startpoint: mcand[9] (input port clocked by clk)
Endpoint: product[14] (output port clocked by clk)
Path Group: clk
Path Type: min

Fanout     Cap    Slew   Delay    Time   Description
-----------------------------------------------------------------------------
                  0.00    0.00    0.00   clock clk (rise edge)
                          0.00    0.00   clock network delay (ideal)
                          4.00    4.00 ^ input external delay
                  0.19    0.13    4.13 ^ mcand[9] (in)
     7    0.04                           mcand[9] (net)
                  0.19    0.00    4.13 ^ _1704_/A2 (sky130_fd_sc_hd__a22o_2)
                  0.05    0.18    4.31 ^ _1704_/X (sky130_fd_sc_hd__a22o_2)
     2    0.01                           _0744_ (net)
                  0.05    0.00    4.31 ^ _1709_/B2 (sky130_fd_sc_hd__a22oi_2)
                  0.04    0.05    4.36 v _1709_/Y (sky130_fd_sc_hd__a22oi_2)
     1    0.00                           _0749_ (net)
                  0.04    0.00    4.36 v _1710_/B (sky130_fd_sc_hd__nor2_2)
                  0.13    0.12    4.48 ^ _1710_/Y (sky130_fd_sc_hd__nor2_2)
     2    0.01                           _0750_ (net)
                  0.13    0.00    4.48 ^ _1711_/B (sky130_fd_sc_hd__and2_2)
                  0.10    0.20    4.68 ^ _1711_/X (sky130_fd_sc_hd__and2_2)
     3    0.02                           _0751_ (net)
                  0.10    0.00    4.68 ^ _1843_/A (sky130_fd_sc_hd__and2_2)
                  0.06    0.16    4.84 ^ _1843_/X (sky130_fd_sc_hd__and2_2)
     2    0.01                           _0881_ (net)
                  0.06    0.00    4.84 ^ _1905_/A2 (sky130_fd_sc_hd__o211ai_2)
                  0.10    0.11    4.95 v _1905_/Y (sky130_fd_sc_hd__o211ai_2)
     3    0.01                           _0943_ (net)
                  0.10    0.00    4.95 v _1907_/B1 (sky130_fd_sc_hd__o211ai_2)
                  0.16    0.16    5.11 ^ _1907_/Y (sky130_fd_sc_hd__o211ai_2)
     3    0.03                           _0945_ (net)
                  0.16    0.00    5.11 ^ _1979_/A (sky130_fd_sc_hd__xor2_2)
                  0.07    0.13    5.24 v _1979_/X (sky130_fd_sc_hd__xor2_2)
     4    0.02                           _1018_ (net)
                  0.07    0.00    5.24 v _1984_/A (sky130_fd_sc_hd__xor2_2)
                  0.17    0.28    5.52 v _1984_/X (sky130_fd_sc_hd__xor2_2)
     1    0.07                           product[14] (net)
                  0.18    0.02    5.54 v product[14] (out)
                                  5.54   data arrival time

                  0.00    0.00    0.00   clock clk (rise edge)
                          0.00    0.00   clock network delay (ideal)
                          0.25    0.25   clock uncertainty
                          0.00    0.25   clock reconvergence pessimism
                         -4.00   -3.75   output external delay
                                 -3.75   data required time
-----------------------------------------------------------------------------
                                 -3.75   data required time
                                 -5.54   data arrival time
-----------------------------------------------------------------------------
                                  9.29   slack (MET)



