
===========================================================================
report_checks -unconstrained
===========================================================================
======================= Fastest Corner ===================================

Startpoint: mplier[7] (input port clocked by clk)
Endpoint: product[58] (output port clocked by clk)
Path Group: clk
Path Type: max
Corner: Fastest

Fanout     Cap    Slew   Delay    Time   Description
-----------------------------------------------------------------------------
                  0.00    0.00    0.00   clock clk (rise edge)
                          0.00    0.00   clock network delay (ideal)
                          4.00    4.00 ^ input external delay
                  0.03    0.02    4.02 ^ mplier[7] (in)
     1    0.01                           mplier[7] (net)
                  0.03    0.00    4.02 ^ input62/A (sky130_fd_sc_hd__buf_8)
                  0.21    0.14    4.17 ^ input62/X (sky130_fd_sc_hd__buf_8)
     5    0.18                           net62 (net)
                  0.27    0.09    4.26 ^ _05856_/A (sky130_fd_sc_hd__buf_6)
                  0.11    0.14    4.40 ^ _05856_/X (sky130_fd_sc_hd__buf_6)
    10    0.07                           _02000_ (net)
                  0.11    0.00    4.41 ^ _06106_/A (sky130_fd_sc_hd__buf_6)
                  0.18    0.18    4.59 ^ _06106_/X (sky130_fd_sc_hd__buf_6)
    10    0.12                           _04726_ (net)
                  0.18    0.01    4.60 ^ _06107_/A (sky130_fd_sc_hd__clkbuf_8)
                  0.16    0.21    4.81 ^ _06107_/X (sky130_fd_sc_hd__clkbuf_8)
    10    0.12                           _04737_ (net)
                  0.16    0.01    4.82 ^ _06108_/A (sky130_fd_sc_hd__clkbuf_8)
                  0.17    0.21    5.03 ^ _06108_/X (sky130_fd_sc_hd__clkbuf_8)
    10    0.12                           _04748_ (net)
                  0.18    0.03    5.06 ^ _09278_/A (sky130_fd_sc_hd__nand2_1)
                  0.05    0.05    5.11 v _09278_/Y (sky130_fd_sc_hd__nand2_1)
     1    0.01                           _02925_ (net)
                  0.05    0.00    5.11 v _09279_/B (sky130_fd_sc_hd__xnor2_1)
                  0.22    0.21    5.32 ^ _09279_/Y (sky130_fd_sc_hd__xnor2_1)
     2    0.01                           _02926_ (net)
                  0.22    0.00    5.32 ^ _09281_/A (sky130_fd_sc_hd__xnor2_1)
                  0.08    0.09    5.41 v _09281_/Y (sky130_fd_sc_hd__xnor2_1)
     2    0.01                           _02929_ (net)
                  0.08    0.00    5.41 v _09436_/A3 (sky130_fd_sc_hd__a31o_2)
                  0.05    0.21    5.62 v _09436_/X (sky130_fd_sc_hd__a31o_2)
     2    0.02                           _03097_ (net)
                  0.05    0.00    5.62 v _09437_/B (sky130_fd_sc_hd__xnor2_4)
                  0.17    0.17    5.79 ^ _09437_/Y (sky130_fd_sc_hd__xnor2_4)
     2    0.02                           _03098_ (net)
                  0.17    0.00    5.79 ^ _09439_/A (sky130_fd_sc_hd__xor2_4)
                  0.48    0.41    6.20 ^ _09439_/X (sky130_fd_sc_hd__xor2_4)
     3    0.09                           _03100_ (net)
                  0.48    0.01    6.21 ^ _09458_/A (sky130_fd_sc_hd__nor3_1)
                  0.11    0.07    6.29 v _09458_/Y (sky130_fd_sc_hd__nor3_1)
     2    0.01                           _03121_ (net)
                  0.11    0.00    6.29 v _09461_/A1 (sky130_fd_sc_hd__o211a_1)
                  0.06    0.21    6.49 v _09461_/X (sky130_fd_sc_hd__o211a_1)
     2    0.01                           _03125_ (net)
                  0.06    0.00    6.50 v _09463_/A2 (sky130_fd_sc_hd__o211ai_2)
                  0.13    0.14    6.63 ^ _09463_/Y (sky130_fd_sc_hd__o211ai_2)
     2    0.01                           _03127_ (net)
                  0.13    0.00    6.64 ^ _09464_/B_N (sky130_fd_sc_hd__or2b_2)
                  0.06    0.22    6.86 v _09464_/X (sky130_fd_sc_hd__or2b_2)
     1    0.02                           _03128_ (net)
                  0.06    0.00    6.86 v _09544_/A (sky130_fd_sc_hd__xnor2_4)
                  0.28    0.27    7.13 ^ _09544_/Y (sky130_fd_sc_hd__xnor2_4)
     1    0.05                           _03216_ (net)
                  0.28    0.00    7.14 ^ wire175/A (sky130_fd_sc_hd__buf_4)
                  0.16    0.20    7.33 ^ wire175/X (sky130_fd_sc_hd__buf_4)
     2    0.08                           net175 (net)
                  0.17    0.02    7.36 ^ _09547_/A (sky130_fd_sc_hd__xnor2_4)
                  0.07    0.08    7.44 v _09547_/Y (sky130_fd_sc_hd__xnor2_4)
     2    0.02                           _03219_ (net)
                  0.07    0.00    7.44 v _09548_/B (sky130_fd_sc_hd__xnor2_4)
                  0.16    0.17    7.61 ^ _09548_/Y (sky130_fd_sc_hd__xnor2_4)
     2    0.02                           _03220_ (net)
                  0.16    0.00    7.61 ^ _09551_/A (sky130_fd_sc_hd__xor2_4)
                  0.18    0.18    7.79 ^ _09551_/X (sky130_fd_sc_hd__xor2_4)
     2    0.03                           _03224_ (net)
                  0.18    0.00    7.79 ^ _09552_/B (sky130_fd_sc_hd__xnor2_4)
                  0.07    0.08    7.87 v _09552_/Y (sky130_fd_sc_hd__xnor2_4)
     3    0.03                           _03225_ (net)
                  0.07    0.00    7.87 v _09553_/B (sky130_fd_sc_hd__xnor2_4)
                  0.08    0.13    8.00 v _09553_/Y (sky130_fd_sc_hd__xnor2_4)
     3    0.03                           _03226_ (net)
                  0.08    0.00    8.00 v _09954_/B (sky130_fd_sc_hd__or4_4)
                  0.07    0.36    8.36 v _09954_/X (sky130_fd_sc_hd__or4_4)
     3    0.02                           _03664_ (net)
                  0.07    0.00    8.36 v _09956_/B1 (sky130_fd_sc_hd__a21o_1)
                  0.04    0.11    8.47 v _09956_/X (sky130_fd_sc_hd__a21o_1)
     1    0.01                           _03666_ (net)
                  0.04    0.00    8.47 v _09960_/B1 (sky130_fd_sc_hd__o311ai_4)
                  0.30    0.10    8.57 ^ _09960_/Y (sky130_fd_sc_hd__o311ai_4)
     2    0.03                           _03670_ (net)
                  0.30    0.00    8.57 ^ wire164/A (sky130_fd_sc_hd__buf_6)
                  0.09    0.13    8.70 ^ wire164/X (sky130_fd_sc_hd__buf_6)
     1    0.05                           net164 (net)
                  0.09    0.01    8.71 ^ wire163/A (sky130_fd_sc_hd__buf_6)
                  0.06    0.10    8.81 ^ wire163/X (sky130_fd_sc_hd__buf_6)
     1    0.04                           net163 (net)
                  0.06    0.01    8.82 ^ _10767_/B2 (sky130_fd_sc_hd__a221oi_4)
                  0.10    0.07    8.89 v _10767_/Y (sky130_fd_sc_hd__a221oi_4)
     1    0.03                           _04549_ (net)
                  0.10    0.00    8.89 v wire160/A (sky130_fd_sc_hd__buf_6)
                  0.04    0.13    9.02 v wire160/X (sky130_fd_sc_hd__buf_6)
     1    0.05                           net160 (net)
                  0.05    0.01    9.03 v wire159/A (sky130_fd_sc_hd__buf_8)
                  0.03    0.10    9.13 v wire159/X (sky130_fd_sc_hd__buf_8)
     3    0.03                           net159 (net)
                  0.03    0.00    9.13 v _11278_/A2 (sky130_fd_sc_hd__a2111o_1)
                  0.07    0.30    9.43 v _11278_/X (sky130_fd_sc_hd__a2111o_1)
     3    0.01                           _05103_ (net)
                  0.07    0.00    9.43 v _11282_/A (sky130_fd_sc_hd__and2_4)
                  0.04    0.13    9.56 v _11282_/X (sky130_fd_sc_hd__and2_4)
     2    0.02                           _05108_ (net)
                  0.04    0.00    9.56 v _11360_/A1 (sky130_fd_sc_hd__o21a_2)
                  0.05    0.17    9.73 v _11360_/X (sky130_fd_sc_hd__o21a_2)
     2    0.02                           _05191_ (net)
                  0.05    0.00    9.73 v _11361_/B (sky130_fd_sc_hd__xor2_4)
                  0.37    0.32   10.06 ^ _11361_/X (sky130_fd_sc_hd__xor2_4)
     1    0.07                           net118 (net)
                  0.37    0.02   10.08 ^ wire131/A (sky130_fd_sc_hd__buf_8)
                  0.11    0.13   10.21 ^ wire131/X (sky130_fd_sc_hd__buf_8)
     1    0.08                           net131 (net)
                  0.12    0.03   10.23 ^ wire130/A (sky130_fd_sc_hd__buf_8)
                  0.09    0.12   10.35 ^ wire130/X (sky130_fd_sc_hd__buf_8)
     2    0.07                           net130 (net)
                  0.10    0.03   10.38 ^ output118/A (sky130_fd_sc_hd__buf_4)
                  0.08    0.13   10.50 ^ output118/X (sky130_fd_sc_hd__buf_4)
     1    0.03                           product[58] (net)
                  0.08    0.00   10.51 ^ product[58] (out)
                                 10.51   data arrival time

                  0.00   20.00   20.00   clock clk (rise edge)
                          0.00   20.00   clock network delay (ideal)
                         -0.25   19.75   clock uncertainty
                          0.00   19.75   clock reconvergence pessimism
                         -4.00   15.75   output external delay
                                 15.75   data required time
-----------------------------------------------------------------------------
                                 15.75   data required time
                                -10.51   data arrival time
-----------------------------------------------------------------------------
                                  5.24   slack (MET)



======================= Slowest Corner ===================================

Startpoint: mplier[13] (input port clocked by clk)
Endpoint: product[58] (output port clocked by clk)
Path Group: clk
Path Type: max
Corner: Slowest

Fanout     Cap    Slew   Delay    Time   Description
-----------------------------------------------------------------------------
                  0.00    0.00    0.00   clock clk (rise edge)
                          0.00    0.00   clock network delay (ideal)
                          4.00    4.00 ^ input external delay
                  0.07    0.05    4.05 ^ mplier[13] (in)
     1    0.01                           mplier[13] (net)
                  0.07    0.00    4.05 ^ input37/A (sky130_fd_sc_hd__buf_8)
                  0.47    0.41    4.45 ^ input37/X (sky130_fd_sc_hd__buf_8)
    12    0.19                           net37 (net)
                  0.53    0.13    4.58 ^ _06291_/A (sky130_fd_sc_hd__clkbuf_8)
                  0.27    0.60    5.18 ^ _06291_/X (sky130_fd_sc_hd__clkbuf_8)
    10    0.09                           _05423_ (net)
                  0.27    0.02    5.20 ^ _06760_/A (sky130_fd_sc_hd__buf_4)
                  0.43    0.58    5.78 ^ _06760_/X (sky130_fd_sc_hd__buf_4)
    10    0.10                           _00187_ (net)
                  0.43    0.01    5.78 ^ _07717_/A (sky130_fd_sc_hd__buf_6)
                  0.39    0.56    6.35 ^ _07717_/X (sky130_fd_sc_hd__buf_6)
    10    0.12                           _01221_ (net)
                  0.39    0.02    6.37 ^ _09443_/A1 (sky130_fd_sc_hd__a32o_1)
                  0.27    0.61    6.98 ^ _09443_/X (sky130_fd_sc_hd__a32o_1)
     2    0.01                           _03105_ (net)
                  0.27    0.00    6.98 ^ _09448_/A (sky130_fd_sc_hd__nand3_4)
                  0.39    0.43    7.41 v _09448_/Y (sky130_fd_sc_hd__nand3_4)
     5    0.05                           _03110_ (net)
                  0.39    0.00    7.41 v _09451_/A1 (sky130_fd_sc_hd__a21o_1)
                  0.14    0.52    7.93 v _09451_/X (sky130_fd_sc_hd__a21o_1)
     2    0.01                           _03114_ (net)
                  0.14    0.00    7.93 v _09452_/C (sky130_fd_sc_hd__and3_4)
                  0.14    0.48    8.41 v _09452_/X (sky130_fd_sc_hd__and3_4)
     5    0.05                           _03115_ (net)
                  0.14    0.00    8.41 v _09454_/B1 (sky130_fd_sc_hd__a211o_1)
                  0.18    0.68    9.09 v _09454_/X (sky130_fd_sc_hd__a211o_1)
     2    0.01                           _03117_ (net)
                  0.18    0.00    9.09 v _09457_/A1 (sky130_fd_sc_hd__a211oi_4)
                  1.05    1.06   10.15 ^ _09457_/Y (sky130_fd_sc_hd__a211oi_4)
     3    0.06                           _03120_ (net)
                  1.05    0.01   10.16 ^ _09458_/C (sky130_fd_sc_hd__nor3_1)
                  0.24    0.44   10.60 v _09458_/Y (sky130_fd_sc_hd__nor3_1)
     2    0.01                           _03121_ (net)
                  0.24    0.00   10.60 v _09461_/A1 (sky130_fd_sc_hd__o211a_1)
                  0.16    0.59   11.19 v _09461_/X (sky130_fd_sc_hd__o211a_1)
     2    0.01                           _03125_ (net)
                  0.16    0.00   11.19 v _09463_/A2 (sky130_fd_sc_hd__o211ai_2)
                  0.28    0.34   11.53 ^ _09463_/Y (sky130_fd_sc_hd__o211ai_2)
     2    0.01                           _03127_ (net)
                  0.28    0.00   11.53 ^ _09464_/B_N (sky130_fd_sc_hd__or2b_2)
                  0.18    0.88   12.41 v _09464_/X (sky130_fd_sc_hd__or2b_2)
     1    0.02                           _03128_ (net)
                  0.18    0.00   12.41 v _09544_/A (sky130_fd_sc_hd__xnor2_4)
                  0.58    0.63   13.04 ^ _09544_/Y (sky130_fd_sc_hd__xnor2_4)
     1    0.05                           _03216_ (net)
                  0.58    0.00   13.05 ^ wire175/A (sky130_fd_sc_hd__buf_4)
                  0.34    0.64   13.69 ^ wire175/X (sky130_fd_sc_hd__buf_4)
     2    0.08                           net175 (net)
                  0.34    0.02   13.71 ^ _09547_/A (sky130_fd_sc_hd__xnor2_4)
                  0.38    0.38   14.09 ^ _09547_/Y (sky130_fd_sc_hd__xnor2_4)
     2    0.03                           _03219_ (net)
                  0.38    0.00   14.09 ^ _09548_/B (sky130_fd_sc_hd__xnor2_4)
                  0.33    0.37   14.46 ^ _09548_/Y (sky130_fd_sc_hd__xnor2_4)
     2    0.02                           _03220_ (net)
                  0.33    0.00   14.46 ^ _09551_/A (sky130_fd_sc_hd__xor2_4)
                  0.37    0.50   14.97 ^ _09551_/X (sky130_fd_sc_hd__xor2_4)
     2    0.03                           _03224_ (net)
                  0.37    0.00   14.97 ^ _09552_/B (sky130_fd_sc_hd__xnor2_4)
                  0.38    0.38   15.35 ^ _09552_/Y (sky130_fd_sc_hd__xnor2_4)
     3    0.03                           _03225_ (net)
                  0.38    0.00   15.35 ^ _09553_/B (sky130_fd_sc_hd__xnor2_4)
                  0.18    0.30   15.65 v _09553_/Y (sky130_fd_sc_hd__xnor2_4)
     3    0.03                           _03226_ (net)
                  0.18    0.00   15.65 v _09954_/B (sky130_fd_sc_hd__or4_4)
                  0.20    1.19   16.84 v _09954_/X (sky130_fd_sc_hd__or4_4)
     3    0.02                           _03664_ (net)
                  0.20    0.00   16.84 v _09956_/B1 (sky130_fd_sc_hd__a21o_1)
                  0.11    0.40   17.24 v _09956_/X (sky130_fd_sc_hd__a21o_1)
     1    0.01                           _03666_ (net)
                  0.11    0.00   17.24 v _09960_/B1 (sky130_fd_sc_hd__o311ai_4)
                  0.62    0.23   17.47 ^ _09960_/Y (sky130_fd_sc_hd__o311ai_4)
     2    0.03                           _03670_ (net)
                  0.62    0.00   17.47 ^ wire164/A (sky130_fd_sc_hd__buf_6)
                  0.18    0.49   17.96 ^ wire164/X (sky130_fd_sc_hd__buf_6)
     1    0.05                           net164 (net)
                  0.18    0.01   17.97 ^ wire163/A (sky130_fd_sc_hd__buf_6)
                  0.13    0.29   18.26 ^ wire163/X (sky130_fd_sc_hd__buf_6)
     1    0.04                           net163 (net)
                  0.13    0.01   18.27 ^ _10767_/B2 (sky130_fd_sc_hd__a221oi_4)
                  0.24    0.23   18.49 v _10767_/Y (sky130_fd_sc_hd__a221oi_4)
     1    0.03                           _04549_ (net)
                  0.24    0.01   18.50 v wire160/A (sky130_fd_sc_hd__buf_6)
                  0.09    0.36   18.85 v wire160/X (sky130_fd_sc_hd__buf_6)
     1    0.05                           net160 (net)
                  0.10    0.01   18.86 v wire159/A (sky130_fd_sc_hd__buf_8)
                  0.07    0.26   19.12 v wire159/X (sky130_fd_sc_hd__buf_8)
     3    0.03                           net159 (net)
                  0.07    0.00   19.13 v _11278_/A2 (sky130_fd_sc_hd__a2111o_1)
                  0.21    0.93   20.06 v _11278_/X (sky130_fd_sc_hd__a2111o_1)
     3    0.01                           _05103_ (net)
                  0.21    0.00   20.06 v _11282_/A (sky130_fd_sc_hd__and2_4)
                  0.09    0.37   20.43 v _11282_/X (sky130_fd_sc_hd__and2_4)
     2    0.02                           _05108_ (net)
                  0.09    0.00   20.43 v _11360_/A1 (sky130_fd_sc_hd__o21a_2)
                  0.13    0.50   20.93 v _11360_/X (sky130_fd_sc_hd__o21a_2)
     2    0.02                           _05191_ (net)
                  0.13    0.00   20.94 v _11361_/B (sky130_fd_sc_hd__xor2_4)
                  0.76    0.72   21.66 ^ _11361_/X (sky130_fd_sc_hd__xor2_4)
     1    0.07                           net118 (net)
                  0.76    0.02   21.68 ^ wire131/A (sky130_fd_sc_hd__buf_8)
                  0.22    0.53   22.21 ^ wire131/X (sky130_fd_sc_hd__buf_8)
     1    0.08                           net131 (net)
                  0.23    0.03   22.24 ^ wire130/A (sky130_fd_sc_hd__buf_8)
                  0.19    0.34   22.59 ^ wire130/X (sky130_fd_sc_hd__buf_8)
     2    0.07                           net130 (net)
                  0.19    0.03   22.61 ^ output118/A (sky130_fd_sc_hd__buf_4)
                  0.17    0.35   22.97 ^ output118/X (sky130_fd_sc_hd__buf_4)
     1    0.03                           product[58] (net)
                  0.17    0.00   22.97 ^ product[58] (out)
                                 22.97   data arrival time

                  0.00   20.00   20.00   clock clk (rise edge)
                          0.00   20.00   clock network delay (ideal)
                         -0.25   19.75   clock uncertainty
                          0.00   19.75   clock reconvergence pessimism
                         -4.00   15.75   output external delay
                                 15.75   data required time
-----------------------------------------------------------------------------
                                 15.75   data required time
                                -22.97   data arrival time
-----------------------------------------------------------------------------
                                 -7.22   slack (VIOLATED)



======================= Typical Corner ===================================

Startpoint: mcand[21] (input port clocked by clk)
Endpoint: product[58] (output port clocked by clk)
Path Group: clk
Path Type: max
Corner: Typical

Fanout     Cap    Slew   Delay    Time   Description
-----------------------------------------------------------------------------
                  0.00    0.00    0.00   clock clk (rise edge)
                          0.00    0.00   clock network delay (ideal)
                          4.00    4.00 ^ input external delay
                  0.05    0.03    4.03 ^ mcand[21] (in)
     1    0.01                           mcand[21] (net)
                  0.05    0.00    4.03 ^ input14/A (sky130_fd_sc_hd__clkbuf_16)
                  0.17    0.19    4.22 ^ input14/X (sky130_fd_sc_hd__clkbuf_16)
     6    0.18                           net14 (net)
                  0.30    0.13    4.35 ^ _07051_/A (sky130_fd_sc_hd__buf_4)
                  0.26    0.36    4.70 ^ _07051_/X (sky130_fd_sc_hd__buf_4)
    10    0.09                           _00494_ (net)
                  0.26    0.01    4.72 ^ _07283_/A (sky130_fd_sc_hd__buf_4)
                  0.27    0.34    5.06 ^ _07283_/X (sky130_fd_sc_hd__buf_4)
    10    0.10                           _00747_ (net)
                  0.27    0.02    5.08 ^ _08337_/A (sky130_fd_sc_hd__clkbuf_8)
                  0.20    0.33    5.41 ^ _08337_/X (sky130_fd_sc_hd__clkbuf_8)
    10    0.11                           _01898_ (net)
                  0.20    0.02    5.42 ^ _09443_/B2 (sky130_fd_sc_hd__a32o_1)
                  0.16    0.25    5.68 ^ _09443_/X (sky130_fd_sc_hd__a32o_1)
     2    0.01                           _03105_ (net)
                  0.16    0.00    5.68 ^ _09448_/A (sky130_fd_sc_hd__nand3_4)
                  0.19    0.20    5.88 v _09448_/Y (sky130_fd_sc_hd__nand3_4)
     5    0.05                           _03110_ (net)
                  0.19    0.00    5.88 v _09451_/A1 (sky130_fd_sc_hd__a21o_1)
                  0.07    0.26    6.14 v _09451_/X (sky130_fd_sc_hd__a21o_1)
     2    0.01                           _03114_ (net)
                  0.07    0.00    6.14 v _09452_/C (sky130_fd_sc_hd__and3_4)
                  0.08    0.26    6.40 v _09452_/X (sky130_fd_sc_hd__and3_4)
     5    0.05                           _03115_ (net)
                  0.08    0.00    6.40 v _09454_/B1 (sky130_fd_sc_hd__a211o_1)
                  0.10    0.35    6.76 v _09454_/X (sky130_fd_sc_hd__a211o_1)
     2    0.01                           _03117_ (net)
                  0.10    0.00    6.76 v _09457_/A1 (sky130_fd_sc_hd__a211oi_4)
                  0.65    0.63    7.38 ^ _09457_/Y (sky130_fd_sc_hd__a211oi_4)
     3    0.06                           _03120_ (net)
                  0.65    0.01    7.40 ^ _09458_/C (sky130_fd_sc_hd__nor3_1)
                  0.15    0.17    7.57 v _09458_/Y (sky130_fd_sc_hd__nor3_1)
     2    0.01                           _03121_ (net)
                  0.15    0.00    7.57 v _09461_/A1 (sky130_fd_sc_hd__o211a_1)
                  0.08    0.32    7.88 v _09461_/X (sky130_fd_sc_hd__o211a_1)
     2    0.01                           _03125_ (net)
                  0.08    0.00    7.89 v _09463_/A2 (sky130_fd_sc_hd__o211ai_2)
                  0.18    0.20    8.08 ^ _09463_/Y (sky130_fd_sc_hd__o211ai_2)
     2    0.01                           _03127_ (net)
                  0.18    0.00    8.08 ^ _09464_/B_N (sky130_fd_sc_hd__or2b_2)
                  0.09    0.38    8.47 v _09464_/X (sky130_fd_sc_hd__or2b_2)
     1    0.02                           _03128_ (net)
                  0.09    0.00    8.47 v _09544_/A (sky130_fd_sc_hd__xnor2_4)
                  0.37    0.38    8.85 ^ _09544_/Y (sky130_fd_sc_hd__xnor2_4)
     1    0.05                           _03216_ (net)
                  0.37    0.00    8.85 ^ wire175/A (sky130_fd_sc_hd__buf_4)
                  0.21    0.32    9.18 ^ wire175/X (sky130_fd_sc_hd__buf_4)
     2    0.08                           net175 (net)
                  0.22    0.02    9.20 ^ _09547_/A (sky130_fd_sc_hd__xnor2_4)
                  0.25    0.20    9.40 ^ _09547_/Y (sky130_fd_sc_hd__xnor2_4)
     2    0.03                           _03219_ (net)
                  0.25    0.00    9.40 ^ _09548_/B (sky130_fd_sc_hd__xnor2_4)
                  0.22    0.19    9.59 ^ _09548_/Y (sky130_fd_sc_hd__xnor2_4)
     2    0.02                           _03220_ (net)
                  0.22    0.00    9.59 ^ _09551_/A (sky130_fd_sc_hd__xor2_4)
                  0.24    0.28    9.87 ^ _09551_/X (sky130_fd_sc_hd__xor2_4)
     2    0.03                           _03224_ (net)
                  0.24    0.00    9.87 ^ _09552_/B (sky130_fd_sc_hd__xnor2_4)
                  0.25    0.20   10.06 ^ _09552_/Y (sky130_fd_sc_hd__xnor2_4)
     3    0.03                           _03225_ (net)
                  0.25    0.00   10.07 ^ _09553_/B (sky130_fd_sc_hd__xnor2_4)
                  0.10    0.14   10.21 v _09553_/Y (sky130_fd_sc_hd__xnor2_4)
     3    0.03                           _03226_ (net)
                  0.10    0.00   10.21 v _09954_/B (sky130_fd_sc_hd__or4_4)
                  0.11    0.60   10.81 v _09954_/X (sky130_fd_sc_hd__or4_4)
     3    0.02                           _03664_ (net)
                  0.11    0.00   10.81 v _09956_/B1 (sky130_fd_sc_hd__a21o_1)
                  0.06    0.21   11.02 v _09956_/X (sky130_fd_sc_hd__a21o_1)
     1    0.01                           _03666_ (net)
                  0.06    0.00   11.02 v _09960_/B1 (sky130_fd_sc_hd__o311ai_4)
                  0.40    0.14   11.16 ^ _09960_/Y (sky130_fd_sc_hd__o311ai_4)
     2    0.03                           _03670_ (net)
                  0.40    0.00   11.16 ^ wire164/A (sky130_fd_sc_hd__buf_6)
                  0.11    0.23   11.39 ^ wire164/X (sky130_fd_sc_hd__buf_6)
     1    0.05                           net164 (net)
                  0.12    0.01   11.40 ^ wire163/A (sky130_fd_sc_hd__buf_6)
                  0.08    0.16   11.56 ^ wire163/X (sky130_fd_sc_hd__buf_6)
     1    0.04                           net163 (net)
                  0.08    0.01   11.57 ^ _10767_/B2 (sky130_fd_sc_hd__a221oi_4)
                  0.14    0.11   11.68 v _10767_/Y (sky130_fd_sc_hd__a221oi_4)
     1    0.03                           _04549_ (net)
                  0.14    0.00   11.68 v wire160/A (sky130_fd_sc_hd__buf_6)
                  0.06    0.19   11.88 v wire160/X (sky130_fd_sc_hd__buf_6)
     1    0.05                           net160 (net)
                  0.06    0.01   11.89 v wire159/A (sky130_fd_sc_hd__buf_8)
                  0.04    0.14   12.03 v wire159/X (sky130_fd_sc_hd__buf_8)
     3    0.03                           net159 (net)
                  0.04    0.00   12.04 v _11278_/A2 (sky130_fd_sc_hd__a2111o_1)
                  0.11    0.48   12.52 v _11278_/X (sky130_fd_sc_hd__a2111o_1)
     3    0.01                           _05103_ (net)
                  0.11    0.00   12.52 v _11282_/A (sky130_fd_sc_hd__and2_4)
                  0.05    0.19   12.71 v _11282_/X (sky130_fd_sc_hd__and2_4)
     2    0.02                           _05108_ (net)
                  0.05    0.00   12.71 v _11360_/A1 (sky130_fd_sc_hd__o21a_2)
                  0.07    0.26   12.98 v _11360_/X (sky130_fd_sc_hd__o21a_2)
     2    0.02                           _05191_ (net)
                  0.07    0.00   12.98 v _11361_/B (sky130_fd_sc_hd__xor2_4)
                  0.49    0.45   13.42 ^ _11361_/X (sky130_fd_sc_hd__xor2_4)
     1    0.07                           net118 (net)
                  0.49    0.02   13.45 ^ wire131/A (sky130_fd_sc_hd__buf_8)
                  0.14    0.25   13.69 ^ wire131/X (sky130_fd_sc_hd__buf_8)
     1    0.08                           net131 (net)
                  0.15    0.03   13.72 ^ wire130/A (sky130_fd_sc_hd__buf_8)
                  0.12    0.18   13.90 ^ wire130/X (sky130_fd_sc_hd__buf_8)
     2    0.07                           net130 (net)
                  0.13    0.03   13.93 ^ output118/A (sky130_fd_sc_hd__buf_4)
                  0.10    0.19   14.13 ^ output118/X (sky130_fd_sc_hd__buf_4)
     1    0.03                           product[58] (net)
                  0.10    0.00   14.13 ^ product[58] (out)
                                 14.13   data arrival time

                  0.00   20.00   20.00   clock clk (rise edge)
                          0.00   20.00   clock network delay (ideal)
                         -0.25   19.75   clock uncertainty
                          0.00   19.75   clock reconvergence pessimism
                         -4.00   15.75   output external delay
                                 15.75   data required time
-----------------------------------------------------------------------------
                                 15.75   data required time
                                -14.13   data arrival time
-----------------------------------------------------------------------------
                                  1.62   slack (MET)




===========================================================================
report_checks --slack_max -0.01
============================================================================
======================= Fastest Corner ===================================

No paths found.

======================= Slowest Corner ===================================

Startpoint: mplier[13] (input port clocked by clk)
Endpoint: product[58] (output port clocked by clk)
Path Group: clk
Path Type: max
Corner: Slowest

Fanout     Cap    Slew   Delay    Time   Description
-----------------------------------------------------------------------------
                  0.00    0.00    0.00   clock clk (rise edge)
                          0.00    0.00   clock network delay (ideal)
                          4.00    4.00 ^ input external delay
                  0.07    0.05    4.05 ^ mplier[13] (in)
     1    0.01                           mplier[13] (net)
                  0.07    0.00    4.05 ^ input37/A (sky130_fd_sc_hd__buf_8)
                  0.47    0.41    4.45 ^ input37/X (sky130_fd_sc_hd__buf_8)
    12    0.19                           net37 (net)
                  0.53    0.13    4.58 ^ _06291_/A (sky130_fd_sc_hd__clkbuf_8)
                  0.27    0.60    5.18 ^ _06291_/X (sky130_fd_sc_hd__clkbuf_8)
    10    0.09                           _05423_ (net)
                  0.27    0.02    5.20 ^ _06760_/A (sky130_fd_sc_hd__buf_4)
                  0.43    0.58    5.78 ^ _06760_/X (sky130_fd_sc_hd__buf_4)
    10    0.10                           _00187_ (net)
                  0.43    0.01    5.78 ^ _07717_/A (sky130_fd_sc_hd__buf_6)
                  0.39    0.56    6.35 ^ _07717_/X (sky130_fd_sc_hd__buf_6)
    10    0.12                           _01221_ (net)
                  0.39    0.02    6.37 ^ _09443_/A1 (sky130_fd_sc_hd__a32o_1)
                  0.27    0.61    6.98 ^ _09443_/X (sky130_fd_sc_hd__a32o_1)
     2    0.01                           _03105_ (net)
                  0.27    0.00    6.98 ^ _09448_/A (sky130_fd_sc_hd__nand3_4)
                  0.39    0.43    7.41 v _09448_/Y (sky130_fd_sc_hd__nand3_4)
     5    0.05                           _03110_ (net)
                  0.39    0.00    7.41 v _09451_/A1 (sky130_fd_sc_hd__a21o_1)
                  0.14    0.52    7.93 v _09451_/X (sky130_fd_sc_hd__a21o_1)
     2    0.01                           _03114_ (net)
                  0.14    0.00    7.93 v _09452_/C (sky130_fd_sc_hd__and3_4)
                  0.14    0.48    8.41 v _09452_/X (sky130_fd_sc_hd__and3_4)
     5    0.05                           _03115_ (net)
                  0.14    0.00    8.41 v _09454_/B1 (sky130_fd_sc_hd__a211o_1)
                  0.18    0.68    9.09 v _09454_/X (sky130_fd_sc_hd__a211o_1)
     2    0.01                           _03117_ (net)
                  0.18    0.00    9.09 v _09457_/A1 (sky130_fd_sc_hd__a211oi_4)
                  1.05    1.06   10.15 ^ _09457_/Y (sky130_fd_sc_hd__a211oi_4)
     3    0.06                           _03120_ (net)
                  1.05    0.01   10.16 ^ _09458_/C (sky130_fd_sc_hd__nor3_1)
                  0.24    0.44   10.60 v _09458_/Y (sky130_fd_sc_hd__nor3_1)
     2    0.01                           _03121_ (net)
                  0.24    0.00   10.60 v _09461_/A1 (sky130_fd_sc_hd__o211a_1)
                  0.16    0.59   11.19 v _09461_/X (sky130_fd_sc_hd__o211a_1)
     2    0.01                           _03125_ (net)
                  0.16    0.00   11.19 v _09463_/A2 (sky130_fd_sc_hd__o211ai_2)
                  0.28    0.34   11.53 ^ _09463_/Y (sky130_fd_sc_hd__o211ai_2)
     2    0.01                           _03127_ (net)
                  0.28    0.00   11.53 ^ _09464_/B_N (sky130_fd_sc_hd__or2b_2)
                  0.18    0.88   12.41 v _09464_/X (sky130_fd_sc_hd__or2b_2)
     1    0.02                           _03128_ (net)
                  0.18    0.00   12.41 v _09544_/A (sky130_fd_sc_hd__xnor2_4)
                  0.58    0.63   13.04 ^ _09544_/Y (sky130_fd_sc_hd__xnor2_4)
     1    0.05                           _03216_ (net)
                  0.58    0.00   13.05 ^ wire175/A (sky130_fd_sc_hd__buf_4)
                  0.34    0.64   13.69 ^ wire175/X (sky130_fd_sc_hd__buf_4)
     2    0.08                           net175 (net)
                  0.34    0.02   13.71 ^ _09547_/A (sky130_fd_sc_hd__xnor2_4)
                  0.38    0.38   14.09 ^ _09547_/Y (sky130_fd_sc_hd__xnor2_4)
     2    0.03                           _03219_ (net)
                  0.38    0.00   14.09 ^ _09548_/B (sky130_fd_sc_hd__xnor2_4)
                  0.33    0.37   14.46 ^ _09548_/Y (sky130_fd_sc_hd__xnor2_4)
     2    0.02                           _03220_ (net)
                  0.33    0.00   14.46 ^ _09551_/A (sky130_fd_sc_hd__xor2_4)
                  0.37    0.50   14.97 ^ _09551_/X (sky130_fd_sc_hd__xor2_4)
     2    0.03                           _03224_ (net)
                  0.37    0.00   14.97 ^ _09552_/B (sky130_fd_sc_hd__xnor2_4)
                  0.38    0.38   15.35 ^ _09552_/Y (sky130_fd_sc_hd__xnor2_4)
     3    0.03                           _03225_ (net)
                  0.38    0.00   15.35 ^ _09553_/B (sky130_fd_sc_hd__xnor2_4)
                  0.18    0.30   15.65 v _09553_/Y (sky130_fd_sc_hd__xnor2_4)
     3    0.03                           _03226_ (net)
                  0.18    0.00   15.65 v _09954_/B (sky130_fd_sc_hd__or4_4)
                  0.20    1.19   16.84 v _09954_/X (sky130_fd_sc_hd__or4_4)
     3    0.02                           _03664_ (net)
                  0.20    0.00   16.84 v _09956_/B1 (sky130_fd_sc_hd__a21o_1)
                  0.11    0.40   17.24 v _09956_/X (sky130_fd_sc_hd__a21o_1)
     1    0.01                           _03666_ (net)
                  0.11    0.00   17.24 v _09960_/B1 (sky130_fd_sc_hd__o311ai_4)
                  0.62    0.23   17.47 ^ _09960_/Y (sky130_fd_sc_hd__o311ai_4)
     2    0.03                           _03670_ (net)
                  0.62    0.00   17.47 ^ wire164/A (sky130_fd_sc_hd__buf_6)
                  0.18    0.49   17.96 ^ wire164/X (sky130_fd_sc_hd__buf_6)
     1    0.05                           net164 (net)
                  0.18    0.01   17.97 ^ wire163/A (sky130_fd_sc_hd__buf_6)
                  0.13    0.29   18.26 ^ wire163/X (sky130_fd_sc_hd__buf_6)
     1    0.04                           net163 (net)
                  0.13    0.01   18.27 ^ _10767_/B2 (sky130_fd_sc_hd__a221oi_4)
                  0.24    0.23   18.49 v _10767_/Y (sky130_fd_sc_hd__a221oi_4)
     1    0.03                           _04549_ (net)
                  0.24    0.01   18.50 v wire160/A (sky130_fd_sc_hd__buf_6)
                  0.09    0.36   18.85 v wire160/X (sky130_fd_sc_hd__buf_6)
     1    0.05                           net160 (net)
                  0.10    0.01   18.86 v wire159/A (sky130_fd_sc_hd__buf_8)
                  0.07    0.26   19.12 v wire159/X (sky130_fd_sc_hd__buf_8)
     3    0.03                           net159 (net)
                  0.07    0.00   19.13 v _11278_/A2 (sky130_fd_sc_hd__a2111o_1)
                  0.21    0.93   20.06 v _11278_/X (sky130_fd_sc_hd__a2111o_1)
     3    0.01                           _05103_ (net)
                  0.21    0.00   20.06 v _11282_/A (sky130_fd_sc_hd__and2_4)
                  0.09    0.37   20.43 v _11282_/X (sky130_fd_sc_hd__and2_4)
     2    0.02                           _05108_ (net)
                  0.09    0.00   20.43 v _11360_/A1 (sky130_fd_sc_hd__o21a_2)
                  0.13    0.50   20.93 v _11360_/X (sky130_fd_sc_hd__o21a_2)
     2    0.02                           _05191_ (net)
                  0.13    0.00   20.94 v _11361_/B (sky130_fd_sc_hd__xor2_4)
                  0.76    0.72   21.66 ^ _11361_/X (sky130_fd_sc_hd__xor2_4)
     1    0.07                           net118 (net)
                  0.76    0.02   21.68 ^ wire131/A (sky130_fd_sc_hd__buf_8)
                  0.22    0.53   22.21 ^ wire131/X (sky130_fd_sc_hd__buf_8)
     1    0.08                           net131 (net)
                  0.23    0.03   22.24 ^ wire130/A (sky130_fd_sc_hd__buf_8)
                  0.19    0.34   22.59 ^ wire130/X (sky130_fd_sc_hd__buf_8)
     2    0.07                           net130 (net)
                  0.19    0.03   22.61 ^ output118/A (sky130_fd_sc_hd__buf_4)
                  0.17    0.35   22.97 ^ output118/X (sky130_fd_sc_hd__buf_4)
     1    0.03                           product[58] (net)
                  0.17    0.00   22.97 ^ product[58] (out)
                                 22.97   data arrival time

                  0.00   20.00   20.00   clock clk (rise edge)
                          0.00   20.00   clock network delay (ideal)
                         -0.25   19.75   clock uncertainty
                          0.00   19.75   clock reconvergence pessimism
                         -4.00   15.75   output external delay
                                 15.75   data required time
-----------------------------------------------------------------------------
                                 15.75   data required time
                                -22.97   data arrival time
-----------------------------------------------------------------------------
                                 -7.22   slack (VIOLATED)



======================= Typical Corner ===================================

No paths found.


===========================================================================
 report_check_types -max_slew -max_cap -max_fanout -violators
============================================================================
======================= Fastest Corner ===================================

max fanout

Pin                                   Limit Fanout  Slack
---------------------------------------------------------
input13/X                                10     20    -10 (VIOLATED)
_05712_/X                                10     13     -3 (VIOLATED)
_06088_/X                                10     13     -3 (VIOLATED)
_06336_/X                                10     12     -2 (VIOLATED)
_07161_/X                                10     12     -2 (VIOLATED)
_07841_/X                                10     12     -2 (VIOLATED)
_08292_/X                                10     12     -2 (VIOLATED)
_08412_/X                                10     12     -2 (VIOLATED)
_08746_/X                                10     12     -2 (VIOLATED)
input37/X                                10     12     -2 (VIOLATED)
_05705_/X                                10     11        (VIOLATED)
_05731_/X                                10     11        (VIOLATED)
_05734_/X                                10     11        (VIOLATED)
_05769_/X                                10     11        (VIOLATED)
_05861_/X                                10     11        (VIOLATED)
_05955_/X                                10     11        (VIOLATED)
_06019_/X                                10     11        (VIOLATED)
_06132_/X                                10     11        (VIOLATED)
_06174_/X                                10     11        (VIOLATED)
_06177_/X                                10     11        (VIOLATED)
_06178_/X                                10     11        (VIOLATED)
_06256_/X                                10     11        (VIOLATED)
_06284_/X                                10     11        (VIOLATED)
_06444_/X                                10     11        (VIOLATED)
_06455_/X                                10     11        (VIOLATED)
_06659_/X                                10     11        (VIOLATED)
_06725_/X                                10     11        (VIOLATED)
_06811_/X                                10     11        (VIOLATED)
_06958_/X                                10     11        (VIOLATED)
_07053_/X                                10     11        (VIOLATED)
_07110_/X                                10     11        (VIOLATED)
_07227_/X                                10     11        (VIOLATED)
_07229_/X                                10     11        (VIOLATED)
_08082_/X                                10     11        (VIOLATED)
_08212_/X                                10     11        (VIOLATED)
_08245_/X                                10     11        (VIOLATED)
_08410_/X                                10     11        (VIOLATED)
_08527_/X                                10     11        (VIOLATED)
_08580_/X                                10     11        (VIOLATED)
_08640_/X                                10     11        (VIOLATED)
_09352_/X                                10     11        (VIOLATED)
_09371_/X                                10     11        (VIOLATED)
_09510_/X                                10     11        (VIOLATED)
_09743_/X                                10     11        (VIOLATED)
_10086_/X                                10     11        (VIOLATED)
_10301_/X                                10     11        (VIOLATED)
input1/X                                 10     11        (VIOLATED)
input22/X                                10     11        (VIOLATED)
input31/X                                10     11        (VIOLATED)
input35/X                                10     11        (VIOLATED)


======================= Slowest Corner ===================================

max slew

Pin                                    Limit    Slew   Slack
------------------------------------------------------------
_09458_/C                               0.75    1.05   -0.30 (VIOLATED)
_09459_/A2                              0.75    1.05   -0.30 (VIOLATED)
_09563_/C                               0.75    1.05   -0.30 (VIOLATED)
_09457_/Y                               0.75    1.05   -0.30 (VIOLATED)
output119/A                             0.75    0.99   -0.24 (VIOLATED)
_11390_/X                               0.75    0.99   -0.24 (VIOLATED)
_09458_/A                               0.75    0.98   -0.23 (VIOLATED)
_09459_/B1                              0.75    0.98   -0.23 (VIOLATED)
_09563_/A                               0.75    0.98   -0.23 (VIOLATED)
_09439_/X                               0.75    0.98   -0.23 (VIOLATED)
output127/A                             0.75    0.97   -0.22 (VIOLATED)
wire168/A                               0.75    0.97   -0.22 (VIOLATED)
_06323_/X                               0.75    0.97   -0.22 (VIOLATED)
output82/A                              0.75    0.96   -0.21 (VIOLATED)
_07675_/Y                               0.75    0.95   -0.20 (VIOLATED)
_05945_/Y                               0.75    0.95   -0.20 (VIOLATED)
_08938_/A                               0.75    0.94   -0.19 (VIOLATED)
_09095_/A                               0.75    0.94   -0.19 (VIOLATED)
_08935_/Y                               0.75    0.94   -0.19 (VIOLATED)
_06805_/A2                              0.75    0.90   -0.15 (VIOLATED)
_06729_/B                               0.75    0.90   -0.15 (VIOLATED)
_06623_/A                               0.75    0.90   -0.15 (VIOLATED)
_06620_/Y                               0.75    0.90   -0.15 (VIOLATED)
_07447_/A                               0.75    0.89   -0.14 (VIOLATED)
_07549_/A                               0.75    0.89   -0.14 (VIOLATED)
_07445_/Y                               0.75    0.89   -0.14 (VIOLATED)
output88/A                              0.75    0.88   -0.13 (VIOLATED)
_08455_/X                               0.75    0.88   -0.13 (VIOLATED)
_09093_/B                               0.75    0.87   -0.12 (VIOLATED)
_09254_/B                               0.75    0.87   -0.12 (VIOLATED)
_09092_/Y                               0.75    0.87   -0.12 (VIOLATED)
wire158/A                               0.75    0.86   -0.11 (VIOLATED)
_07032_/Y                               0.75    0.86   -0.11 (VIOLATED)
_09599_/A                               0.75    0.85   -0.10 (VIOLATED)
rebuffer61/A                            0.75    0.85   -0.10 (VIOLATED)
_09774_/A                               0.75    0.85   -0.10 (VIOLATED)
_09580_/X                               0.75    0.85   -0.10 (VIOLATED)
output115/A                             0.75    0.85   -0.10 (VIOLATED)
_11240_/Y                               0.75    0.85   -0.10 (VIOLATED)
output94/A                              0.75    0.82   -0.07 (VIOLATED)
_09417_/X                               0.75    0.82   -0.07 (VIOLATED)
_08329_/C                               0.75    0.81   -0.06 (VIOLATED)
_08330_/A2                              0.75    0.81   -0.06 (VIOLATED)
_08328_/Y                               0.75    0.81   -0.06 (VIOLATED)
_06686_/A1                              0.75    0.80   -0.05 (VIOLATED)
_06685_/B1                              0.75    0.80   -0.05 (VIOLATED)
max_cap201/A                            0.75    0.80   -0.05 (VIOLATED)
_06683_/Y                               0.75    0.80   -0.05 (VIOLATED)
_07998_/A1                              0.75    0.80   -0.05 (VIOLATED)
_07997_/A                               0.75    0.80   -0.05 (VIOLATED)
_07975_/Y                               0.75    0.80   -0.05 (VIOLATED)
_07036_/B                               0.75    0.80   -0.05 (VIOLATED)
_07037_/A2                              0.75    0.80   -0.05 (VIOLATED)
_06928_/B                               0.75    0.80   -0.05 (VIOLATED)
_08505_/B1                              0.75    0.80   -0.05 (VIOLATED)
_08506_/A1                              0.75    0.80   -0.05 (VIOLATED)
_08644_/B                               0.75    0.80   -0.05 (VIOLATED)
_08503_/Y                               0.75    0.80   -0.05 (VIOLATED)
_06927_/Y                               0.75    0.80   -0.05 (VIOLATED)
_08790_/A                               0.75    0.79   -0.04 (VIOLATED)
_08791_/C                               0.75    0.79   -0.04 (VIOLATED)
_08795_/A2                              0.75    0.79   -0.04 (VIOLATED)
_08789_/Y                               0.75    0.79   -0.04 (VIOLATED)
wire137/A                               0.75    0.79   -0.04 (VIOLATED)
ANTENNA_118/DIODE                       0.75    0.79   -0.04 (VIOLATED)
_10996_/Y                               0.75    0.79   -0.04 (VIOLATED)
output100/A                             0.75    0.78   -0.03 (VIOLATED)
ANTENNA_124/DIODE                       0.75    0.78   -0.03 (VIOLATED)
ANTENNA_80/DIODE                        0.75    0.78   -0.03 (VIOLATED)
ANTENNA_117/DIODE                       0.75    0.78   -0.03 (VIOLATED)
_08127_/A                               0.75    0.78   -0.03 (VIOLATED)
_08126_/B                               0.75    0.78   -0.03 (VIOLATED)
_08113_/A                               0.75    0.78   -0.03 (VIOLATED)
_08114_/A1                              0.75    0.78   -0.03 (VIOLATED)
_08001_/Y                               0.75    0.78   -0.03 (VIOLATED)
wire167/A                               0.75    0.78   -0.03 (VIOLATED)
ANTENNA_116/DIODE                       0.75    0.78   -0.03 (VIOLATED)
_10078_/Y                               0.75    0.78   -0.03 (VIOLATED)
_06406_/Y                               0.75    0.78   -0.03 (VIOLATED)
_08680_/B                               0.75    0.77   -0.02 (VIOLATED)
_08803_/B                               0.75    0.77   -0.02 (VIOLATED)
_08679_/Y                               0.75    0.77   -0.02 (VIOLATED)
_07154_/B                               0.75    0.76   -0.01 (VIOLATED)
_07272_/B1_N                            0.75    0.76   -0.01 (VIOLATED)
_07153_/Y                               0.75    0.76   -0.01 (VIOLATED)
_07834_/A                               0.75    0.76   -0.01 (VIOLATED)
_07978_/A                               0.75    0.76   -0.01 (VIOLATED)
_08041_/Y                               0.75    0.76   -0.01 (VIOLATED)
_08108_/C1                              0.75    0.76   -0.01 (VIOLATED)
max_cap209/A                            0.75    0.76   -0.01 (VIOLATED)
_07821_/Y                               0.75    0.76   -0.01 (VIOLATED)
wire131/A                               0.75    0.76   -0.01 (VIOLATED)
_10281_/C1                              0.75    0.76   -0.01 (VIOLATED)
_10280_/A2                              0.75    0.76   -0.01 (VIOLATED)
_10244_/Y                               0.75    0.76   -0.01 (VIOLATED)
_11361_/X                               0.75    0.76   -0.01 (VIOLATED)
output98/A                              0.75    0.76   -0.01 (VIOLATED)
ANTENNA_78/DIODE                        0.75    0.76   -0.01 (VIOLATED)

max fanout

Pin                                   Limit Fanout  Slack
---------------------------------------------------------
input13/X                                10     20    -10 (VIOLATED)
_05712_/X                                10     13     -3 (VIOLATED)
_06088_/X                                10     13     -3 (VIOLATED)
_06336_/X                                10     12     -2 (VIOLATED)
_07161_/X                                10     12     -2 (VIOLATED)
_07841_/X                                10     12     -2 (VIOLATED)
_08292_/X                                10     12     -2 (VIOLATED)
_08412_/X                                10     12     -2 (VIOLATED)
_08746_/X                                10     12     -2 (VIOLATED)
input37/X                                10     12     -2 (VIOLATED)
_05705_/X                                10     11        (VIOLATED)
_05731_/X                                10     11        (VIOLATED)
_05734_/X                                10     11        (VIOLATED)
_05769_/X                                10     11        (VIOLATED)
_05861_/X                                10     11        (VIOLATED)
_05955_/X                                10     11        (VIOLATED)
_06019_/X                                10     11        (VIOLATED)
_06132_/X                                10     11        (VIOLATED)
_06174_/X                                10     11        (VIOLATED)
_06177_/X                                10     11        (VIOLATED)
_06178_/X                                10     11        (VIOLATED)
_06256_/X                                10     11        (VIOLATED)
_06284_/X                                10     11        (VIOLATED)
_06444_/X                                10     11        (VIOLATED)
_06455_/X                                10     11        (VIOLATED)
_06659_/X                                10     11        (VIOLATED)
_06725_/X                                10     11        (VIOLATED)
_06811_/X                                10     11        (VIOLATED)
_06958_/X                                10     11        (VIOLATED)
_07053_/X                                10     11        (VIOLATED)
_07110_/X                                10     11        (VIOLATED)
_07227_/X                                10     11        (VIOLATED)
_07229_/X                                10     11        (VIOLATED)
_08082_/X                                10     11        (VIOLATED)
_08212_/X                                10     11        (VIOLATED)
_08245_/X                                10     11        (VIOLATED)
_08410_/X                                10     11        (VIOLATED)
_08527_/X                                10     11        (VIOLATED)
_08580_/X                                10     11        (VIOLATED)
_08640_/X                                10     11        (VIOLATED)
_09352_/X                                10     11        (VIOLATED)
_09371_/X                                10     11        (VIOLATED)
_09510_/X                                10     11        (VIOLATED)
_09743_/X                                10     11        (VIOLATED)
_10086_/X                                10     11        (VIOLATED)
_10301_/X                                10     11        (VIOLATED)
input1/X                                 10     11        (VIOLATED)
input22/X                                10     11        (VIOLATED)
input31/X                                10     11        (VIOLATED)
input35/X                                10     11        (VIOLATED)


======================= Typical Corner ===================================

max fanout

Pin                                   Limit Fanout  Slack
---------------------------------------------------------
input13/X                                10     20    -10 (VIOLATED)
_05712_/X                                10     13     -3 (VIOLATED)
_06088_/X                                10     13     -3 (VIOLATED)
_06336_/X                                10     12     -2 (VIOLATED)
_07161_/X                                10     12     -2 (VIOLATED)
_07841_/X                                10     12     -2 (VIOLATED)
_08292_/X                                10     12     -2 (VIOLATED)
_08412_/X                                10     12     -2 (VIOLATED)
_08746_/X                                10     12     -2 (VIOLATED)
input37/X                                10     12     -2 (VIOLATED)
_05705_/X                                10     11        (VIOLATED)
_05731_/X                                10     11        (VIOLATED)
_05734_/X                                10     11        (VIOLATED)
_05769_/X                                10     11        (VIOLATED)
_05861_/X                                10     11        (VIOLATED)
_05955_/X                                10     11        (VIOLATED)
_06019_/X                                10     11        (VIOLATED)
_06132_/X                                10     11        (VIOLATED)
_06174_/X                                10     11        (VIOLATED)
_06177_/X                                10     11        (VIOLATED)
_06178_/X                                10     11        (VIOLATED)
_06256_/X                                10     11        (VIOLATED)
_06284_/X                                10     11        (VIOLATED)
_06444_/X                                10     11        (VIOLATED)
_06455_/X                                10     11        (VIOLATED)
_06659_/X                                10     11        (VIOLATED)
_06725_/X                                10     11        (VIOLATED)
_06811_/X                                10     11        (VIOLATED)
_06958_/X                                10     11        (VIOLATED)
_07053_/X                                10     11        (VIOLATED)
_07110_/X                                10     11        (VIOLATED)
_07227_/X                                10     11        (VIOLATED)
_07229_/X                                10     11        (VIOLATED)
_08082_/X                                10     11        (VIOLATED)
_08212_/X                                10     11        (VIOLATED)
_08245_/X                                10     11        (VIOLATED)
_08410_/X                                10     11        (VIOLATED)
_08527_/X                                10     11        (VIOLATED)
_08580_/X                                10     11        (VIOLATED)
_08640_/X                                10     11        (VIOLATED)
_09352_/X                                10     11        (VIOLATED)
_09371_/X                                10     11        (VIOLATED)
_09510_/X                                10     11        (VIOLATED)
_09743_/X                                10     11        (VIOLATED)
_10086_/X                                10     11        (VIOLATED)
_10301_/X                                10     11        (VIOLATED)
input1/X                                 10     11        (VIOLATED)
input22/X                                10     11        (VIOLATED)
input31/X                                10     11        (VIOLATED)
input35/X                                10     11        (VIOLATED)



===========================================================================
report_parasitic_annotation -report_unannotated
============================================================================
Found 0 unannotated drivers.
Found 0 partially unannotated drivers.

===========================================================================
max slew violation count 98
max fanout violation count 50
max cap violation count 0
============================================================================

===========================================================================
check_setup -verbose -unconstrained_endpoints -multiple_clock -no_clock -no_input_delay -loops -generated_clocks
===========================================================================
