
===========================================================================
report_checks -unconstrained
===========================================================================
======================= Fastest Corner ===================================

Startpoint: mcand[5] (input port clocked by clk)
Endpoint: _497_ (rising edge-triggered flip-flop clocked by clk)
Path Group: clk
Path Type: max
Corner: Fastest

Fanout     Cap    Slew   Delay    Time   Description
-----------------------------------------------------------------------------
                          0.00    0.00   clock clk (rise edge)
                          0.00    0.00   clock network delay (propagated)
                          2.00    2.00 ^ input external delay
                  0.01    0.01    2.01 ^ mcand[5] (in)
     1    0.00                           mcand[5] (net)
                  0.01    0.00    2.01 ^ input12/A (sky130_fd_sc_hd__buf_1)
                  0.15    0.14    2.15 ^ input12/X (sky130_fd_sc_hd__buf_1)
     2    0.02                           net12 (net)
                  0.15    0.00    2.15 ^ _305_/B (sky130_fd_sc_hd__and2_1)
                  0.09    0.14    2.28 ^ _305_/X (sky130_fd_sc_hd__and2_1)
     3    0.01                           _098_ (net)
                  0.09    0.00    2.29 ^ _307_/A_N (sky130_fd_sc_hd__and2b_1)
                  0.04    0.13    2.42 v _307_/X (sky130_fd_sc_hd__and2b_1)
     2    0.01                           _100_ (net)
                  0.04    0.00    2.42 v _332_/B (sky130_fd_sc_hd__and3_1)
                  0.03    0.11    2.53 v _332_/X (sky130_fd_sc_hd__and3_1)
     1    0.00                           _122_ (net)
                  0.03    0.00    2.53 v _337_/A2 (sky130_fd_sc_hd__a21oi_1)
                  0.19    0.19    2.72 ^ _337_/Y (sky130_fd_sc_hd__a21oi_1)
     2    0.01                           _127_ (net)
                  0.19    0.00    2.72 ^ _340_/A (sky130_fd_sc_hd__nor2_1)
                  0.08    0.09    2.80 v _340_/Y (sky130_fd_sc_hd__nor2_1)
     4    0.01                           _130_ (net)
                  0.08    0.00    2.80 v _357_/B1 (sky130_fd_sc_hd__o221a_1)
                  0.07    0.20    3.00 v _357_/X (sky130_fd_sc_hd__o221a_1)
     4    0.01                           _145_ (net)
                  0.07    0.00    3.01 v _377_/B1 (sky130_fd_sc_hd__o221a_2)
                  0.06    0.20    3.21 v _377_/X (sky130_fd_sc_hd__o221a_2)
     5    0.02                           _163_ (net)
                  0.06    0.00    3.21 v _399_/B1 (sky130_fd_sc_hd__o221a_1)
                  0.06    0.18    3.39 v _399_/X (sky130_fd_sc_hd__o221a_1)
     4    0.01                           _183_ (net)
                  0.06    0.00    3.39 v _414_/B (sky130_fd_sc_hd__or3b_1)
                  0.05    0.22    3.61 v _414_/X (sky130_fd_sc_hd__or3b_1)
     1    0.00                           _196_ (net)
                  0.05    0.00    3.61 v _415_/A3 (sky130_fd_sc_hd__a32o_1)
                  0.03    0.14    3.75 v _415_/X (sky130_fd_sc_hd__a32o_1)
     1    0.00                           _197_ (net)
                  0.03    0.00    3.75 v _416_/B (sky130_fd_sc_hd__and2_1)
                  0.03    0.10    3.85 v _416_/X (sky130_fd_sc_hd__and2_1)
     1    0.00                           _198_ (net)
                  0.03    0.00    3.85 v _417_/A (sky130_fd_sc_hd__clkbuf_1)
                  0.02    0.06    3.91 v _417_/X (sky130_fd_sc_hd__clkbuf_1)
     1    0.00                           _018_ (net)
                  0.02    0.00    3.91 v _497_/D (sky130_fd_sc_hd__dfxtp_1)
                                  3.91   data arrival time

                         10.00   10.00   clock clk (rise edge)
                          0.00   10.00   clock source latency
                  0.12    0.08   10.08 ^ clk (in)
     1    0.03                           clk (net)
                  0.12    0.00   10.08 ^ clkbuf_0_clk/A (sky130_fd_sc_hd__clkbuf_16)
                  0.06    0.13   10.21 ^ clkbuf_0_clk/X (sky130_fd_sc_hd__clkbuf_16)
     4    0.07                           clknet_0_clk (net)
                  0.07    0.00   10.21 ^ clkbuf_2_2__f_clk/A (sky130_fd_sc_hd__clkbuf_16)
                  0.07    0.11   10.32 ^ clkbuf_2_2__f_clk/X (sky130_fd_sc_hd__clkbuf_16)
    14    0.07                           clknet_2_2__leaf_clk (net)
                  0.07    0.01   10.33 ^ _497_/CLK (sky130_fd_sc_hd__dfxtp_1)
                         -0.25   10.08   clock uncertainty
                          0.00   10.08   clock reconvergence pessimism
                         -0.06   10.01   library setup time
                                 10.01   data required time
-----------------------------------------------------------------------------
                                 10.01   data required time
                                 -3.91   data arrival time
-----------------------------------------------------------------------------
                                  6.10   slack (MET)



======================= Slowest Corner ===================================

Startpoint: mcand[3] (input port clocked by clk)
Endpoint: _497_ (rising edge-triggered flip-flop clocked by clk)
Path Group: clk
Path Type: max
Corner: Slowest

Fanout     Cap    Slew   Delay    Time   Description
-----------------------------------------------------------------------------
                          0.00    0.00   clock clk (rise edge)
                          0.00    0.00   clock network delay (propagated)
                          2.00    2.00 v input external delay
                  0.02    0.01    2.01 v mcand[3] (in)
     1    0.00                           mcand[3] (net)
                  0.02    0.00    2.01 v input10/A (sky130_fd_sc_hd__clkbuf_2)
                  0.17    0.27    2.28 v input10/X (sky130_fd_sc_hd__clkbuf_2)
     3    0.02                           net10 (net)
                  0.17    0.00    2.28 v _296_/B (sky130_fd_sc_hd__or2_1)
                  0.10    0.53    2.81 v _296_/X (sky130_fd_sc_hd__or2_1)
     1    0.00                           _090_ (net)
                  0.10    0.00    2.81 v _297_/A3 (sky130_fd_sc_hd__a31o_1)
                  0.08    0.43    3.24 v _297_/X (sky130_fd_sc_hd__a31o_1)
     1    0.00                           _091_ (net)
                  0.08    0.00    3.24 v _298_/B1 (sky130_fd_sc_hd__a31o_1)
                  0.18    0.47    3.72 v _298_/X (sky130_fd_sc_hd__a31o_1)
     4    0.02                           _092_ (net)
                  0.18    0.00    3.72 v _337_/A1 (sky130_fd_sc_hd__a21oi_1)
                  0.42    0.47    4.19 ^ _337_/Y (sky130_fd_sc_hd__a21oi_1)
     2    0.01                           _127_ (net)
                  0.42    0.00    4.19 ^ _340_/A (sky130_fd_sc_hd__nor2_1)
                  0.18    0.32    4.51 v _340_/Y (sky130_fd_sc_hd__nor2_1)
     4    0.01                           _130_ (net)
                  0.18    0.00    4.51 v _357_/B1 (sky130_fd_sc_hd__o221a_1)
                  0.19    0.62    5.14 v _357_/X (sky130_fd_sc_hd__o221a_1)
     4    0.01                           _145_ (net)
                  0.19    0.00    5.14 v _377_/B1 (sky130_fd_sc_hd__o221a_2)
                  0.16    0.65    5.79 v _377_/X (sky130_fd_sc_hd__o221a_2)
     5    0.02                           _163_ (net)
                  0.16    0.00    5.79 v _399_/B1 (sky130_fd_sc_hd__o221a_1)
                  0.17    0.58    6.37 v _399_/X (sky130_fd_sc_hd__o221a_1)
     4    0.01                           _183_ (net)
                  0.17    0.00    6.37 v _414_/B (sky130_fd_sc_hd__or3b_1)
                  0.15    0.89    7.26 v _414_/X (sky130_fd_sc_hd__or3b_1)
     1    0.00                           _196_ (net)
                  0.15    0.00    7.26 v _415_/A3 (sky130_fd_sc_hd__a32o_1)
                  0.07    0.50    7.77 v _415_/X (sky130_fd_sc_hd__a32o_1)
     1    0.00                           _197_ (net)
                  0.07    0.00    7.77 v _416_/B (sky130_fd_sc_hd__and2_1)
                  0.08    0.34    8.10 v _416_/X (sky130_fd_sc_hd__and2_1)
     1    0.00                           _198_ (net)
                  0.08    0.00    8.10 v _417_/A (sky130_fd_sc_hd__clkbuf_1)
                  0.06    0.18    8.29 v _417_/X (sky130_fd_sc_hd__clkbuf_1)
     1    0.00                           _018_ (net)
                  0.06    0.00    8.29 v _497_/D (sky130_fd_sc_hd__dfxtp_1)
                                  8.29   data arrival time

                         10.00   10.00   clock clk (rise edge)
                          0.00   10.00   clock source latency
                  0.24    0.16   10.16 ^ clk (in)
     1    0.03                           clk (net)
                  0.24    0.00   10.16 ^ clkbuf_0_clk/A (sky130_fd_sc_hd__clkbuf_16)
                  0.13    0.34   10.50 ^ clkbuf_0_clk/X (sky130_fd_sc_hd__clkbuf_16)
     4    0.07                           clknet_0_clk (net)
                  0.13    0.00   10.50 ^ clkbuf_2_2__f_clk/A (sky130_fd_sc_hd__clkbuf_16)
                  0.13    0.29   10.79 ^ clkbuf_2_2__f_clk/X (sky130_fd_sc_hd__clkbuf_16)
    14    0.07                           clknet_2_2__leaf_clk (net)
                  0.13    0.00   10.80 ^ _497_/CLK (sky130_fd_sc_hd__dfxtp_1)
                         -0.25   10.55   clock uncertainty
                          0.00   10.55   clock reconvergence pessimism
                         -0.25   10.30   library setup time
                                 10.30   data required time
-----------------------------------------------------------------------------
                                 10.30   data required time
                                 -8.29   data arrival time
-----------------------------------------------------------------------------
                                  2.01   slack (MET)



======================= Typical Corner ===================================

Startpoint: mcand[3] (input port clocked by clk)
Endpoint: _497_ (rising edge-triggered flip-flop clocked by clk)
Path Group: clk
Path Type: max
Corner: Typical

Fanout     Cap    Slew   Delay    Time   Description
-----------------------------------------------------------------------------
                          0.00    0.00   clock clk (rise edge)
                          0.00    0.00   clock network delay (propagated)
                          2.00    2.00 v input external delay
                  0.01    0.00    2.00 v mcand[3] (in)
     1    0.00                           mcand[3] (net)
                  0.01    0.00    2.00 v input10/A (sky130_fd_sc_hd__clkbuf_2)
                  0.09    0.15    2.15 v input10/X (sky130_fd_sc_hd__clkbuf_2)
     3    0.02                           net10 (net)
                  0.09    0.00    2.15 v _296_/B (sky130_fd_sc_hd__or2_1)
                  0.05    0.23    2.39 v _296_/X (sky130_fd_sc_hd__or2_1)
     1    0.00                           _090_ (net)
                  0.05    0.00    2.39 v _297_/A3 (sky130_fd_sc_hd__a31o_1)
                  0.04    0.23    2.62 v _297_/X (sky130_fd_sc_hd__a31o_1)
     1    0.00                           _091_ (net)
                  0.04    0.00    2.62 v _298_/B1 (sky130_fd_sc_hd__a31o_1)
                  0.10    0.25    2.87 v _298_/X (sky130_fd_sc_hd__a31o_1)
     4    0.02                           _092_ (net)
                  0.10    0.00    2.88 v _337_/A1 (sky130_fd_sc_hd__a21oi_1)
                  0.26    0.27    3.15 ^ _337_/Y (sky130_fd_sc_hd__a21oi_1)
     2    0.01                           _127_ (net)
                  0.26    0.00    3.15 ^ _340_/A (sky130_fd_sc_hd__nor2_1)
                  0.11    0.16    3.31 v _340_/Y (sky130_fd_sc_hd__nor2_1)
     4    0.01                           _130_ (net)
                  0.11    0.00    3.31 v _357_/B1 (sky130_fd_sc_hd__o221a_1)
                  0.10    0.32    3.63 v _357_/X (sky130_fd_sc_hd__o221a_1)
     4    0.01                           _145_ (net)
                  0.10    0.00    3.63 v _377_/B1 (sky130_fd_sc_hd__o221a_2)
                  0.08    0.33    3.96 v _377_/X (sky130_fd_sc_hd__o221a_2)
     5    0.02                           _163_ (net)
                  0.08    0.00    3.96 v _399_/B1 (sky130_fd_sc_hd__o221a_1)
                  0.09    0.29    4.25 v _399_/X (sky130_fd_sc_hd__o221a_1)
     4    0.01                           _183_ (net)
                  0.09    0.00    4.25 v _414_/B (sky130_fd_sc_hd__or3b_1)
                  0.07    0.38    4.64 v _414_/X (sky130_fd_sc_hd__or3b_1)
     1    0.00                           _196_ (net)
                  0.07    0.00    4.64 v _415_/A3 (sky130_fd_sc_hd__a32o_1)
                  0.04    0.27    4.91 v _415_/X (sky130_fd_sc_hd__a32o_1)
     1    0.00                           _197_ (net)
                  0.04    0.00    4.91 v _416_/B (sky130_fd_sc_hd__and2_1)
                  0.04    0.16    5.07 v _416_/X (sky130_fd_sc_hd__and2_1)
     1    0.00                           _198_ (net)
                  0.04    0.00    5.07 v _417_/A (sky130_fd_sc_hd__clkbuf_1)
                  0.03    0.10    5.16 v _417_/X (sky130_fd_sc_hd__clkbuf_1)
     1    0.00                           _018_ (net)
                  0.03    0.00    5.16 v _497_/D (sky130_fd_sc_hd__dfxtp_1)
                                  5.16   data arrival time

                         10.00   10.00   clock clk (rise edge)
                          0.00   10.00   clock source latency
                  0.16    0.10   10.10 ^ clk (in)
     1    0.03                           clk (net)
                  0.16    0.00   10.10 ^ clkbuf_0_clk/A (sky130_fd_sc_hd__clkbuf_16)
                  0.08    0.19   10.29 ^ clkbuf_0_clk/X (sky130_fd_sc_hd__clkbuf_16)
     4    0.07                           clknet_0_clk (net)
                  0.08    0.00   10.30 ^ clkbuf_2_2__f_clk/A (sky130_fd_sc_hd__clkbuf_16)
                  0.09    0.17   10.46 ^ clkbuf_2_2__f_clk/X (sky130_fd_sc_hd__clkbuf_16)
    14    0.07                           clknet_2_2__leaf_clk (net)
                  0.09    0.01   10.47 ^ _497_/CLK (sky130_fd_sc_hd__dfxtp_1)
                         -0.25   10.22   clock uncertainty
                          0.00   10.22   clock reconvergence pessimism
                         -0.10   10.12   library setup time
                                 10.12   data required time
-----------------------------------------------------------------------------
                                 10.12   data required time
                                 -5.16   data arrival time
-----------------------------------------------------------------------------
                                  4.96   slack (MET)




===========================================================================
report_checks --slack_max -0.01
============================================================================
======================= Fastest Corner ===================================

No paths found.

======================= Slowest Corner ===================================

No paths found.

======================= Typical Corner ===================================

No paths found.


===========================================================================
 report_check_types -max_slew -max_cap -max_fanout -violators
============================================================================
======================= Fastest Corner ===================================

max fanout

Pin                                   Limit Fanout  Slack
---------------------------------------------------------
clkbuf_2_2__f_clk/X                      10     14     -4 (VIOLATED)


======================= Slowest Corner ===================================

max fanout

Pin                                   Limit Fanout  Slack
---------------------------------------------------------
clkbuf_2_2__f_clk/X                      10     14     -4 (VIOLATED)


======================= Typical Corner ===================================

max fanout

Pin                                   Limit Fanout  Slack
---------------------------------------------------------
clkbuf_2_2__f_clk/X                      10     14     -4 (VIOLATED)



===========================================================================
report_parasitic_annotation -report_unannotated
============================================================================
Found 0 unannotated drivers.
Found 0 partially unannotated drivers.

===========================================================================
max slew violation count 0
max fanout violation count 1
max cap violation count 0
============================================================================

===========================================================================
check_setup -verbose -unconstrained_endpoints -multiple_clock -no_clock -no_input_delay -loops -generated_clocks
===========================================================================
