
===========================================================================
 report_power
============================================================================
======================= Fastest Corner ===================================

Group                  Internal  Switching    Leakage      Total
                          Power      Power      Power      Power (Watts)
----------------------------------------------------------------
Sequential             2.94e-04   2.19e-04   6.49e-10   5.13e-04  28.7%
Combinational          5.57e-04   7.18e-04   5.92e-09   1.27e-03  71.3%
Macro                  0.00e+00   0.00e+00   0.00e+00   0.00e+00   0.0%
Pad                    0.00e+00   0.00e+00   0.00e+00   0.00e+00   0.0%
----------------------------------------------------------------
Total                  8.51e-04   9.37e-04   6.57e-09   1.79e-03 100.0%
                          47.6%      52.4%       0.0%

======================= Slowest Corner ===================================

Group                  Internal  Switching    Leakage      Total
                          Power      Power      Power      Power (Watts)
----------------------------------------------------------------
Sequential             2.02e-04   1.46e-04   6.02e-07   3.49e-04  28.3%
Combinational          4.08e-04   4.73e-04   1.62e-06   8.84e-04  71.7%
Macro                  0.00e+00   0.00e+00   0.00e+00   0.00e+00   0.0%
Pad                    0.00e+00   0.00e+00   0.00e+00   0.00e+00   0.0%
----------------------------------------------------------------
Total                  6.11e-04   6.19e-04   2.22e-06   1.23e-03 100.0%
                          49.6%      50.3%       0.2%

======================= Typical Corner ===================================

Group                  Internal  Switching    Leakage      Total
                          Power      Power      Power      Power (Watts)
----------------------------------------------------------------
Sequential             2.56e-04   1.85e-04   3.38e-10   4.42e-04  28.6%
Combinational          4.99e-04   6.06e-04   4.61e-09   1.10e-03  71.4%
Macro                  0.00e+00   0.00e+00   0.00e+00   0.00e+00   0.0%
Pad                    0.00e+00   0.00e+00   0.00e+00   0.00e+00   0.0%
----------------------------------------------------------------
Total                  7.55e-04   7.91e-04   4.94e-09   1.55e-03 100.0%
                          48.8%      51.2%       0.0%

