
===========================================================================
 report_power
============================================================================
======================= Fastest Corner ===================================

Group                  Internal  Switching    Leakage      Total
                          Power      Power      Power      Power (Watts)
----------------------------------------------------------------
Sequential             5.75e-04   5.17e-04   1.29e-09   1.09e-03  28.1%
Combinational          1.19e-03   1.60e-03   1.16e-08   2.79e-03  71.9%
Macro                  0.00e+00   0.00e+00   0.00e+00   0.00e+00   0.0%
Pad                    0.00e+00   0.00e+00   0.00e+00   0.00e+00   0.0%
----------------------------------------------------------------
Total                  1.77e-03   2.11e-03   1.29e-08   3.88e-03 100.0%
                          45.5%      54.5%       0.0%

======================= Slowest Corner ===================================

Group                  Internal  Switching    Leakage      Total
                          Power      Power      Power      Power (Watts)
----------------------------------------------------------------
Sequential             3.96e-04   3.45e-04   1.12e-06   7.43e-04  27.6%
Combinational          8.92e-04   1.06e-03   2.89e-06   1.95e-03  72.4%
Macro                  0.00e+00   0.00e+00   0.00e+00   0.00e+00   0.0%
Pad                    0.00e+00   0.00e+00   0.00e+00   0.00e+00   0.0%
----------------------------------------------------------------
Total                  1.29e-03   1.40e-03   4.01e-06   2.69e-03 100.0%
                          47.8%      52.1%       0.1%

======================= Typical Corner ===================================

Group                  Internal  Switching    Leakage      Total
                          Power      Power      Power      Power (Watts)
----------------------------------------------------------------
Sequential             5.01e-04   4.38e-04   6.19e-10   9.40e-04  27.9%
Combinational          1.08e-03   1.35e-03   8.33e-09   2.43e-03  72.1%
Macro                  0.00e+00   0.00e+00   0.00e+00   0.00e+00   0.0%
Pad                    0.00e+00   0.00e+00   0.00e+00   0.00e+00   0.0%
----------------------------------------------------------------
Total                  1.59e-03   1.79e-03   8.95e-09   3.37e-03 100.0%
                          47.0%      53.0%       0.0%

