Mon Dec 04 12:31:50 UTC 2023 - Executing "{openroad -exit -no_init -python /openlane/scripts/odbpy/lefutil.py get_metal_layers -o /openlane/designs/sequential_multiplier_16x16/runs/ejecucion_16x16/tmp/layers.list /home/juanjo/.volare/sky130A/libs.ref/sky130_fd_sc_hd/techlef/sky130_fd_sc_hd__nom.tlef}"

Mon Dec 04 12:31:51 UTC 2023 - Executing "{/openlane/scripts/mergeLef.py -o /openlane/designs/sequential_multiplier_16x16/runs/ejecucion_16x16/tmp/merged.nom.lef -i /home/juanjo/.volare/sky130A/libs.ref/sky130_fd_sc_hd/techlef/sky130_fd_sc_hd__nom.tlef {/home/juanjo/.volare/sky130A/libs.ref/sky130_fd_sc_hd/lef/sky130_ef_sc_hd.lef /home/juanjo/.volare/sky130A/libs.ref/sky130_fd_sc_hd/lef/sky130_fd_sc_hd.lef} |& tee /dev/null}"

Mon Dec 04 12:31:51 UTC 2023 - Executing "{/openlane/scripts/mergeLef.py -o /openlane/designs/sequential_multiplier_16x16/runs/ejecucion_16x16/tmp/merged.min.lef -i /home/juanjo/.volare/sky130A/libs.ref/sky130_fd_sc_hd/techlef/sky130_fd_sc_hd__min.tlef {/home/juanjo/.volare/sky130A/libs.ref/sky130_fd_sc_hd/lef/sky130_ef_sc_hd.lef /home/juanjo/.volare/sky130A/libs.ref/sky130_fd_sc_hd/lef/sky130_fd_sc_hd.lef} |& tee /dev/null}"

Mon Dec 04 12:31:51 UTC 2023 - Executing "{/openlane/scripts/mergeLef.py -o /openlane/designs/sequential_multiplier_16x16/runs/ejecucion_16x16/tmp/merged.max.lef -i /home/juanjo/.volare/sky130A/libs.ref/sky130_fd_sc_hd/techlef/sky130_fd_sc_hd__max.tlef {/home/juanjo/.volare/sky130A/libs.ref/sky130_fd_sc_hd/lef/sky130_ef_sc_hd.lef /home/juanjo/.volare/sky130A/libs.ref/sky130_fd_sc_hd/lef/sky130_fd_sc_hd.lef} |& tee /dev/null}"

Mon Dec 04 12:31:51 UTC 2023 - Executing "{python3 /openlane/scripts/mergeLib.py --output /openlane/designs/sequential_multiplier_16x16/runs/ejecucion_16x16/tmp/synthesis/merged.lib --name sky130A_merged /home/juanjo/.volare/sky130A/libs.ref/sky130_fd_sc_hd/lib/sky130_fd_sc_hd__tt_025C_1v80.lib}"

Mon Dec 04 12:31:52 UTC 2023 - Executing "{python3 /openlane/scripts/libtrim.py --cell-file /openlane/designs/sequential_multiplier_16x16/runs/ejecucion_16x16/tmp/synthesis/trimmed.lib.exclude.list --output /openlane/designs/sequential_multiplier_16x16/runs/ejecucion_16x16/tmp/synthesis/trimmed.lib /openlane/designs/sequential_multiplier_16x16/runs/ejecucion_16x16/tmp/synthesis/merged.lib}"

Mon Dec 04 12:31:52 UTC 2023 - Executing "{python3 /openlane/scripts/libtrim.py --cell-file /openlane/designs/sequential_multiplier_16x16/runs/ejecucion_16x16/tmp/cts/cts.lib.exclude.list --output /openlane/designs/sequential_multiplier_16x16/runs/ejecucion_16x16/tmp/cts/cts.lib /home/juanjo/.volare/sky130A/libs.ref/sky130_fd_sc_hd/lib/sky130_fd_sc_hd__tt_025C_1v80.lib}"

Mon Dec 04 12:31:53 UTC 2023 - Executing "{python3 /openlane/scripts/libtrim.py --cell-file /openlane/designs/sequential_multiplier_16x16/runs/ejecucion_16x16/tmp/cts/cts-fastest.lib.exclude.list --output /openlane/designs/sequential_multiplier_16x16/runs/ejecucion_16x16/tmp/cts/cts-fastest.lib /home/juanjo/.volare/sky130A/libs.ref/sky130_fd_sc_hd/lib/sky130_fd_sc_hd__ff_n40C_1v95.lib}"

Mon Dec 04 12:31:55 UTC 2023 - Executing "{python3 /openlane/scripts/libtrim.py --cell-file /openlane/designs/sequential_multiplier_16x16/runs/ejecucion_16x16/tmp/cts/cts-slowest.lib.exclude.list --output /openlane/designs/sequential_multiplier_16x16/runs/ejecucion_16x16/tmp/cts/cts-slowest.lib /home/juanjo/.volare/sky130A/libs.ref/sky130_fd_sc_hd/lib/sky130_fd_sc_hd__ss_100C_1v60.lib}"

Mon Dec 04 12:31:56 UTC 2023 - Executing "{python3 /openlane/scripts/new_tracks.py -i /home/juanjo/.volare/sky130A/libs.tech/openlane/sky130_fd_sc_hd/tracks.info -o /openlane/designs/sequential_multiplier_16x16/runs/ejecucion_16x16/tmp/routing/config.tracks}"

Mon Dec 04 12:31:56 UTC 2023 - Executing "{echo {OpenLane 2264b1240bacca90f8dfd74b8f5d62b7d618038e} > /openlane/designs/sequential_multiplier_16x16/runs/ejecucion_16x16/OPENLANE_VERSION}"

Mon Dec 04 12:31:56 UTC 2023 - Executing "{yosys -c /openlane/scripts/yosys/blackbox.tcl}"

Mon Dec 04 12:31:57 UTC 2023 - Executing "{verilator -Wall --lint-only --Wno-DECLFILENAME --top-module sequential_multiplier_16x16 /openlane/designs/sequential_multiplier_16x16/runs/ejecucion_16x16/tmp/synthesis/blackbox/sky130_fd_sc_hd__blackbox.v /openlane/designs/sequential_multiplier_16x16/src/sequential_multiplier_16x16.v -Wno-fatal --relative-includes |& tee /openlane/designs/sequential_multiplier_16x16/runs/ejecucion_16x16/logs/synthesis/linter.log /dev/null}"

Mon Dec 04 12:31:57 UTC 2023 - Executing "{sed -E {s/^([[:space:]]+)pg_pin(.*)/\1pin\2\n\1    direction : "inout";/g} /home/juanjo/.volare/sky130A/libs.ref/sky130_fd_sc_hd/lib/sky130_fd_sc_hd__tt_025C_1v80.lib > /openlane/designs/sequential_multiplier_16x16/runs/ejecucion_16x16/tmp/synthesis/1-sky130_fd_sc_hd__tt_025C_1v80.no_pg.lib}"

Mon Dec 04 12:31:57 UTC 2023 - Executing "{sed -E {s/^([[:space:]]+)pg_pin(.*)/\1pin\2\n\1    direction : "inout";/g} /openlane/designs/sequential_multiplier_16x16/runs/ejecucion_16x16/tmp/synthesis/trimmed.lib > /openlane/designs/sequential_multiplier_16x16/runs/ejecucion_16x16/tmp/synthesis/1-trimmed.no_pg.lib}"

Mon Dec 04 12:31:57 UTC 2023 - Executing "yosys -c /openlane/scripts/yosys/synth.tcl |& tee /dev/null /openlane/designs/sequential_multiplier_16x16/runs/ejecucion_16x16/logs/synthesis/1-synthesis.log"

Mon Dec 04 12:31:57 UTC 2023 - Executing "{yosys -c /openlane/scripts/yosys/synth.tcl |& tee /dev/null /openlane/designs/sequential_multiplier_16x16/runs/ejecucion_16x16/logs/synthesis/1-synthesis.log}"

Mon Dec 04 12:32:00 UTC 2023 - Executing "{sed -i.bak -e {s/\(set ::env(CURRENT_NETLIST)\).*/\1 \/openlane\/designs\/sequential_multiplier_16x16\/runs\/ejecucion_16x16\/results\/synthesis\/sequential_multiplier_16x16.v/} /openlane/designs/sequential_multiplier_16x16/runs/ejecucion_16x16/config.tcl}"

Mon Dec 04 12:32:00 UTC 2023 - Executing "{sed -i.bak /defparam/d /openlane/designs/sequential_multiplier_16x16/runs/ejecucion_16x16/results/synthesis/sequential_multiplier_16x16.v}"

Mon Dec 04 12:32:00 UTC 2023 - Executing "sta -exit -no_init /openlane/scripts/openroad/sta/multi_corner.tcl |& tee /dev/null /openlane/designs/sequential_multiplier_16x16/runs/ejecucion_16x16/logs/synthesis/2-sta.log"

Mon Dec 04 12:32:00 UTC 2023 - Executing "{sta -exit -no_init /openlane/scripts/openroad/sta/multi_corner.tcl |& tee /dev/null /openlane/designs/sequential_multiplier_16x16/runs/ejecucion_16x16/logs/synthesis/2-sta.log}"

Mon Dec 04 12:32:01 UTC 2023 - Executing "openroad -exit /openlane/scripts/openroad/floorplan.tcl |& tee /dev/null /openlane/designs/sequential_multiplier_16x16/runs/ejecucion_16x16/logs/floorplan/3-initial_fp.log"

Mon Dec 04 12:32:01 UTC 2023 - Executing "{openroad -exit /openlane/scripts/openroad/floorplan.tcl |& tee /dev/null /openlane/designs/sequential_multiplier_16x16/runs/ejecucion_16x16/logs/floorplan/3-initial_fp.log}"

Mon Dec 04 12:32:02 UTC 2023 - Executing "{openroad -exit -no_init -python /openlane/scripts/odbpy/defutil.py extract_core_dims --output-data /openlane/designs/sequential_multiplier_16x16/runs/ejecucion_16x16/tmp/dimensions.txt --input-lef /openlane/designs/sequential_multiplier_16x16/runs/ejecucion_16x16/tmp/merged.nom.lef /openlane/designs/sequential_multiplier_16x16/runs/ejecucion_16x16/tmp/floorplan/3-initial_fp.def}"

Mon Dec 04 12:32:03 UTC 2023 - Executing "openroad -exit /openlane/scripts/openroad/ioplacer.tcl |& tee /dev/null /openlane/designs/sequential_multiplier_16x16/runs/ejecucion_16x16/logs/floorplan/4-io.log"

Mon Dec 04 12:32:03 UTC 2023 - Executing "{openroad -exit /openlane/scripts/openroad/ioplacer.tcl |& tee /dev/null /openlane/designs/sequential_multiplier_16x16/runs/ejecucion_16x16/logs/floorplan/4-io.log}"

Mon Dec 04 12:32:04 UTC 2023 - Executing "openroad -exit /openlane/scripts/openroad/tapcell.tcl |& tee /dev/null /openlane/designs/sequential_multiplier_16x16/runs/ejecucion_16x16/logs/floorplan/5-tap.log"

Mon Dec 04 12:32:04 UTC 2023 - Executing "{openroad -exit /openlane/scripts/openroad/tapcell.tcl |& tee /dev/null /openlane/designs/sequential_multiplier_16x16/runs/ejecucion_16x16/logs/floorplan/5-tap.log}"

Mon Dec 04 12:32:05 UTC 2023 - Executing "openroad -exit /openlane/scripts/openroad/pdn.tcl |& tee /dev/null /openlane/designs/sequential_multiplier_16x16/runs/ejecucion_16x16/logs/floorplan/6-pdn.log"

Mon Dec 04 12:32:05 UTC 2023 - Executing "{openroad -exit /openlane/scripts/openroad/pdn.tcl |& tee /dev/null /openlane/designs/sequential_multiplier_16x16/runs/ejecucion_16x16/logs/floorplan/6-pdn.log}"

Mon Dec 04 12:32:06 UTC 2023 - Executing "openroad -exit /openlane/scripts/openroad/gpl.tcl |& tee /dev/null /openlane/designs/sequential_multiplier_16x16/runs/ejecucion_16x16/logs/placement/7-global.log"

Mon Dec 04 12:32:06 UTC 2023 - Executing "{openroad -exit /openlane/scripts/openroad/gpl.tcl |& tee /dev/null /openlane/designs/sequential_multiplier_16x16/runs/ejecucion_16x16/logs/placement/7-global.log}"

Mon Dec 04 12:32:08 UTC 2023 - Executing "{sed -i.bak -e {s/\(set ::env(CURRENT_NETLIST)\).*/\1 \/openlane\/designs\/sequential_multiplier_16x16\/runs\/ejecucion_16x16\/tmp\/placement\/7-global.nl.v/} /openlane/designs/sequential_multiplier_16x16/runs/ejecucion_16x16/config.tcl}"

Mon Dec 04 12:32:08 UTC 2023 - Executing "openroad -exit /openlane/scripts/openroad/sta/multi_corner.tcl |& tee /dev/null /openlane/designs/sequential_multiplier_16x16/runs/ejecucion_16x16/logs/placement/8-gpl_sta.log"

Mon Dec 04 12:32:08 UTC 2023 - Executing "{openroad -exit /openlane/scripts/openroad/sta/multi_corner.tcl |& tee /dev/null /openlane/designs/sequential_multiplier_16x16/runs/ejecucion_16x16/logs/placement/8-gpl_sta.log}"

Mon Dec 04 12:32:09 UTC 2023 - Executing "openroad -exit /openlane/scripts/openroad/resizer.tcl |& tee /dev/null /openlane/designs/sequential_multiplier_16x16/runs/ejecucion_16x16/logs/placement/9-resizer.log"

Mon Dec 04 12:32:09 UTC 2023 - Executing "{openroad -exit /openlane/scripts/openroad/resizer.tcl |& tee /dev/null /openlane/designs/sequential_multiplier_16x16/runs/ejecucion_16x16/logs/placement/9-resizer.log}"

Mon Dec 04 12:32:13 UTC 2023 - Executing "{sed -i.bak -e {s/\(set ::env(CURRENT_NETLIST)\).*/\1 \/openlane\/designs\/sequential_multiplier_16x16\/runs\/ejecucion_16x16\/tmp\/placement\/9-resizer.nl.v/} /openlane/designs/sequential_multiplier_16x16/runs/ejecucion_16x16/config.tcl}"

Mon Dec 04 12:32:13 UTC 2023 - Executing "openroad -exit /openlane/scripts/openroad/dpl.tcl |& tee /dev/null /openlane/designs/sequential_multiplier_16x16/runs/ejecucion_16x16/logs/placement/10-detailed.log"

Mon Dec 04 12:32:13 UTC 2023 - Executing "{openroad -exit /openlane/scripts/openroad/dpl.tcl |& tee /dev/null /openlane/designs/sequential_multiplier_16x16/runs/ejecucion_16x16/logs/placement/10-detailed.log}"

Mon Dec 04 12:32:14 UTC 2023 - Executing "{sed -i.bak -e {s/\(set ::env(CURRENT_NETLIST)\).*/\1 \/openlane\/designs\/sequential_multiplier_16x16\/runs\/ejecucion_16x16\/results\/placement\/sequential_multiplier_16x16.nl.v/} /openlane/designs/sequential_multiplier_16x16/runs/ejecucion_16x16/config.tcl}"

Mon Dec 04 12:32:15 UTC 2023 - Executing "openroad -exit /openlane/scripts/openroad/sta/multi_corner.tcl |& tee /dev/null /openlane/designs/sequential_multiplier_16x16/runs/ejecucion_16x16/logs/placement/11-dpl_sta.log"

Mon Dec 04 12:32:15 UTC 2023 - Executing "{openroad -exit /openlane/scripts/openroad/sta/multi_corner.tcl |& tee /dev/null /openlane/designs/sequential_multiplier_16x16/runs/ejecucion_16x16/logs/placement/11-dpl_sta.log}"

Mon Dec 04 12:32:16 UTC 2023 - Executing "openroad -exit /openlane/scripts/openroad/cts.tcl |& tee /dev/null /openlane/designs/sequential_multiplier_16x16/runs/ejecucion_16x16/logs/cts/12-cts.log"

Mon Dec 04 12:32:16 UTC 2023 - Executing "{openroad -exit /openlane/scripts/openroad/cts.tcl |& tee /dev/null /openlane/designs/sequential_multiplier_16x16/runs/ejecucion_16x16/logs/cts/12-cts.log}"

Mon Dec 04 12:33:20 UTC 2023 - Executing "openroad -exit /openlane/scripts/openroad/sta/multi_corner.tcl |& tee /dev/null /openlane/designs/sequential_multiplier_16x16/runs/ejecucion_16x16/logs/cts/13-cts_sta.log"

Mon Dec 04 12:33:20 UTC 2023 - Executing "{openroad -exit /openlane/scripts/openroad/sta/multi_corner.tcl |& tee /dev/null /openlane/designs/sequential_multiplier_16x16/runs/ejecucion_16x16/logs/cts/13-cts_sta.log}"

Mon Dec 04 12:33:21 UTC 2023 - Executing "openroad -exit /openlane/scripts/openroad/resizer_timing.tcl |& tee /dev/null /openlane/designs/sequential_multiplier_16x16/runs/ejecucion_16x16/logs/cts/14-resizer.log"

Mon Dec 04 12:33:21 UTC 2023 - Executing "{openroad -exit /openlane/scripts/openroad/resizer_timing.tcl |& tee /dev/null /openlane/designs/sequential_multiplier_16x16/runs/ejecucion_16x16/logs/cts/14-resizer.log}"

Mon Dec 04 12:33:24 UTC 2023 - Executing "{sed -i.bak -e {s/\(set ::env(CURRENT_NETLIST)\).*/\1 \/openlane\/designs\/sequential_multiplier_16x16\/runs\/ejecucion_16x16\/tmp\/cts\/14-sequential_multiplier_16x16.resized.nl.v/} /openlane/designs/sequential_multiplier_16x16/runs/ejecucion_16x16/config.tcl}"

Mon Dec 04 12:33:24 UTC 2023 - Executing "openroad -exit /openlane/scripts/openroad/resizer_routing_design.tcl |& tee /dev/null /openlane/designs/sequential_multiplier_16x16/runs/ejecucion_16x16/logs/routing/15-resizer_design.log"

Mon Dec 04 12:33:24 UTC 2023 - Executing "{openroad -exit /openlane/scripts/openroad/resizer_routing_design.tcl |& tee /dev/null /openlane/designs/sequential_multiplier_16x16/runs/ejecucion_16x16/logs/routing/15-resizer_design.log}"

Mon Dec 04 12:33:28 UTC 2023 - Executing "{sed -i.bak -e {s/\(set ::env(CURRENT_NETLIST)\).*/\1 \/openlane\/designs\/sequential_multiplier_16x16\/runs\/ejecucion_16x16\/tmp\/15-sequential_multiplier_16x16.nl.v/} /openlane/designs/sequential_multiplier_16x16/runs/ejecucion_16x16/config.tcl}"

Mon Dec 04 12:33:28 UTC 2023 - Executing "openroad -exit /openlane/scripts/openroad/sta/multi_corner.tcl |& tee /dev/null /openlane/designs/sequential_multiplier_16x16/runs/ejecucion_16x16/logs/routing/16-rsz_design_sta.log"

Mon Dec 04 12:33:28 UTC 2023 - Executing "{openroad -exit /openlane/scripts/openroad/sta/multi_corner.tcl |& tee /dev/null /openlane/designs/sequential_multiplier_16x16/runs/ejecucion_16x16/logs/routing/16-rsz_design_sta.log}"

Mon Dec 04 12:33:29 UTC 2023 - Executing "openroad -exit /openlane/scripts/openroad/resizer_routing_timing.tcl |& tee /dev/null /openlane/designs/sequential_multiplier_16x16/runs/ejecucion_16x16/logs/routing/17-resizer_timing.log"

Mon Dec 04 12:33:29 UTC 2023 - Executing "{openroad -exit /openlane/scripts/openroad/resizer_routing_timing.tcl |& tee /dev/null /openlane/designs/sequential_multiplier_16x16/runs/ejecucion_16x16/logs/routing/17-resizer_timing.log}"

Mon Dec 04 12:33:33 UTC 2023 - Executing "{sed -i.bak -e {s/\(set ::env(CURRENT_NETLIST)\).*/\1 \/openlane\/designs\/sequential_multiplier_16x16\/runs\/ejecucion_16x16\/tmp\/17-sequential_multiplier_16x16.nl.v/} /openlane/designs/sequential_multiplier_16x16/runs/ejecucion_16x16/config.tcl}"

Mon Dec 04 12:33:33 UTC 2023 - Executing "openroad -exit /openlane/scripts/openroad/sta/multi_corner.tcl |& tee /dev/null /openlane/designs/sequential_multiplier_16x16/runs/ejecucion_16x16/logs/routing/18-rsz_timing_sta.log"

Mon Dec 04 12:33:33 UTC 2023 - Executing "{openroad -exit /openlane/scripts/openroad/sta/multi_corner.tcl |& tee /dev/null /openlane/designs/sequential_multiplier_16x16/runs/ejecucion_16x16/logs/routing/18-rsz_timing_sta.log}"

Mon Dec 04 12:33:34 UTC 2023 - Executing "openroad -exit /openlane/scripts/openroad/groute.tcl |& tee /dev/null /openlane/designs/sequential_multiplier_16x16/runs/ejecucion_16x16/logs/routing/19-global.log"

Mon Dec 04 12:33:34 UTC 2023 - Executing "{openroad -exit /openlane/scripts/openroad/groute.tcl |& tee /dev/null /openlane/designs/sequential_multiplier_16x16/runs/ejecucion_16x16/logs/routing/19-global.log}"

Mon Dec 04 12:33:35 UTC 2023 - Executing "openroad -exit /openlane/scripts/openroad/write_views.tcl |& tee /dev/null /openlane/designs/sequential_multiplier_16x16/runs/ejecucion_16x16/logs/routing/19-global_write_netlist.log"

Mon Dec 04 12:33:35 UTC 2023 - Executing "{openroad -exit /openlane/scripts/openroad/write_views.tcl |& tee /dev/null /openlane/designs/sequential_multiplier_16x16/runs/ejecucion_16x16/logs/routing/19-global_write_netlist.log}"

Mon Dec 04 12:33:36 UTC 2023 - Executing "{sed -i.bak -e {s/\(set ::env(CURRENT_NETLIST)\).*/\1 \/openlane\/designs\/sequential_multiplier_16x16\/runs\/ejecucion_16x16\/tmp\/routing\/global.nl.v/} /openlane/designs/sequential_multiplier_16x16/runs/ejecucion_16x16/config.tcl}"

Mon Dec 04 12:33:36 UTC 2023 - Executing "openroad -exit /openlane/scripts/openroad/sta/multi_corner.tcl |& tee /dev/null /openlane/designs/sequential_multiplier_16x16/runs/ejecucion_16x16/logs/routing/21-grt_sta.log"

Mon Dec 04 12:33:36 UTC 2023 - Executing "{openroad -exit /openlane/scripts/openroad/sta/multi_corner.tcl |& tee /dev/null /openlane/designs/sequential_multiplier_16x16/runs/ejecucion_16x16/logs/routing/21-grt_sta.log}"

Mon Dec 04 12:33:37 UTC 2023 - Executing "openroad -exit /openlane/scripts/openroad/fill.tcl |& tee /dev/null /openlane/designs/sequential_multiplier_16x16/runs/ejecucion_16x16/logs/routing/22-fill.log"

Mon Dec 04 12:33:37 UTC 2023 - Executing "{openroad -exit /openlane/scripts/openroad/fill.tcl |& tee /dev/null /openlane/designs/sequential_multiplier_16x16/runs/ejecucion_16x16/logs/routing/22-fill.log}"

Mon Dec 04 12:33:38 UTC 2023 - Executing "{sed -i.bak -e {s/\(set ::env(CURRENT_NETLIST)\).*/\1 \/openlane\/designs\/sequential_multiplier_16x16\/runs\/ejecucion_16x16\/tmp\/routing\/22-fill.nl.v/} /openlane/designs/sequential_multiplier_16x16/runs/ejecucion_16x16/config.tcl}"

Mon Dec 04 12:33:39 UTC 2023 - Executing "openroad -exit /openlane/scripts/openroad/droute.tcl |& tee /dev/null /openlane/designs/sequential_multiplier_16x16/runs/ejecucion_16x16/logs/routing/23-detailed.log"

Mon Dec 04 12:33:39 UTC 2023 - Executing "{openroad -exit /openlane/scripts/openroad/droute.tcl |& tee /dev/null /openlane/designs/sequential_multiplier_16x16/runs/ejecucion_16x16/logs/routing/23-detailed.log}"

Mon Dec 04 12:34:09 UTC 2023 - Executing "{sed -i.bak -e {s/\(set ::env(CURRENT_NETLIST)\).*/\1 \/openlane\/designs\/sequential_multiplier_16x16\/runs\/ejecucion_16x16\/results\/routing\/sequential_multiplier_16x16.nl.v/} /openlane/designs/sequential_multiplier_16x16/runs/ejecucion_16x16/config.tcl}"

Mon Dec 04 12:34:09 UTC 2023 - Executing "{python3 /openlane/scripts/drc_rosetta.py tr to_klayout -o /openlane/designs/sequential_multiplier_16x16/runs/ejecucion_16x16/reports/routing/drt.klayout.xml --design-name sequential_multiplier_16x16 /openlane/designs/sequential_multiplier_16x16/runs/ejecucion_16x16/reports/routing/drt.drc}"

Mon Dec 04 12:34:09 UTC 2023 - Executing "{openroad -exit -no_init -python /openlane/scripts/odbpy/wire_lengths.py --report-out /openlane/designs/sequential_multiplier_16x16/runs/ejecucion_16x16/reports/routing/24-wire_lengths.csv --input-lef /openlane/designs/sequential_multiplier_16x16/runs/ejecucion_16x16/tmp/merged.nom.lef --output-def /dev/null --output /openlane/designs/sequential_multiplier_16x16/runs/ejecucion_16x16/results/routing/sequential_multiplier_16x16.odb /openlane/designs/sequential_multiplier_16x16/runs/ejecucion_16x16/results/routing/sequential_multiplier_16x16.odb |& tee /dev/null /openlane/designs/sequential_multiplier_16x16/runs/ejecucion_16x16/logs/routing/24-wire_lengths.log}"

Mon Dec 04 12:34:10 UTC 2023 - Executing "openroad -exit /openlane/scripts/openroad/rcx.tcl |& tee /dev/null /openlane/designs/sequential_multiplier_16x16/runs/ejecucion_16x16/logs/signoff/25-parasitics_extraction.min.log"

Mon Dec 04 12:34:10 UTC 2023 - Executing "{openroad -exit /openlane/scripts/openroad/rcx.tcl |& tee /dev/null /openlane/designs/sequential_multiplier_16x16/runs/ejecucion_16x16/logs/signoff/25-parasitics_extraction.min.log}"

Mon Dec 04 12:34:11 UTC 2023 - Executing "sta -exit -no_init /openlane/scripts/openroad/sta/multi_corner.tcl |& tee /dev/null /openlane/designs/sequential_multiplier_16x16/runs/ejecucion_16x16/logs/signoff/26-rcx_mcsta.min.log"

Mon Dec 04 12:34:11 UTC 2023 - Executing "{sta -exit -no_init /openlane/scripts/openroad/sta/multi_corner.tcl |& tee /dev/null /openlane/designs/sequential_multiplier_16x16/runs/ejecucion_16x16/logs/signoff/26-rcx_mcsta.min.log}"

Mon Dec 04 12:34:16 UTC 2023 - Executing "openroad -exit /openlane/scripts/openroad/rcx.tcl |& tee /dev/null /openlane/designs/sequential_multiplier_16x16/runs/ejecucion_16x16/logs/signoff/27-parasitics_extraction.max.log"

Mon Dec 04 12:34:16 UTC 2023 - Executing "{openroad -exit /openlane/scripts/openroad/rcx.tcl |& tee /dev/null /openlane/designs/sequential_multiplier_16x16/runs/ejecucion_16x16/logs/signoff/27-parasitics_extraction.max.log}"

Mon Dec 04 12:34:17 UTC 2023 - Executing "sta -exit -no_init /openlane/scripts/openroad/sta/multi_corner.tcl |& tee /dev/null /openlane/designs/sequential_multiplier_16x16/runs/ejecucion_16x16/logs/signoff/28-rcx_mcsta.max.log"

Mon Dec 04 12:34:17 UTC 2023 - Executing "{sta -exit -no_init /openlane/scripts/openroad/sta/multi_corner.tcl |& tee /dev/null /openlane/designs/sequential_multiplier_16x16/runs/ejecucion_16x16/logs/signoff/28-rcx_mcsta.max.log}"

Mon Dec 04 12:34:22 UTC 2023 - Executing "openroad -exit /openlane/scripts/openroad/rcx.tcl |& tee /dev/null /openlane/designs/sequential_multiplier_16x16/runs/ejecucion_16x16/logs/signoff/29-parasitics_extraction.nom.log"

Mon Dec 04 12:34:22 UTC 2023 - Executing "{openroad -exit /openlane/scripts/openroad/rcx.tcl |& tee /dev/null /openlane/designs/sequential_multiplier_16x16/runs/ejecucion_16x16/logs/signoff/29-parasitics_extraction.nom.log}"

Mon Dec 04 12:34:24 UTC 2023 - Executing "sta -exit -no_init /openlane/scripts/openroad/sta/multi_corner.tcl |& tee /dev/null /openlane/designs/sequential_multiplier_16x16/runs/ejecucion_16x16/logs/signoff/30-rcx_mcsta.nom.log"

Mon Dec 04 12:34:24 UTC 2023 - Executing "{sta -exit -no_init /openlane/scripts/openroad/sta/multi_corner.tcl |& tee /dev/null /openlane/designs/sequential_multiplier_16x16/runs/ejecucion_16x16/logs/signoff/30-rcx_mcsta.nom.log}"

Mon Dec 04 12:34:28 UTC 2023 - Executing "sta -exit -no_init /openlane/scripts/openroad/sta/multi_corner.tcl |& tee /dev/null /openlane/designs/sequential_multiplier_16x16/runs/ejecucion_16x16/logs/signoff/31-rcx_sta.log"

Mon Dec 04 12:34:28 UTC 2023 - Executing "{sta -exit -no_init /openlane/scripts/openroad/sta/multi_corner.tcl |& tee /dev/null /openlane/designs/sequential_multiplier_16x16/runs/ejecucion_16x16/logs/signoff/31-rcx_sta.log}"

Mon Dec 04 12:34:30 UTC 2023 - Executing "openroad -exit /openlane/scripts/openroad/irdrop.tcl |& tee /dev/null /openlane/designs/sequential_multiplier_16x16/runs/ejecucion_16x16/logs/signoff/32-irdrop.log"

Mon Dec 04 12:34:30 UTC 2023 - Executing "{openroad -exit /openlane/scripts/openroad/irdrop.tcl |& tee /dev/null /openlane/designs/sequential_multiplier_16x16/runs/ejecucion_16x16/logs/signoff/32-irdrop.log}"

Mon Dec 04 12:34:31 UTC 2023 - Executing "magic -noconsole -dnull -rcfile /home/juanjo/.volare/sky130A/libs.tech/magic/sky130A.magicrc < /openlane/scripts/magic/wrapper.tcl |& tee /dev/null /openlane/designs/sequential_multiplier_16x16/runs/ejecucion_16x16/logs/signoff/33-gdsii.log"

Mon Dec 04 12:34:31 UTC 2023 - Executing "{magic -noconsole -dnull -rcfile /home/juanjo/.volare/sky130A/libs.tech/magic/sky130A.magicrc < /openlane/scripts/magic/wrapper.tcl |& tee /dev/null /openlane/designs/sequential_multiplier_16x16/runs/ejecucion_16x16/logs/signoff/33-gdsii.log}"

Mon Dec 04 12:34:32 UTC 2023 - Executing "magic -noconsole -dnull -rcfile /home/juanjo/.volare/sky130A/libs.tech/magic/sky130A.magicrc < /openlane/scripts/magic/wrapper.tcl |& tee /dev/null /openlane/designs/sequential_multiplier_16x16/runs/ejecucion_16x16/logs/signoff/33-gds_ptrs.log"

Mon Dec 04 12:34:32 UTC 2023 - Executing "{magic -noconsole -dnull -rcfile /home/juanjo/.volare/sky130A/libs.tech/magic/sky130A.magicrc < /openlane/scripts/magic/wrapper.tcl |& tee /dev/null /openlane/designs/sequential_multiplier_16x16/runs/ejecucion_16x16/logs/signoff/33-gds_ptrs.log}"

Mon Dec 04 12:34:33 UTC 2023 - Executing "{sed -i.bak -n {/^<< properties >>/,/^<< end >>/p} /openlane/designs/sequential_multiplier_16x16/runs/ejecucion_16x16/tmp/signoff/gds_ptrs.mag}"

Mon Dec 04 12:34:33 UTC 2023 - Executing "magic -noconsole -dnull -rcfile /home/juanjo/.volare/sky130A/libs.tech/magic/sky130A.magicrc < /openlane/scripts/magic/wrapper.tcl |& tee /dev/null /openlane/designs/sequential_multiplier_16x16/runs/ejecucion_16x16/logs/signoff/33-lef.log"

Mon Dec 04 12:34:33 UTC 2023 - Executing "{magic -noconsole -dnull -rcfile /home/juanjo/.volare/sky130A/libs.tech/magic/sky130A.magicrc < /openlane/scripts/magic/wrapper.tcl |& tee /dev/null /openlane/designs/sequential_multiplier_16x16/runs/ejecucion_16x16/logs/signoff/33-lef.log}"

Mon Dec 04 12:34:35 UTC 2023 - Executing "magic -noconsole -dnull -rcfile /home/juanjo/.volare/sky130A/libs.tech/magic/sky130A.magicrc < /openlane/scripts/magic/wrapper.tcl |& tee /dev/null /openlane/designs/sequential_multiplier_16x16/runs/ejecucion_16x16/logs/signoff/33-maglef.log"

Mon Dec 04 12:34:35 UTC 2023 - Executing "{magic -noconsole -dnull -rcfile /home/juanjo/.volare/sky130A/libs.tech/magic/sky130A.magicrc < /openlane/scripts/magic/wrapper.tcl |& tee /dev/null /openlane/designs/sequential_multiplier_16x16/runs/ejecucion_16x16/logs/signoff/33-maglef.log}"

Mon Dec 04 12:34:36 UTC 2023 - Executing "{python3 /openlane/scripts/klayout/stream_out.py --output /openlane/designs/sequential_multiplier_16x16/runs/ejecucion_16x16/results/signoff/sequential_multiplier_16x16.klayout.gds --lyt /home/juanjo/.volare/sky130A/libs.tech/klayout/tech/sky130A.lyt --lym /home/juanjo/.volare/sky130A/libs.tech/klayout/tech/sky130A.map --lyp /home/juanjo/.volare/sky130A/libs.tech/klayout/tech/sky130A.lyp --top sequential_multiplier_16x16 --with-gds-file /home/juanjo/.volare/sky130A/libs.ref/sky130_fd_sc_hd/gds/sky130_fd_sc_hd.gds --input-lef /openlane/designs/sequential_multiplier_16x16/runs/ejecucion_16x16/tmp/merged.nom.lef /openlane/designs/sequential_multiplier_16x16/runs/ejecucion_16x16/results/routing/sequential_multiplier_16x16.def |& tee /dev/null /openlane/designs/sequential_multiplier_16x16/runs/ejecucion_16x16/logs/signoff/34-gdsii-klayout.log}"

Mon Dec 04 12:34:37 UTC 2023 - Executing "{klayout -b -r /openlane/scripts/klayout/xor.drc -rd a=/openlane/designs/sequential_multiplier_16x16/runs/ejecucion_16x16/results/signoff/sequential_multiplier_16x16.gds -rd b=/openlane/designs/sequential_multiplier_16x16/runs/ejecucion_16x16/results/signoff/sequential_multiplier_16x16.klayout.gds -rd jobs=1 -rd rdb_out=/openlane/designs/sequential_multiplier_16x16/runs/ejecucion_16x16/reports/signoff/35-xor.xml -rd ignore=81/14 -rd rpt_out=/openlane/designs/sequential_multiplier_16x16/runs/ejecucion_16x16/reports/signoff/35-xor.rpt |& tee /dev/null /openlane/designs/sequential_multiplier_16x16/runs/ejecucion_16x16/logs/signoff/35-xor.log}"

Mon Dec 04 12:34:41 UTC 2023 - Executing "magic -noconsole -dnull -rcfile /home/juanjo/.volare/sky130A/libs.tech/magic/sky130A.magicrc < /openlane/scripts/magic/wrapper.tcl |& tee /dev/null /openlane/designs/sequential_multiplier_16x16/runs/ejecucion_16x16/logs/signoff/36-spice.log"

Mon Dec 04 12:34:41 UTC 2023 - Executing "{magic -noconsole -dnull -rcfile /home/juanjo/.volare/sky130A/libs.tech/magic/sky130A.magicrc < /openlane/scripts/magic/wrapper.tcl |& tee /dev/null /openlane/designs/sequential_multiplier_16x16/runs/ejecucion_16x16/logs/signoff/36-spice.log}"

Mon Dec 04 12:34:46 UTC 2023 - Executing "{openroad -exit -no_init -python /openlane/scripts/odbpy/power_utils.py write_powered_def --output /openlane/designs/sequential_multiplier_16x16/runs/ejecucion_16x16/tmp/signoff/36-sequential_multiplier_16x16.p.def --input-lef /openlane/designs/sequential_multiplier_16x16/runs/ejecucion_16x16/tmp/merged.nom.lef --power-port VPWR --ground-port VGND --powered-netlist {} /openlane/designs/sequential_multiplier_16x16/runs/ejecucion_16x16/results/routing/sequential_multiplier_16x16.def |& tee /dev/null /openlane/designs/sequential_multiplier_16x16/runs/ejecucion_16x16/logs/signoff/37-write_powered_def.log}"

Mon Dec 04 12:34:47 UTC 2023 - Executing "openroad -exit /openlane/scripts/openroad/write_views.tcl |& tee /dev/null /openlane/designs/sequential_multiplier_16x16/runs/ejecucion_16x16/logs/signoff/37-write_powered_verilog.log"

Mon Dec 04 12:34:47 UTC 2023 - Executing "{openroad -exit /openlane/scripts/openroad/write_views.tcl |& tee /dev/null /openlane/designs/sequential_multiplier_16x16/runs/ejecucion_16x16/logs/signoff/37-write_powered_verilog.log}"

Mon Dec 04 12:34:48 UTC 2023 - Executing "{sed -i.bak -e {s/\(set ::env(CURRENT_NETLIST)\).*/\1 \/openlane\/designs\/sequential_multiplier_16x16\/runs\/ejecucion_16x16\/tmp\/signoff\/36-sequential_multiplier_16x16.nl.v/} /openlane/designs/sequential_multiplier_16x16/runs/ejecucion_16x16/config.tcl}"

Mon Dec 04 12:34:48 UTC 2023 - Executing "{netgen -batch source /openlane/designs/sequential_multiplier_16x16/runs/ejecucion_16x16/tmp/signoff/39-setup_file.lef.lvs |& tee /dev/null /openlane/designs/sequential_multiplier_16x16/runs/ejecucion_16x16/logs/signoff/39-lvs.lef.log}"

Mon Dec 04 12:34:49 UTC 2023 - Executing "magic -noconsole -dnull -rcfile /home/juanjo/.volare/sky130A/libs.tech/magic/sky130A.magicrc < /openlane/scripts/magic/wrapper.tcl |& tee /dev/null /openlane/designs/sequential_multiplier_16x16/runs/ejecucion_16x16/logs/signoff/40-drc.log"

Mon Dec 04 12:34:49 UTC 2023 - Executing "{magic -noconsole -dnull -rcfile /home/juanjo/.volare/sky130A/libs.tech/magic/sky130A.magicrc < /openlane/scripts/magic/wrapper.tcl |& tee /dev/null /openlane/designs/sequential_multiplier_16x16/runs/ejecucion_16x16/logs/signoff/40-drc.log}"

Mon Dec 04 12:34:57 UTC 2023 - Executing "{python3 /openlane/scripts/drc_rosetta.py magic to_tcl -o /openlane/designs/sequential_multiplier_16x16/runs/ejecucion_16x16/reports/signoff/drc.tcl /openlane/designs/sequential_multiplier_16x16/runs/ejecucion_16x16/reports/signoff/drc.rpt}"

Mon Dec 04 12:34:58 UTC 2023 - Executing "{python3 /openlane/scripts/drc_rosetta.py magic to_tr -o /openlane/designs/sequential_multiplier_16x16/runs/ejecucion_16x16/reports/signoff/drc.tr /openlane/designs/sequential_multiplier_16x16/runs/ejecucion_16x16/reports/signoff/drc.rpt}"

Mon Dec 04 12:34:58 UTC 2023 - Executing "{python3 /openlane/scripts/drc_rosetta.py tr to_klayout -o /openlane/designs/sequential_multiplier_16x16/runs/ejecucion_16x16/reports/signoff/drc.klayout.xml --design-name sequential_multiplier_16x16 /openlane/designs/sequential_multiplier_16x16/runs/ejecucion_16x16/reports/signoff/drc.tr}"

Mon Dec 04 12:34:58 UTC 2023 - Executing "{python3 /openlane/scripts/drc_rosetta.py magic to_rdb -o /openlane/designs/sequential_multiplier_16x16/runs/ejecucion_16x16/reports/signoff/drc.rdb /openlane/designs/sequential_multiplier_16x16/runs/ejecucion_16x16/reports/signoff/drc.rpt}"

Mon Dec 04 12:34:58 UTC 2023 - Executing "openroad -exit /openlane/scripts/openroad/antenna_check.tcl |& tee /dev/null /openlane/designs/sequential_multiplier_16x16/runs/ejecucion_16x16/logs/signoff/41-arc.log"

Mon Dec 04 12:34:58 UTC 2023 - Executing "{openroad -exit /openlane/scripts/openroad/antenna_check.tcl |& tee /dev/null /openlane/designs/sequential_multiplier_16x16/runs/ejecucion_16x16/logs/signoff/41-arc.log}"

Mon Dec 04 12:34:59 UTC 2023 - Executing "{python3 /openlane/scripts/extract_antenna_violators.py --output /openlane/designs/sequential_multiplier_16x16/runs/ejecucion_16x16/reports/signoff/41-antenna_violators.rpt --plain-out /openlane/designs/sequential_multiplier_16x16/runs/ejecucion_16x16/reports/signoff/41-antenna_violators_pins.txt /openlane/designs/sequential_multiplier_16x16/runs/ejecucion_16x16/logs/signoff/41-arc.log}"

Mon Dec 04 12:34:59 UTC 2023 - Executing "{awk -v vdd=VPWR -v gnd=VGND -f /home/juanjo/.volare/sky130A/libs.tech/openlane/cvc/power.awk /openlane/designs/sequential_multiplier_16x16/runs/ejecucion_16x16/tmp/signoff/36-sequential_multiplier_16x16.nl.v > /openlane/designs/sequential_multiplier_16x16/runs/ejecucion_16x16/tmp/signoff/sequential_multiplier_16x16.power}"

Mon Dec 04 12:35:00 UTC 2023 - Executing "{awk -f /home/juanjo/.volare/sky130A/libs.tech/openlane/cvc/cdl.awk /home/juanjo/.volare/sky130A/libs.ref/sky130_fd_sc_hd/cdl/sky130_fd_sc_hd.cdl /openlane/designs/sequential_multiplier_16x16/runs/ejecucion_16x16/results/signoff/sequential_multiplier_16x16.lef.spice > /openlane/designs/sequential_multiplier_16x16/runs/ejecucion_16x16/tmp/signoff/sequential_multiplier_16x16.cdl}"

Mon Dec 04 12:35:00 UTC 2023 - Executing "{cvc_rv /home/juanjo/.volare/sky130A/libs.tech/openlane/cvc/cvcrc |& tee /dev/null /openlane/designs/sequential_multiplier_16x16/runs/ejecucion_16x16/logs/signoff/42-erc_screen.log}"

Mon Dec 04 12:35:00 UTC 2023 - Executing "{python3 /openlane/scripts/write_runtime.py --conclude --seconds --time-in 1701693300 {flow completed}}"

Mon Dec 04 12:35:00 UTC 2023 - Executing "{python3 /openlane/scripts/generate_reports.py -d /openlane/designs/sequential_multiplier_16x16 --design_name sequential_multiplier_16x16 --tag ejecucion_16x16 --output_file /openlane/designs/sequential_multiplier_16x16/runs/ejecucion_16x16/reports/metrics.csv --man_report /openlane/designs/sequential_multiplier_16x16/runs/ejecucion_16x16/reports/manufacturability.rpt --run_path /openlane/designs/sequential_multiplier_16x16/runs/ejecucion_16x16}"

