
===========================================================================
report_checks -unconstrained
===========================================================================
======================= Fastest Corner ===================================

Startpoint: mcand[0] (input port clocked by clk)
Endpoint: _891_ (rising edge-triggered flip-flop clocked by clk)
Path Group: clk
Path Type: max
Corner: Fastest

Fanout     Cap    Slew   Delay    Time   Description
-----------------------------------------------------------------------------
                          0.00    0.00   clock clk (rise edge)
                          0.00    0.00   clock network delay (propagated)
                          2.00    2.00 ^ input external delay
                  0.02    0.01    2.01 ^ mcand[0] (in)
     1    0.00                           mcand[0] (net)
                  0.02    0.00    2.01 ^ input1/A (sky130_fd_sc_hd__clkbuf_2)
                  0.13    0.14    2.15 ^ input1/X (sky130_fd_sc_hd__clkbuf_2)
     2    0.03                           net1 (net)
                  0.13    0.00    2.15 ^ _450_/B (sky130_fd_sc_hd__nand2_1)
                  0.07    0.09    2.23 v _450_/Y (sky130_fd_sc_hd__nand2_1)
     4    0.01                           _091_ (net)
                  0.07    0.00    2.23 v _472_/A1 (sky130_fd_sc_hd__o21ai_1)
                  0.16    0.17    2.41 ^ _472_/Y (sky130_fd_sc_hd__o21ai_1)
     3    0.01                           _111_ (net)
                  0.16    0.00    2.41 ^ _492_/A1 (sky130_fd_sc_hd__a311o_2)
                  0.11    0.18    2.59 ^ _492_/X (sky130_fd_sc_hd__a311o_2)
     4    0.03                           _129_ (net)
                  0.11    0.00    2.59 ^ _527_/A1 (sky130_fd_sc_hd__a21oi_4)
                  0.06    0.07    2.66 v _527_/Y (sky130_fd_sc_hd__a21oi_4)
     4    0.03                           _160_ (net)
                  0.06    0.00    2.66 v _609_/A1 (sky130_fd_sc_hd__o31a_1)
                  0.08    0.25    2.91 v _609_/X (sky130_fd_sc_hd__o31a_1)
     3    0.02                           _234_ (net)
                  0.08    0.00    2.91 v _651_/A1 (sky130_fd_sc_hd__o31a_2)
                  0.07    0.28    3.19 v _651_/X (sky130_fd_sc_hd__o31a_2)
     3    0.02                           _272_ (net)
                  0.07    0.00    3.19 v _687_/A1 (sky130_fd_sc_hd__o21ai_4)
                  0.18    0.19    3.38 ^ _687_/Y (sky130_fd_sc_hd__o21ai_4)
     3    0.03                           _304_ (net)
                  0.18    0.00    3.39 ^ _725_/A1 (sky130_fd_sc_hd__a21oi_2)
                  0.06    0.06    3.45 v _725_/Y (sky130_fd_sc_hd__a21oi_2)
     3    0.01                           _338_ (net)
                  0.06    0.00    3.45 v _746_/A1 (sky130_fd_sc_hd__o31a_1)
                  0.05    0.22    3.67 v _746_/X (sky130_fd_sc_hd__o31a_1)
     2    0.01                           _357_ (net)
                  0.05    0.00    3.67 v _747_/B (sky130_fd_sc_hd__xor2_1)
                  0.03    0.09    3.76 v _747_/X (sky130_fd_sc_hd__xor2_1)
     1    0.00                           _358_ (net)
                  0.03    0.00    3.76 v _748_/A1 (sky130_fd_sc_hd__mux2_1)
                  0.04    0.16    3.92 v _748_/X (sky130_fd_sc_hd__mux2_1)
     1    0.00                           _359_ (net)
                  0.04    0.00    3.92 v _749_/A1 (sky130_fd_sc_hd__mux2_1)
                  0.04    0.16    4.09 v _749_/X (sky130_fd_sc_hd__mux2_1)
     1    0.00                           _360_ (net)
                  0.04    0.00    4.09 v _750_/B (sky130_fd_sc_hd__and2_1)
                  0.03    0.11    4.20 v _750_/X (sky130_fd_sc_hd__and2_1)
     1    0.01                           _361_ (net)
                  0.03    0.00    4.20 v _751_/A (sky130_fd_sc_hd__clkbuf_1)
                  0.03    0.07    4.27 v _751_/X (sky130_fd_sc_hd__clkbuf_1)
     1    0.01                           _032_ (net)
                  0.03    0.00    4.27 v _891_/D (sky130_fd_sc_hd__dfxtp_2)
                                  4.27   data arrival time

                         10.00   10.00   clock clk (rise edge)
                          0.00   10.00   clock source latency
                  0.13    0.09   10.09 ^ clk (in)
     1    0.04                           clk (net)
                  0.13    0.00   10.09 ^ clkbuf_0_clk/A (sky130_fd_sc_hd__clkbuf_16)
                  0.10    0.15   10.24 ^ clkbuf_0_clk/X (sky130_fd_sc_hd__clkbuf_16)
     8    0.11                           clknet_0_clk (net)
                  0.10    0.00   10.24 ^ clkbuf_3_4__f_clk/A (sky130_fd_sc_hd__clkbuf_16)
                  0.05    0.11   10.35 ^ clkbuf_3_4__f_clk/X (sky130_fd_sc_hd__clkbuf_16)
     9    0.05                           clknet_3_4__leaf_clk (net)
                  0.05    0.00   10.35 ^ _891_/CLK (sky130_fd_sc_hd__dfxtp_2)
                         -0.25   10.10   clock uncertainty
                          0.00   10.10   clock reconvergence pessimism
                         -0.07   10.03   library setup time
                                 10.03   data required time
-----------------------------------------------------------------------------
                                 10.03   data required time
                                 -4.27   data arrival time
-----------------------------------------------------------------------------
                                  5.76   slack (MET)



======================= Slowest Corner ===================================

Startpoint: mcand[8] (input port clocked by clk)
Endpoint: _891_ (rising edge-triggered flip-flop clocked by clk)
Path Group: clk
Path Type: max
Corner: Slowest

Fanout     Cap    Slew   Delay    Time   Description
-----------------------------------------------------------------------------
                          0.00    0.00   clock clk (rise edge)
                          0.00    0.00   clock network delay (propagated)
                          2.00    2.00 v input external delay
                  0.02    0.01    2.01 v mcand[8] (in)
     1    0.00                           mcand[8] (net)
                  0.02    0.00    2.01 v input31/A (sky130_fd_sc_hd__dlymetal6s2s_1)
                  0.20    0.39    2.40 v input31/X (sky130_fd_sc_hd__dlymetal6s2s_1)
     2    0.02                           net31 (net)
                  0.20    0.00    2.40 v _529_/B (sky130_fd_sc_hd__nand2_1)
                  0.16    0.24    2.64 ^ _529_/Y (sky130_fd_sc_hd__nand2_1)
     3    0.01                           _162_ (net)
                  0.16    0.00    2.64 ^ _530_/B (sky130_fd_sc_hd__nand2_1)
                  0.19    0.25    2.89 v _530_/Y (sky130_fd_sc_hd__nand2_1)
     3    0.01                           _163_ (net)
                  0.19    0.00    2.89 v _567_/A (sky130_fd_sc_hd__or4_1)
                  0.23    1.40    4.30 v _567_/X (sky130_fd_sc_hd__or4_1)
     2    0.01                           _196_ (net)
                  0.23    0.00    4.30 v _609_/A2 (sky130_fd_sc_hd__o31a_1)
                  0.20    0.75    5.05 v _609_/X (sky130_fd_sc_hd__o31a_1)
     3    0.02                           _234_ (net)
                  0.20    0.00    5.05 v _651_/A1 (sky130_fd_sc_hd__o31a_2)
                  0.18    0.87    5.92 v _651_/X (sky130_fd_sc_hd__o31a_2)
     3    0.02                           _272_ (net)
                  0.18    0.00    5.92 v _687_/A1 (sky130_fd_sc_hd__o21ai_4)
                  0.37    0.47    6.39 ^ _687_/Y (sky130_fd_sc_hd__o21ai_4)
     3    0.03                           _304_ (net)
                  0.37    0.00    6.39 ^ _725_/A1 (sky130_fd_sc_hd__a21oi_2)
                  0.16    0.28    6.67 v _725_/Y (sky130_fd_sc_hd__a21oi_2)
     3    0.01                           _338_ (net)
                  0.16    0.00    6.67 v _746_/A1 (sky130_fd_sc_hd__o31a_1)
                  0.12    0.67    7.34 v _746_/X (sky130_fd_sc_hd__o31a_1)
     2    0.01                           _357_ (net)
                  0.12    0.00    7.34 v _747_/B (sky130_fd_sc_hd__xor2_1)
                  0.09    0.29    7.64 v _747_/X (sky130_fd_sc_hd__xor2_1)
     1    0.00                           _358_ (net)
                  0.09    0.00    7.64 v _748_/A1 (sky130_fd_sc_hd__mux2_1)
                  0.13    0.72    8.35 v _748_/X (sky130_fd_sc_hd__mux2_1)
     1    0.00                           _359_ (net)
                  0.13    0.00    8.35 v _749_/A1 (sky130_fd_sc_hd__mux2_1)
                  0.12    0.72    9.07 v _749_/X (sky130_fd_sc_hd__mux2_1)
     1    0.00                           _360_ (net)
                  0.12    0.00    9.07 v _750_/B (sky130_fd_sc_hd__and2_1)
                  0.09    0.38    9.46 v _750_/X (sky130_fd_sc_hd__and2_1)
     1    0.01                           _361_ (net)
                  0.09    0.00    9.46 v _751_/A (sky130_fd_sc_hd__clkbuf_1)
                  0.07    0.20    9.65 v _751_/X (sky130_fd_sc_hd__clkbuf_1)
     1    0.00                           _032_ (net)
                  0.07    0.00    9.65 v _891_/D (sky130_fd_sc_hd__dfxtp_2)
                                  9.65   data arrival time

                         10.00   10.00   clock clk (rise edge)
                          0.00   10.00   clock source latency
                  0.27    0.18   10.18 ^ clk (in)
     1    0.04                           clk (net)
                  0.27    0.00   10.18 ^ clkbuf_0_clk/A (sky130_fd_sc_hd__clkbuf_16)
                  0.19    0.39   10.57 ^ clkbuf_0_clk/X (sky130_fd_sc_hd__clkbuf_16)
     8    0.11                           clknet_0_clk (net)
                  0.19    0.00   10.57 ^ clkbuf_3_4__f_clk/A (sky130_fd_sc_hd__clkbuf_16)
                  0.10    0.29   10.87 ^ clkbuf_3_4__f_clk/X (sky130_fd_sc_hd__clkbuf_16)
     9    0.04                           clknet_3_4__leaf_clk (net)
                  0.10    0.00   10.87 ^ _891_/CLK (sky130_fd_sc_hd__dfxtp_2)
                         -0.25   10.62   clock uncertainty
                          0.00   10.62   clock reconvergence pessimism
                         -0.27   10.35   library setup time
                                 10.35   data required time
-----------------------------------------------------------------------------
                                 10.35   data required time
                                 -9.65   data arrival time
-----------------------------------------------------------------------------
                                  0.70   slack (MET)



======================= Typical Corner ===================================

Startpoint: mcand[7] (input port clocked by clk)
Endpoint: _891_ (rising edge-triggered flip-flop clocked by clk)
Path Group: clk
Path Type: max
Corner: Typical

Fanout     Cap    Slew   Delay    Time   Description
-----------------------------------------------------------------------------
                          0.00    0.00   clock clk (rise edge)
                          0.00    0.00   clock network delay (propagated)
                          2.00    2.00 ^ input external delay
                  0.02    0.01    2.01 ^ mcand[7] (in)
     1    0.00                           mcand[7] (net)
                  0.02    0.00    2.01 ^ input30/A (sky130_fd_sc_hd__clkbuf_2)
                  0.18    0.20    2.21 ^ input30/X (sky130_fd_sc_hd__clkbuf_2)
     3    0.03                           net30 (net)
                  0.18    0.00    2.21 ^ _515_/B (sky130_fd_sc_hd__xor2_1)
                  0.21    0.25    2.46 ^ _515_/X (sky130_fd_sc_hd__xor2_1)
     2    0.01                           _149_ (net)
                  0.21    0.00    2.46 ^ _522_/B (sky130_fd_sc_hd__and2b_1)
                  0.10    0.21    2.67 ^ _522_/X (sky130_fd_sc_hd__and2b_1)
     2    0.01                           _155_ (net)
                  0.10    0.00    2.67 ^ _523_/D (sky130_fd_sc_hd__and4_1)
                  0.11    0.26    2.93 ^ _523_/X (sky130_fd_sc_hd__and4_1)
     1    0.01                           _156_ (net)
                  0.11    0.00    2.93 ^ _527_/A2 (sky130_fd_sc_hd__a21oi_4)
                  0.09    0.11    3.04 v _527_/Y (sky130_fd_sc_hd__a21oi_4)
     4    0.03                           _160_ (net)
                  0.09    0.00    3.04 v _609_/A1 (sky130_fd_sc_hd__o31a_1)
                  0.11    0.39    3.43 v _609_/X (sky130_fd_sc_hd__o31a_1)
     3    0.02                           _234_ (net)
                  0.11    0.00    3.43 v _651_/A1 (sky130_fd_sc_hd__o31a_2)
                  0.10    0.45    3.89 v _651_/X (sky130_fd_sc_hd__o31a_2)
     3    0.02                           _272_ (net)
                  0.10    0.00    3.89 v _687_/A1 (sky130_fd_sc_hd__o21ai_4)
                  0.23    0.27    4.16 ^ _687_/Y (sky130_fd_sc_hd__o21ai_4)
     3    0.03                           _304_ (net)
                  0.23    0.00    4.16 ^ _725_/A1 (sky130_fd_sc_hd__a21oi_2)
                  0.09    0.13    4.29 v _725_/Y (sky130_fd_sc_hd__a21oi_2)
     3    0.01                           _338_ (net)
                  0.09    0.00    4.29 v _746_/A1 (sky130_fd_sc_hd__o31a_1)
                  0.07    0.35    4.64 v _746_/X (sky130_fd_sc_hd__o31a_1)
     2    0.01                           _357_ (net)
                  0.07    0.00    4.64 v _747_/B (sky130_fd_sc_hd__xor2_1)
                  0.05    0.15    4.79 v _747_/X (sky130_fd_sc_hd__xor2_1)
     1    0.00                           _358_ (net)
                  0.05    0.00    4.79 v _748_/A1 (sky130_fd_sc_hd__mux2_1)
                  0.06    0.31    5.10 v _748_/X (sky130_fd_sc_hd__mux2_1)
     1    0.00                           _359_ (net)
                  0.06    0.00    5.10 v _749_/A1 (sky130_fd_sc_hd__mux2_1)
                  0.06    0.32    5.42 v _749_/X (sky130_fd_sc_hd__mux2_1)
     1    0.00                           _360_ (net)
                  0.06    0.00    5.42 v _750_/B (sky130_fd_sc_hd__and2_1)
                  0.05    0.18    5.60 v _750_/X (sky130_fd_sc_hd__and2_1)
     1    0.01                           _361_ (net)
                  0.05    0.00    5.60 v _751_/A (sky130_fd_sc_hd__clkbuf_1)
                  0.04    0.10    5.70 v _751_/X (sky130_fd_sc_hd__clkbuf_1)
     1    0.00                           _032_ (net)
                  0.04    0.00    5.70 v _891_/D (sky130_fd_sc_hd__dfxtp_2)
                                  5.70   data arrival time

                         10.00   10.00   clock clk (rise edge)
                          0.00   10.00   clock source latency
                  0.17    0.11   10.11 ^ clk (in)
     1    0.04                           clk (net)
                  0.17    0.00   10.11 ^ clkbuf_0_clk/A (sky130_fd_sc_hd__clkbuf_16)
                  0.13    0.22   10.34 ^ clkbuf_0_clk/X (sky130_fd_sc_hd__clkbuf_16)
     8    0.11                           clknet_0_clk (net)
                  0.13    0.00   10.34 ^ clkbuf_3_4__f_clk/A (sky130_fd_sc_hd__clkbuf_16)
                  0.06    0.17   10.51 ^ clkbuf_3_4__f_clk/X (sky130_fd_sc_hd__clkbuf_16)
     9    0.04                           clknet_3_4__leaf_clk (net)
                  0.06    0.00   10.51 ^ _891_/CLK (sky130_fd_sc_hd__dfxtp_2)
                         -0.25   10.26   clock uncertainty
                          0.00   10.26   clock reconvergence pessimism
                         -0.11   10.15   library setup time
                                 10.15   data required time
-----------------------------------------------------------------------------
                                 10.15   data required time
                                 -5.70   data arrival time
-----------------------------------------------------------------------------
                                  4.45   slack (MET)




===========================================================================
report_checks --slack_max -0.01
============================================================================
======================= Fastest Corner ===================================

No paths found.

======================= Slowest Corner ===================================

No paths found.

======================= Typical Corner ===================================

No paths found.


===========================================================================
 report_check_types -max_slew -max_cap -max_fanout -violators
============================================================================
======================= Fastest Corner ===================================

max fanout

Pin                                   Limit Fanout  Slack
---------------------------------------------------------
clkbuf_3_2__f_clk/X                      10     12     -2 (VIOLATED)
_447_/X                                  10     11        (VIOLATED)
clkbuf_3_0__f_clk/X                      10     11        (VIOLATED)
clkbuf_3_1__f_clk/X                      10     11        (VIOLATED)


======================= Slowest Corner ===================================

max fanout

Pin                                   Limit Fanout  Slack
---------------------------------------------------------
clkbuf_3_2__f_clk/X                      10     12     -2 (VIOLATED)
_447_/X                                  10     11        (VIOLATED)
clkbuf_3_0__f_clk/X                      10     11        (VIOLATED)
clkbuf_3_1__f_clk/X                      10     11        (VIOLATED)


======================= Typical Corner ===================================

max fanout

Pin                                   Limit Fanout  Slack
---------------------------------------------------------
clkbuf_3_2__f_clk/X                      10     12     -2 (VIOLATED)
_447_/X                                  10     11        (VIOLATED)
clkbuf_3_0__f_clk/X                      10     11        (VIOLATED)
clkbuf_3_1__f_clk/X                      10     11        (VIOLATED)



===========================================================================
report_parasitic_annotation -report_unannotated
============================================================================
Found 0 unannotated drivers.
Found 0 partially unannotated drivers.

===========================================================================
max slew violation count 0
max fanout violation count 4
max cap violation count 0
============================================================================

===========================================================================
check_setup -verbose -unconstrained_endpoints -multiple_clock -no_clock -no_input_delay -loops -generated_clocks
===========================================================================
