
===========================================================================
 report_power
============================================================================
======================= Fastest Corner ===================================

Group                  Internal  Switching    Leakage      Total
                          Power      Power      Power      Power (Watts)
----------------------------------------------------------------
Sequential             5.75e-04   4.83e-04   1.29e-09   1.06e-03  27.9%
Combinational          1.19e-03   1.54e-03   1.16e-08   2.73e-03  72.1%
Macro                  0.00e+00   0.00e+00   0.00e+00   0.00e+00   0.0%
Pad                    0.00e+00   0.00e+00   0.00e+00   0.00e+00   0.0%
----------------------------------------------------------------
Total                  1.76e-03   2.02e-03   1.29e-08   3.79e-03 100.0%
                          46.6%      53.4%       0.0%

======================= Slowest Corner ===================================

Group                  Internal  Switching    Leakage      Total
                          Power      Power      Power      Power (Watts)
----------------------------------------------------------------
Sequential             3.96e-04   3.22e-04   1.12e-06   7.20e-04  27.3%
Combinational          8.91e-04   1.02e-03   2.89e-06   1.91e-03  72.7%
Macro                  0.00e+00   0.00e+00   0.00e+00   0.00e+00   0.0%
Pad                    0.00e+00   0.00e+00   0.00e+00   0.00e+00   0.0%
----------------------------------------------------------------
Total                  1.29e-03   1.34e-03   4.01e-06   2.63e-03 100.0%
                          48.9%      50.9%       0.2%

======================= Typical Corner ===================================

Group                  Internal  Switching    Leakage      Total
                          Power      Power      Power      Power (Watts)
----------------------------------------------------------------
Sequential             5.02e-04   4.09e-04   6.19e-10   9.11e-04  27.6%
Combinational          1.08e-03   1.30e-03   8.33e-09   2.38e-03  72.4%
Macro                  0.00e+00   0.00e+00   0.00e+00   0.00e+00   0.0%
Pad                    0.00e+00   0.00e+00   0.00e+00   0.00e+00   0.0%
----------------------------------------------------------------
Total                  1.58e-03   1.71e-03   8.95e-09   3.29e-03 100.0%
                          48.1%      51.9%       0.0%

