OpenROAD 0cfb9a45bfb256c9af1a0500d4c97da0f145f54f 
This program is licensed under the BSD-3 license. See the LICENSE file for details.
Components of this program may be licensed under more restrictive licenses which must be honored.
[INFO]: Reading ODB at '/openlane/designs/sequential_multiplier_16x16/runs/ejecucion_16x16/tmp/17-sequential_multiplier_16x16.odb'…
define_corners Typical
read_liberty -corner Typical /home/juanjo/.volare/sky130A/libs.ref/sky130_fd_sc_hd/lib/sky130_fd_sc_hd__tt_025C_1v80.lib
Using 1e-12 for capacitance...
Using 1e+03 for resistance...
Using 1e-09 for time...
Using 1e+00 for voltage...
Using 1e-03 for current...
Using 1e-09 for power...
Using 1e-06 for distance...
Reading design constraints file at '/openlane/designs/sequential_multiplier_16x16/runs/ejecucion_16x16/tmp/17-sequential_multiplier_16x16.sdc'…
[INFO]: Setting signal min routing layer to: met1 and clock min routing layer to met1. 
[INFO]: Setting signal max routing layer to: met5 and clock max routing layer to met5. 
-congestion_iterations 50 -verbose -congestion_report_file /openlane/designs/sequential_multiplier_16x16/runs/ejecucion_16x16/tmp/routing/groute-congestion.rpt
[INFO GRT-0020] Min routing layer: met1
[INFO GRT-0021] Max routing layer: met5
[INFO GRT-0022] Global adjustment: 30%
[INFO GRT-0023] Grid origin: (0, 0)
[INFO GRT-0043] No OR_DEFAULT vias defined.
[INFO GRT-0088] Layer li1     Track-Pitch = 0.4600  line-2-Via Pitch: 0.3400
[INFO GRT-0088] Layer met1    Track-Pitch = 0.3400  line-2-Via Pitch: 0.3400
[INFO GRT-0088] Layer met2    Track-Pitch = 0.4600  line-2-Via Pitch: 0.3500
[INFO GRT-0088] Layer met3    Track-Pitch = 0.6800  line-2-Via Pitch: 0.6150
[INFO GRT-0088] Layer met4    Track-Pitch = 0.9200  line-2-Via Pitch: 1.0400
[INFO GRT-0088] Layer met5    Track-Pitch = 3.4000  line-2-Via Pitch: 3.1100
[INFO GRT-0019] Found 6 clock nets.
[INFO GRT-0001] Minimum degree: 2
[INFO GRT-0002] Maximum degree: 15
[INFO GRT-0003] Macros: 0
[INFO GRT-0004] Blockages: 565

[INFO GRT-0053] Routing resources analysis:
          Routing      Original      Derated      Resource
Layer     Direction    Resources     Resources    Reduction (%)
---------------------------------------------------------------
li1        Vertical            0             0          0.00%
met1       Horizontal      26640         13693          48.60%
met2       Vertical        19980         13094          34.46%
met3       Horizontal      13320          9314          30.08%
met4       Vertical         7992          5054          36.76%
met5       Horizontal       2664          1295          51.39%
---------------------------------------------------------------

[INFO GRT-0197] Via related to pin nodes: 1432
[INFO GRT-0198] Via related Steiner nodes: 66
[INFO GRT-0199] Via filling finished.
[INFO GRT-0111] Final number of vias: 1666
[INFO GRT-0112] Final usage 3D: 7542

[INFO GRT-0096] Final congestion report:
Layer         Resource        Demand        Usage (%)    Max H / Max V / Total Overflow
---------------------------------------------------------------------------------------
li1                  0             0            0.00%             0 /  0 /  0
met1             13693          1234            9.01%             0 /  0 /  0
met2             13094          1310           10.00%             0 /  0 /  0
met3              9314             0            0.00%             0 /  0 /  0
met4              5054             0            0.00%             0 /  0 /  0
met5              1295             0            0.00%             0 /  0 /  0
---------------------------------------------------------------------------------------
Total            42450          2544            5.99%             0 /  0 /  0

[INFO GRT-0018] Total wirelength: 24232 um
[INFO GRT-0014] Routed nets: 396
[INFO GRT-0006] Repairing antennas, iteration 1.
[INFO GRT-0043] No OR_DEFAULT vias defined.
[INFO GRT-0012] Found 6 antenna violations.
[INFO GRT-0015] Inserted 6 diodes.
[INFO GRT-0009] rerouting 285 nets.
[INFO GRT-0001] Minimum degree: 2
[INFO GRT-0002] Maximum degree: 15
[INFO GRT-0006] Repairing antennas, iteration 2.
[INFO GRT-0043] No OR_DEFAULT vias defined.
[INFO GRT-0012] Found 0 antenna violations.
Setting global connections for newly added cells…
Writing OpenROAD database to '/openlane/designs/sequential_multiplier_16x16/runs/ejecucion_16x16/tmp/routing/19-global.odb'…
Writing layout to '/openlane/designs/sequential_multiplier_16x16/runs/ejecucion_16x16/tmp/routing/19-global.def'…
Writing routing guides to '/openlane/designs/sequential_multiplier_16x16/runs/ejecucion_16x16/tmp/routing/19-global.guide'…
