Mon Dec 04 12:44:18 UTC 2023 - Executing "{openroad -exit -no_init -python /openlane/scripts/odbpy/lefutil.py get_metal_layers -o /openlane/designs/sequential_multiplier_32x32/runs/ejecucion_32x32/tmp/layers.list /home/juanjo/.volare/sky130A/libs.ref/sky130_fd_sc_hd/techlef/sky130_fd_sc_hd__nom.tlef}"

Mon Dec 04 12:44:19 UTC 2023 - Executing "{/openlane/scripts/mergeLef.py -o /openlane/designs/sequential_multiplier_32x32/runs/ejecucion_32x32/tmp/merged.nom.lef -i /home/juanjo/.volare/sky130A/libs.ref/sky130_fd_sc_hd/techlef/sky130_fd_sc_hd__nom.tlef {/home/juanjo/.volare/sky130A/libs.ref/sky130_fd_sc_hd/lef/sky130_ef_sc_hd.lef /home/juanjo/.volare/sky130A/libs.ref/sky130_fd_sc_hd/lef/sky130_fd_sc_hd.lef} |& tee /dev/null}"

Mon Dec 04 12:44:19 UTC 2023 - Executing "{/openlane/scripts/mergeLef.py -o /openlane/designs/sequential_multiplier_32x32/runs/ejecucion_32x32/tmp/merged.min.lef -i /home/juanjo/.volare/sky130A/libs.ref/sky130_fd_sc_hd/techlef/sky130_fd_sc_hd__min.tlef {/home/juanjo/.volare/sky130A/libs.ref/sky130_fd_sc_hd/lef/sky130_ef_sc_hd.lef /home/juanjo/.volare/sky130A/libs.ref/sky130_fd_sc_hd/lef/sky130_fd_sc_hd.lef} |& tee /dev/null}"

Mon Dec 04 12:44:19 UTC 2023 - Executing "{/openlane/scripts/mergeLef.py -o /openlane/designs/sequential_multiplier_32x32/runs/ejecucion_32x32/tmp/merged.max.lef -i /home/juanjo/.volare/sky130A/libs.ref/sky130_fd_sc_hd/techlef/sky130_fd_sc_hd__max.tlef {/home/juanjo/.volare/sky130A/libs.ref/sky130_fd_sc_hd/lef/sky130_ef_sc_hd.lef /home/juanjo/.volare/sky130A/libs.ref/sky130_fd_sc_hd/lef/sky130_fd_sc_hd.lef} |& tee /dev/null}"

Mon Dec 04 12:44:19 UTC 2023 - Executing "{python3 /openlane/scripts/mergeLib.py --output /openlane/designs/sequential_multiplier_32x32/runs/ejecucion_32x32/tmp/synthesis/merged.lib --name sky130A_merged /home/juanjo/.volare/sky130A/libs.ref/sky130_fd_sc_hd/lib/sky130_fd_sc_hd__tt_025C_1v80.lib}"

Mon Dec 04 12:44:20 UTC 2023 - Executing "{python3 /openlane/scripts/libtrim.py --cell-file /openlane/designs/sequential_multiplier_32x32/runs/ejecucion_32x32/tmp/synthesis/trimmed.lib.exclude.list --output /openlane/designs/sequential_multiplier_32x32/runs/ejecucion_32x32/tmp/synthesis/trimmed.lib /openlane/designs/sequential_multiplier_32x32/runs/ejecucion_32x32/tmp/synthesis/merged.lib}"

Mon Dec 04 12:44:20 UTC 2023 - Executing "{python3 /openlane/scripts/libtrim.py --cell-file /openlane/designs/sequential_multiplier_32x32/runs/ejecucion_32x32/tmp/cts/cts.lib.exclude.list --output /openlane/designs/sequential_multiplier_32x32/runs/ejecucion_32x32/tmp/cts/cts.lib /home/juanjo/.volare/sky130A/libs.ref/sky130_fd_sc_hd/lib/sky130_fd_sc_hd__tt_025C_1v80.lib}"

Mon Dec 04 12:44:21 UTC 2023 - Executing "{python3 /openlane/scripts/libtrim.py --cell-file /openlane/designs/sequential_multiplier_32x32/runs/ejecucion_32x32/tmp/cts/cts-fastest.lib.exclude.list --output /openlane/designs/sequential_multiplier_32x32/runs/ejecucion_32x32/tmp/cts/cts-fastest.lib /home/juanjo/.volare/sky130A/libs.ref/sky130_fd_sc_hd/lib/sky130_fd_sc_hd__ff_n40C_1v95.lib}"

Mon Dec 04 12:44:23 UTC 2023 - Executing "{python3 /openlane/scripts/libtrim.py --cell-file /openlane/designs/sequential_multiplier_32x32/runs/ejecucion_32x32/tmp/cts/cts-slowest.lib.exclude.list --output /openlane/designs/sequential_multiplier_32x32/runs/ejecucion_32x32/tmp/cts/cts-slowest.lib /home/juanjo/.volare/sky130A/libs.ref/sky130_fd_sc_hd/lib/sky130_fd_sc_hd__ss_100C_1v60.lib}"

Mon Dec 04 12:44:23 UTC 2023 - Executing "{python3 /openlane/scripts/new_tracks.py -i /home/juanjo/.volare/sky130A/libs.tech/openlane/sky130_fd_sc_hd/tracks.info -o /openlane/designs/sequential_multiplier_32x32/runs/ejecucion_32x32/tmp/routing/config.tracks}"

Mon Dec 04 12:44:23 UTC 2023 - Executing "{echo {OpenLane 2264b1240bacca90f8dfd74b8f5d62b7d618038e} > /openlane/designs/sequential_multiplier_32x32/runs/ejecucion_32x32/OPENLANE_VERSION}"

Mon Dec 04 12:44:23 UTC 2023 - Executing "{yosys -c /openlane/scripts/yosys/blackbox.tcl}"

Mon Dec 04 12:44:24 UTC 2023 - Executing "{verilator -Wall --lint-only --Wno-DECLFILENAME --top-module sequential_multiplier_32x32 /openlane/designs/sequential_multiplier_32x32/runs/ejecucion_32x32/tmp/synthesis/blackbox/sky130_fd_sc_hd__blackbox.v /openlane/designs/sequential_multiplier_32x32/src/sequential_multiplier_32x32.v -Wno-fatal --relative-includes |& tee /openlane/designs/sequential_multiplier_32x32/runs/ejecucion_32x32/logs/synthesis/linter.log /dev/null}"

Mon Dec 04 12:44:24 UTC 2023 - Executing "{sed -E {s/^([[:space:]]+)pg_pin(.*)/\1pin\2\n\1    direction : "inout";/g} /home/juanjo/.volare/sky130A/libs.ref/sky130_fd_sc_hd/lib/sky130_fd_sc_hd__tt_025C_1v80.lib > /openlane/designs/sequential_multiplier_32x32/runs/ejecucion_32x32/tmp/synthesis/1-sky130_fd_sc_hd__tt_025C_1v80.no_pg.lib}"

Mon Dec 04 12:44:25 UTC 2023 - Executing "{sed -E {s/^([[:space:]]+)pg_pin(.*)/\1pin\2\n\1    direction : "inout";/g} /openlane/designs/sequential_multiplier_32x32/runs/ejecucion_32x32/tmp/synthesis/trimmed.lib > /openlane/designs/sequential_multiplier_32x32/runs/ejecucion_32x32/tmp/synthesis/1-trimmed.no_pg.lib}"

Mon Dec 04 12:44:25 UTC 2023 - Executing "yosys -c /openlane/scripts/yosys/synth.tcl |& tee /dev/null /openlane/designs/sequential_multiplier_32x32/runs/ejecucion_32x32/logs/synthesis/1-synthesis.log"

Mon Dec 04 12:44:25 UTC 2023 - Executing "{yosys -c /openlane/scripts/yosys/synth.tcl |& tee /dev/null /openlane/designs/sequential_multiplier_32x32/runs/ejecucion_32x32/logs/synthesis/1-synthesis.log}"

Mon Dec 04 12:44:29 UTC 2023 - Executing "{sed -i.bak -e {s/\(set ::env(CURRENT_NETLIST)\).*/\1 \/openlane\/designs\/sequential_multiplier_32x32\/runs\/ejecucion_32x32\/results\/synthesis\/sequential_multiplier_32x32.v/} /openlane/designs/sequential_multiplier_32x32/runs/ejecucion_32x32/config.tcl}"

Mon Dec 04 12:44:29 UTC 2023 - Executing "{sed -i.bak /defparam/d /openlane/designs/sequential_multiplier_32x32/runs/ejecucion_32x32/results/synthesis/sequential_multiplier_32x32.v}"

Mon Dec 04 12:44:29 UTC 2023 - Executing "sta -exit -no_init /openlane/scripts/openroad/sta/multi_corner.tcl |& tee /dev/null /openlane/designs/sequential_multiplier_32x32/runs/ejecucion_32x32/logs/synthesis/2-sta.log"

Mon Dec 04 12:44:29 UTC 2023 - Executing "{sta -exit -no_init /openlane/scripts/openroad/sta/multi_corner.tcl |& tee /dev/null /openlane/designs/sequential_multiplier_32x32/runs/ejecucion_32x32/logs/synthesis/2-sta.log}"

Mon Dec 04 12:44:30 UTC 2023 - Executing "openroad -exit /openlane/scripts/openroad/floorplan.tcl |& tee /dev/null /openlane/designs/sequential_multiplier_32x32/runs/ejecucion_32x32/logs/floorplan/3-initial_fp.log"

Mon Dec 04 12:44:30 UTC 2023 - Executing "{openroad -exit /openlane/scripts/openroad/floorplan.tcl |& tee /dev/null /openlane/designs/sequential_multiplier_32x32/runs/ejecucion_32x32/logs/floorplan/3-initial_fp.log}"

Mon Dec 04 12:44:31 UTC 2023 - Executing "{openroad -exit -no_init -python /openlane/scripts/odbpy/defutil.py extract_core_dims --output-data /openlane/designs/sequential_multiplier_32x32/runs/ejecucion_32x32/tmp/dimensions.txt --input-lef /openlane/designs/sequential_multiplier_32x32/runs/ejecucion_32x32/tmp/merged.nom.lef /openlane/designs/sequential_multiplier_32x32/runs/ejecucion_32x32/tmp/floorplan/3-initial_fp.def}"

Mon Dec 04 12:44:32 UTC 2023 - Executing "openroad -exit /openlane/scripts/openroad/ioplacer.tcl |& tee /dev/null /openlane/designs/sequential_multiplier_32x32/runs/ejecucion_32x32/logs/floorplan/4-io.log"

Mon Dec 04 12:44:32 UTC 2023 - Executing "{openroad -exit /openlane/scripts/openroad/ioplacer.tcl |& tee /dev/null /openlane/designs/sequential_multiplier_32x32/runs/ejecucion_32x32/logs/floorplan/4-io.log}"

Mon Dec 04 12:44:33 UTC 2023 - Executing "openroad -exit /openlane/scripts/openroad/tapcell.tcl |& tee /dev/null /openlane/designs/sequential_multiplier_32x32/runs/ejecucion_32x32/logs/floorplan/5-tap.log"

Mon Dec 04 12:44:33 UTC 2023 - Executing "{openroad -exit /openlane/scripts/openroad/tapcell.tcl |& tee /dev/null /openlane/designs/sequential_multiplier_32x32/runs/ejecucion_32x32/logs/floorplan/5-tap.log}"

Mon Dec 04 12:44:34 UTC 2023 - Executing "openroad -exit /openlane/scripts/openroad/pdn.tcl |& tee /dev/null /openlane/designs/sequential_multiplier_32x32/runs/ejecucion_32x32/logs/floorplan/6-pdn.log"

Mon Dec 04 12:44:34 UTC 2023 - Executing "{openroad -exit /openlane/scripts/openroad/pdn.tcl |& tee /dev/null /openlane/designs/sequential_multiplier_32x32/runs/ejecucion_32x32/logs/floorplan/6-pdn.log}"

Mon Dec 04 12:44:35 UTC 2023 - Executing "openroad -exit /openlane/scripts/openroad/gpl.tcl |& tee /dev/null /openlane/designs/sequential_multiplier_32x32/runs/ejecucion_32x32/logs/placement/7-global.log"

Mon Dec 04 12:44:35 UTC 2023 - Executing "{openroad -exit /openlane/scripts/openroad/gpl.tcl |& tee /dev/null /openlane/designs/sequential_multiplier_32x32/runs/ejecucion_32x32/logs/placement/7-global.log}"

Mon Dec 04 12:44:38 UTC 2023 - Executing "{sed -i.bak -e {s/\(set ::env(CURRENT_NETLIST)\).*/\1 \/openlane\/designs\/sequential_multiplier_32x32\/runs\/ejecucion_32x32\/tmp\/placement\/7-global.nl.v/} /openlane/designs/sequential_multiplier_32x32/runs/ejecucion_32x32/config.tcl}"

Mon Dec 04 12:44:39 UTC 2023 - Executing "openroad -exit /openlane/scripts/openroad/sta/multi_corner.tcl |& tee /dev/null /openlane/designs/sequential_multiplier_32x32/runs/ejecucion_32x32/logs/placement/8-gpl_sta.log"

Mon Dec 04 12:44:39 UTC 2023 - Executing "{openroad -exit /openlane/scripts/openroad/sta/multi_corner.tcl |& tee /dev/null /openlane/designs/sequential_multiplier_32x32/runs/ejecucion_32x32/logs/placement/8-gpl_sta.log}"

Mon Dec 04 12:44:40 UTC 2023 - Executing "openroad -exit /openlane/scripts/openroad/resizer.tcl |& tee /dev/null /openlane/designs/sequential_multiplier_32x32/runs/ejecucion_32x32/logs/placement/9-resizer.log"

Mon Dec 04 12:44:40 UTC 2023 - Executing "{openroad -exit /openlane/scripts/openroad/resizer.tcl |& tee /dev/null /openlane/designs/sequential_multiplier_32x32/runs/ejecucion_32x32/logs/placement/9-resizer.log}"

Mon Dec 04 12:44:44 UTC 2023 - Executing "{sed -i.bak -e {s/\(set ::env(CURRENT_NETLIST)\).*/\1 \/openlane\/designs\/sequential_multiplier_32x32\/runs\/ejecucion_32x32\/tmp\/placement\/9-resizer.nl.v/} /openlane/designs/sequential_multiplier_32x32/runs/ejecucion_32x32/config.tcl}"

Mon Dec 04 12:44:44 UTC 2023 - Executing "openroad -exit /openlane/scripts/openroad/dpl.tcl |& tee /dev/null /openlane/designs/sequential_multiplier_32x32/runs/ejecucion_32x32/logs/placement/10-detailed.log"

Mon Dec 04 12:44:44 UTC 2023 - Executing "{openroad -exit /openlane/scripts/openroad/dpl.tcl |& tee /dev/null /openlane/designs/sequential_multiplier_32x32/runs/ejecucion_32x32/logs/placement/10-detailed.log}"

Mon Dec 04 12:44:45 UTC 2023 - Executing "{sed -i.bak -e {s/\(set ::env(CURRENT_NETLIST)\).*/\1 \/openlane\/designs\/sequential_multiplier_32x32\/runs\/ejecucion_32x32\/results\/placement\/sequential_multiplier_32x32.nl.v/} /openlane/designs/sequential_multiplier_32x32/runs/ejecucion_32x32/config.tcl}"

Mon Dec 04 12:44:45 UTC 2023 - Executing "openroad -exit /openlane/scripts/openroad/sta/multi_corner.tcl |& tee /dev/null /openlane/designs/sequential_multiplier_32x32/runs/ejecucion_32x32/logs/placement/11-dpl_sta.log"

Mon Dec 04 12:44:45 UTC 2023 - Executing "{openroad -exit /openlane/scripts/openroad/sta/multi_corner.tcl |& tee /dev/null /openlane/designs/sequential_multiplier_32x32/runs/ejecucion_32x32/logs/placement/11-dpl_sta.log}"

Mon Dec 04 12:44:47 UTC 2023 - Executing "openroad -exit /openlane/scripts/openroad/cts.tcl |& tee /dev/null /openlane/designs/sequential_multiplier_32x32/runs/ejecucion_32x32/logs/cts/12-cts.log"

Mon Dec 04 12:44:47 UTC 2023 - Executing "{openroad -exit /openlane/scripts/openroad/cts.tcl |& tee /dev/null /openlane/designs/sequential_multiplier_32x32/runs/ejecucion_32x32/logs/cts/12-cts.log}"

Mon Dec 04 12:45:52 UTC 2023 - Executing "openroad -exit /openlane/scripts/openroad/sta/multi_corner.tcl |& tee /dev/null /openlane/designs/sequential_multiplier_32x32/runs/ejecucion_32x32/logs/cts/13-cts_sta.log"

Mon Dec 04 12:45:52 UTC 2023 - Executing "{openroad -exit /openlane/scripts/openroad/sta/multi_corner.tcl |& tee /dev/null /openlane/designs/sequential_multiplier_32x32/runs/ejecucion_32x32/logs/cts/13-cts_sta.log}"

Mon Dec 04 12:45:54 UTC 2023 - Executing "openroad -exit /openlane/scripts/openroad/resizer_timing.tcl |& tee /dev/null /openlane/designs/sequential_multiplier_32x32/runs/ejecucion_32x32/logs/cts/14-resizer.log"

Mon Dec 04 12:45:54 UTC 2023 - Executing "{openroad -exit /openlane/scripts/openroad/resizer_timing.tcl |& tee /dev/null /openlane/designs/sequential_multiplier_32x32/runs/ejecucion_32x32/logs/cts/14-resizer.log}"

Mon Dec 04 12:45:57 UTC 2023 - Executing "{sed -i.bak -e {s/\(set ::env(CURRENT_NETLIST)\).*/\1 \/openlane\/designs\/sequential_multiplier_32x32\/runs\/ejecucion_32x32\/tmp\/cts\/14-sequential_multiplier_32x32.resized.nl.v/} /openlane/designs/sequential_multiplier_32x32/runs/ejecucion_32x32/config.tcl}"

Mon Dec 04 12:45:58 UTC 2023 - Executing "openroad -exit /openlane/scripts/openroad/resizer_routing_design.tcl |& tee /dev/null /openlane/designs/sequential_multiplier_32x32/runs/ejecucion_32x32/logs/routing/15-resizer_design.log"

Mon Dec 04 12:45:58 UTC 2023 - Executing "{openroad -exit /openlane/scripts/openroad/resizer_routing_design.tcl |& tee /dev/null /openlane/designs/sequential_multiplier_32x32/runs/ejecucion_32x32/logs/routing/15-resizer_design.log}"

Mon Dec 04 12:46:02 UTC 2023 - Executing "{sed -i.bak -e {s/\(set ::env(CURRENT_NETLIST)\).*/\1 \/openlane\/designs\/sequential_multiplier_32x32\/runs\/ejecucion_32x32\/tmp\/15-sequential_multiplier_32x32.nl.v/} /openlane/designs/sequential_multiplier_32x32/runs/ejecucion_32x32/config.tcl}"

Mon Dec 04 12:46:02 UTC 2023 - Executing "openroad -exit /openlane/scripts/openroad/sta/multi_corner.tcl |& tee /dev/null /openlane/designs/sequential_multiplier_32x32/runs/ejecucion_32x32/logs/routing/16-rsz_design_sta.log"

Mon Dec 04 12:46:02 UTC 2023 - Executing "{openroad -exit /openlane/scripts/openroad/sta/multi_corner.tcl |& tee /dev/null /openlane/designs/sequential_multiplier_32x32/runs/ejecucion_32x32/logs/routing/16-rsz_design_sta.log}"

Mon Dec 04 12:46:04 UTC 2023 - Executing "openroad -exit /openlane/scripts/openroad/resizer_routing_timing.tcl |& tee /dev/null /openlane/designs/sequential_multiplier_32x32/runs/ejecucion_32x32/logs/routing/17-resizer_timing.log"

Mon Dec 04 12:46:04 UTC 2023 - Executing "{openroad -exit /openlane/scripts/openroad/resizer_routing_timing.tcl |& tee /dev/null /openlane/designs/sequential_multiplier_32x32/runs/ejecucion_32x32/logs/routing/17-resizer_timing.log}"

Mon Dec 04 12:46:08 UTC 2023 - Executing "{sed -i.bak -e {s/\(set ::env(CURRENT_NETLIST)\).*/\1 \/openlane\/designs\/sequential_multiplier_32x32\/runs\/ejecucion_32x32\/tmp\/17-sequential_multiplier_32x32.nl.v/} /openlane/designs/sequential_multiplier_32x32/runs/ejecucion_32x32/config.tcl}"

Mon Dec 04 12:46:08 UTC 2023 - Executing "openroad -exit /openlane/scripts/openroad/sta/multi_corner.tcl |& tee /dev/null /openlane/designs/sequential_multiplier_32x32/runs/ejecucion_32x32/logs/routing/18-rsz_timing_sta.log"

Mon Dec 04 12:46:08 UTC 2023 - Executing "{openroad -exit /openlane/scripts/openroad/sta/multi_corner.tcl |& tee /dev/null /openlane/designs/sequential_multiplier_32x32/runs/ejecucion_32x32/logs/routing/18-rsz_timing_sta.log}"

Mon Dec 04 12:46:10 UTC 2023 - Executing "openroad -exit /openlane/scripts/openroad/groute.tcl |& tee /dev/null /openlane/designs/sequential_multiplier_32x32/runs/ejecucion_32x32/logs/routing/19-global.log"

Mon Dec 04 12:46:10 UTC 2023 - Executing "{openroad -exit /openlane/scripts/openroad/groute.tcl |& tee /dev/null /openlane/designs/sequential_multiplier_32x32/runs/ejecucion_32x32/logs/routing/19-global.log}"

Mon Dec 04 12:46:11 UTC 2023 - Executing "openroad -exit /openlane/scripts/openroad/write_views.tcl |& tee /dev/null /openlane/designs/sequential_multiplier_32x32/runs/ejecucion_32x32/logs/routing/19-global_write_netlist.log"

Mon Dec 04 12:46:11 UTC 2023 - Executing "{openroad -exit /openlane/scripts/openroad/write_views.tcl |& tee /dev/null /openlane/designs/sequential_multiplier_32x32/runs/ejecucion_32x32/logs/routing/19-global_write_netlist.log}"

Mon Dec 04 12:46:12 UTC 2023 - Executing "{sed -i.bak -e {s/\(set ::env(CURRENT_NETLIST)\).*/\1 \/openlane\/designs\/sequential_multiplier_32x32\/runs\/ejecucion_32x32\/tmp\/routing\/global.nl.v/} /openlane/designs/sequential_multiplier_32x32/runs/ejecucion_32x32/config.tcl}"

Mon Dec 04 12:46:12 UTC 2023 - Executing "openroad -exit /openlane/scripts/openroad/sta/multi_corner.tcl |& tee /dev/null /openlane/designs/sequential_multiplier_32x32/runs/ejecucion_32x32/logs/routing/21-grt_sta.log"

Mon Dec 04 12:46:12 UTC 2023 - Executing "{openroad -exit /openlane/scripts/openroad/sta/multi_corner.tcl |& tee /dev/null /openlane/designs/sequential_multiplier_32x32/runs/ejecucion_32x32/logs/routing/21-grt_sta.log}"

Mon Dec 04 12:46:14 UTC 2023 - Executing "openroad -exit /openlane/scripts/openroad/fill.tcl |& tee /dev/null /openlane/designs/sequential_multiplier_32x32/runs/ejecucion_32x32/logs/routing/22-fill.log"

Mon Dec 04 12:46:14 UTC 2023 - Executing "{openroad -exit /openlane/scripts/openroad/fill.tcl |& tee /dev/null /openlane/designs/sequential_multiplier_32x32/runs/ejecucion_32x32/logs/routing/22-fill.log}"

Mon Dec 04 12:46:15 UTC 2023 - Executing "{sed -i.bak -e {s/\(set ::env(CURRENT_NETLIST)\).*/\1 \/openlane\/designs\/sequential_multiplier_32x32\/runs\/ejecucion_32x32\/tmp\/routing\/22-fill.nl.v/} /openlane/designs/sequential_multiplier_32x32/runs/ejecucion_32x32/config.tcl}"

Mon Dec 04 12:46:15 UTC 2023 - Executing "openroad -exit /openlane/scripts/openroad/droute.tcl |& tee /dev/null /openlane/designs/sequential_multiplier_32x32/runs/ejecucion_32x32/logs/routing/23-detailed.log"

Mon Dec 04 12:46:15 UTC 2023 - Executing "{openroad -exit /openlane/scripts/openroad/droute.tcl |& tee /dev/null /openlane/designs/sequential_multiplier_32x32/runs/ejecucion_32x32/logs/routing/23-detailed.log}"

Mon Dec 04 12:47:05 UTC 2023 - Executing "{sed -i.bak -e {s/\(set ::env(CURRENT_NETLIST)\).*/\1 \/openlane\/designs\/sequential_multiplier_32x32\/runs\/ejecucion_32x32\/results\/routing\/sequential_multiplier_32x32.nl.v/} /openlane/designs/sequential_multiplier_32x32/runs/ejecucion_32x32/config.tcl}"

Mon Dec 04 12:47:05 UTC 2023 - Executing "{python3 /openlane/scripts/drc_rosetta.py tr to_klayout -o /openlane/designs/sequential_multiplier_32x32/runs/ejecucion_32x32/reports/routing/drt.klayout.xml --design-name sequential_multiplier_32x32 /openlane/designs/sequential_multiplier_32x32/runs/ejecucion_32x32/reports/routing/drt.drc}"

Mon Dec 04 12:47:05 UTC 2023 - Executing "{openroad -exit -no_init -python /openlane/scripts/odbpy/wire_lengths.py --report-out /openlane/designs/sequential_multiplier_32x32/runs/ejecucion_32x32/reports/routing/24-wire_lengths.csv --input-lef /openlane/designs/sequential_multiplier_32x32/runs/ejecucion_32x32/tmp/merged.nom.lef --output-def /dev/null --output /openlane/designs/sequential_multiplier_32x32/runs/ejecucion_32x32/results/routing/sequential_multiplier_32x32.odb /openlane/designs/sequential_multiplier_32x32/runs/ejecucion_32x32/results/routing/sequential_multiplier_32x32.odb |& tee /dev/null /openlane/designs/sequential_multiplier_32x32/runs/ejecucion_32x32/logs/routing/24-wire_lengths.log}"

Mon Dec 04 12:47:06 UTC 2023 - Executing "openroad -exit /openlane/scripts/openroad/rcx.tcl |& tee /dev/null /openlane/designs/sequential_multiplier_32x32/runs/ejecucion_32x32/logs/signoff/25-parasitics_extraction.min.log"

Mon Dec 04 12:47:06 UTC 2023 - Executing "{openroad -exit /openlane/scripts/openroad/rcx.tcl |& tee /dev/null /openlane/designs/sequential_multiplier_32x32/runs/ejecucion_32x32/logs/signoff/25-parasitics_extraction.min.log}"

Mon Dec 04 12:47:08 UTC 2023 - Executing "sta -exit -no_init /openlane/scripts/openroad/sta/multi_corner.tcl |& tee /dev/null /openlane/designs/sequential_multiplier_32x32/runs/ejecucion_32x32/logs/signoff/26-rcx_mcsta.min.log"

Mon Dec 04 12:47:08 UTC 2023 - Executing "{sta -exit -no_init /openlane/scripts/openroad/sta/multi_corner.tcl |& tee /dev/null /openlane/designs/sequential_multiplier_32x32/runs/ejecucion_32x32/logs/signoff/26-rcx_mcsta.min.log}"

Mon Dec 04 12:47:15 UTC 2023 - Executing "openroad -exit /openlane/scripts/openroad/rcx.tcl |& tee /dev/null /openlane/designs/sequential_multiplier_32x32/runs/ejecucion_32x32/logs/signoff/27-parasitics_extraction.max.log"

Mon Dec 04 12:47:15 UTC 2023 - Executing "{openroad -exit /openlane/scripts/openroad/rcx.tcl |& tee /dev/null /openlane/designs/sequential_multiplier_32x32/runs/ejecucion_32x32/logs/signoff/27-parasitics_extraction.max.log}"

Mon Dec 04 12:47:17 UTC 2023 - Executing "sta -exit -no_init /openlane/scripts/openroad/sta/multi_corner.tcl |& tee /dev/null /openlane/designs/sequential_multiplier_32x32/runs/ejecucion_32x32/logs/signoff/28-rcx_mcsta.max.log"

Mon Dec 04 12:47:17 UTC 2023 - Executing "{sta -exit -no_init /openlane/scripts/openroad/sta/multi_corner.tcl |& tee /dev/null /openlane/designs/sequential_multiplier_32x32/runs/ejecucion_32x32/logs/signoff/28-rcx_mcsta.max.log}"

Mon Dec 04 12:47:24 UTC 2023 - Executing "openroad -exit /openlane/scripts/openroad/rcx.tcl |& tee /dev/null /openlane/designs/sequential_multiplier_32x32/runs/ejecucion_32x32/logs/signoff/29-parasitics_extraction.nom.log"

Mon Dec 04 12:47:24 UTC 2023 - Executing "{openroad -exit /openlane/scripts/openroad/rcx.tcl |& tee /dev/null /openlane/designs/sequential_multiplier_32x32/runs/ejecucion_32x32/logs/signoff/29-parasitics_extraction.nom.log}"

Mon Dec 04 12:47:26 UTC 2023 - Executing "sta -exit -no_init /openlane/scripts/openroad/sta/multi_corner.tcl |& tee /dev/null /openlane/designs/sequential_multiplier_32x32/runs/ejecucion_32x32/logs/signoff/30-rcx_mcsta.nom.log"

Mon Dec 04 12:47:26 UTC 2023 - Executing "{sta -exit -no_init /openlane/scripts/openroad/sta/multi_corner.tcl |& tee /dev/null /openlane/designs/sequential_multiplier_32x32/runs/ejecucion_32x32/logs/signoff/30-rcx_mcsta.nom.log}"

Mon Dec 04 12:47:33 UTC 2023 - Executing "sta -exit -no_init /openlane/scripts/openroad/sta/multi_corner.tcl |& tee /dev/null /openlane/designs/sequential_multiplier_32x32/runs/ejecucion_32x32/logs/signoff/31-rcx_sta.log"

Mon Dec 04 12:47:33 UTC 2023 - Executing "{sta -exit -no_init /openlane/scripts/openroad/sta/multi_corner.tcl |& tee /dev/null /openlane/designs/sequential_multiplier_32x32/runs/ejecucion_32x32/logs/signoff/31-rcx_sta.log}"

Mon Dec 04 12:47:34 UTC 2023 - Executing "openroad -exit /openlane/scripts/openroad/irdrop.tcl |& tee /dev/null /openlane/designs/sequential_multiplier_32x32/runs/ejecucion_32x32/logs/signoff/32-irdrop.log"

Mon Dec 04 12:47:34 UTC 2023 - Executing "{openroad -exit /openlane/scripts/openroad/irdrop.tcl |& tee /dev/null /openlane/designs/sequential_multiplier_32x32/runs/ejecucion_32x32/logs/signoff/32-irdrop.log}"

Mon Dec 04 12:47:36 UTC 2023 - Executing "magic -noconsole -dnull -rcfile /home/juanjo/.volare/sky130A/libs.tech/magic/sky130A.magicrc < /openlane/scripts/magic/wrapper.tcl |& tee /dev/null /openlane/designs/sequential_multiplier_32x32/runs/ejecucion_32x32/logs/signoff/33-gdsii.log"

Mon Dec 04 12:47:36 UTC 2023 - Executing "{magic -noconsole -dnull -rcfile /home/juanjo/.volare/sky130A/libs.tech/magic/sky130A.magicrc < /openlane/scripts/magic/wrapper.tcl |& tee /dev/null /openlane/designs/sequential_multiplier_32x32/runs/ejecucion_32x32/logs/signoff/33-gdsii.log}"

Mon Dec 04 12:47:38 UTC 2023 - Executing "magic -noconsole -dnull -rcfile /home/juanjo/.volare/sky130A/libs.tech/magic/sky130A.magicrc < /openlane/scripts/magic/wrapper.tcl |& tee /dev/null /openlane/designs/sequential_multiplier_32x32/runs/ejecucion_32x32/logs/signoff/33-gds_ptrs.log"

Mon Dec 04 12:47:38 UTC 2023 - Executing "{magic -noconsole -dnull -rcfile /home/juanjo/.volare/sky130A/libs.tech/magic/sky130A.magicrc < /openlane/scripts/magic/wrapper.tcl |& tee /dev/null /openlane/designs/sequential_multiplier_32x32/runs/ejecucion_32x32/logs/signoff/33-gds_ptrs.log}"

Mon Dec 04 12:47:39 UTC 2023 - Executing "{sed -i.bak -n {/^<< properties >>/,/^<< end >>/p} /openlane/designs/sequential_multiplier_32x32/runs/ejecucion_32x32/tmp/signoff/gds_ptrs.mag}"

Mon Dec 04 12:47:39 UTC 2023 - Executing "magic -noconsole -dnull -rcfile /home/juanjo/.volare/sky130A/libs.tech/magic/sky130A.magicrc < /openlane/scripts/magic/wrapper.tcl |& tee /dev/null /openlane/designs/sequential_multiplier_32x32/runs/ejecucion_32x32/logs/signoff/33-lef.log"

Mon Dec 04 12:47:39 UTC 2023 - Executing "{magic -noconsole -dnull -rcfile /home/juanjo/.volare/sky130A/libs.tech/magic/sky130A.magicrc < /openlane/scripts/magic/wrapper.tcl |& tee /dev/null /openlane/designs/sequential_multiplier_32x32/runs/ejecucion_32x32/logs/signoff/33-lef.log}"

Mon Dec 04 12:47:43 UTC 2023 - Executing "magic -noconsole -dnull -rcfile /home/juanjo/.volare/sky130A/libs.tech/magic/sky130A.magicrc < /openlane/scripts/magic/wrapper.tcl |& tee /dev/null /openlane/designs/sequential_multiplier_32x32/runs/ejecucion_32x32/logs/signoff/33-maglef.log"

Mon Dec 04 12:47:43 UTC 2023 - Executing "{magic -noconsole -dnull -rcfile /home/juanjo/.volare/sky130A/libs.tech/magic/sky130A.magicrc < /openlane/scripts/magic/wrapper.tcl |& tee /dev/null /openlane/designs/sequential_multiplier_32x32/runs/ejecucion_32x32/logs/signoff/33-maglef.log}"

Mon Dec 04 12:47:43 UTC 2023 - Executing "{python3 /openlane/scripts/klayout/stream_out.py --output /openlane/designs/sequential_multiplier_32x32/runs/ejecucion_32x32/results/signoff/sequential_multiplier_32x32.klayout.gds --lyt /home/juanjo/.volare/sky130A/libs.tech/klayout/tech/sky130A.lyt --lym /home/juanjo/.volare/sky130A/libs.tech/klayout/tech/sky130A.map --lyp /home/juanjo/.volare/sky130A/libs.tech/klayout/tech/sky130A.lyp --top sequential_multiplier_32x32 --with-gds-file /home/juanjo/.volare/sky130A/libs.ref/sky130_fd_sc_hd/gds/sky130_fd_sc_hd.gds --input-lef /openlane/designs/sequential_multiplier_32x32/runs/ejecucion_32x32/tmp/merged.nom.lef /openlane/designs/sequential_multiplier_32x32/runs/ejecucion_32x32/results/routing/sequential_multiplier_32x32.def |& tee /dev/null /openlane/designs/sequential_multiplier_32x32/runs/ejecucion_32x32/logs/signoff/34-gdsii-klayout.log}"

Mon Dec 04 12:47:45 UTC 2023 - Executing "{klayout -b -r /openlane/scripts/klayout/xor.drc -rd a=/openlane/designs/sequential_multiplier_32x32/runs/ejecucion_32x32/results/signoff/sequential_multiplier_32x32.gds -rd b=/openlane/designs/sequential_multiplier_32x32/runs/ejecucion_32x32/results/signoff/sequential_multiplier_32x32.klayout.gds -rd jobs=1 -rd rdb_out=/openlane/designs/sequential_multiplier_32x32/runs/ejecucion_32x32/reports/signoff/35-xor.xml -rd ignore=81/14 -rd rpt_out=/openlane/designs/sequential_multiplier_32x32/runs/ejecucion_32x32/reports/signoff/35-xor.rpt |& tee /dev/null /openlane/designs/sequential_multiplier_32x32/runs/ejecucion_32x32/logs/signoff/35-xor.log}"

Mon Dec 04 12:47:52 UTC 2023 - Executing "magic -noconsole -dnull -rcfile /home/juanjo/.volare/sky130A/libs.tech/magic/sky130A.magicrc < /openlane/scripts/magic/wrapper.tcl |& tee /dev/null /openlane/designs/sequential_multiplier_32x32/runs/ejecucion_32x32/logs/signoff/36-spice.log"

Mon Dec 04 12:47:52 UTC 2023 - Executing "{magic -noconsole -dnull -rcfile /home/juanjo/.volare/sky130A/libs.tech/magic/sky130A.magicrc < /openlane/scripts/magic/wrapper.tcl |& tee /dev/null /openlane/designs/sequential_multiplier_32x32/runs/ejecucion_32x32/logs/signoff/36-spice.log}"

Mon Dec 04 12:48:00 UTC 2023 - Executing "{openroad -exit -no_init -python /openlane/scripts/odbpy/power_utils.py write_powered_def --output /openlane/designs/sequential_multiplier_32x32/runs/ejecucion_32x32/tmp/signoff/36-sequential_multiplier_32x32.p.def --input-lef /openlane/designs/sequential_multiplier_32x32/runs/ejecucion_32x32/tmp/merged.nom.lef --power-port VPWR --ground-port VGND --powered-netlist {} /openlane/designs/sequential_multiplier_32x32/runs/ejecucion_32x32/results/routing/sequential_multiplier_32x32.def |& tee /dev/null /openlane/designs/sequential_multiplier_32x32/runs/ejecucion_32x32/logs/signoff/37-write_powered_def.log}"

Mon Dec 04 12:48:01 UTC 2023 - Executing "openroad -exit /openlane/scripts/openroad/write_views.tcl |& tee /dev/null /openlane/designs/sequential_multiplier_32x32/runs/ejecucion_32x32/logs/signoff/37-write_powered_verilog.log"

Mon Dec 04 12:48:01 UTC 2023 - Executing "{openroad -exit /openlane/scripts/openroad/write_views.tcl |& tee /dev/null /openlane/designs/sequential_multiplier_32x32/runs/ejecucion_32x32/logs/signoff/37-write_powered_verilog.log}"

Mon Dec 04 12:48:02 UTC 2023 - Executing "{sed -i.bak -e {s/\(set ::env(CURRENT_NETLIST)\).*/\1 \/openlane\/designs\/sequential_multiplier_32x32\/runs\/ejecucion_32x32\/tmp\/signoff\/36-sequential_multiplier_32x32.nl.v/} /openlane/designs/sequential_multiplier_32x32/runs/ejecucion_32x32/config.tcl}"

Mon Dec 04 12:48:03 UTC 2023 - Executing "{netgen -batch source /openlane/designs/sequential_multiplier_32x32/runs/ejecucion_32x32/tmp/signoff/39-setup_file.lef.lvs |& tee /dev/null /openlane/designs/sequential_multiplier_32x32/runs/ejecucion_32x32/logs/signoff/39-lvs.lef.log}"

Mon Dec 04 12:48:04 UTC 2023 - Executing "magic -noconsole -dnull -rcfile /home/juanjo/.volare/sky130A/libs.tech/magic/sky130A.magicrc < /openlane/scripts/magic/wrapper.tcl |& tee /dev/null /openlane/designs/sequential_multiplier_32x32/runs/ejecucion_32x32/logs/signoff/40-drc.log"

Mon Dec 04 12:48:04 UTC 2023 - Executing "{magic -noconsole -dnull -rcfile /home/juanjo/.volare/sky130A/libs.tech/magic/sky130A.magicrc < /openlane/scripts/magic/wrapper.tcl |& tee /dev/null /openlane/designs/sequential_multiplier_32x32/runs/ejecucion_32x32/logs/signoff/40-drc.log}"

Mon Dec 04 12:48:24 UTC 2023 - Executing "{python3 /openlane/scripts/drc_rosetta.py magic to_tcl -o /openlane/designs/sequential_multiplier_32x32/runs/ejecucion_32x32/reports/signoff/drc.tcl /openlane/designs/sequential_multiplier_32x32/runs/ejecucion_32x32/reports/signoff/drc.rpt}"

Mon Dec 04 12:48:24 UTC 2023 - Executing "{python3 /openlane/scripts/drc_rosetta.py magic to_tr -o /openlane/designs/sequential_multiplier_32x32/runs/ejecucion_32x32/reports/signoff/drc.tr /openlane/designs/sequential_multiplier_32x32/runs/ejecucion_32x32/reports/signoff/drc.rpt}"

Mon Dec 04 12:48:24 UTC 2023 - Executing "{python3 /openlane/scripts/drc_rosetta.py tr to_klayout -o /openlane/designs/sequential_multiplier_32x32/runs/ejecucion_32x32/reports/signoff/drc.klayout.xml --design-name sequential_multiplier_32x32 /openlane/designs/sequential_multiplier_32x32/runs/ejecucion_32x32/reports/signoff/drc.tr}"

Mon Dec 04 12:48:24 UTC 2023 - Executing "{python3 /openlane/scripts/drc_rosetta.py magic to_rdb -o /openlane/designs/sequential_multiplier_32x32/runs/ejecucion_32x32/reports/signoff/drc.rdb /openlane/designs/sequential_multiplier_32x32/runs/ejecucion_32x32/reports/signoff/drc.rpt}"

Mon Dec 04 12:48:25 UTC 2023 - Executing "openroad -exit /openlane/scripts/openroad/antenna_check.tcl |& tee /dev/null /openlane/designs/sequential_multiplier_32x32/runs/ejecucion_32x32/logs/signoff/41-arc.log"

Mon Dec 04 12:48:25 UTC 2023 - Executing "{openroad -exit /openlane/scripts/openroad/antenna_check.tcl |& tee /dev/null /openlane/designs/sequential_multiplier_32x32/runs/ejecucion_32x32/logs/signoff/41-arc.log}"

Mon Dec 04 12:48:26 UTC 2023 - Executing "{python3 /openlane/scripts/extract_antenna_violators.py --output /openlane/designs/sequential_multiplier_32x32/runs/ejecucion_32x32/reports/signoff/41-antenna_violators.rpt --plain-out /openlane/designs/sequential_multiplier_32x32/runs/ejecucion_32x32/reports/signoff/41-antenna_violators_pins.txt /openlane/designs/sequential_multiplier_32x32/runs/ejecucion_32x32/logs/signoff/41-arc.log}"

Mon Dec 04 12:48:26 UTC 2023 - Executing "{awk -v vdd=VPWR -v gnd=VGND -f /home/juanjo/.volare/sky130A/libs.tech/openlane/cvc/power.awk /openlane/designs/sequential_multiplier_32x32/runs/ejecucion_32x32/tmp/signoff/36-sequential_multiplier_32x32.nl.v > /openlane/designs/sequential_multiplier_32x32/runs/ejecucion_32x32/tmp/signoff/sequential_multiplier_32x32.power}"

Mon Dec 04 12:48:26 UTC 2023 - Executing "{awk -f /home/juanjo/.volare/sky130A/libs.tech/openlane/cvc/cdl.awk /home/juanjo/.volare/sky130A/libs.ref/sky130_fd_sc_hd/cdl/sky130_fd_sc_hd.cdl /openlane/designs/sequential_multiplier_32x32/runs/ejecucion_32x32/results/signoff/sequential_multiplier_32x32.lef.spice > /openlane/designs/sequential_multiplier_32x32/runs/ejecucion_32x32/tmp/signoff/sequential_multiplier_32x32.cdl}"

Mon Dec 04 12:48:26 UTC 2023 - Executing "{cvc_rv /home/juanjo/.volare/sky130A/libs.tech/openlane/cvc/cvcrc |& tee /dev/null /openlane/designs/sequential_multiplier_32x32/runs/ejecucion_32x32/logs/signoff/42-erc_screen.log}"

Mon Dec 04 12:48:27 UTC 2023 - Executing "{python3 /openlane/scripts/write_runtime.py --conclude --seconds --time-in 1701694107 {flow completed}}"

Mon Dec 04 12:48:27 UTC 2023 - Executing "{python3 /openlane/scripts/generate_reports.py -d /openlane/designs/sequential_multiplier_32x32 --design_name sequential_multiplier_32x32 --tag ejecucion_32x32 --output_file /openlane/designs/sequential_multiplier_32x32/runs/ejecucion_32x32/reports/metrics.csv --man_report /openlane/designs/sequential_multiplier_32x32/runs/ejecucion_32x32/reports/manufacturability.rpt --run_path /openlane/designs/sequential_multiplier_32x32/runs/ejecucion_32x32}"

