
61. Printing statistics.

=== sequential_multiplier_16x16 ===

   Number of wires:                253
   Number of wire bits:            314
   Number of public wires:          14
   Number of public wire bits:      75
   Number of memories:               0
   Number of memory bits:            0
   Number of processes:              0
   Number of cells:                280
     sky130_fd_sc_hd__a211o_2        1
     sky130_fd_sc_hd__a21bo_2        1
     sky130_fd_sc_hd__a21boi_2       1
     sky130_fd_sc_hd__a21o_2         2
     sky130_fd_sc_hd__a21oi_2       12
     sky130_fd_sc_hd__a221o_2        2
     sky130_fd_sc_hd__a22o_2         7
     sky130_fd_sc_hd__a2bb2o_2       1
     sky130_fd_sc_hd__a31o_2         5
     sky130_fd_sc_hd__a32o_2         1
     sky130_fd_sc_hd__a41o_2         1
     sky130_fd_sc_hd__and2_2        20
     sky130_fd_sc_hd__and2b_2        1
     sky130_fd_sc_hd__and3_2         5
     sky130_fd_sc_hd__and4b_2        1
     sky130_fd_sc_hd__buf_1         36
     sky130_fd_sc_hd__dfxtp_2       40
     sky130_fd_sc_hd__inv_2          7
     sky130_fd_sc_hd__mux2_2        47
     sky130_fd_sc_hd__nand2_2       17
     sky130_fd_sc_hd__nor2_2        19
     sky130_fd_sc_hd__nor3_2         1
     sky130_fd_sc_hd__o211a_2        2
     sky130_fd_sc_hd__o211ai_2       1
     sky130_fd_sc_hd__o21a_2         6
     sky130_fd_sc_hd__o21ai_2        6
     sky130_fd_sc_hd__o221a_2        4
     sky130_fd_sc_hd__o22a_2         2
     sky130_fd_sc_hd__o2bb2a_2       1
     sky130_fd_sc_hd__or2_2         16
     sky130_fd_sc_hd__or2b_2         1
     sky130_fd_sc_hd__or3_2          1
     sky130_fd_sc_hd__or3b_2         1
     sky130_fd_sc_hd__or4bb_2        1
     sky130_fd_sc_hd__xnor2_2        4
     sky130_fd_sc_hd__xor2_2         6

   Chip area for module '\sequential_multiplier_16x16': 2822.707200

