
===========================================================================
report_checks -unconstrained
===========================================================================
======================= Typical Corner ===================================

Startpoint: mcand[0] (input port clocked by clk)
Endpoint: _891_ (rising edge-triggered flip-flop clocked by clk)
Path Group: clk
Path Type: max

Fanout     Cap    Slew   Delay    Time   Description
-----------------------------------------------------------------------------
                          0.00    0.00   clock clk (rise edge)
                          0.00    0.00   clock network delay (propagated)
                          2.00    2.00 ^ input external delay
                  0.02    0.01    2.01 ^ mcand[0] (in)
     1    0.00                           mcand[0] (net)
                  0.02    0.00    2.01 ^ input1/A (sky130_fd_sc_hd__clkbuf_2)
                  0.18    0.20    2.22 ^ input1/X (sky130_fd_sc_hd__clkbuf_2)
     2    0.03                           net1 (net)
                  0.18    0.00    2.22 ^ _450_/B (sky130_fd_sc_hd__nand2_1)
                  0.11    0.15    2.37 v _450_/Y (sky130_fd_sc_hd__nand2_1)
     4    0.01                           _091_ (net)
                  0.11    0.00    2.37 v _472_/A1 (sky130_fd_sc_hd__o21ai_1)
                  0.23    0.26    2.63 ^ _472_/Y (sky130_fd_sc_hd__o21ai_1)
     3    0.01                           _111_ (net)
                  0.23    0.00    2.63 ^ _492_/A1 (sky130_fd_sc_hd__a311o_2)
                  0.15    0.31    2.94 ^ _492_/X (sky130_fd_sc_hd__a311o_2)
     4    0.03                           _129_ (net)
                  0.15    0.00    2.94 ^ _527_/A1 (sky130_fd_sc_hd__a21oi_4)
                  0.09    0.12    3.06 v _527_/Y (sky130_fd_sc_hd__a21oi_4)
     4    0.03                           _160_ (net)
                  0.09    0.00    3.07 v _609_/A1 (sky130_fd_sc_hd__o31a_1)
                  0.11    0.40    3.46 v _609_/X (sky130_fd_sc_hd__o31a_1)
     3    0.02                           _234_ (net)
                  0.11    0.00    3.47 v _651_/A1 (sky130_fd_sc_hd__o31a_2)
                  0.10    0.46    3.92 v _651_/X (sky130_fd_sc_hd__o31a_2)
     3    0.03                           _272_ (net)
                  0.10    0.00    3.92 v _687_/A1 (sky130_fd_sc_hd__o21ai_4)
                  0.24    0.28    4.20 ^ _687_/Y (sky130_fd_sc_hd__o21ai_4)
     3    0.03                           _304_ (net)
                  0.24    0.00    4.21 ^ _725_/A1 (sky130_fd_sc_hd__a21oi_2)
                  0.09    0.13    4.34 v _725_/Y (sky130_fd_sc_hd__a21oi_2)
     3    0.01                           _338_ (net)
                  0.09    0.00    4.34 v _746_/A1 (sky130_fd_sc_hd__o31a_1)
                  0.07    0.35    4.69 v _746_/X (sky130_fd_sc_hd__o31a_1)
     2    0.01                           _357_ (net)
                  0.07    0.00    4.69 v _747_/B (sky130_fd_sc_hd__xor2_1)
                  0.05    0.15    4.84 v _747_/X (sky130_fd_sc_hd__xor2_1)
     1    0.00                           _358_ (net)
                  0.05    0.00    4.84 v _748_/A1 (sky130_fd_sc_hd__mux2_1)
                  0.06    0.32    5.16 v _748_/X (sky130_fd_sc_hd__mux2_1)
     1    0.00                           _359_ (net)
                  0.06    0.00    5.16 v _749_/A1 (sky130_fd_sc_hd__mux2_1)
                  0.06    0.32    5.47 v _749_/X (sky130_fd_sc_hd__mux2_1)
     1    0.00                           _360_ (net)
                  0.06    0.00    5.47 v _750_/B (sky130_fd_sc_hd__and2_1)
                  0.05    0.18    5.66 v _750_/X (sky130_fd_sc_hd__and2_1)
     1    0.01                           _361_ (net)
                  0.05    0.00    5.66 v _751_/A (sky130_fd_sc_hd__clkbuf_1)
                  0.04    0.11    5.76 v _751_/X (sky130_fd_sc_hd__clkbuf_1)
     1    0.01                           _032_ (net)
                  0.04    0.00    5.76 v _891_/D (sky130_fd_sc_hd__dfxtp_2)
                                  5.76   data arrival time

                         10.00   10.00   clock clk (rise edge)
                          0.00   10.00   clock source latency
                  0.18    0.12   10.12 ^ clk (in)
     1    0.04                           clk (net)
                  0.18    0.00   10.12 ^ clkbuf_0_clk/A (sky130_fd_sc_hd__clkbuf_16)
                  0.13    0.23   10.35 ^ clkbuf_0_clk/X (sky130_fd_sc_hd__clkbuf_16)
     8    0.12                           clknet_0_clk (net)
                  0.13    0.00   10.36 ^ clkbuf_3_4__f_clk/A (sky130_fd_sc_hd__clkbuf_16)
                  0.07    0.17   10.52 ^ clkbuf_3_4__f_clk/X (sky130_fd_sc_hd__clkbuf_16)
     9    0.05                           clknet_3_4__leaf_clk (net)
                  0.07    0.00   10.53 ^ _891_/CLK (sky130_fd_sc_hd__dfxtp_2)
                         -0.25   10.28   clock uncertainty
                          0.00   10.28   clock reconvergence pessimism
                         -0.11   10.17   library setup time
                                 10.17   data required time
-----------------------------------------------------------------------------
                                 10.17   data required time
                                 -5.76   data arrival time
-----------------------------------------------------------------------------
                                  4.41   slack (MET)




===========================================================================
report_checks --slack_max -0.01
============================================================================
======================= Typical Corner ===================================

No paths found.


===========================================================================
 report_check_types -max_slew -max_cap -max_fanout -violators
============================================================================
======================= Typical Corner ===================================

max fanout

Pin                                   Limit Fanout  Slack
---------------------------------------------------------
clkbuf_3_2__f_clk/X                      10     12     -2 (VIOLATED)
_447_/X                                  10     11        (VIOLATED)
clkbuf_3_0__f_clk/X                      10     11        (VIOLATED)
clkbuf_3_1__f_clk/X                      10     11        (VIOLATED)



===========================================================================
report_parasitic_annotation -report_unannotated
============================================================================
Found 0 unannotated drivers.
Found 0 partially unannotated drivers.

===========================================================================
max slew violation count 0
max fanout violation count 4
max cap violation count 0
============================================================================

===========================================================================
check_setup -verbose -unconstrained_endpoints -multiple_clock -no_clock -no_input_delay -loops -generated_clocks
===========================================================================
