Instance name,  X location,  Y location,  Voltage 
FILLER_0_117_365, 175.44, 329.12, 1.79977
_591_, 175.44, 285.6, 1.7999
_590_, 175.44, 280.16, 1.79985
FILLER_0_99_367, 175.44, 280.16, 1.79985
_655_, 175.44, 242.08, 1.79991
FILLER_0_85_365, 175.44, 242.08, 1.79991
_686_, 175.44, 220.32, 1.79985
FILLER_0_77_367, 175.44, 220.32, 1.79985
_677_, 175.44, 214.88, 1.79983
_717_, 175.44, 160.48, 1.79992
_718_, 175.44, 155.04, 1.7997
_888_, 175.44, 155.04, 1.7997
_780_, 175.44, 133.28, 1.79979
FILLER_0_39_367, 175.44, 116.96, 1.79969
_763_, 175.44, 106.08, 1.79982
_770_, 175.44, 106.08, 1.79982
FILLER_0_35_369, 175.44, 106.08, 1.79982
_772_, 175.44, 100.64, 1.79971
_788_, 175.44, 100.64, 1.79971
FILLER_0_33_366, 175.44, 100.64, 1.79971
_839_, 175.44, 84.32, 1.79984
hold16, 175.44, 84.32, 1.79984
FILLER_0_27_363, 175.44, 84.32, 1.79984
FILLER_0_27_372, 175.44, 84.32, 1.79984
_837_, 175.44, 68, 1.79982
hold32, 175.44, 68, 1.79982
FILLER_0_21_366, 175.44, 68, 1.79982
FILLER_0_117_41, 21.84, 329.12, 1.79989
PHY_EDGE_ROW_116_Left_234, 5.52, 329.12, 1.79985
PHY_EDGE_ROW_117_Left_235, 5.52, 329.12, 1.79985
output126, 5.52, 329.12, 1.79985
ANTENNA_18, 5.52, 329.12, 1.79985
PHY_EDGE_ROW_116_Right_116, 327.98, 329.12, 1.79889
PHY_EDGE_ROW_117_Right_117, 327.98, 329.12, 1.79889
input11, 327.98, 329.12, 1.79889
input51, 14.26, 329.12, 1.79987
FILLER_0_117_21, 14.26, 329.12, 1.79987
input31, 27.14, 329.12, 1.79986
FILLER_0_117_57, 32.66, 329.12, 1.79983
input64, 38.18, 329.12, 1.7998
input34, 47.38, 329.12, 1.79975
input7, 52.9, 329.12, 1.79973
FILLER_0_117_103, 52.9, 329.12, 1.79973
FILLER_0_117_113, 58.42, 329.12, 1.7997
output127, 63.94, 329.12, 1.79968
ANTENNA_19, 63.94, 329.12, 1.79968
ANTENNA_20, 63.94, 329.12, 1.79968
FILLER_0_117_135, 63.94, 329.12, 1.79968
input22, 73.14, 329.12, 1.79965
FILLER_0_117_141, 73.14, 329.12, 1.79965
input37, 84.18, 329.12, 1.79962
FILLER_0_117_187, 89.7, 329.12, 1.79961
output107, 98.9, 329.12, 1.79959
input54, 104.42, 329.12, 1.79959
FILLER_0_117_217, 104.42, 329.12, 1.79959
output67, 115.46, 329.12, 1.79959
FILLER_0_117_237, 115.46, 329.12, 1.79959
FILLER_0_117_247, 115.46, 329.12, 1.79959
input28, 124.66, 329.12, 1.7996
FILLER_0_117_253, 124.66, 329.12, 1.7996
input35, 135.7, 329.12, 1.79963
FILLER_0_117_299, 141.22, 329.12, 1.79964
input17, 150.42, 329.12, 1.79966
output86, 155.94, 329.12, 1.79968
FILLER_0_117_331, 155.94, 329.12, 1.79968
input53, 166.98, 329.12, 1.79973
FILLER_0_117_349, 166.98, 329.12, 1.79973
FILLER_0_117_357, 166.98, 329.12, 1.79973
input44, 176.18, 329.12, 1.79976
output113, 187.22, 329.12, 1.79962
input59, 192.74, 329.12, 1.79957
FILLER_0_117_413, 192.74, 329.12, 1.79957
FILLER_0_117_433, 201.94, 329.12, 1.79948
input20, 207.46, 329.12, 1.79942
FILLER_0_117_441, 207.46, 329.12, 1.79942
FILLER_0_117_449, 212.98, 329.12, 1.79937
output108, 218.5, 329.12, 1.79932
input46, 227.7, 329.12, 1.79925
FILLER_0_117_495, 233.22, 329.12, 1.79921
input9, 238.74, 329.12, 1.79916
FILLER_0_117_522, 244.26, 329.12, 1.79912
output125, 253.46, 329.12, 1.79906
FILLER_0_117_539, 253.46, 329.12, 1.79906
input60, 258.98, 329.12, 1.79903
FILLER_0_117_553, 258.98, 329.12, 1.79903
FILLER_0_117_561, 264.5, 329.12, 1.799
output112, 270.02, 329.12, 1.79897
input63, 279.22, 329.12, 1.79894
input10, 284.74, 329.12, 1.79893
FILLER_0_117_607, 284.74, 329.12, 1.79893
output115, 295.78, 329.12, 1.7989
FILLER_0_117_629, 295.78, 329.12, 1.7989
FILLER_0_117_639, 295.78, 329.12, 1.7989
FILLER_0_117_657, 304.98, 329.12, 1.79889
input41, 310.5, 329.12, 1.79889
FILLER_0_117_665, 310.5, 329.12, 1.79889
input48, 316.02, 329.12, 1.79889
FILLER_0_117_673, 316.02, 329.12, 1.79889
FILLER_0_117_686, 316.02, 329.12, 1.79889
FILLER_0_116_77, 40.48, 329.12, 1.79979
FILLER_0_116_469, 221.72, 329.12, 1.79929
FILLER_0_116_581, 273.24, 329.12, 1.79896
PHY_EDGE_ROW_114_Left_232, 5.52, 323.68, 1.79991
PHY_EDGE_ROW_115_Left_233, 5.52, 323.68, 1.79991
output106, 5.52, 323.68, 1.79991
PHY_EDGE_ROW_114_Right_114, 327.98, 323.68, 1.79988
PHY_EDGE_ROW_115_Right_115, 327.98, 323.68, 1.79988
FILLER_0_115_51, 27.14, 323.68, 1.79994
FILLER_0_115_105, 52.9, 323.68, 1.79994
FILLER_0_115_161, 78.66, 323.68, 1.79994
FILLER_0_115_217, 104.42, 323.68, 1.79994
FILLER_0_115_273, 130.18, 323.68, 1.79994
FILLER_0_115_329, 155.94, 323.68, 1.79994
FILLER_0_115_385, 181.7, 323.68, 1.79994
FILLER_0_115_441, 207.46, 323.68, 1.79993
FILLER_0_115_497, 233.22, 323.68, 1.79992
FILLER_0_115_553, 258.98, 323.68, 1.7999
FILLER_0_115_609, 284.74, 323.68, 1.79989
FILLER_0_115_665, 310.5, 323.68, 1.79988
input3, 9.66, 323.68, 1.79992
FILLER_0_114_21, 15.18, 323.68, 1.79993
FILLER_0_116_25, 15.18, 323.68, 1.79993
FILLER_0_116_133, 65.78, 323.68, 1.79994
FILLER_0_116_189, 91.54, 323.68, 1.79994
FILLER_0_116_245, 117.3, 323.68, 1.79994
FILLER_0_116_301, 143.06, 323.68, 1.79994
FILLER_0_116_357, 168.82, 323.68, 1.79994
FILLER_0_116_413, 194.58, 323.68, 1.79993
FILLER_0_116_525, 246.1, 323.68, 1.79991
FILLER_0_116_637, 297.62, 323.68, 1.79989
FILLER_0_116_681, 317.86, 323.68, 1.79988
input32, 323.38, 323.68, 1.79988
input56, 323.38, 323.68, 1.79988
PHY_EDGE_ROW_112_Left_230, 5.52, 318.24, 1.79992
PHY_EDGE_ROW_113_Left_231, 5.52, 318.24, 1.79992
output117, 5.52, 318.24, 1.79992
PHY_EDGE_ROW_112_Right_112, 327.98, 318.24, 1.79967
PHY_EDGE_ROW_113_Right_113, 327.98, 318.24, 1.79967
FILLER_0_113_51, 27.14, 318.24, 1.79995
FILLER_0_113_105, 52.9, 318.24, 1.79995
FILLER_0_113_161, 78.66, 318.24, 1.79995
FILLER_0_113_217, 104.42, 318.24, 1.79995
FILLER_0_113_273, 130.18, 318.24, 1.79994
FILLER_0_113_329, 155.94, 318.24, 1.79994
FILLER_0_113_385, 181.7, 318.24, 1.79993
FILLER_0_113_441, 207.46, 318.24, 1.79988
FILLER_0_113_497, 233.22, 318.24, 1.79984
FILLER_0_113_553, 258.98, 318.24, 1.79979
FILLER_0_113_609, 284.74, 318.24, 1.79974
FILLER_0_113_665, 310.5, 318.24, 1.7997
FILLER_0_114_77, 40.02, 318.24, 1.79995
FILLER_0_114_133, 65.78, 318.24, 1.79995
FILLER_0_114_189, 91.54, 318.24, 1.79995
FILLER_0_114_245, 117.3, 318.24, 1.79994
FILLER_0_114_301, 143.06, 318.24, 1.79994
FILLER_0_114_357, 168.82, 318.24, 1.79994
FILLER_0_114_413, 194.58, 318.24, 1.79991
FILLER_0_114_469, 220.34, 318.24, 1.79986
FILLER_0_114_525, 246.1, 318.24, 1.79981
FILLER_0_114_581, 271.86, 318.24, 1.79977
FILLER_0_114_637, 297.62, 318.24, 1.79972
output81, 323.38, 318.24, 1.79967
PHY_EDGE_ROW_110_Left_228, 5.52, 312.8, 1.79998
PHY_EDGE_ROW_111_Left_229, 5.52, 312.8, 1.79998
PHY_EDGE_ROW_110_Right_110, 327.98, 312.8, 1.79997
PHY_EDGE_ROW_111_Right_111, 327.98, 312.8, 1.79997
FILLER_0_111_51, 27.14, 312.8, 1.79998
FILLER_0_111_105, 52.9, 312.8, 1.79998
FILLER_0_111_161, 78.66, 312.8, 1.79998
FILLER_0_111_217, 104.42, 312.8, 1.79997
FILLER_0_111_273, 130.18, 312.8, 1.79997
FILLER_0_111_329, 155.94, 312.8, 1.79997
FILLER_0_111_385, 181.7, 312.8, 1.79997
FILLER_0_111_441, 207.46, 312.8, 1.79997
FILLER_0_111_497, 233.22, 312.8, 1.79997
FILLER_0_111_553, 258.98, 312.8, 1.79997
FILLER_0_111_609, 284.74, 312.8, 1.79997
FILLER_0_111_665, 310.5, 312.8, 1.79997
FILLER_0_110_21, 15.18, 312.8, 1.79998
FILLER_0_112_77, 40.02, 312.8, 1.79998
FILLER_0_112_133, 65.78, 312.8, 1.79998
FILLER_0_112_189, 91.54, 312.8, 1.79998
FILLER_0_112_245, 117.3, 312.8, 1.79997
FILLER_0_112_301, 143.06, 312.8, 1.79997
FILLER_0_110_357, 168.82, 312.8, 1.79997
FILLER_0_112_357, 168.82, 312.8, 1.79997
FILLER_0_112_413, 194.58, 312.8, 1.79997
FILLER_0_112_469, 220.34, 312.8, 1.79997
FILLER_0_112_525, 246.1, 312.8, 1.79997
FILLER_0_112_581, 271.86, 312.8, 1.79997
FILLER_0_112_637, 297.62, 312.8, 1.79997
FILLER_0_110_693, 323.38, 312.8, 1.79997
FILLER_0_112_693, 323.38, 312.8, 1.79997
PHY_EDGE_ROW_108_Left_226, 5.52, 307.36, 1.79993
PHY_EDGE_ROW_109_Left_227, 5.52, 307.36, 1.79993
output101, 5.52, 307.36, 1.79993
PHY_EDGE_ROW_108_Right_108, 327.98, 307.36, 1.79982
PHY_EDGE_ROW_109_Right_109, 327.98, 307.36, 1.79982
FILLER_0_109_51, 27.14, 307.36, 1.79996
FILLER_0_109_105, 52.9, 307.36, 1.79995
FILLER_0_109_161, 78.66, 307.36, 1.79994
FILLER_0_109_217, 104.42, 307.36, 1.79992
FILLER_0_109_273, 130.18, 307.36, 1.79991
FILLER_0_109_329, 155.94, 307.36, 1.7999
_875_, 166.98, 307.36, 1.79989
FILLER_0_109_349, 166.98, 307.36, 1.79989
FILLER_0_109_387, 181.7, 307.36, 1.79989
FILLER_0_109_441, 207.46, 307.36, 1.79986
FILLER_0_109_497, 233.22, 307.36, 1.79985
FILLER_0_109_553, 258.98, 307.36, 1.79984
FILLER_0_109_609, 284.74, 307.36, 1.79984
FILLER_0_109_665, 310.5, 307.36, 1.79983
input38, 321.54, 307.36, 1.79982
FILLER_0_109_685, 321.54, 307.36, 1.79982
FILLER_0_110_77, 40.02, 307.36, 1.79995
FILLER_0_110_133, 65.78, 307.36, 1.79994
FILLER_0_110_189, 91.54, 307.36, 1.79993
FILLER_0_110_245, 117.3, 307.36, 1.79992
FILLER_0_110_301, 143.06, 307.36, 1.7999
_879_, 189.06, 307.36, 1.79987
FILLER_0_110_413, 194.58, 307.36, 1.79986
FILLER_0_110_469, 220.34, 307.36, 1.79986
FILLER_0_110_525, 246.1, 307.36, 1.79985
FILLER_0_110_581, 271.86, 307.36, 1.79984
FILLER_0_110_637, 297.62, 307.36, 1.79983
PHY_EDGE_ROW_106_Left_224, 5.52, 301.92, 1.79999
PHY_EDGE_ROW_107_Left_225, 5.52, 301.92, 1.79999
PHY_EDGE_ROW_106_Right_106, 327.98, 301.92, 1.79987
PHY_EDGE_ROW_107_Right_107, 327.98, 301.92, 1.79987
FILLER_0_107_51, 27.14, 301.92, 1.79999
FILLER_0_107_105, 52.9, 301.92, 1.79998
FILLER_0_107_161, 78.66, 301.92, 1.79997
FILLER_0_107_217, 104.42, 301.92, 1.79997
FILLER_0_107_273, 130.18, 301.92, 1.79996
FILLER_0_107_329, 155.94, 301.92, 1.79995
_594_, 166.98, 301.92, 1.79995
_595_, 166.98, 301.92, 1.79995
FILLER_0_107_349, 166.98, 301.92, 1.79995
FILLER_0_108_357, 166.98, 301.92, 1.79995
FILLER_0_107_387, 181.7, 301.92, 1.79993
FILLER_0_107_393, 181.7, 301.92, 1.79993
FILLER_0_108_389, 181.7, 301.92, 1.79993
_635_, 191.36, 301.92, 1.7999
_880_, 201.94, 301.92, 1.79987
FILLER_0_107_426, 201.94, 301.92, 1.79987
FILLER_0_107_497, 233.22, 301.92, 1.79987
FILLER_0_107_553, 258.98, 301.92, 1.79987
FILLER_0_107_609, 284.74, 301.92, 1.79987
FILLER_0_107_665, 310.5, 301.92, 1.79987
FILLER_0_108_77, 40.02, 301.92, 1.79999
FILLER_0_108_133, 65.78, 301.92, 1.79998
FILLER_0_108_189, 91.54, 301.92, 1.79997
FILLER_0_108_245, 117.3, 301.92, 1.79996
FILLER_0_108_301, 143.06, 301.92, 1.79995
FILLER_0_106_410, 193.2, 301.92, 1.7999
FILLER_0_108_416, 198.72, 301.92, 1.79988
FILLER_0_106_469, 220.34, 301.92, 1.79987
FILLER_0_108_469, 220.34, 301.92, 1.79987
FILLER_0_108_525, 246.1, 301.92, 1.79987
FILLER_0_108_581, 271.86, 301.92, 1.79987
FILLER_0_108_637, 297.62, 301.92, 1.79987
FILLER_0_106_693, 323.38, 301.92, 1.79987
FILLER_0_108_693, 323.38, 301.92, 1.79987
PHY_EDGE_ROW_104_Left_222, 5.52, 296.48, 1.79993
PHY_EDGE_ROW_105_Left_223, 5.52, 296.48, 1.79993
output130, 5.52, 296.48, 1.79993
PHY_EDGE_ROW_104_Right_104, 327.98, 296.48, 1.79957
PHY_EDGE_ROW_105_Right_105, 327.98, 296.48, 1.79957
ANTENNA_21, 9.66, 296.48, 1.79994
FILLER_0_106_25, 15.18, 296.48, 1.79995
FILLER_0_105_51, 27.14, 296.48, 1.79996
FILLER_0_105_105, 52.9, 296.48, 1.79993
FILLER_0_105_161, 78.66, 296.48, 1.7999
FILLER_0_105_217, 104.42, 296.48, 1.79986
FILLER_0_105_273, 130.18, 296.48, 1.79983
_597_, 158.7, 296.48, 1.79984
FILLER_0_105_329, 158.7, 296.48, 1.79984
_593_, 169.74, 296.48, 1.79988
FILLER_0_106_357, 169.74, 296.48, 1.79988
FILLER_0_105_383, 181.7, 296.48, 1.79988
FILLER_0_106_389, 181.7, 296.48, 1.79988
_633_, 187.22, 296.48, 1.79985
_634_, 187.22, 296.48, 1.79985
FILLER_0_105_393, 187.22, 296.48, 1.79985
_636_, 211.6, 296.48, 1.79979
_637_, 211.6, 296.48, 1.79979
FILLER_0_105_553, 258.98, 296.48, 1.7997
FILLER_0_105_609, 284.74, 296.48, 1.79964
FILLER_0_105_665, 310.5, 296.48, 1.79959
output100, 321.54, 296.48, 1.79957
FILLER_0_105_685, 321.54, 296.48, 1.79957
FILLER_0_106_77, 40.02, 296.48, 1.79994
FILLER_0_106_133, 65.78, 296.48, 1.79991
FILLER_0_106_189, 91.54, 296.48, 1.79988
FILLER_0_106_245, 117.3, 296.48, 1.79985
FILLER_0_104_301, 143.06, 296.48, 1.79982
FILLER_0_106_301, 143.06, 296.48, 1.79982
_874_, 148.58, 296.48, 1.79981
FILLER_0_106_525, 246.1, 296.48, 1.79972
FILLER_0_106_581, 271.86, 296.48, 1.79967
FILLER_0_106_637, 297.62, 296.48, 1.79962
PHY_EDGE_ROW_102_Left_220, 5.52, 291.04, 1.79998
PHY_EDGE_ROW_103_Left_221, 5.52, 291.04, 1.79998
PHY_EDGE_ROW_102_Right_102, 327.98, 291.04, 1.79986
PHY_EDGE_ROW_103_Right_103, 327.98, 291.04, 1.79986
FILLER_0_103_51, 27.14, 291.04, 1.79997
FILLER_0_103_105, 52.9, 291.04, 1.79994
FILLER_0_103_161, 78.66, 291.04, 1.79991
FILLER_0_103_217, 104.42, 291.04, 1.79987
FILLER_0_103_273, 130.64, 291.04, 1.79984
_870_, 136.16, 291.04, 1.79983
FILLER_0_103_385, 181.7, 291.04, 1.79992
FILLER_0_103_441, 207.46, 291.04, 1.79988
FILLER_0_103_497, 236.44, 291.04, 1.79986
FILLER_0_104_525, 247.48, 291.04, 1.79986
FILLER_0_103_553, 258.98, 291.04, 1.79986
FILLER_0_103_609, 284.74, 291.04, 1.79986
FILLER_0_103_665, 310.5, 291.04, 1.79986
FILLER_0_104_77, 40.02, 291.04, 1.79996
FILLER_0_104_133, 65.78, 291.04, 1.79992
FILLER_0_104_189, 91.54, 291.04, 1.79989
FILLER_0_104_245, 117.3, 291.04, 1.79986
FILLER_0_102_302, 145.36, 291.04, 1.79985
_592_, 174.34, 291.04, 1.79993
FILLER_0_104_365, 174.34, 291.04, 1.79993
FILLER_0_104_413, 194.58, 291.04, 1.7999
_632_, 200.1, 291.04, 1.79989
FILLER_0_102_469, 220.34, 291.04, 1.79987
FILLER_0_104_466, 220.34, 291.04, 1.79987
_631_, 225.86, 291.04, 1.79986
FILLER_0_104_581, 271.86, 291.04, 1.79986
FILLER_0_104_637, 297.62, 291.04, 1.79986
FILLER_0_102_693, 323.38, 291.04, 1.79986
FILLER_0_104_693, 323.38, 291.04, 1.79986
PHY_EDGE_ROW_100_Left_218, 5.52, 285.6, 1.79997
PHY_EDGE_ROW_101_Left_219, 5.52, 285.6, 1.79997
input27, 5.52, 285.6, 1.79997
PHY_EDGE_ROW_100_Right_100, 327.98, 285.6, 1.7997
PHY_EDGE_ROW_101_Right_101, 327.98, 285.6, 1.7997
input62, 327.98, 285.6, 1.7997
FILLER_0_101_105, 52.9, 285.6, 1.79994
FILLER_0_101_161, 78.66, 285.6, 1.7999
FILLER_0_101_217, 104.42, 285.6, 1.79987
FILLER_0_101_329, 154.56, 285.6, 1.79986
FILLER_0_101_385, 181.7, 285.6, 1.79988
_643_, 201.94, 285.6, 1.79978
_628_, 230.46, 285.6, 1.79973
FILLER_0_101_484, 230.46, 285.6, 1.79973
_627_, 235.98, 285.6, 1.79973
FILLER_0_101_499, 235.98, 285.6, 1.79973
FILLER_0_101_553, 258.98, 285.6, 1.79972
FILLER_0_101_609, 284.74, 285.6, 1.79971
FILLER_0_101_665, 310.5, 285.6, 1.79971
FILLER_0_101_685, 321.54, 285.6, 1.7997
FILLER_0_102_77, 40.02, 285.6, 1.79995
FILLER_0_102_133, 65.78, 285.6, 1.79992
FILLER_0_102_189, 91.54, 285.6, 1.79989
_537_, 117.3, 285.6, 1.79985
_548_, 117.3, 285.6, 1.79985
_538_, 122.82, 285.6, 1.79985
FILLER_0_100_253, 122.82, 285.6, 1.79985
FILLER_0_102_258, 122.82, 285.6, 1.79985
_539_, 128.34, 285.6, 1.79985
_542_, 128.34, 285.6, 1.79985
FILLER_0_100_268, 128.34, 285.6, 1.79985
FILLER_0_101_273, 128.34, 285.6, 1.79985
FILLER_0_100_299, 143.06, 285.6, 1.79985
_586_, 148.58, 285.6, 1.79985
FILLER_0_100_354, 168.82, 285.6, 1.79989
FILLER_0_101_361, 168.82, 285.6, 1.79989
FILLER_0_102_357, 168.82, 285.6, 1.79989
FILLER_0_100_413, 194.58, 285.6, 1.79982
FILLER_0_101_417, 194.58, 285.6, 1.79982
FILLER_0_102_413, 194.58, 285.6, 1.79982
_638_, 208.84, 285.6, 1.79977
FILLER_0_100_445, 208.84, 285.6, 1.79977
_640_, 217.58, 285.6, 1.79975
_629_, 223.1, 285.6, 1.79974
_639_, 223.1, 285.6, 1.79974
FILLER_0_102_581, 271.86, 285.6, 1.79972
FILLER_0_102_637, 297.62, 285.6, 1.79971
PHY_EDGE_ROW_98_Left_216, 5.52, 280.16, 1.79997
PHY_EDGE_ROW_99_Left_217, 5.52, 280.16, 1.79997
PHY_EDGE_ROW_98_Right_98, 327.98, 280.16, 1.79969
PHY_EDGE_ROW_99_Right_99, 327.98, 280.16, 1.79969
FILLER_0_99_51, 27.14, 280.16, 1.79996
FILLER_0_99_105, 52.9, 280.16, 1.79991
FILLER_0_99_161, 78.66, 280.16, 1.79986
FILLER_0_99_217, 104.42, 280.16, 1.7998
_541_, 124.66, 280.16, 1.79977
ANTENNA_22, 124.66, 280.16, 1.79977
FILLER_0_100_261, 124.66, 280.16, 1.79977
_545_, 135.7, 280.16, 1.79977
FILLER_0_99_325, 155.94, 280.16, 1.7998
FILLER_0_99_333, 155.94, 280.16, 1.7998
FILLER_0_99_337, 155.94, 280.16, 1.7998
_587_, 166.98, 280.16, 1.79982
_589_, 166.98, 280.16, 1.79982
_603_, 166.98, 280.16, 1.79982
_606_, 166.98, 280.16, 1.79982
_596_, 176.18, 280.16, 1.79985
_598_, 181.7, 280.16, 1.7998
_599_, 181.7, 280.16, 1.7998
_600_, 187.22, 280.16, 1.79976
_602_, 187.22, 280.16, 1.79976
_876_, 192.74, 280.16, 1.79973
_641_, 212.98, 280.16, 1.79969
_650_, 212.98, 280.16, 1.79969
FILLER_0_100_466, 218.5, 280.16, 1.79969
FILLER_0_99_553, 258.98, 280.16, 1.79969
FILLER_0_99_609, 284.74, 280.16, 1.79969
FILLER_0_99_665, 310.5, 280.16, 1.79969
FILLER_0_100_77, 40.02, 280.16, 1.79994
FILLER_0_100_133, 65.78, 280.16, 1.79988
FILLER_0_100_189, 91.54, 280.16, 1.79983
_529_, 111.78, 280.16, 1.79979
FILLER_0_98_233, 111.78, 280.16, 1.79979
_549_, 117.3, 280.16, 1.79978
FILLER_0_99_249, 117.3, 280.16, 1.79978
FILLER_0_100_245, 117.3, 280.16, 1.79978
_585_, 143.06, 280.16, 1.79978
_648_, 217.12, 280.16, 1.79969
FILLER_0_100_581, 271.86, 280.16, 1.79969
FILLER_0_100_637, 297.62, 280.16, 1.79969
FILLER_0_98_693, 323.38, 280.16, 1.79969
FILLER_0_100_693, 323.38, 280.16, 1.79969
PHY_EDGE_ROW_96_Left_214, 5.52, 274.72, 1.79993
PHY_EDGE_ROW_97_Left_215, 5.52, 274.72, 1.79993
output109, 5.52, 274.72, 1.79993
PHY_EDGE_ROW_96_Right_96, 327.98, 274.72, 1.79963
PHY_EDGE_ROW_97_Right_97, 327.98, 274.72, 1.79963
FILLER_0_97_45, 27.14, 274.72, 1.79995
FILLER_0_97_53, 32.66, 274.72, 1.79994
FILLER_0_97_105, 52.9, 274.72, 1.79992
FILLER_0_97_161, 78.66, 274.72, 1.79988
FILLER_0_97_217, 104.42, 274.72, 1.79984
FILLER_0_98_221, 104.42, 274.72, 1.79984
_528_, 109.94, 274.72, 1.79984
_530_, 109.94, 274.72, 1.79984
FILLER_0_97_225, 109.94, 274.72, 1.79984
_544_, 132.02, 274.72, 1.79983
FILLER_0_97_274, 132.02, 274.72, 1.79983
FILLER_0_98_301, 143.06, 274.72, 1.79984
_607_, 159.16, 274.72, 1.79988
FILLER_0_98_333, 159.16, 274.72, 1.79988
FILLER_0_98_357, 170.2, 274.72, 1.79991
FILLER_0_97_385, 181.7, 274.72, 1.79992
FILLER_0_97_441, 207.46, 274.72, 1.79986
FILLER_0_97_497, 233.22, 274.72, 1.79981
FILLER_0_97_553, 258.98, 274.72, 1.79976
FILLER_0_97_609, 284.74, 274.72, 1.79971
FILLER_0_97_665, 310.5, 274.72, 1.79965
output98, 321.54, 274.72, 1.79963
FILLER_0_97_685, 321.54, 274.72, 1.79963
FILLER_0_98_77, 40.02, 274.72, 1.79993
FILLER_0_98_133, 65.78, 274.72, 1.7999
FILLER_0_98_189, 91.54, 274.72, 1.79986
FILLER_0_96_243, 117.76, 274.72, 1.79983
FILLER_0_98_247, 117.76, 274.72, 1.79983
_540_, 123.28, 274.72, 1.79983
_609_, 145.82, 274.72, 1.79985
FILLER_0_96_305, 145.82, 274.72, 1.79985
FILLER_0_98_413, 194.58, 274.72, 1.79989
FILLER_0_98_469, 220.34, 274.72, 1.79984
FILLER_0_98_525, 246.1, 274.72, 1.79979
FILLER_0_98_581, 271.86, 274.72, 1.79973
FILLER_0_98_637, 297.62, 274.72, 1.79968
PHY_EDGE_ROW_94_Left_212, 5.52, 269.28, 1.79998
PHY_EDGE_ROW_95_Left_213, 5.52, 269.28, 1.79998
PHY_EDGE_ROW_94_Right_94, 327.98, 269.28, 1.7999
PHY_EDGE_ROW_95_Right_95, 327.98, 269.28, 1.7999
FILLER_0_95_51, 27.14, 269.28, 1.79996
FILLER_0_95_105, 52.9, 269.28, 1.79991
FILLER_0_95_161, 78.66, 269.28, 1.79986
_557_, 98.9, 269.28, 1.79981
FILLER_0_95_201, 98.9, 269.28, 1.79981
_563_, 104.42, 269.28, 1.79981
_564_, 104.42, 269.28, 1.79981
_566_, 109.94, 269.28, 1.7998
FILLER_0_95_225, 109.94, 269.28, 1.7998
_565_, 115.46, 269.28, 1.79981
_531_, 124.66, 269.28, 1.79981
_567_, 124.66, 269.28, 1.79981
FILLER_0_96_259, 124.66, 269.28, 1.79981
FILLER_0_95_274, 130.18, 269.28, 1.79982
_608_, 150.42, 269.28, 1.79987
FILLER_0_95_318, 150.42, 269.28, 1.79987
_604_, 155.94, 269.28, 1.79988
FILLER_0_95_326, 155.94, 269.28, 1.79988
FILLER_0_95_385, 181.7, 269.28, 1.79994
FILLER_0_95_441, 210.22, 269.28, 1.79991
FILLER_0_95_497, 231.84, 269.28, 1.7999
FILLER_0_95_553, 258.98, 269.28, 1.7999
FILLER_0_95_609, 284.74, 269.28, 1.7999
FILLER_0_95_665, 310.5, 269.28, 1.7999
FILLER_0_96_77, 40.02, 269.28, 1.79994
FILLER_0_96_133, 65.78, 269.28, 1.79988
FILLER_0_95_193, 91.54, 269.28, 1.79983
FILLER_0_96_189, 91.54, 269.28, 1.79983
FILLER_0_94_245, 118.22, 269.28, 1.79981
FILLER_0_95_251, 118.22, 269.28, 1.79981
FILLER_0_94_302, 143.06, 269.28, 1.79985
FILLER_0_95_305, 143.06, 269.28, 1.79985
FILLER_0_94_357, 168.82, 269.28, 1.79993
FILLER_0_96_413, 194.58, 269.28, 1.79993
FILLER_0_94_421, 200.1, 269.28, 1.79992
_630_, 220.34, 269.28, 1.7999
FILLER_0_94_465, 220.34, 269.28, 1.7999
FILLER_0_96_469, 220.34, 269.28, 1.7999
_618_, 225.86, 269.28, 1.7999
FILLER_0_96_525, 246.1, 269.28, 1.7999
FILLER_0_96_581, 271.86, 269.28, 1.7999
FILLER_0_96_637, 297.62, 269.28, 1.7999
FILLER_0_96_693, 323.38, 269.28, 1.7999
PHY_EDGE_ROW_92_Left_210, 5.52, 263.84, 1.79998
PHY_EDGE_ROW_93_Left_211, 5.52, 263.84, 1.79998
input50, 5.52, 263.84, 1.79998
PHY_EDGE_ROW_92_Right_92, 327.98, 263.84, 1.79971
PHY_EDGE_ROW_93_Right_93, 327.98, 263.84, 1.79971
FILLER_0_94_19, 15.18, 263.84, 1.79999
FILLER_0_93_51, 27.14, 263.84, 1.79998
FILLER_0_93_105, 52.9, 263.84, 1.79996
FILLER_0_93_161, 78.66, 263.84, 1.79994
FILLER_0_93_217, 104.42, 263.84, 1.79992
FILLER_0_93_273, 130.18, 263.84, 1.7999
_568_, 141.22, 263.84, 1.79989
_573_, 141.22, 263.84, 1.79989
FILLER_0_93_293, 141.22, 263.84, 1.79989
_572_, 150.42, 263.84, 1.79989
_614_, 190.44, 263.84, 1.79982
_613_, 195.96, 263.84, 1.79979
FILLER_0_93_409, 195.96, 263.84, 1.79979
FILLER_0_94_413, 195.96, 263.84, 1.79979
_622_, 201.94, 263.84, 1.79977
_651_, 201.94, 263.84, 1.79977
_647_, 210.22, 263.84, 1.79975
FILLER_0_93_442, 210.22, 263.84, 1.79975
_619_, 227.7, 263.84, 1.79973
FILLER_0_93_496, 233.22, 263.84, 1.79973
FILLER_0_93_553, 258.98, 263.84, 1.79972
FILLER_0_93_609, 284.74, 263.84, 1.79972
FILLER_0_93_665, 310.5, 263.84, 1.79971
FILLER_0_94_77, 40.02, 263.84, 1.79997
FILLER_0_94_133, 65.78, 263.84, 1.79995
FILLER_0_94_189, 91.54, 263.84, 1.79993
FILLER_0_94_289, 137.54, 263.84, 1.7999
_584_, 157.32, 263.84, 1.7999
FILLER_0_92_360, 171.58, 263.84, 1.79991
_615_, 182.62, 263.84, 1.79986
_616_, 182.62, 263.84, 1.79986
FILLER_0_93_393, 182.62, 263.84, 1.79986
_649_, 214.82, 263.84, 1.79974
FILLER_0_93_461, 214.82, 263.84, 1.79974
FILLER_0_94_451, 214.82, 263.84, 1.79974
_620_, 225.4, 263.84, 1.79973
_621_, 225.4, 263.84, 1.79973
FILLER_0_94_522, 246.1, 263.84, 1.79973
FILLER_0_94_581, 271.86, 263.84, 1.79972
FILLER_0_94_637, 297.62, 263.84, 1.79972
input42, 323.38, 263.84, 1.79971
PHY_EDGE_ROW_90_Left_208, 5.52, 258.4, 1.79996
PHY_EDGE_ROW_91_Left_209, 5.52, 258.4, 1.79996
PHY_EDGE_ROW_90_Right_90, 327.98, 258.4, 1.79978
PHY_EDGE_ROW_91_Right_91, 327.98, 258.4, 1.79978
FILLER_0_91_51, 27.14, 258.4, 1.79994
FILLER_0_91_105, 52.9, 258.4, 1.79986
FILLER_0_91_161, 78.66, 258.4, 1.79978
FILLER_0_91_217, 104.42, 258.4, 1.79969
FILLER_0_91_273, 130.64, 258.4, 1.79961
clkbuf_3_5__f_clk, 136.16, 258.4, 1.7996
FILLER_0_91_281, 136.16, 258.4, 1.7996
FILLER_0_91_332, 157.32, 258.4, 1.79972
FILLER_0_92_333, 157.32, 258.4, 1.79972
_581_, 162.84, 258.4, 1.79976
_583_, 162.84, 258.4, 1.79976
_605_, 162.84, 258.4, 1.79976
FILLER_0_91_337, 162.84, 258.4, 1.79976
FILLER_0_92_341, 162.84, 258.4, 1.79976
_588_, 170.2, 258.4, 1.79981
_601_, 191.36, 258.4, 1.79981
FILLER_0_91_393, 191.36, 258.4, 1.79981
FILLER_0_91_430, 201.94, 258.4, 1.79979
FILLER_0_92_433, 201.94, 258.4, 1.79979
_610_, 207.46, 258.4, 1.79979
_611_, 207.46, 258.4, 1.79979
_612_, 207.46, 258.4, 1.79979
FILLER_0_91_443, 207.46, 258.4, 1.79979
FILLER_0_92_451, 212.98, 258.4, 1.79978
_623_, 218.5, 258.4, 1.79978
FILLER_0_91_497, 233.22, 258.4, 1.79978
FILLER_0_91_553, 258.98, 258.4, 1.79978
FILLER_0_91_609, 284.74, 258.4, 1.79978
FILLER_0_91_665, 310.5, 258.4, 1.79978
FILLER_0_92_77, 40.02, 258.4, 1.7999
FILLER_0_92_133, 65.78, 258.4, 1.79982
FILLER_0_92_189, 91.54, 258.4, 1.79973
FILLER_0_90_245, 117.3, 258.4, 1.79965
FILLER_0_92_245, 117.3, 258.4, 1.79965
_559_, 122.82, 258.4, 1.79963
_571_, 149.96, 258.4, 1.79967
_617_, 178.48, 258.4, 1.79985
FILLER_0_90_377, 178.48, 258.4, 1.79985
FILLER_0_91_386, 178.48, 258.4, 1.79985
FILLER_0_92_377, 178.48, 258.4, 1.79985
FILLER_0_92_468, 220.34, 258.4, 1.79978
FILLER_0_92_525, 246.1, 258.4, 1.79978
FILLER_0_92_581, 271.86, 258.4, 1.79978
FILLER_0_92_637, 297.62, 258.4, 1.79978
FILLER_0_92_693, 323.38, 258.4, 1.79978
_574_, 143.06, 258.4, 1.79963
_582_, 143.06, 258.4, 1.79963
FILLER_0_92_301, 143.06, 258.4, 1.79963
PHY_EDGE_ROW_88_Left_206, 5.52, 252.96, 1.79995
PHY_EDGE_ROW_89_Left_207, 5.52, 252.96, 1.79995
input25, 5.52, 252.96, 1.79995
PHY_EDGE_ROW_88_Right_88, 327.98, 252.96, 1.79985
PHY_EDGE_ROW_89_Right_89, 327.98, 252.96, 1.79985
FILLER_0_90_25, 15.18, 252.96, 1.79995
FILLER_0_89_51, 27.14, 252.96, 1.79994
FILLER_0_89_105, 52.9, 252.96, 1.79985
FILLER_0_89_161, 78.66, 252.96, 1.79976
_569_, 142.14, 252.96, 1.79979
FILLER_0_89_293, 142.14, 252.96, 1.79979
FILLER_0_89_301, 142.14, 252.96, 1.79979
FILLER_0_90_298, 142.14, 252.96, 1.79979
_579_, 165.6, 252.96, 1.79986
_580_, 165.6, 252.96, 1.79986
FILLER_0_89_388, 181.7, 252.96, 1.79987
FILLER_0_89_441, 207.46, 252.96, 1.79987
FILLER_0_89_497, 233.22, 252.96, 1.79987
FILLER_0_89_553, 258.98, 252.96, 1.79986
FILLER_0_89_609, 284.74, 252.96, 1.79986
FILLER_0_89_665, 310.5, 252.96, 1.79985
input13, 321.54, 252.96, 1.79985
FILLER_0_90_77, 40.02, 252.96, 1.79989
FILLER_0_90_133, 65.78, 252.96, 1.7998
_871_, 91.54, 252.96, 1.79971
FILLER_0_90_189, 91.54, 252.96, 1.79971
FILLER_0_89_237, 111.78, 252.96, 1.79973
_555_, 131.56, 252.96, 1.79976
_560_, 131.56, 252.96, 1.79976
FILLER_0_90_290, 137.54, 252.96, 1.79978
_570_, 151.8, 252.96, 1.79982
_877_, 181.24, 252.96, 1.79987
FILLER_0_90_410, 194.58, 252.96, 1.79987
FILLER_0_88_466, 220.34, 252.96, 1.79987
FILLER_0_90_469, 220.34, 252.96, 1.79987
FILLER_0_90_525, 246.1, 252.96, 1.79986
FILLER_0_90_581, 271.86, 252.96, 1.79986
FILLER_0_90_637, 297.62, 252.96, 1.79985
FILLER_0_90_681, 317.86, 252.96, 1.79985
FILLER_0_88_207, 101.66, 252.96, 1.79972
FILLER_0_89_214, 101.66, 252.96, 1.79972
_556_, 121.67, 252.96, 1.79974
_558_, 121.67, 252.96, 1.79974
FILLER_0_88_248, 121.67, 252.96, 1.79974
FILLER_0_88_253, 121.67, 252.96, 1.79974
FILLER_0_89_245, 121.67, 252.96, 1.79974
FILLER_0_89_254, 121.67, 252.96, 1.79974
FILLER_0_89_262, 121.67, 252.96, 1.79974
FILLER_0_90_253, 121.67, 252.96, 1.79974
PHY_EDGE_ROW_86_Left_204, 5.52, 247.52, 1.79996
PHY_EDGE_ROW_87_Left_205, 5.52, 247.52, 1.79996
PHY_EDGE_ROW_86_Right_86, 327.98, 247.52, 1.79936
PHY_EDGE_ROW_87_Right_87, 327.98, 247.52, 1.79936
FILLER_0_87_51, 27.14, 247.52, 1.79994
FILLER_0_87_105, 52.9, 247.52, 1.79985
FILLER_0_87_161, 78.66, 247.52, 1.79976
_554_, 98.9, 247.52, 1.79969
_552_, 104.42, 247.52, 1.79968
FILLER_0_87_217, 104.42, 247.52, 1.79968
FILLER_0_88_216, 104.42, 247.52, 1.79968
FILLER_0_88_228, 109.94, 247.52, 1.79967
_550_, 115.46, 247.52, 1.79967
_547_, 124.66, 247.52, 1.79967
FILLER_0_87_273, 130.18, 247.52, 1.79968
FILLER_0_87_329, 155.94, 247.52, 1.79973
FILLER_0_87_385, 181.7, 247.52, 1.79968
_642_, 204.24, 247.52, 1.79944
_625_, 209.76, 247.52, 1.7994
FILLER_0_87_443, 209.76, 247.52, 1.7994
FILLER_0_87_449, 209.76, 247.52, 1.7994
FILLER_0_88_445, 209.76, 247.52, 1.7994
_626_, 215.28, 247.52, 1.79936
_878_, 215.28, 247.52, 1.79936
FILLER_0_87_499, 233.22, 247.52, 1.79936
FILLER_0_87_553, 258.98, 247.52, 1.79936
FILLER_0_87_609, 284.74, 247.52, 1.79936
FILLER_0_87_665, 310.5, 247.52, 1.79936
FILLER_0_88_77, 40.02, 247.52, 1.79989
FILLER_0_88_133, 65.78, 247.52, 1.79981
FILLER_0_88_189, 91.54, 247.52, 1.79972
FILLER_0_88_197, 97.06, 247.52, 1.7997
_553_, 102.58, 247.52, 1.79968
_551_, 111.78, 247.52, 1.79967
FILLER_0_88_303, 143.06, 247.52, 1.7997
_575_, 148.58, 247.52, 1.79971
FILLER_0_86_357, 168.82, 247.52, 1.79976
FILLER_0_88_354, 168.82, 247.52, 1.79976
clkbuf_3_7__f_clk, 189.06, 247.52, 1.79956
FILLER_0_86_397, 189.06, 247.52, 1.79956
FILLER_0_87_417, 194.58, 247.52, 1.79952
FILLER_0_88_413, 194.58, 247.52, 1.79952
FILLER_0_88_525, 246.1, 247.52, 1.79936
FILLER_0_88_581, 271.86, 247.52, 1.79936
FILLER_0_88_637, 297.62, 247.52, 1.79936
FILLER_0_88_693, 323.38, 247.52, 1.79936
PHY_EDGE_ROW_84_Left_202, 5.52, 242.08, 1.79993
PHY_EDGE_ROW_85_Left_203, 5.52, 242.08, 1.79993
output72, 5.52, 242.08, 1.79993
PHY_EDGE_ROW_84_Right_84, 327.98, 242.08, 1.79984
PHY_EDGE_ROW_85_Right_85, 327.98, 242.08, 1.79984
ANTENNA_11, 9.66, 242.08, 1.79994
FILLER_0_86_25, 15.18, 242.08, 1.79995
FILLER_0_85_51, 27.14, 242.08, 1.79996
FILLER_0_85_105, 52.9, 242.08, 1.79994
FILLER_0_85_161, 78.66, 242.08, 1.79993
FILLER_0_85_217, 104.42, 242.08, 1.79991
FILLER_0_85_273, 130.18, 242.08, 1.7999
FILLER_0_85_328, 156.86, 242.08, 1.7999
_654_, 176.18, 242.08, 1.79991
_645_, 195.96, 242.08, 1.79987
_646_, 195.96, 242.08, 1.79987
FILLER_0_85_412, 195.96, 242.08, 1.79987
_644_, 201.94, 242.08, 1.79987
_624_, 218.5, 242.08, 1.79986
FILLER_0_85_553, 258.98, 242.08, 1.79985
FILLER_0_85_609, 284.74, 242.08, 1.79985
FILLER_0_85_665, 310.5, 242.08, 1.79985
FILLER_0_86_77, 40.02, 242.08, 1.79995
FILLER_0_86_133, 65.78, 242.08, 1.79994
FILLER_0_86_189, 91.54, 242.08, 1.79992
FILLER_0_84_245, 117.3, 242.08, 1.7999
FILLER_0_86_245, 117.3, 242.08, 1.7999
_576_, 143.06, 242.08, 1.79989
FILLER_0_86_301, 143.06, 242.08, 1.79989
_578_, 153.64, 242.08, 1.79989
FILLER_0_85_349, 163.3, 242.08, 1.7999
_652_, 183.08, 242.08, 1.79989
_653_, 183.08, 242.08, 1.79989
FILLER_0_86_389, 183.08, 242.08, 1.79989
FILLER_0_86_467, 220.34, 242.08, 1.79986
FILLER_0_84_489, 231.38, 242.08, 1.79986
FILLER_0_85_497, 231.38, 242.08, 1.79986
FILLER_0_86_525, 246.1, 242.08, 1.79986
FILLER_0_86_581, 271.86, 242.08, 1.79985
FILLER_0_86_637, 297.62, 242.08, 1.79985
input5, 323.38, 242.08, 1.79984
PHY_EDGE_ROW_82_Left_200, 5.52, 236.64, 1.79994
PHY_EDGE_ROW_83_Left_201, 5.52, 236.64, 1.79994
PHY_EDGE_ROW_82_Right_82, 327.98, 236.64, 1.79953
PHY_EDGE_ROW_83_Right_83, 327.98, 236.64, 1.79953
FILLER_0_83_51, 27.14, 236.64, 1.79992
FILLER_0_83_105, 52.9, 236.64, 1.79979
FILLER_0_83_161, 78.66, 236.64, 1.79966
_532_, 124.66, 236.64, 1.79945
_561_, 143.52, 236.64, 1.79947
_577_, 150.42, 236.64, 1.7995
_873_, 150.42, 236.64, 1.7995
FILLER_0_84_309, 150.42, 236.64, 1.7995
FILLER_0_84_317, 150.42, 236.64, 1.7995
FILLER_0_83_385, 181.7, 236.64, 1.79977
FILLER_0_82_445, 207.46, 236.64, 1.79966
FILLER_0_83_441, 207.46, 236.64, 1.79966
_514_, 231.84, 236.64, 1.79955
FILLER_0_83_496, 231.84, 236.64, 1.79955
_867_, 237.36, 236.64, 1.79953
FILLER_0_83_553, 258.98, 236.64, 1.79953
FILLER_0_83_609, 284.74, 236.64, 1.79953
FILLER_0_83_665, 310.5, 236.64, 1.79953
FILLER_0_84_77, 40.02, 236.64, 1.79985
FILLER_0_84_133, 65.78, 236.64, 1.79973
FILLER_0_84_189, 91.54, 236.64, 1.7996
FILLER_0_82_197, 97.06, 236.64, 1.79957
FILLER_0_83_217, 102.58, 236.64, 1.79954
_534_, 111.78, 236.64, 1.7995
FILLER_0_83_237, 111.78, 236.64, 1.7995
FILLER_0_82_265, 125.58, 236.64, 1.79944
_562_, 131.1, 236.64, 1.79943
_872_, 131.1, 236.64, 1.79943
FILLER_0_83_308, 144.44, 236.64, 1.79947
FILLER_0_84_301, 144.44, 236.64, 1.79947
_881_, 163.3, 236.64, 1.79962
_656_, 168.82, 236.64, 1.7997
FILLER_0_84_377, 179.86, 236.64, 1.79978
FILLER_0_82_413, 194.58, 236.64, 1.79971
FILLER_0_84_469, 220.34, 236.64, 1.7996
FILLER_0_83_485, 225.86, 236.64, 1.79958
FILLER_0_84_528, 246.1, 236.64, 1.79953
FILLER_0_84_581, 271.86, 236.64, 1.79953
FILLER_0_84_637, 297.62, 236.64, 1.79953
FILLER_0_82_693, 323.38, 236.64, 1.79953
FILLER_0_84_693, 323.38, 236.64, 1.79953
PHY_EDGE_ROW_80_Left_198, 5.52, 231.2, 1.79994
PHY_EDGE_ROW_81_Left_199, 5.52, 231.2, 1.79994
input49, 5.52, 231.2, 1.79994
PHY_EDGE_ROW_80_Right_80, 327.98, 231.2, 1.79902
PHY_EDGE_ROW_81_Right_81, 327.98, 231.2, 1.79902
output91, 327.98, 231.2, 1.79902
FILLER_0_82_19, 15.18, 231.2, 1.79995
FILLER_0_81_51, 27.14, 231.2, 1.79992
FILLER_0_81_105, 52.9, 231.2, 1.79979
FILLER_0_81_161, 78.66, 231.2, 1.79966
_869_, 98.9, 231.2, 1.79956
_536_, 104.42, 231.2, 1.79955
FILLER_0_81_217, 104.42, 231.2, 1.79955
_535_, 109.94, 231.2, 1.79954
FILLER_0_81_225, 109.94, 231.2, 1.79954
_520_, 115.46, 231.2, 1.79954
FILLER_0_81_237, 115.46, 231.2, 1.79954
FILLER_0_82_244, 115.46, 231.2, 1.79954
FILLER_0_81_275, 130.18, 231.2, 1.79956
_543_, 135.7, 231.2, 1.79957
FILLER_0_81_281, 135.7, 231.2, 1.79957
FILLER_0_81_329, 155.94, 231.2, 1.7997
FILLER_0_81_385, 181.7, 231.2, 1.79974
_661_, 192.74, 231.2, 1.7996
FILLER_0_81_405, 192.74, 231.2, 1.7996
FILLER_0_82_473, 221.26, 231.2, 1.7993
FILLER_0_81_497, 236.44, 231.2, 1.7992
FILLER_0_81_553, 258.98, 231.2, 1.79914
FILLER_0_81_609, 284.74, 231.2, 1.79909
FILLER_0_81_665, 310.5, 231.2, 1.79905
FILLER_0_81_685, 321.54, 231.2, 1.79903
FILLER_0_82_77, 40.02, 231.2, 1.79985
FILLER_0_82_133, 65.78, 231.2, 1.79972
FILLER_0_82_189, 91.54, 231.2, 1.79959
FILLER_0_82_357, 168.82, 231.2, 1.79978
_663_, 205.62, 231.2, 1.79945
FILLER_0_81_441, 205.62, 231.2, 1.79945
_882_, 214.82, 231.2, 1.79935
FILLER_0_82_465, 220.34, 231.2, 1.7993
_512_, 225.86, 231.2, 1.79926
_513_, 225.86, 231.2, 1.79926
FILLER_0_82_477, 225.86, 231.2, 1.79926
_868_, 240.58, 231.2, 1.79917
FILLER_0_82_522, 246.1, 231.2, 1.79916
FILLER_0_82_581, 271.86, 231.2, 1.79912
FILLER_0_82_637, 297.62, 231.2, 1.79907
PHY_EDGE_ROW_78_Left_196, 5.52, 225.76, 1.79993
PHY_EDGE_ROW_79_Left_197, 5.52, 225.76, 1.79993
output94, 5.52, 225.76, 1.79993
PHY_EDGE_ROW_78_Right_78, 327.98, 225.76, 1.79939
PHY_EDGE_ROW_79_Right_79, 327.98, 225.76, 1.79939
FILLER_0_79_45, 27.14, 225.76, 1.79996
FILLER_0_79_53, 32.66, 225.76, 1.79996
FILLER_0_79_105, 52.9, 225.76, 1.79994
FILLER_0_79_161, 78.66, 225.76, 1.79992
FILLER_0_79_217, 104.42, 225.76, 1.7999
FILLER_0_79_273, 130.18, 225.76, 1.79989
FILLER_0_79_329, 155.94, 225.76, 1.79987
_687_, 176.18, 225.76, 1.79984
FILLER_0_79_373, 176.18, 225.76, 1.79984
FILLER_0_80_428, 201.94, 225.76, 1.79956
_665_, 207.46, 225.76, 1.7995
FILLER_0_79_441, 207.46, 225.76, 1.7995
FILLER_0_80_438, 207.46, 225.76, 1.7995
_664_, 212.98, 225.76, 1.79946
_461_, 218.5, 225.76, 1.79942
FILLER_0_79_467, 218.5, 225.76, 1.79942
_511_, 227.7, 225.76, 1.79939
_521_, 227.7, 225.76, 1.79939
FILLER_0_79_478, 227.7, 225.76, 1.79939
_519_, 233.22, 225.76, 1.79939
FILLER_0_79_490, 233.22, 225.76, 1.79939
FILLER_0_79_497, 233.22, 225.76, 1.79939
FILLER_0_79_553, 258.98, 225.76, 1.79939
FILLER_0_79_609, 284.74, 225.76, 1.79939
FILLER_0_79_665, 310.5, 225.76, 1.79939
FILLER_0_80_77, 40.02, 225.76, 1.79995
FILLER_0_80_133, 65.78, 225.76, 1.79993
FILLER_0_80_189, 91.54, 225.76, 1.79991
FILLER_0_80_245, 117.3, 225.76, 1.79989
FILLER_0_78_301, 143.06, 225.76, 1.79988
FILLER_0_80_301, 143.06, 225.76, 1.79988
FILLER_0_80_357, 168.82, 225.76, 1.79986
_685_, 189.06, 225.76, 1.7997
_659_, 194.58, 225.76, 1.79964
FILLER_0_80_413, 194.58, 225.76, 1.79964
_662_, 200.1, 225.76, 1.79958
FILLER_0_80_529, 246.1, 225.76, 1.79939
FILLER_0_80_581, 271.86, 225.76, 1.79939
FILLER_0_80_637, 297.62, 225.76, 1.79939
FILLER_0_78_693, 323.38, 225.76, 1.79939
FILLER_0_80_693, 323.38, 225.76, 1.79939
PHY_EDGE_ROW_76_Left_194, 5.52, 220.32, 1.79996
PHY_EDGE_ROW_77_Left_195, 5.52, 220.32, 1.79996
PHY_EDGE_ROW_76_Right_76, 327.98, 220.32, 1.79954
PHY_EDGE_ROW_77_Right_77, 327.98, 220.32, 1.79954
output122, 327.98, 220.32, 1.79954
FILLER_0_77_51, 27.14, 220.32, 1.79994
FILLER_0_77_105, 52.9, 220.32, 1.79987
FILLER_0_77_161, 78.66, 220.32, 1.79979
_755_, 98.9, 220.32, 1.79973
FILLER_0_77_274, 132.94, 220.32, 1.79968
_668_, 164.68, 220.32, 1.79979
_670_, 164.68, 220.32, 1.79979
_678_, 164.68, 220.32, 1.79979
FILLER_0_77_333, 164.68, 220.32, 1.79979
FILLER_0_77_346, 164.68, 220.32, 1.79979
_683_, 170.2, 220.32, 1.79982
FILLER_0_77_356, 170.2, 220.32, 1.79982
FILLER_0_78_357, 170.2, 220.32, 1.79982
_684_, 181.24, 220.32, 1.79983
FILLER_0_77_382, 181.24, 220.32, 1.79983
FILLER_0_78_377, 181.24, 220.32, 1.79983
FILLER_0_77_393, 186.76, 220.32, 1.79981
_657_, 192.28, 220.32, 1.79979
_658_, 192.28, 220.32, 1.79979
_669_, 192.28, 220.32, 1.79979
FILLER_0_77_444, 207.46, 220.32, 1.79976
FILLER_0_77_497, 233.22, 220.32, 1.79971
FILLER_0_77_553, 258.98, 220.32, 1.79967
FILLER_0_77_609, 284.74, 220.32, 1.79962
FILLER_0_77_665, 310.5, 220.32, 1.79958
FILLER_0_77_685, 321.54, 220.32, 1.79956
FILLER_0_78_77, 40.02, 220.32, 1.79991
FILLER_0_78_133, 65.78, 220.32, 1.79983
_754_, 91.54, 220.32, 1.79975
FILLER_0_78_189, 91.54, 220.32, 1.79975
_756_, 101.66, 220.32, 1.79972
_767_, 101.66, 220.32, 1.79972
FILLER_0_77_215, 101.66, 220.32, 1.79972
_768_, 117.3, 220.32, 1.7997
FILLER_0_76_244, 117.3, 220.32, 1.7997
FILLER_0_77_249, 117.3, 220.32, 1.7997
FILLER_0_78_245, 117.3, 220.32, 1.7997
_884_, 137.54, 220.32, 1.79968
_679_, 151.34, 220.32, 1.79973
_680_, 151.34, 220.32, 1.79973
_660_, 195.96, 220.32, 1.79978
FILLER_0_78_469, 220.34, 220.32, 1.79974
FILLER_0_78_525, 246.1, 220.32, 1.79969
FILLER_0_78_581, 271.86, 220.32, 1.79964
FILLER_0_78_637, 297.62, 220.32, 1.7996
_765_, 125.12, 220.32, 1.79969
hold3, 125.12, 220.32, 1.79969
FILLER_0_77_262, 125.12, 220.32, 1.79969
PHY_EDGE_ROW_74_Left_192, 5.52, 214.88, 1.79994
PHY_EDGE_ROW_75_Left_193, 5.52, 214.88, 1.79994
PHY_EDGE_ROW_74_Right_74, 327.98, 214.88, 1.79978
PHY_EDGE_ROW_75_Right_75, 327.98, 214.88, 1.79978
FILLER_0_75_51, 27.14, 214.88, 1.79991
FILLER_0_75_105, 52.9, 214.88, 1.79977
FILLER_0_75_161, 78.66, 214.88, 1.79963
_766_, 98.9, 214.88, 1.79952
FILLER_0_75_205, 98.9, 214.88, 1.79952
_759_, 124.66, 214.88, 1.79942
_893_, 124.66, 214.88, 1.79942
FILLER_0_75_275, 130.18, 214.88, 1.79942
clkbuf_3_4__f_clk, 135.7, 214.88, 1.79942
FILLER_0_76_304, 144.44, 214.88, 1.7995
_667_, 155.94, 214.88, 1.79962
FILLER_0_75_326, 155.94, 214.88, 1.79962
FILLER_0_76_329, 155.94, 214.88, 1.79962
_666_, 161.46, 214.88, 1.79968
_675_, 176.18, 214.88, 1.79983
_676_, 176.18, 214.88, 1.79983
_499_, 207.46, 214.88, 1.7998
FILLER_0_75_441, 207.46, 214.88, 1.7998
_510_, 227.7, 214.88, 1.79978
FILLER_0_75_499, 233.22, 214.88, 1.79978
FILLER_0_75_553, 258.98, 214.88, 1.79978
FILLER_0_75_609, 284.74, 214.88, 1.79978
FILLER_0_75_665, 310.5, 214.88, 1.79978
FILLER_0_76_77, 40.02, 214.88, 1.79984
FILLER_0_76_133, 65.78, 214.88, 1.7997
FILLER_0_74_189, 91.54, 214.88, 1.79956
FILLER_0_76_189, 91.54, 214.88, 1.79956
_752_, 116.84, 214.88, 1.79945
FILLER_0_75_248, 116.84, 214.88, 1.79945
_681_, 137.54, 214.88, 1.79943
_682_, 137.54, 214.88, 1.79943
FILLER_0_76_321, 152.72, 214.88, 1.79959
FILLER_0_74_357, 168.82, 214.88, 1.79976
FILLER_0_76_365, 174.34, 214.88, 1.79982
FILLER_0_76_412, 194.58, 214.88, 1.79981
FILLER_0_75_473, 220.34, 214.88, 1.79979
FILLER_0_76_469, 220.34, 214.88, 1.79979
FILLER_0_76_525, 246.1, 214.88, 1.79978
FILLER_0_76_581, 271.86, 214.88, 1.79978
FILLER_0_76_637, 297.62, 214.88, 1.79978
FILLER_0_76_693, 323.38, 214.88, 1.79978
_757_, 107.87, 214.88, 1.79948
_758_, 107.87, 214.88, 1.79948
_760_, 107.87, 214.88, 1.79948
FILLER_0_74_224, 107.87, 214.88, 1.79948
FILLER_0_75_217, 107.87, 214.88, 1.79948
PHY_EDGE_ROW_72_Left_190, 5.52, 209.44, 1.79995
PHY_EDGE_ROW_73_Left_191, 5.52, 209.44, 1.79995
input15, 5.52, 209.44, 1.79995
PHY_EDGE_ROW_72_Right_72, 327.98, 209.44, 1.79971
PHY_EDGE_ROW_73_Right_73, 327.98, 209.44, 1.79971
FILLER_0_74_19, 15.18, 209.44, 1.79995
FILLER_0_73_51, 27.14, 209.44, 1.79994
FILLER_0_73_105, 52.9, 209.44, 1.79985
FILLER_0_73_161, 78.66, 209.44, 1.79976
FILLER_0_73_169, 84.18, 209.44, 1.79974
_892_, 89.7, 209.44, 1.79973
FILLER_0_73_220, 104.42, 209.44, 1.79973
FILLER_0_73_273, 130.18, 209.44, 1.79977
_751_, 135.7, 209.44, 1.79978
FILLER_0_73_281, 135.7, 209.44, 1.79978
FILLER_0_73_327, 155.94, 209.44, 1.79984
_671_, 166.98, 209.44, 1.79987
FILLER_0_73_349, 166.98, 209.44, 1.79987
FILLER_0_73_387, 181.7, 209.44, 1.79988
_488_, 187.22, 209.44, 1.79986
FILLER_0_73_393, 187.22, 209.44, 1.79986
FILLER_0_73_430, 201.94, 209.44, 1.79981
_507_, 227.7, 209.44, 1.79974
_516_, 227.7, 209.44, 1.79974
FILLER_0_73_493, 227.7, 209.44, 1.79974
_518_, 239.66, 209.44, 1.79973
FILLER_0_73_501, 239.66, 209.44, 1.79973
FILLER_0_73_505, 239.66, 209.44, 1.79973
FILLER_0_73_555, 258.98, 209.44, 1.79972
FILLER_0_73_609, 284.74, 209.44, 1.79972
FILLER_0_73_665, 310.5, 209.44, 1.79971
FILLER_0_74_77, 40.02, 209.44, 1.79989
FILLER_0_74_133, 65.78, 209.44, 1.79981
hold23, 103.96, 209.44, 1.79973
FILLER_0_74_209, 103.96, 209.44, 1.79973
_764_, 111.78, 209.44, 1.79974
FILLER_0_74_234, 111.78, 209.44, 1.79974
FILLER_0_74_245, 117.3, 209.44, 1.79975
FILLER_0_72_413, 195.04, 209.44, 1.79983
FILLER_0_74_413, 195.04, 209.44, 1.79983
_508_, 214.82, 209.44, 1.79977
_509_, 214.82, 209.44, 1.79977
FILLER_0_73_473, 220.34, 209.44, 1.79976
FILLER_0_74_469, 220.34, 209.44, 1.79976
FILLER_0_74_525, 247.02, 209.44, 1.79972
FILLER_0_74_581, 271.86, 209.44, 1.79972
FILLER_0_74_637, 297.62, 209.44, 1.79972
input21, 323.38, 209.44, 1.79971
PHY_EDGE_ROW_70_Left_188, 5.52, 204, 1.79998
PHY_EDGE_ROW_71_Left_189, 5.52, 204, 1.79998
PHY_EDGE_ROW_70_Right_70, 327.98, 204, 1.79935
PHY_EDGE_ROW_71_Right_71, 327.98, 204, 1.79935
FILLER_0_71_51, 27.14, 204, 1.79998
FILLER_0_71_105, 52.9, 204, 1.79995
FILLER_0_71_161, 78.66, 204, 1.79991
FILLER_0_71_273, 132.48, 204, 1.79985
FILLER_0_71_329, 158.24, 204, 1.79982
FILLER_0_71_337, 158.24, 204, 1.79982
_672_, 169.74, 204, 1.79981
FILLER_0_72_357, 169.74, 204, 1.79981
_487_, 187.22, 204, 1.7996
clkbuf_3_6__f_clk, 187.22, 204, 1.7996
FILLER_0_71_393, 187.22, 204, 1.7996
_502_, 201.94, 204, 1.79947
FILLER_0_71_422, 201.94, 204, 1.79947
FILLER_0_72_433, 201.94, 204, 1.79947
_500_, 207.46, 204, 1.79943
_523_, 207.46, 204, 1.79943
_527_, 207.46, 204, 1.79943
FILLER_0_71_473, 220.8, 204, 1.79939
FILLER_0_72_471, 220.8, 204, 1.79939
_517_, 227.7, 204, 1.79936
_526_, 227.7, 204, 1.79936
FILLER_0_71_481, 227.7, 204, 1.79936
FILLER_0_71_505, 238.74, 204, 1.79935
FILLER_0_71_513, 238.74, 204, 1.79935
_515_, 244.26, 204, 1.79935
FILLER_0_71_609, 284.74, 204, 1.79935
FILLER_0_71_665, 310.5, 204, 1.79935
FILLER_0_72_77, 40.02, 204, 1.79996
FILLER_0_72_133, 65.78, 204, 1.79993
FILLER_0_72_189, 91.54, 204, 1.7999
FILLER_0_70_209, 102.58, 204, 1.79989
FILLER_0_71_217, 102.58, 204, 1.79989
FILLER_0_70_247, 117.3, 204, 1.79987
FILLER_0_72_245, 117.3, 204, 1.79987
FILLER_0_72_301, 143.06, 204, 1.79984
_524_, 214.82, 204, 1.79941
_522_, 234.6, 204, 1.79936
FILLER_0_72_527, 248.86, 204, 1.79935
FILLER_0_72_581, 271.86, 204, 1.79935
FILLER_0_72_637, 297.62, 204, 1.79935
FILLER_0_72_693, 323.38, 204, 1.79935
_489_, 194.58, 204, 1.79953
PHY_EDGE_ROW_68_Left_186, 5.52, 198.56, 1.79995
PHY_EDGE_ROW_69_Left_187, 5.52, 198.56, 1.79995
input61, 5.52, 198.56, 1.79995
PHY_EDGE_ROW_68_Right_68, 327.98, 198.56, 1.79978
PHY_EDGE_ROW_69_Right_69, 327.98, 198.56, 1.79978
FILLER_0_70_19, 15.18, 198.56, 1.79995
FILLER_0_69_51, 27.14, 198.56, 1.79993
FILLER_0_69_105, 52.9, 198.56, 1.79982
FILLER_0_69_161, 78.66, 198.56, 1.79972
FILLER_0_69_205, 98.9, 198.56, 1.79963
_742_, 104.42, 198.56, 1.79961
_743_, 104.42, 198.56, 1.79961
_744_, 104.42, 198.56, 1.79961
FILLER_0_69_221, 104.42, 198.56, 1.79961
FILLER_0_70_217, 104.42, 198.56, 1.79961
_753_, 115.46, 198.56, 1.79957
FILLER_0_69_237, 115.46, 198.56, 1.79957
_748_, 124.66, 198.56, 1.79955
_749_, 142.6, 198.56, 1.79953
FILLER_0_70_294, 142.6, 198.56, 1.79953
FILLER_0_69_329, 158.24, 198.56, 1.7996
FILLER_0_69_337, 158.24, 198.56, 1.7996
FILLER_0_70_338, 158.24, 198.56, 1.7996
_673_, 163.76, 198.56, 1.79965
_674_, 163.76, 198.56, 1.79965
_883_, 163.76, 198.56, 1.79965
FILLER_0_69_441, 207.46, 198.56, 1.79981
_501_, 212.98, 198.56, 1.7998
_525_, 227.7, 198.56, 1.79979
FILLER_0_69_485, 227.7, 198.56, 1.79979
FILLER_0_69_497, 233.22, 198.56, 1.79979
FILLER_0_69_553, 258.98, 198.56, 1.79979
FILLER_0_69_609, 284.74, 198.56, 1.79979
FILLER_0_69_665, 310.5, 198.56, 1.79978
FILLER_0_70_77, 40.02, 198.56, 1.79988
FILLER_0_70_133, 65.78, 198.56, 1.79977
FILLER_0_70_189, 91.54, 198.56, 1.79966
_747_, 121.9, 198.56, 1.79956
FILLER_0_68_265, 127.42, 198.56, 1.79955
FILLER_0_69_271, 127.42, 198.56, 1.79955
_891_, 148.58, 198.56, 1.79954
FILLER_0_68_309, 148.58, 198.56, 1.79954
_533_, 154.1, 198.56, 1.79956
FILLER_0_68_377, 178.02, 198.56, 1.79983
FILLER_0_69_381, 178.02, 198.56, 1.79983
FILLER_0_69_389, 189.06, 198.56, 1.79982
FILLER_0_70_401, 189.06, 198.56, 1.79982
FILLER_0_70_416, 194.58, 198.56, 1.79982
FILLER_0_70_525, 246.1, 198.56, 1.79979
FILLER_0_70_581, 271.86, 198.56, 1.79979
FILLER_0_70_637, 297.62, 198.56, 1.79978
input12, 323.38, 198.56, 1.79978
PHY_EDGE_ROW_66_Left_184, 5.52, 193.12, 1.79996
PHY_EDGE_ROW_67_Left_185, 5.52, 193.12, 1.79996
PHY_EDGE_ROW_66_Right_66, 327.98, 193.12, 1.79972
PHY_EDGE_ROW_67_Right_67, 327.98, 193.12, 1.79972
FILLER_0_67_51, 27.14, 193.12, 1.79994
FILLER_0_67_105, 52.9, 193.12, 1.79986
FILLER_0_67_161, 78.66, 193.12, 1.79977
_740_, 132.02, 193.12, 1.79973
FILLER_0_67_273, 132.02, 193.12, 1.79973
FILLER_0_67_305, 143.06, 193.12, 1.79976
FILLER_0_68_304, 143.06, 193.12, 1.79976
_750_, 150.42, 193.12, 1.79978
FILLER_0_68_317, 150.42, 193.12, 1.79978
FILLER_0_67_330, 155.94, 193.12, 1.79979
_497_, 181.7, 193.12, 1.7998
_498_, 181.7, 193.12, 1.7998
_865_, 181.7, 193.12, 1.7998
FILLER_0_68_413, 195.04, 193.12, 1.79976
_503_, 213.9, 193.12, 1.79973
_504_, 213.9, 193.12, 1.79973
FILLER_0_67_449, 213.9, 193.12, 1.79973
FILLER_0_67_496, 231.84, 193.12, 1.79972
FILLER_0_67_553, 258.98, 193.12, 1.79972
FILLER_0_67_609, 284.74, 193.12, 1.79972
FILLER_0_67_665, 310.5, 193.12, 1.79972
FILLER_0_68_77, 40.02, 193.12, 1.7999
FILLER_0_68_133, 65.78, 193.12, 1.79981
FILLER_0_68_189, 91.54, 193.12, 1.79972
_890_, 97.06, 193.12, 1.79971
FILLER_0_67_217, 102.58, 193.12, 1.79971
FILLER_0_68_245, 117.3, 193.12, 1.79972
_746_, 122.82, 193.12, 1.79972
FILLER_0_66_357, 168.82, 193.12, 1.79984
_495_, 196.88, 193.12, 1.79976
_494_, 202.4, 193.12, 1.79975
_505_, 220.8, 193.12, 1.79972
FILLER_0_67_474, 220.8, 193.12, 1.79972
FILLER_0_68_469, 220.8, 193.12, 1.79972
FILLER_0_68_525, 246.1, 193.12, 1.79972
FILLER_0_68_581, 271.86, 193.12, 1.79972
FILLER_0_68_637, 297.62, 193.12, 1.79972
FILLER_0_68_693, 323.38, 193.12, 1.79972
PHY_EDGE_ROW_64_Left_182, 5.52, 187.68, 1.79995
PHY_EDGE_ROW_65_Left_183, 5.52, 187.68, 1.79995
input36, 5.52, 187.68, 1.79995
PHY_EDGE_ROW_64_Right_64, 327.98, 187.68, 1.79938
PHY_EDGE_ROW_65_Right_65, 327.98, 187.68, 1.79938
FILLER_0_66_25, 15.18, 187.68, 1.79995
FILLER_0_65_51, 27.14, 187.68, 1.79993
FILLER_0_65_105, 52.9, 187.68, 1.79983
FILLER_0_65_161, 78.66, 187.68, 1.79973
_734_, 104.42, 187.68, 1.79963
_735_, 104.42, 187.68, 1.79963
FILLER_0_65_217, 104.42, 187.68, 1.79963
_745_, 109.94, 187.68, 1.79961
FILLER_0_65_225, 109.94, 187.68, 1.79961
_736_, 115.46, 187.68, 1.79959
_737_, 124.66, 187.68, 1.79957
_738_, 124.66, 187.68, 1.79957
_739_, 124.66, 187.68, 1.79957
_741_, 124.66, 187.68, 1.79957
FILLER_0_65_269, 130.18, 187.68, 1.79958
FILLER_0_65_277, 130.18, 187.68, 1.79958
_729_, 141.22, 187.68, 1.79959
_728_, 154.56, 187.68, 1.79962
FILLER_0_65_324, 154.56, 187.68, 1.79962
_726_, 160.08, 187.68, 1.79964
FILLER_0_65_331, 160.08, 187.68, 1.79964
_727_, 165.6, 187.68, 1.79965
FILLER_0_66_389, 185.38, 187.68, 1.79966
_493_, 204.7, 187.68, 1.79955
FILLER_0_65_440, 210.22, 187.68, 1.79952
FILLER_0_66_471, 221.26, 187.68, 1.79946
FILLER_0_65_497, 233.22, 187.68, 1.79941
FILLER_0_66_498, 233.22, 187.68, 1.79941
_866_, 238.74, 187.68, 1.79939
FILLER_0_65_553, 258.98, 187.68, 1.79939
FILLER_0_65_609, 284.74, 187.68, 1.79938
FILLER_0_65_665, 310.5, 187.68, 1.79938
FILLER_0_66_77, 40.02, 187.68, 1.79988
FILLER_0_66_133, 65.78, 187.68, 1.79978
FILLER_0_66_189, 91.54, 187.68, 1.79968
FILLER_0_64_245, 118.22, 187.68, 1.79959
FILLER_0_65_251, 118.22, 187.68, 1.79959
FILLER_0_66_248, 118.22, 187.68, 1.79959
FILLER_0_66_305, 146.28, 187.68, 1.7996
FILLER_0_64_354, 167.44, 187.68, 1.79966
clkbuf_0_clk, 172.96, 187.68, 1.79968
FILLER_0_65_382, 178.48, 187.68, 1.7997
_496_, 189.06, 187.68, 1.79963
FILLER_0_65_417, 194.58, 187.68, 1.7996
_506_, 225.86, 187.68, 1.79944
FILLER_0_66_525, 246.1, 187.68, 1.79939
FILLER_0_66_581, 271.86, 187.68, 1.79939
FILLER_0_66_637, 297.62, 187.68, 1.79938
input8, 323.38, 187.68, 1.79938
PHY_EDGE_ROW_62_Left_180, 5.52, 182.24, 1.79998
PHY_EDGE_ROW_63_Left_181, 5.52, 182.24, 1.79998
PHY_EDGE_ROW_62_Right_62, 327.98, 182.24, 1.79907
PHY_EDGE_ROW_63_Right_63, 327.98, 182.24, 1.79907
FILLER_0_63_51, 27.14, 182.24, 1.79997
FILLER_0_63_105, 52.9, 182.24, 1.79993
FILLER_0_63_161, 78.66, 182.24, 1.79988
FILLER_0_63_217, 104.42, 182.24, 1.79984
FILLER_0_63_273, 130.18, 182.24, 1.7998
FILLER_0_63_329, 155.94, 182.24, 1.79976
_731_, 161.46, 182.24, 1.79976
_732_, 161.46, 182.24, 1.79976
ANTENNA_16, 161.46, 182.24, 1.79976
FILLER_0_63_449, 212.52, 182.24, 1.79929
_486_, 218.04, 182.24, 1.79924
_864_, 246.1, 182.24, 1.79907
FILLER_0_64_525, 246.1, 182.24, 1.79907
FILLER_0_63_553, 258.98, 182.24, 1.79907
FILLER_0_63_609, 284.74, 182.24, 1.79907
FILLER_0_63_665, 310.5, 182.24, 1.79907
FILLER_0_64_77, 40.02, 182.24, 1.79995
FILLER_0_64_133, 65.78, 182.24, 1.7999
FILLER_0_64_189, 91.54, 182.24, 1.79986
FILLER_0_64_301, 143.06, 182.24, 1.79977
_730_, 148.58, 182.24, 1.79977
FILLER_0_62_361, 171.58, 182.24, 1.79977
_457_, 182.62, 182.24, 1.79964
_462_, 182.62, 182.24, 1.79964
FILLER_0_64_409, 194.58, 182.24, 1.79948
FILLER_0_64_417, 194.58, 182.24, 1.79948
_453_, 200.1, 182.24, 1.7994
FILLER_0_63_441, 205.62, 182.24, 1.79935
FILLER_0_62_477, 223.1, 182.24, 1.7992
FILLER_0_62_490, 228.62, 182.24, 1.79916
_862_, 234.14, 182.24, 1.79912
FILLER_0_63_517, 240.58, 182.24, 1.79909
FILLER_0_64_581, 271.86, 182.24, 1.79907
FILLER_0_64_637, 297.62, 182.24, 1.79907
FILLER_0_64_693, 323.38, 182.24, 1.79907
PHY_EDGE_ROW_60_Left_178, 5.52, 176.8, 1.79993
PHY_EDGE_ROW_61_Left_179, 5.52, 176.8, 1.79993
input29, 5.52, 176.8, 1.79993
PHY_EDGE_ROW_60_Right_60, 327.98, 176.8, 1.79936
PHY_EDGE_ROW_61_Right_61, 327.98, 176.8, 1.79936
FILLER_0_62_19, 15.18, 176.8, 1.79993
FILLER_0_61_51, 27.14, 176.8, 1.79991
FILLER_0_61_105, 52.9, 176.8, 1.79977
FILLER_0_61_161, 78.66, 176.8, 1.79963
_885_, 98.9, 176.8, 1.79952
_454_, 110.86, 176.8, 1.79949
FILLER_0_61_219, 110.86, 176.8, 1.79949
FILLER_0_61_225, 110.86, 176.8, 1.79949
FILLER_0_61_273, 130.18, 176.8, 1.79955
_689_, 143.06, 176.8, 1.79959
FILLER_0_62_300, 143.06, 176.8, 1.79959
FILLER_0_61_325, 155.94, 176.8, 1.79966
FILLER_0_61_333, 155.94, 176.8, 1.79966
_733_, 166.98, 176.8, 1.79972
_889_, 166.98, 176.8, 1.79972
FILLER_0_61_349, 166.98, 176.8, 1.79972
FILLER_0_62_353, 166.98, 176.8, 1.79972
_468_, 218.96, 176.8, 1.79956
FILLER_0_61_461, 218.96, 176.8, 1.79956
FILLER_0_62_468, 218.96, 176.8, 1.79956
_469_, 227.7, 176.8, 1.79953
FILLER_0_61_553, 258.98, 176.8, 1.79948
FILLER_0_61_609, 284.74, 176.8, 1.79943
FILLER_0_61_665, 310.5, 176.8, 1.79939
FILLER_0_62_77, 40.02, 176.8, 1.79984
FILLER_0_62_133, 65.78, 176.8, 1.7997
FILLER_0_61_193, 91.54, 176.8, 1.79956
FILLER_0_62_189, 91.54, 176.8, 1.79956
FILLER_0_62_245, 117.3, 176.8, 1.79951
_688_, 137.54, 176.8, 1.79957
_690_, 137.54, 176.8, 1.79957
_725_, 137.54, 176.8, 1.79957
FILLER_0_62_289, 137.54, 176.8, 1.79957
FILLER_0_62_345, 163.3, 176.8, 1.7997
_546_, 178.48, 176.8, 1.79977
FILLER_0_60_377, 178.48, 176.8, 1.79977
FILLER_0_61_382, 178.48, 176.8, 1.79977
FILLER_0_62_377, 178.48, 176.8, 1.79977
FILLER_0_62_410, 194.58, 176.8, 1.79968
FILLER_0_60_421, 200.1, 176.8, 1.79965
_484_, 205.62, 176.8, 1.79962
_485_, 205.62, 176.8, 1.79962
FILLER_0_61_441, 205.62, 176.8, 1.79962
FILLER_0_62_529, 246.1, 176.8, 1.7995
FILLER_0_62_581, 271.86, 176.8, 1.79946
FILLER_0_62_637, 297.62, 176.8, 1.79941
output97, 323.38, 176.8, 1.79936
FILLER_0_60_693, 323.38, 176.8, 1.79936
PHY_EDGE_ROW_58_Left_176, 5.52, 171.36, 1.79997
PHY_EDGE_ROW_59_Left_177, 5.52, 171.36, 1.79997
input26, 5.52, 171.36, 1.79997
PHY_EDGE_ROW_58_Right_58, 327.98, 171.36, 1.79974
PHY_EDGE_ROW_59_Right_59, 327.98, 171.36, 1.79974
FILLER_0_59_105, 52.9, 171.36, 1.79989
FILLER_0_59_161, 78.66, 171.36, 1.79983
_694_, 104.42, 171.36, 1.79977
FILLER_0_59_217, 104.42, 171.36, 1.79977
FILLER_0_60_214, 104.42, 171.36, 1.79977
_693_, 109.94, 171.36, 1.79976
FILLER_0_59_225, 109.94, 171.36, 1.79976
_691_, 124.66, 171.36, 1.79976
_692_, 124.66, 171.36, 1.79976
FILLER_0_59_272, 130.18, 171.36, 1.79977
_699_, 135.7, 171.36, 1.79978
FILLER_0_60_357, 170.2, 171.36, 1.79987
FILLER_0_59_385, 181.7, 171.36, 1.79985
_483_, 204.24, 171.36, 1.79979
FILLER_0_59_473, 220.8, 171.36, 1.79977
FILLER_0_60_470, 220.8, 171.36, 1.79977
_466_, 227.7, 171.36, 1.79976
_467_, 227.7, 171.36, 1.79976
FILLER_0_60_525, 246.1, 171.36, 1.79976
FILLER_0_59_553, 258.98, 171.36, 1.79975
FILLER_0_59_609, 284.74, 171.36, 1.79975
FILLER_0_59_665, 310.5, 171.36, 1.79974
input65, 321.54, 171.36, 1.79974
FILLER_0_59_685, 321.54, 171.36, 1.79974
FILLER_0_60_77, 40.02, 171.36, 1.79992
FILLER_0_60_133, 65.78, 171.36, 1.79986
FILLER_0_60_189, 91.54, 171.36, 1.7998
_695_, 102.58, 171.36, 1.79977
FILLER_0_58_245, 118.68, 171.36, 1.79976
FILLER_0_60_247, 118.68, 171.36, 1.79976
_720_, 140.76, 171.36, 1.79979
FILLER_0_60_305, 146.28, 171.36, 1.79981
_863_, 179.86, 171.36, 1.79985
_480_, 194.58, 171.36, 1.79982
FILLER_0_58_413, 194.58, 171.36, 1.79982
FILLER_0_59_417, 194.58, 171.36, 1.79982
FILLER_0_60_410, 194.58, 171.36, 1.79982
_482_, 208.38, 171.36, 1.79979
FILLER_0_58_501, 234.14, 171.36, 1.79976
FILLER_0_60_581, 271.86, 171.36, 1.79975
FILLER_0_60_637, 297.62, 171.36, 1.79974
PHY_EDGE_ROW_56_Left_174, 5.52, 165.92, 1.79999
PHY_EDGE_ROW_57_Left_175, 5.52, 165.92, 1.79999
PHY_EDGE_ROW_56_Right_56, 327.98, 165.92, 1.79972
PHY_EDGE_ROW_57_Right_57, 327.98, 165.92, 1.79972
FILLER_0_57_51, 27.14, 165.92, 1.79999
FILLER_0_57_105, 52.9, 165.92, 1.79997
FILLER_0_57_161, 78.66, 165.92, 1.79995
FILLER_0_57_273, 130.18, 165.92, 1.7999
_713_, 162.84, 165.92, 1.7999
_479_, 187.22, 165.92, 1.79985
FILLER_0_57_413, 192.74, 165.92, 1.79982
_478_, 201.94, 165.92, 1.79977
_481_, 201.94, 165.92, 1.79977
_490_, 201.94, 165.92, 1.79977
_492_, 201.94, 165.92, 1.79977
FILLER_0_57_430, 201.94, 165.92, 1.79977
_476_, 212.98, 165.92, 1.79975
_472_, 227.7, 165.92, 1.79973
FILLER_0_57_485, 227.7, 165.92, 1.79973
FILLER_0_57_493, 233.22, 165.92, 1.79973
FILLER_0_57_501, 233.22, 165.92, 1.79973
_464_, 238.74, 165.92, 1.79972
_465_, 238.74, 165.92, 1.79972
_471_, 238.74, 165.92, 1.79972
FILLER_0_57_556, 258.98, 165.92, 1.79972
FILLER_0_57_609, 284.74, 165.92, 1.79972
FILLER_0_57_665, 310.5, 165.92, 1.79972
FILLER_0_58_77, 40.02, 165.92, 1.79998
FILLER_0_58_133, 65.78, 165.92, 1.79996
FILLER_0_58_189, 91.54, 165.92, 1.79994
FILLER_0_56_209, 102.58, 165.92, 1.79993
FILLER_0_57_217, 102.58, 165.92, 1.79993
FILLER_0_58_289, 137.54, 165.92, 1.7999
_721_, 143.06, 165.92, 1.79989
_724_, 148.58, 165.92, 1.79989
FILLER_0_57_317, 148.58, 165.92, 1.79989
FILLER_0_56_360, 172.04, 165.92, 1.79991
_463_, 241.96, 165.92, 1.79972
FILLER_0_56_525, 247.48, 165.92, 1.79972
FILLER_0_58_529, 247.48, 165.92, 1.79972
FILLER_0_58_581, 271.86, 165.92, 1.79972
FILLER_0_58_637, 297.62, 165.92, 1.79972
FILLER_0_58_693, 323.38, 165.92, 1.79972
_723_, 155.71, 165.92, 1.79989
FILLER_0_57_333, 155.71, 165.92, 1.79989
PHY_EDGE_ROW_54_Left_172, 5.52, 160.48, 1.79993
PHY_EDGE_ROW_55_Left_173, 5.52, 160.48, 1.79993
output102, 5.52, 160.48, 1.79993
PHY_EDGE_ROW_54_Right_54, 327.98, 160.48, 1.79986
PHY_EDGE_ROW_55_Right_55, 327.98, 160.48, 1.79986
FILLER_0_55_45, 27.14, 160.48, 1.79995
FILLER_0_55_53, 32.66, 160.48, 1.79995
FILLER_0_55_105, 52.9, 160.48, 1.79992
FILLER_0_55_161, 78.66, 160.48, 1.79988
FILLER_0_55_205, 98.9, 160.48, 1.79986
_710_, 113.16, 160.48, 1.79985
FILLER_0_56_247, 118.68, 160.48, 1.79985
FILLER_0_56_317, 150.42, 160.48, 1.79988
_722_, 155.94, 160.48, 1.79989
FILLER_0_55_329, 155.94, 160.48, 1.79989
_470_, 184.92, 160.48, 1.7999
FILLER_0_55_385, 184.92, 160.48, 1.7999
FILLER_0_55_393, 184.92, 160.48, 1.7999
FILLER_0_55_432, 201.94, 160.48, 1.79987
FILLER_0_56_433, 201.94, 160.48, 1.79987
FILLER_0_56_469, 221.72, 160.48, 1.79986
FILLER_0_55_497, 234.14, 160.48, 1.79986
FILLER_0_55_553, 258.98, 160.48, 1.79986
FILLER_0_55_609, 284.74, 160.48, 1.79986
FILLER_0_55_665, 310.5, 160.48, 1.79986
FILLER_0_56_77, 40.02, 160.48, 1.79994
FILLER_0_56_133, 65.78, 160.48, 1.7999
FILLER_0_56_189, 91.54, 160.48, 1.79987
FILLER_0_54_253, 122.82, 160.48, 1.79986
FILLER_0_55_273, 128.34, 160.48, 1.79986
FILLER_0_56_301, 143.06, 160.48, 1.79988
FILLER_0_56_309, 148.58, 160.48, 1.79988
_719_, 154.1, 160.48, 1.79989
FILLER_0_56_323, 154.1, 160.48, 1.79989
FILLER_0_54_345, 163.3, 160.48, 1.7999
_716_, 168.82, 160.48, 1.79991
FILLER_0_54_358, 168.82, 160.48, 1.79991
FILLER_0_55_361, 168.82, 160.48, 1.79991
FILLER_0_56_413, 195.96, 160.48, 1.79988
_455_, 222.64, 160.48, 1.79986
FILLER_0_54_477, 222.64, 160.48, 1.79986
FILLER_0_54_527, 246.1, 160.48, 1.79986
FILLER_0_56_581, 271.86, 160.48, 1.79986
FILLER_0_56_637, 297.62, 160.48, 1.79986
FILLER_0_54_689, 323.38, 160.48, 1.79986
FILLER_0_56_693, 323.38, 160.48, 1.79986
_711_, 106.03, 160.48, 1.79985
_712_, 106.03, 160.48, 1.79985
FILLER_0_55_213, 106.03, 160.48, 1.79985
FILLER_0_55_219, 106.03, 160.48, 1.79985
FILLER_0_55_225, 106.03, 160.48, 1.79985
_473_, 209.07, 160.48, 1.79986
_475_, 209.07, 160.48, 1.79986
_477_, 209.07, 160.48, 1.79986
_491_, 209.07, 160.48, 1.79986
FILLER_0_54_441, 209.07, 160.48, 1.79986
PHY_EDGE_ROW_52_Left_170, 5.52, 155.04, 1.79993
PHY_EDGE_ROW_53_Left_171, 5.52, 155.04, 1.79993
PHY_EDGE_ROW_52_Right_52, 327.98, 155.04, 1.79892
PHY_EDGE_ROW_53_Right_53, 327.98, 155.04, 1.79892
FILLER_0_53_51, 27.14, 155.04, 1.7999
FILLER_0_53_105, 52.9, 155.04, 1.79975
FILLER_0_53_161, 78.66, 155.04, 1.79961
FILLER_0_53_217, 104.42, 155.04, 1.79947
_886_, 115.46, 155.04, 1.79945
_701_, 130.18, 155.04, 1.79948
_702_, 130.18, 155.04, 1.79948
FILLER_0_53_268, 130.18, 155.04, 1.79948
FILLER_0_53_329, 156.86, 155.04, 1.7996
_715_, 162.38, 155.04, 1.79963
FILLER_0_53_357, 167.9, 155.04, 1.79966
FILLER_0_53_383, 181.7, 155.04, 1.79961
FILLER_0_53_441, 207.46, 155.04, 1.79934
_474_, 212.98, 155.04, 1.7993
_450_, 218.5, 155.04, 1.79925
FILLER_0_53_461, 218.5, 155.04, 1.79925
FILLER_0_53_469, 218.5, 155.04, 1.79925
_449_, 227.7, 155.04, 1.79918
_451_, 227.7, 155.04, 1.79918
_458_, 227.7, 155.04, 1.79918
FILLER_0_53_500, 233.22, 155.04, 1.79915
FILLER_0_53_505, 238.74, 155.04, 1.79912
FILLER_0_53_513, 238.74, 155.04, 1.79912
_861_, 244.26, 155.04, 1.79909
FILLER_0_53_557, 264.5, 155.04, 1.79905
FILLER_0_53_609, 284.74, 155.04, 1.799
FILLER_0_53_665, 310.5, 155.04, 1.79895
FILLER_0_54_77, 40.02, 155.04, 1.79983
FILLER_0_54_133, 65.78, 155.04, 1.79968
FILLER_0_54_189, 91.54, 155.04, 1.79954
_887_, 102.58, 155.04, 1.79947
_703_, 126.04, 155.04, 1.79946
FILLER_0_54_261, 126.04, 155.04, 1.79946
FILLER_0_52_299, 143.06, 155.04, 1.79954
FILLER_0_54_303, 143.06, 155.04, 1.79954
FILLER_0_52_309, 148.58, 155.04, 1.79956
_448_, 189.06, 155.04, 1.7995
_456_, 189.06, 155.04, 1.7995
FILLER_0_54_396, 189.06, 155.04, 1.7995
FILLER_0_52_411, 194.58, 155.04, 1.79945
FILLER_0_54_410, 194.58, 155.04, 1.79945
FILLER_0_54_433, 205.62, 155.04, 1.79936
FILLER_0_54_581, 271.86, 155.04, 1.79903
FILLER_0_54_637, 297.62, 155.04, 1.79898
FILLER_0_54_681, 317.86, 155.04, 1.79893
output92, 323.38, 155.04, 1.79892
PHY_EDGE_ROW_50_Left_168, 5.52, 149.6, 1.79996
PHY_EDGE_ROW_51_Left_169, 5.52, 149.6, 1.79996
input4, 5.52, 149.6, 1.79996
PHY_EDGE_ROW_50_Right_50, 327.98, 149.6, 1.79976
PHY_EDGE_ROW_51_Right_51, 327.98, 149.6, 1.79976
FILLER_0_51_105, 52.9, 149.6, 1.79992
FILLER_0_51_161, 78.66, 149.6, 1.79988
FILLER_0_51_217, 104.42, 149.6, 1.79984
_700_, 130.18, 149.6, 1.79979
FILLER_0_51_273, 130.18, 149.6, 1.79979
_698_, 135.7, 149.6, 1.79979
_707_, 135.7, 149.6, 1.79979
FILLER_0_51_281, 135.7, 149.6, 1.79979
FILLER_0_52_281, 135.7, 149.6, 1.79979
_708_, 150.42, 149.6, 1.79979
_709_, 150.42, 149.6, 1.79979
_714_, 150.42, 149.6, 1.79979
FILLER_0_51_319, 150.42, 149.6, 1.79979
FILLER_0_51_331, 162.38, 149.6, 1.79982
FILLER_0_51_385, 184, 149.6, 1.79979
FILLER_0_51_393, 184, 149.6, 1.79979
FILLER_0_52_389, 184, 149.6, 1.79979
_437_, 189.52, 149.6, 1.79976
_438_, 189.52, 149.6, 1.79976
FILLER_0_51_440, 207.46, 149.6, 1.79976
FILLER_0_51_497, 233.22, 149.6, 1.79976
FILLER_0_51_553, 258.98, 149.6, 1.79976
FILLER_0_51_609, 284.74, 149.6, 1.79976
FILLER_0_51_665, 310.5, 149.6, 1.79976
FILLER_0_52_77, 40.02, 149.6, 1.79994
FILLER_0_52_133, 65.78, 149.6, 1.7999
FILLER_0_50_189, 91.54, 149.6, 1.79986
FILLER_0_52_189, 91.54, 149.6, 1.79986
FILLER_0_52_245, 117.3, 149.6, 1.79981
FILLER_0_51_306, 143.52, 149.6, 1.79979
FILLER_0_52_359, 168.82, 149.6, 1.79983
FILLER_0_52_469, 220.34, 149.6, 1.79976
FILLER_0_50_525, 246.1, 149.6, 1.79976
FILLER_0_52_525, 246.1, 149.6, 1.79976
FILLER_0_52_581, 271.86, 149.6, 1.79976
FILLER_0_52_637, 297.62, 149.6, 1.79976
FILLER_0_52_693, 323.38, 149.6, 1.79976
PHY_EDGE_ROW_48_Left_166, 5.52, 144.16, 1.79993
PHY_EDGE_ROW_49_Left_167, 5.52, 144.16, 1.79993
PHY_EDGE_ROW_48_Right_48, 327.98, 144.16, 1.79901
PHY_EDGE_ROW_49_Right_49, 327.98, 144.16, 1.79901
FILLER_0_49_51, 27.14, 144.16, 1.7999
FILLER_0_49_105, 52.9, 144.16, 1.79975
FILLER_0_49_161, 78.66, 144.16, 1.79961
FILLER_0_49_273, 130.18, 144.16, 1.79954
_697_, 135.7, 144.16, 1.79955
FILLER_0_49_281, 135.7, 144.16, 1.79955
_696_, 141.22, 144.16, 1.79955
_704_, 155.94, 144.16, 1.79958
_705_, 155.94, 144.16, 1.79958
FILLER_0_49_330, 155.94, 144.16, 1.79958
_446_, 176.18, 144.16, 1.79963
FILLER_0_49_385, 181.7, 144.16, 1.79954
_445_, 187.22, 144.16, 1.79946
_459_, 187.22, 144.16, 1.79946
_860_, 201.94, 144.16, 1.79934
FILLER_0_49_497, 235.06, 144.16, 1.79918
_852_, 240.58, 144.16, 1.79916
_928_, 240.58, 144.16, 1.79916
hold6, 253.46, 144.16, 1.79914
FILLER_0_49_557, 264.5, 144.16, 1.79912
FILLER_0_49_609, 284.74, 144.16, 1.79908
FILLER_0_49_665, 310.5, 144.16, 1.79903
FILLER_0_50_77, 40.02, 144.16, 1.79983
FILLER_0_50_133, 65.78, 144.16, 1.79968
_908_, 86.02, 144.16, 1.79957
_903_, 105.34, 144.16, 1.79952
FILLER_0_48_217, 105.34, 144.16, 1.79952
FILLER_0_48_245, 117.3, 144.16, 1.79953
FILLER_0_50_245, 117.3, 144.16, 1.79953
FILLER_0_48_301, 143.52, 144.16, 1.79956
FILLER_0_50_301, 143.52, 144.16, 1.79956
_706_, 154.56, 144.16, 1.79958
FILLER_0_50_321, 154.56, 144.16, 1.79958
FILLER_0_50_359, 168.82, 144.16, 1.79962
_460_, 174.34, 144.16, 1.79963
FILLER_0_48_413, 194.12, 144.16, 1.79941
_844_, 220.34, 144.16, 1.79924
FILLER_0_50_469, 220.34, 144.16, 1.79924
_926_, 225.86, 144.16, 1.79921
FILLER_0_50_581, 271.86, 144.16, 1.7991
FILLER_0_50_637, 297.62, 144.16, 1.79906
output70, 323.38, 144.16, 1.79901
PHY_EDGE_ROW_46_Left_164, 5.52, 138.72, 1.79995
PHY_EDGE_ROW_47_Left_165, 5.52, 138.72, 1.79995
PHY_EDGE_ROW_46_Right_46, 327.98, 138.72, 1.79961
PHY_EDGE_ROW_47_Right_47, 327.98, 138.72, 1.79961
FILLER_0_47_51, 27.14, 138.72, 1.79993
FILLER_0_47_105, 52.9, 138.72, 1.79982
FILLER_0_47_161, 78.66, 138.72, 1.79972
_805_, 89.7, 138.72, 1.79968
hold10, 89.7, 138.72, 1.79968
FILLER_0_47_181, 89.7, 138.72, 1.79968
FILLER_0_48_209, 102.58, 138.72, 1.79965
_793_, 108.1, 138.72, 1.79964
FILLER_0_47_220, 108.1, 138.72, 1.79964
FILLER_0_46_333, 155.94, 138.72, 1.79977
FILLER_0_47_329, 155.94, 138.72, 1.79977
_444_, 181.7, 138.72, 1.7998
FILLER_0_47_385, 181.7, 138.72, 1.7998
FILLER_0_48_433, 201.94, 138.72, 1.79969
FILLER_0_48_463, 218.5, 138.72, 1.79964
_846_, 230.46, 138.72, 1.79962
hold5, 230.46, 138.72, 1.79962
FILLER_0_47_493, 230.46, 138.72, 1.79962
FILLER_0_47_501, 235.98, 138.72, 1.79962
FILLER_0_48_517, 241.5, 138.72, 1.79961
_850_, 247.02, 138.72, 1.79961
FILLER_0_47_553, 258.98, 138.72, 1.79961
FILLER_0_47_609, 284.74, 138.72, 1.79961
FILLER_0_47_665, 310.5, 138.72, 1.79961
FILLER_0_48_77, 40.02, 138.72, 1.79988
FILLER_0_48_133, 65.78, 138.72, 1.79977
FILLER_0_48_177, 86.02, 138.72, 1.79969
_804_, 98.44, 138.72, 1.79966
hold29, 114.54, 138.72, 1.79964
_906_, 120.06, 138.72, 1.79964
FILLER_0_46_249, 120.06, 138.72, 1.79964
FILLER_0_46_302, 143.06, 138.72, 1.79972
ANTENNA_7, 168.82, 138.72, 1.79982
FILLER_0_46_359, 168.82, 138.72, 1.79982
FILLER_0_48_357, 168.82, 138.72, 1.79982
_442_, 207.46, 138.72, 1.79967
_443_, 207.46, 138.72, 1.79967
_858_, 207.46, 138.72, 1.79967
FILLER_0_47_445, 207.46, 138.72, 1.79967
_845_, 220.34, 138.72, 1.79963
_847_, 220.34, 138.72, 1.79963
FILLER_0_47_473, 220.34, 138.72, 1.79963
_851_, 246.1, 138.72, 1.79961
FILLER_0_48_581, 271.86, 138.72, 1.79961
FILLER_0_48_637, 297.62, 138.72, 1.79961
FILLER_0_48_693, 323.38, 138.72, 1.79961
_430_, 191.82, 138.72, 1.79973
_452_, 191.82, 138.72, 1.79973
FILLER_0_46_405, 191.82, 138.72, 1.79973
FILLER_0_47_404, 191.82, 138.72, 1.79973
PHY_EDGE_ROW_44_Left_162, 5.52, 133.28, 1.7999
PHY_EDGE_ROW_45_Left_163, 5.52, 133.28, 1.7999
output110, 5.52, 133.28, 1.7999
PHY_EDGE_ROW_44_Right_44, 327.98, 133.28, 1.79948
PHY_EDGE_ROW_45_Right_45, 327.98, 133.28, 1.79948
ANTENNA_13, 9.66, 133.28, 1.7999
FILLER_0_46_25, 15.18, 133.28, 1.79991
FILLER_0_45_51, 27.14, 133.28, 1.79991
FILLER_0_45_105, 52.9, 133.28, 1.79979
FILLER_0_45_161, 78.66, 133.28, 1.79968
FILLER_0_45_214, 104.42, 133.28, 1.79958
_792_, 109.94, 133.28, 1.79956
FILLER_0_45_233, 109.94, 133.28, 1.79956
_800_, 115.46, 133.28, 1.79955
FILLER_0_45_246, 115.46, 133.28, 1.79955
FILLER_0_46_241, 115.46, 133.28, 1.79955
_801_, 124.66, 133.28, 1.79953
_798_, 130.18, 133.28, 1.79953
hold14, 130.18, 133.28, 1.79953
_789_, 135.7, 133.28, 1.79954
_429_, 187.22, 133.28, 1.7997
_439_, 194.58, 133.28, 1.79966
FILLER_0_46_414, 194.58, 133.28, 1.79966
FILLER_0_45_429, 201.94, 133.28, 1.79962
FILLER_0_46_433, 201.94, 133.28, 1.79962
hold2, 215.28, 133.28, 1.79954
FILLER_0_46_469, 220.8, 133.28, 1.79951
FILLER_0_45_501, 240.58, 133.28, 1.79949
FILLER_0_45_553, 258.98, 133.28, 1.79949
FILLER_0_45_609, 284.74, 133.28, 1.79949
FILLER_0_45_665, 310.5, 133.28, 1.79948
FILLER_0_46_77, 40.02, 133.28, 1.79985
FILLER_0_46_133, 65.78, 133.28, 1.79973
_802_, 91.54, 133.28, 1.79962
FILLER_0_46_189, 91.54, 133.28, 1.79962
_900_, 146.74, 133.28, 1.79956
FILLER_0_45_325, 152.26, 133.28, 1.7996
_899_, 163.3, 133.28, 1.79967
FILLER_0_45_333, 163.3, 133.28, 1.79967
FILLER_0_45_349, 163.3, 133.28, 1.79967
FILLER_0_46_389, 182.62, 133.28, 1.79973
_432_, 189.06, 133.28, 1.79969
_447_, 224.02, 133.28, 1.7995
FILLER_0_44_489, 229.54, 133.28, 1.7995
FILLER_0_45_493, 229.54, 133.28, 1.7995
FILLER_0_46_581, 271.86, 133.28, 1.79949
FILLER_0_46_637, 297.62, 133.28, 1.79948
input30, 323.38, 133.28, 1.79948
PHY_EDGE_ROW_42_Left_160, 5.52, 127.84, 1.79998
PHY_EDGE_ROW_43_Left_161, 5.52, 127.84, 1.79998
PHY_EDGE_ROW_42_Right_42, 327.98, 127.84, 1.79977
PHY_EDGE_ROW_43_Right_43, 327.98, 127.84, 1.79977
FILLER_0_43_51, 27.14, 127.84, 1.79997
FILLER_0_43_105, 52.9, 127.84, 1.79993
FILLER_0_43_161, 78.66, 127.84, 1.79989
FILLER_0_43_217, 105.34, 127.84, 1.79986
FILLER_0_43_273, 130.18, 127.84, 1.79984
_784_, 141.22, 127.84, 1.79983
FILLER_0_43_293, 141.22, 127.84, 1.79983
FILLER_0_44_301, 141.22, 127.84, 1.79983
_785_, 150.42, 127.84, 1.79983
FILLER_0_43_316, 150.42, 127.84, 1.79983
hold30, 155.94, 127.84, 1.79984
FILLER_0_44_326, 155.94, 127.84, 1.79984
_782_, 161.46, 127.84, 1.79985
ANTENNA_8, 161.46, 127.84, 1.79985
_859_, 176.18, 127.84, 1.7999
FILLER_0_43_389, 181.7, 127.84, 1.79988
FILLER_0_43_441, 209.3, 127.84, 1.79982
_441_, 237.82, 127.84, 1.79979
_853_, 243.34, 127.84, 1.79978
_854_, 243.34, 127.84, 1.79978
FILLER_0_43_557, 260.82, 127.84, 1.79977
FILLER_0_44_581, 271.86, 127.84, 1.79977
FILLER_0_43_609, 284.74, 127.84, 1.79977
FILLER_0_43_665, 310.5, 127.84, 1.79977
FILLER_0_42_21, 15.18, 127.84, 1.79998
FILLER_0_44_77, 40.02, 127.84, 1.79995
FILLER_0_44_133, 65.78, 127.84, 1.79991
FILLER_0_44_189, 91.54, 127.84, 1.79987
hold11, 97.06, 127.84, 1.79987
FILLER_0_42_247, 117.3, 127.84, 1.79985
FILLER_0_44_245, 117.3, 127.84, 1.79985
_783_, 163.3, 127.84, 1.79985
hold22, 168.82, 127.84, 1.79987
_433_, 189.06, 127.84, 1.79986
FILLER_0_42_413, 194.58, 127.84, 1.79985
FILLER_0_44_417, 194.58, 127.84, 1.79985
_931_, 205.62, 127.84, 1.79982
FILLER_0_42_477, 225.86, 127.84, 1.7998
_440_, 231.38, 127.84, 1.79979
FILLER_0_43_497, 231.38, 127.84, 1.79979
FILLER_0_42_585, 277.38, 127.84, 1.79977
FILLER_0_44_637, 297.62, 127.84, 1.79977
FILLER_0_44_693, 323.38, 127.84, 1.79977
_929_, 251.16, 127.84, 1.79977
hold4, 251.16, 127.84, 1.79977
FILLER_0_42_529, 251.16, 127.84, 1.79977
FILLER_0_43_530, 251.16, 127.84, 1.79977
FILLER_0_44_529, 251.16, 127.84, 1.79977
PHY_EDGE_ROW_40_Left_158, 5.52, 122.4, 1.79986
PHY_EDGE_ROW_41_Left_159, 5.52, 122.4, 1.79986
output69, 5.52, 122.4, 1.79986
PHY_EDGE_ROW_40_Right_40, 327.98, 122.4, 1.7994
PHY_EDGE_ROW_41_Right_41, 327.98, 122.4, 1.7994
FILLER_0_41_51, 27.14, 122.4, 1.79986
FILLER_0_41_105, 52.9, 122.4, 1.79968
FILLER_0_41_161, 78.66, 122.4, 1.7995
_796_, 89.7, 122.4, 1.79943
_905_, 89.7, 122.4, 1.79943
FILLER_0_41_181, 89.7, 122.4, 1.79943
clkbuf_3_1__f_clk, 124.66, 122.4, 1.79935
FILLER_0_41_251, 124.66, 122.4, 1.79935
FILLER_0_42_301, 143.52, 122.4, 1.7995
FILLER_0_41_329, 155.94, 122.4, 1.7996
FILLER_0_41_385, 181.7, 122.4, 1.79967
FILLER_0_41_393, 187.22, 122.4, 1.7996
_434_, 192.74, 122.4, 1.79953
_761_, 192.74, 122.4, 1.79953
clkbuf_3_3__f_clk, 201.94, 122.4, 1.79944
_857_, 227.7, 122.4, 1.79941
hold1, 227.7, 122.4, 1.79941
_856_, 233.22, 122.4, 1.79941
FILLER_0_41_553, 258.98, 122.4, 1.7994
FILLER_0_41_609, 284.74, 122.4, 1.7994
FILLER_0_41_665, 310.5, 122.4, 1.7994
FILLER_0_42_77, 40.02, 122.4, 1.79977
FILLER_0_42_133, 65.78, 122.4, 1.79959
FILLER_0_42_177, 86.02, 122.4, 1.79945
_799_, 99.82, 122.4, 1.79939
_803_, 105.34, 122.4, 1.79938
FILLER_0_41_274, 137.54, 122.4, 1.79945
FILLER_0_40_357, 168.82, 122.4, 1.7997
FILLER_0_42_357, 168.82, 122.4, 1.7997
_431_, 199.64, 122.4, 1.79946
_930_, 220.34, 122.4, 1.79941
FILLER_0_42_473, 220.34, 122.4, 1.79941
_855_, 246.1, 122.4, 1.7994
FILLER_0_42_637, 297.62, 122.4, 1.7994
input40, 323.38, 122.4, 1.7994
FILLER_0_40_693, 323.38, 122.4, 1.7994
hold20, 115, 122.4, 1.79936
FILLER_0_40_241, 115, 122.4, 1.79936
FILLER_0_41_231, 115, 122.4, 1.79936
FILLER_0_41_243, 115, 122.4, 1.79936
PHY_EDGE_ROW_38_Left_156, 5.52, 116.96, 1.79986
PHY_EDGE_ROW_39_Left_157, 5.52, 116.96, 1.79986
output103, 5.52, 116.96, 1.79986
PHY_EDGE_ROW_38_Right_38, 327.98, 116.96, 1.79926
PHY_EDGE_ROW_39_Right_39, 327.98, 116.96, 1.79926
ANTENNA_12, 9.66, 116.96, 1.79987
FILLER_0_39_49, 27.14, 116.96, 1.79986
FILLER_0_39_105, 52.9, 116.96, 1.79968
FILLER_0_39_161, 78.66, 116.96, 1.79951
_907_, 107.18, 116.96, 1.79932
FILLER_0_39_217, 107.18, 116.96, 1.79932
FILLER_0_40_221, 107.18, 116.96, 1.79932
FILLER_0_39_237, 112.7, 116.96, 1.79931
_897_, 118.22, 116.96, 1.79929
FILLER_0_40_249, 118.22, 116.96, 1.79929
_790_, 130.18, 116.96, 1.79932
FILLER_0_39_274, 130.18, 116.96, 1.79932
FILLER_0_40_273, 130.18, 116.96, 1.79932
_902_, 135.7, 116.96, 1.79934
_786_, 141.22, 116.96, 1.79937
ANTENNA_9, 141.22, 116.96, 1.79937
FILLER_0_39_337, 159.16, 116.96, 1.79951
_894_, 164.68, 116.96, 1.79955
FILLER_0_39_345, 164.68, 116.96, 1.79955
_771_, 176.18, 116.96, 1.79968
_795_, 186.76, 116.96, 1.79959
FILLER_0_39_399, 186.76, 116.96, 1.79959
_762_, 192.28, 116.96, 1.79956
FILLER_0_39_444, 207.46, 116.96, 1.79952
FILLER_0_39_497, 233.22, 116.96, 1.79945
FILLER_0_39_553, 258.98, 116.96, 1.79939
FILLER_0_39_609, 284.74, 116.96, 1.79933
FILLER_0_39_665, 310.5, 116.96, 1.79928
output75, 321.54, 116.96, 1.79926
FILLER_0_39_685, 321.54, 116.96, 1.79926
FILLER_0_40_77, 40.02, 116.96, 1.79977
FILLER_0_40_133, 65.78, 116.96, 1.79959
FILLER_0_38_189, 91.54, 116.96, 1.79942
FILLER_0_40_189, 91.54, 116.96, 1.79942
_797_, 97.06, 116.96, 1.79938
FILLER_0_40_265, 128.8, 116.96, 1.79932
hold12, 151.8, 116.96, 1.79945
FILLER_0_38_412, 195.96, 116.96, 1.79955
FILLER_0_40_413, 195.96, 116.96, 1.79955
FILLER_0_38_455, 214.82, 116.96, 1.7995
FILLER_0_38_468, 220.34, 116.96, 1.79948
FILLER_0_40_469, 220.34, 116.96, 1.79948
hold9, 240.58, 116.96, 1.79942
FILLER_0_38_523, 246.1, 116.96, 1.79941
FILLER_0_40_525, 246.1, 116.96, 1.79941
FILLER_0_40_581, 271.86, 116.96, 1.79936
FILLER_0_40_637, 297.62, 116.96, 1.79931
PHY_EDGE_ROW_36_Left_154, 5.52, 111.52, 1.79994
PHY_EDGE_ROW_37_Left_155, 5.52, 111.52, 1.79994
PHY_EDGE_ROW_36_Right_36, 327.98, 111.52, 1.79929
PHY_EDGE_ROW_37_Right_37, 327.98, 111.52, 1.79929
FILLER_0_37_51, 27.14, 111.52, 1.79992
FILLER_0_37_105, 52.9, 111.52, 1.79982
FILLER_0_37_161, 78.66, 111.52, 1.79972
_904_, 89.7, 111.52, 1.79968
FILLER_0_37_181, 89.7, 111.52, 1.79968
FILLER_0_37_220, 104.42, 111.52, 1.79967
_779_, 115.46, 111.52, 1.79966
FILLER_0_37_237, 115.46, 111.52, 1.79966
FILLER_0_37_274, 130.18, 111.52, 1.79966
_787_, 150.42, 111.52, 1.79966
_901_, 150.42, 111.52, 1.79966
FILLER_0_38_316, 150.42, 111.52, 1.79966
FILLER_0_37_325, 155.94, 111.52, 1.79968
FILLER_0_37_333, 155.94, 111.52, 1.79968
FILLER_0_38_352, 166.98, 111.52, 1.79973
_769_, 181.7, 111.52, 1.79969
FILLER_0_37_385, 181.7, 111.52, 1.79969
_840_, 187.22, 111.52, 1.79962
ANTENNA_6, 187.22, 111.52, 1.79962
FILLER_0_37_393, 187.22, 111.52, 1.79962
_810_, 205.62, 111.52, 1.79945
ANTENNA_1, 205.62, 111.52, 1.79945
FILLER_0_37_433, 205.62, 111.52, 1.79945
_808_, 211.14, 111.52, 1.7994
_811_, 211.14, 111.52, 1.7994
_911_, 216.66, 111.52, 1.79936
hold25, 216.66, 111.52, 1.79936
_848_, 233.22, 111.52, 1.79931
FILLER_0_37_495, 233.22, 111.52, 1.79931
_849_, 238.74, 111.52, 1.79929
_927_, 238.74, 111.52, 1.79929
FILLER_0_37_505, 238.74, 111.52, 1.79929
FILLER_0_38_509, 238.74, 111.52, 1.79929
FILLER_0_37_609, 284.74, 111.52, 1.79929
FILLER_0_37_665, 310.5, 111.52, 1.79929
FILLER_0_38_77, 40.02, 111.52, 1.79987
FILLER_0_38_133, 65.78, 111.52, 1.79977
FILLER_0_37_305, 143.06, 111.52, 1.79966
FILLER_0_38_301, 143.06, 111.52, 1.79966
_773_, 168.82, 111.52, 1.79973
FILLER_0_38_377, 179.86, 111.52, 1.79971
hold26, 196.42, 111.52, 1.79953
FILLER_0_36_413, 196.42, 111.52, 1.79953
FILLER_0_36_473, 224.94, 111.52, 1.79934
FILLER_0_38_581, 271.86, 111.52, 1.79929
FILLER_0_38_637, 297.62, 111.52, 1.79929
FILLER_0_36_693, 323.38, 111.52, 1.79929
FILLER_0_38_693, 323.38, 111.52, 1.79929
PHY_EDGE_ROW_34_Left_152, 5.52, 106.08, 1.79992
PHY_EDGE_ROW_35_Left_153, 5.52, 106.08, 1.79992
output118, 5.52, 106.08, 1.79992
PHY_EDGE_ROW_34_Right_34, 327.98, 106.08, 1.79947
PHY_EDGE_ROW_35_Right_35, 327.98, 106.08, 1.79947
output71, 327.98, 106.08, 1.79947
FILLER_0_35_45, 27.14, 106.08, 1.79995
FILLER_0_35_53, 32.66, 106.08, 1.79995
FILLER_0_35_105, 52.9, 106.08, 1.79993
FILLER_0_35_161, 78.66, 106.08, 1.7999
FILLER_0_35_217, 104.42, 106.08, 1.79988
FILLER_0_35_273, 130.18, 106.08, 1.79985
_774_, 155.94, 106.08, 1.79983
FILLER_0_35_329, 155.94, 106.08, 1.79983
FILLER_0_34_391, 182.62, 106.08, 1.79978
FILLER_0_35_393, 182.62, 106.08, 1.79978
_843_, 193.2, 106.08, 1.79971
_925_, 193.2, 106.08, 1.79971
FILLER_0_36_465, 218.5, 106.08, 1.79966
FILLER_0_35_497, 233.22, 106.08, 1.79964
FILLER_0_35_553, 258.98, 106.08, 1.79959
FILLER_0_35_609, 284.74, 106.08, 1.79955
FILLER_0_35_665, 310.5, 106.08, 1.7995
FILLER_0_35_685, 321.54, 106.08, 1.79948
FILLER_0_36_77, 40.02, 106.08, 1.79994
FILLER_0_36_133, 65.78, 106.08, 1.79991
FILLER_0_36_189, 91.54, 106.08, 1.79989
FILLER_0_36_245, 117.3, 106.08, 1.79986
FILLER_0_36_301, 143.06, 106.08, 1.79984
ANTENNA_3, 168.82, 106.08, 1.79982
FILLER_0_34_356, 168.82, 106.08, 1.79982
FILLER_0_36_357, 168.82, 106.08, 1.79982
FILLER_0_33_384, 182.16, 106.08, 1.79978
FILLER_0_34_469, 220.34, 106.08, 1.79966
FILLER_0_36_525, 246.1, 106.08, 1.79961
FILLER_0_36_581, 271.86, 106.08, 1.79957
FILLER_0_36_637, 297.62, 106.08, 1.79952
PHY_EDGE_ROW_32_Left_150, 5.52, 100.64, 1.79994
PHY_EDGE_ROW_33_Left_151, 5.52, 100.64, 1.79994
PHY_EDGE_ROW_32_Right_32, 327.98, 100.64, 1.79964
PHY_EDGE_ROW_33_Right_33, 327.98, 100.64, 1.79964
FILLER_0_33_51, 27.14, 100.64, 1.79991
FILLER_0_33_105, 52.9, 100.64, 1.79977
FILLER_0_33_161, 78.66, 100.64, 1.79962
FILLER_0_33_217, 103.5, 100.64, 1.79951
FILLER_0_34_221, 109.02, 100.64, 1.79949
FILLER_0_34_238, 114.54, 100.64, 1.79947
_898_, 132.02, 100.64, 1.79945
FILLER_0_34_277, 132.02, 100.64, 1.79945
hold13, 137.54, 100.64, 1.79947
_781_, 143.06, 100.64, 1.79949
FILLER_0_34_300, 143.06, 100.64, 1.79949
_775_, 161.46, 100.64, 1.79958
_895_, 161.46, 100.64, 1.79958
FILLER_0_34_344, 161.46, 100.64, 1.79958
hold17, 166.98, 100.64, 1.79963
_436_, 176.18, 100.64, 1.7997
_791_, 176.18, 100.64, 1.7997
FILLER_0_34_414, 195.5, 100.64, 1.79965
FILLER_0_33_441, 207.46, 100.64, 1.79964
_809_, 212.98, 100.64, 1.79964
FILLER_0_33_449, 212.98, 100.64, 1.79964
FILLER_0_33_496, 233.22, 100.64, 1.79964
FILLER_0_33_553, 258.98, 100.64, 1.79964
FILLER_0_33_609, 284.74, 100.64, 1.79964
FILLER_0_33_665, 310.5, 100.64, 1.79964
FILLER_0_34_77, 40.02, 100.64, 1.79984
FILLER_0_34_133, 65.78, 100.64, 1.79969
_806_, 91.54, 100.64, 1.79955
_807_, 91.54, 100.64, 1.79955
FILLER_0_33_193, 91.54, 100.64, 1.79955
FILLER_0_34_189, 91.54, 100.64, 1.79955
_778_, 111.78, 100.64, 1.79948
_776_, 117.3, 100.64, 1.79946
_777_, 117.3, 100.64, 1.79946
FILLER_0_32_243, 117.3, 100.64, 1.79946
FILLER_0_32_305, 145.36, 100.64, 1.7995
FILLER_0_34_333, 156.4, 100.64, 1.79955
_435_, 189.06, 100.64, 1.79966
_842_, 189.06, 100.64, 1.79966
FILLER_0_34_525, 246.1, 100.64, 1.79964
FILLER_0_34_581, 271.86, 100.64, 1.79964
FILLER_0_34_637, 297.62, 100.64, 1.79964
FILLER_0_32_693, 323.38, 100.64, 1.79964
FILLER_0_34_693, 323.38, 100.64, 1.79964
hold28, 124.2, 100.64, 1.79945
FILLER_0_33_256, 124.2, 100.64, 1.79945
PHY_EDGE_ROW_30_Left_148, 5.52, 95.2, 1.79987
PHY_EDGE_ROW_31_Left_149, 5.52, 95.2, 1.79987
output129, 5.52, 95.2, 1.79987
PHY_EDGE_ROW_30_Right_30, 327.98, 95.2, 1.79912
PHY_EDGE_ROW_31_Right_31, 327.98, 95.2, 1.79912
FILLER_0_31_45, 27.14, 95.2, 1.79987
FILLER_0_31_53, 32.66, 95.2, 1.79983
FILLER_0_31_105, 52.9, 95.2, 1.79967
FILLER_0_31_161, 78.66, 95.2, 1.79948
_909_, 89.7, 95.2, 1.7994
FILLER_0_31_181, 89.7, 95.2, 1.7994
hold8, 98.9, 95.2, 1.79936
FILLER_0_31_215, 104.42, 95.2, 1.79934
FILLER_0_31_273, 130.18, 95.2, 1.79926
clkbuf_3_0__f_clk, 135.7, 95.2, 1.79926
FILLER_0_31_281, 135.7, 95.2, 1.79926
FILLER_0_31_328, 158.24, 95.2, 1.79946
FILLER_0_32_357, 169.28, 95.2, 1.79958
_794_, 181.7, 95.2, 1.79948
_818_, 181.7, 95.2, 1.79948
FILLER_0_31_385, 181.7, 95.2, 1.79948
FILLER_0_31_393, 181.7, 95.2, 1.79948
clkbuf_3_2__f_clk, 192.74, 95.2, 1.7993
_912_, 201.94, 95.2, 1.79923
FILLER_0_31_422, 201.94, 95.2, 1.79923
FILLER_0_31_461, 214.82, 95.2, 1.79917
_910_, 220.34, 95.2, 1.79915
FILLER_0_32_469, 220.34, 95.2, 1.79915
FILLER_0_31_495, 233.22, 95.2, 1.79914
FILLER_0_31_553, 258.98, 95.2, 1.79913
FILLER_0_31_609, 284.74, 95.2, 1.79913
FILLER_0_31_665, 310.5, 95.2, 1.79912
input6, 321.54, 95.2, 1.79912
FILLER_0_31_685, 321.54, 95.2, 1.79912
FILLER_0_32_77, 40.02, 95.2, 1.79977
FILLER_0_32_133, 65.78, 95.2, 1.79958
_896_, 122.82, 95.2, 1.79927
_921_, 148.12, 95.2, 1.79935
FILLER_0_32_377, 179.86, 95.2, 1.79953
FILLER_0_32_525, 246.1, 95.2, 1.79914
FILLER_0_32_581, 271.86, 95.2, 1.79913
FILLER_0_32_637, 297.62, 95.2, 1.79912
PHY_EDGE_ROW_28_Left_146, 5.52, 89.76, 1.79999
PHY_EDGE_ROW_29_Left_147, 5.52, 89.76, 1.79999
PHY_EDGE_ROW_28_Right_28, 327.98, 89.76, 1.79977
PHY_EDGE_ROW_29_Right_29, 327.98, 89.76, 1.79977
FILLER_0_29_51, 27.14, 89.76, 1.79998
FILLER_0_29_105, 52.9, 89.76, 1.79996
FILLER_0_29_161, 78.66, 89.76, 1.79994
FILLER_0_29_217, 104.42, 89.76, 1.79992
FILLER_0_29_273, 130.18, 89.76, 1.7999
_832_, 154.1, 89.76, 1.79988
hold24, 154.1, 89.76, 1.79988
FILLER_0_29_328, 154.1, 89.76, 1.79988
FILLER_0_29_385, 179.86, 89.76, 1.79988
_814_, 207.46, 89.76, 1.79977
FILLER_0_29_441, 207.46, 89.76, 1.79977
_813_, 212.98, 89.76, 1.79977
ANTENNA_2, 218.5, 89.76, 1.79977
FILLER_0_29_497, 233.22, 89.76, 1.79977
FILLER_0_29_553, 258.98, 89.76, 1.79977
FILLER_0_29_609, 284.74, 89.76, 1.79977
FILLER_0_29_665, 310.5, 89.76, 1.79977
FILLER_0_30_77, 40.02, 89.76, 1.79997
FILLER_0_30_133, 65.78, 89.76, 1.79995
FILLER_0_30_189, 91.54, 89.76, 1.79993
FILLER_0_30_245, 117.3, 89.76, 1.79991
FILLER_0_29_305, 143.06, 89.76, 1.79989
FILLER_0_30_301, 143.06, 89.76, 1.79989
FILLER_0_28_361, 168.82, 89.76, 1.7999
_838_, 174.34, 89.76, 1.7999
_819_, 189.06, 89.76, 1.79982
FILLER_0_28_398, 189.06, 89.76, 1.79982
FILLER_0_30_413, 194.58, 89.76, 1.7998
hold18, 205.62, 89.76, 1.79978
FILLER_0_28_469, 220.34, 89.76, 1.79977
FILLER_0_30_473, 220.34, 89.76, 1.79977
FILLER_0_30_525, 246.1, 89.76, 1.79977
FILLER_0_30_581, 271.86, 89.76, 1.79977
FILLER_0_30_637, 297.62, 89.76, 1.79977
FILLER_0_30_693, 323.38, 89.76, 1.79977
PHY_EDGE_ROW_26_Left_144, 5.52, 84.32, 1.79993
PHY_EDGE_ROW_27_Left_145, 5.52, 84.32, 1.79993
output76, 5.52, 84.32, 1.79993
PHY_EDGE_ROW_26_Right_26, 327.98, 84.32, 1.7997
PHY_EDGE_ROW_27_Right_27, 327.98, 84.32, 1.7997
FILLER_0_27_45, 27.14, 84.32, 1.79996
FILLER_0_27_53, 32.66, 84.32, 1.79995
FILLER_0_27_105, 52.9, 84.32, 1.79993
FILLER_0_27_161, 78.66, 84.32, 1.79991
FILLER_0_27_217, 104.42, 84.32, 1.79988
FILLER_0_27_273, 130.18, 84.32, 1.79985
_836_, 166.98, 84.32, 1.79983
FILLER_0_27_349, 166.98, 84.32, 1.79983
FILLER_0_28_353, 166.98, 84.32, 1.79983
_812_, 184, 84.32, 1.79975
FILLER_0_27_384, 184, 84.32, 1.79975
FILLER_0_27_393, 184, 84.32, 1.79975
FILLER_0_28_385, 184, 84.32, 1.79975
_815_, 189.52, 84.32, 1.7997
_841_, 189.52, 84.32, 1.7997
_924_, 189.52, 84.32, 1.7997
hold15, 195.04, 84.32, 1.7997
FILLER_0_27_496, 233.22, 84.32, 1.7997
FILLER_0_27_553, 258.98, 84.32, 1.7997
FILLER_0_27_609, 284.74, 84.32, 1.7997
FILLER_0_27_665, 310.5, 84.32, 1.7997
FILLER_0_28_77, 40.02, 84.32, 1.79994
FILLER_0_28_133, 65.78, 84.32, 1.79992
FILLER_0_28_189, 91.54, 84.32, 1.79989
FILLER_0_28_245, 117.3, 84.32, 1.79987
FILLER_0_28_301, 143.06, 84.32, 1.79984
_835_, 148.58, 84.32, 1.79983
FILLER_0_27_329, 154.1, 84.32, 1.79983
FILLER_0_26_433, 206.08, 84.32, 1.7997
FILLER_0_27_442, 206.08, 84.32, 1.7997
FILLER_0_26_455, 214.82, 84.32, 1.7997
FILLER_0_27_461, 214.82, 84.32, 1.7997
FILLER_0_28_525, 246.1, 84.32, 1.7997
FILLER_0_28_581, 271.86, 84.32, 1.7997
FILLER_0_28_637, 297.62, 84.32, 1.7997
FILLER_0_28_693, 323.38, 84.32, 1.7997
PHY_EDGE_ROW_24_Left_142, 5.52, 78.88, 1.79997
PHY_EDGE_ROW_25_Left_143, 5.52, 78.88, 1.79997
PHY_EDGE_ROW_24_Right_24, 327.98, 78.88, 1.79929
PHY_EDGE_ROW_25_Right_25, 327.98, 78.88, 1.79929
FILLER_0_25_51, 27.14, 78.88, 1.79996
FILLER_0_25_105, 52.9, 78.88, 1.79991
FILLER_0_25_161, 78.66, 78.88, 1.79987
FILLER_0_25_217, 104.42, 78.88, 1.79982
FILLER_0_25_273, 130.18, 78.88, 1.79977
_830_, 150.42, 78.88, 1.79973
_920_, 155.94, 78.88, 1.79972
FILLER_0_25_329, 155.94, 78.88, 1.79972
hold19, 161.46, 78.88, 1.79974
FILLER_0_26_357, 166.98, 78.88, 1.79976
FILLER_0_25_381, 181.7, 78.88, 1.79976
FILLER_0_25_389, 181.7, 78.88, 1.79976
ANTENNA_4, 201.94, 78.88, 1.79959
FILLER_0_25_429, 201.94, 78.88, 1.79959
_816_, 207.46, 78.88, 1.79955
_822_, 207.46, 78.88, 1.79955
FILLER_0_25_445, 207.46, 78.88, 1.79955
_817_, 212.98, 78.88, 1.79951
FILLER_0_26_463, 218.5, 78.88, 1.79948
FILLER_0_25_497, 233.22, 78.88, 1.79945
FILLER_0_25_553, 258.98, 78.88, 1.7994
FILLER_0_25_609, 284.74, 78.88, 1.79936
FILLER_0_25_665, 310.5, 78.88, 1.79931
FILLER_0_26_77, 40.02, 78.88, 1.79994
FILLER_0_26_133, 65.78, 78.88, 1.79989
FILLER_0_26_189, 91.54, 78.88, 1.79984
FILLER_0_26_245, 117.3, 78.88, 1.79979
FILLER_0_25_305, 143.06, 78.88, 1.79974
FILLER_0_26_301, 143.06, 78.88, 1.79974
_833_, 154.1, 78.88, 1.79972
_923_, 172.5, 78.88, 1.79979
FILLER_0_24_413, 194.58, 78.88, 1.79965
_913_, 220.34, 78.88, 1.79947
hold31, 220.34, 78.88, 1.79947
FILLER_0_26_525, 246.1, 78.88, 1.79943
FILLER_0_26_581, 271.86, 78.88, 1.79938
FILLER_0_26_637, 297.62, 78.88, 1.79933
output95, 323.38, 78.88, 1.79929
PHY_EDGE_ROW_22_Left_140, 5.52, 73.44, 1.79994
PHY_EDGE_ROW_23_Left_141, 5.52, 73.44, 1.79994
output124, 5.52, 73.44, 1.79994
PHY_EDGE_ROW_22_Right_22, 327.98, 73.44, 1.79993
PHY_EDGE_ROW_23_Right_23, 327.98, 73.44, 1.79993
ANTENNA_17, 9.66, 73.44, 1.79995
FILLER_0_24_25, 15.18, 73.44, 1.79996
FILLER_0_23_51, 27.14, 73.44, 1.79997
FILLER_0_23_105, 52.9, 73.44, 1.79997
FILLER_0_23_161, 78.66, 73.44, 1.79997
FILLER_0_23_217, 104.42, 73.44, 1.79996
FILLER_0_23_273, 130.18, 73.44, 1.79996
FILLER_0_23_329, 155.94, 73.44, 1.79996
FILLER_0_23_385, 181.7, 73.44, 1.79995
FILLER_0_22_445, 207.46, 73.44, 1.79993
FILLER_0_23_439, 207.46, 73.44, 1.79993
FILLER_0_23_497, 233.22, 73.44, 1.79993
FILLER_0_23_553, 258.98, 73.44, 1.79993
FILLER_0_23_609, 284.74, 73.44, 1.79993
FILLER_0_23_665, 310.5, 73.44, 1.79993
FILLER_0_24_77, 40.02, 73.44, 1.79997
FILLER_0_24_133, 65.78, 73.44, 1.79997
FILLER_0_24_189, 91.54, 73.44, 1.79996
FILLER_0_24_245, 117.3, 73.44, 1.79996
FILLER_0_22_301, 143.06, 73.44, 1.79996
FILLER_0_24_301, 143.06, 73.44, 1.79996
FILLER_0_22_357, 168.82, 73.44, 1.79996
FILLER_0_24_357, 168.82, 73.44, 1.79996
FILLER_0_24_469, 220.34, 73.44, 1.79993
FILLER_0_24_525, 246.1, 73.44, 1.79993
FILLER_0_24_581, 271.86, 73.44, 1.79993
FILLER_0_24_637, 297.62, 73.44, 1.79993
FILLER_0_24_693, 323.38, 73.44, 1.79993
_823_, 190.44, 73.44, 1.79993
hold21, 190.44, 73.44, 1.79993
FILLER_0_23_393, 190.44, 73.44, 1.79993
PHY_EDGE_ROW_20_Left_138, 5.52, 68, 1.79997
PHY_EDGE_ROW_21_Left_139, 5.52, 68, 1.79997
PHY_EDGE_ROW_20_Right_20, 327.98, 68, 1.79953
PHY_EDGE_ROW_21_Right_21, 327.98, 68, 1.79953
FILLER_0_21_51, 27.14, 68, 1.79996
FILLER_0_21_105, 52.9, 68, 1.79991
FILLER_0_21_161, 78.66, 68, 1.79985
FILLER_0_21_217, 104.42, 68, 1.7998
FILLER_0_21_273, 130.18, 68, 1.79974
_919_, 135.7, 68, 1.79973
FILLER_0_21_298, 141.22, 68, 1.79974
FILLER_0_21_331, 155.48, 68, 1.79976
FILLER_0_21_349, 166.52, 68, 1.7998
FILLER_0_21_357, 166.52, 68, 1.7998
_915_, 189.06, 68, 1.79969
FILLER_0_22_413, 194.58, 68, 1.79965
_826_, 201.94, 68, 1.79961
ANTENNA_5, 201.94, 68, 1.79961
_825_, 214.36, 68, 1.79954
FILLER_0_21_442, 214.36, 68, 1.79954
FILLER_0_21_497, 233.22, 68, 1.79954
FILLER_0_21_553, 258.98, 68, 1.79953
FILLER_0_21_609, 284.74, 68, 1.79953
FILLER_0_21_665, 310.5, 68, 1.79953
FILLER_0_22_77, 40.02, 68, 1.79994
FILLER_0_22_133, 65.78, 68, 1.79988
FILLER_0_22_189, 91.54, 68, 1.79983
FILLER_0_22_245, 117.3, 68, 1.79977
_829_, 182.16, 68, 1.79975
FILLER_0_22_389, 182.16, 68, 1.79975
_916_, 214.82, 68, 1.79954
FILLER_0_22_525, 246.1, 68, 1.79954
FILLER_0_22_581, 271.86, 68, 1.79953
FILLER_0_22_637, 297.62, 68, 1.79953
input43, 323.38, 68, 1.79953
FILLER_0_20_693, 323.38, 68, 1.79953
_828_, 148.12, 68, 1.79974
_831_, 148.12, 68, 1.79974
FILLER_0_20_309, 148.12, 68, 1.79974
PHY_EDGE_ROW_18_Left_136, 5.52, 62.56, 1.79993
PHY_EDGE_ROW_19_Left_137, 5.52, 62.56, 1.79993
output68, 5.52, 62.56, 1.79993
PHY_EDGE_ROW_18_Right_18, 327.98, 62.56, 1.79946
PHY_EDGE_ROW_19_Right_19, 327.98, 62.56, 1.79946
FILLER_0_19_45, 27.14, 62.56, 1.79996
FILLER_0_19_53, 32.66, 62.56, 1.79995
FILLER_0_19_105, 52.9, 62.56, 1.79993
FILLER_0_19_161, 78.66, 62.56, 1.7999
FILLER_0_19_217, 104.42, 62.56, 1.79987
FILLER_0_19_273, 130.18, 62.56, 1.79985
_820_, 150.42, 62.56, 1.79982
_821_, 155.94, 62.56, 1.79983
FILLER_0_19_325, 155.94, 62.56, 1.79983
FILLER_0_20_356, 169.28, 62.56, 1.79985
FILLER_0_19_383, 181.7, 62.56, 1.79982
FILLER_0_20_381, 181.7, 62.56, 1.79982
_918_, 187.22, 62.56, 1.79978
FILLER_0_19_497, 233.22, 62.56, 1.79964
FILLER_0_19_553, 258.98, 62.56, 1.79959
FILLER_0_19_609, 284.74, 62.56, 1.79953
FILLER_0_19_665, 310.5, 62.56, 1.79948
output77, 321.54, 62.56, 1.79946
FILLER_0_19_685, 321.54, 62.56, 1.79946
FILLER_0_20_77, 40.02, 62.56, 1.79995
FILLER_0_20_133, 65.78, 62.56, 1.79992
FILLER_0_20_189, 91.54, 62.56, 1.79989
FILLER_0_20_245, 117.3, 62.56, 1.79986
FILLER_0_20_301, 143.06, 62.56, 1.79983
_834_, 148.58, 62.56, 1.79982
_922_, 173.42, 62.56, 1.79986
FILLER_0_19_422, 196.88, 62.56, 1.79974
FILLER_0_20_417, 196.88, 62.56, 1.79974
FILLER_0_20_472, 220.34, 62.56, 1.79967
FILLER_0_20_525, 246.1, 62.56, 1.79961
FILLER_0_20_581, 271.86, 62.56, 1.79956
FILLER_0_20_637, 297.62, 62.56, 1.79951
_824_, 204.7, 62.56, 1.7997
_827_, 204.7, 62.56, 1.7997
hold7, 204.7, 62.56, 1.7997
FILLER_0_20_433, 204.7, 62.56, 1.7997
PHY_EDGE_ROW_16_Left_134, 5.52, 57.12, 1.79999
PHY_EDGE_ROW_17_Left_135, 5.52, 57.12, 1.79999
PHY_EDGE_ROW_16_Right_16, 327.98, 57.12, 1.79986
PHY_EDGE_ROW_17_Right_17, 327.98, 57.12, 1.79986
FILLER_0_17_51, 27.14, 57.12, 1.79999
FILLER_0_17_105, 52.9, 57.12, 1.79997
FILLER_0_17_161, 78.66, 57.12, 1.79995
FILLER_0_17_217, 104.42, 57.12, 1.79994
FILLER_0_17_273, 130.18, 57.12, 1.79992
FILLER_0_17_329, 155.94, 57.12, 1.7999
_914_, 161.46, 57.12, 1.7999
hold27, 161.46, 57.12, 1.7999
FILLER_0_17_385, 181.7, 57.12, 1.79992
_917_, 201.94, 57.12, 1.79986
FILLER_0_17_441, 207.46, 57.12, 1.79986
FILLER_0_17_497, 233.22, 57.12, 1.79986
FILLER_0_17_553, 258.98, 57.12, 1.79986
FILLER_0_17_609, 284.74, 57.12, 1.79986
FILLER_0_17_665, 310.5, 57.12, 1.79986
FILLER_0_18_77, 40.02, 57.12, 1.79998
FILLER_0_18_133, 65.78, 57.12, 1.79996
FILLER_0_18_189, 91.54, 57.12, 1.79995
FILLER_0_18_245, 117.3, 57.12, 1.79993
FILLER_0_18_301, 143.06, 57.12, 1.79991
FILLER_0_18_413, 194.58, 57.12, 1.79988
FILLER_0_18_421, 200.1, 57.12, 1.79986
FILLER_0_18_468, 220.34, 57.12, 1.79986
FILLER_0_18_525, 246.1, 57.12, 1.79986
FILLER_0_18_581, 271.86, 57.12, 1.79986
FILLER_0_18_637, 297.62, 57.12, 1.79986
FILLER_0_16_693, 323.38, 57.12, 1.79986
FILLER_0_18_693, 323.38, 57.12, 1.79986
PHY_EDGE_ROW_14_Left_132, 5.52, 51.68, 1.8
PHY_EDGE_ROW_15_Left_133, 5.52, 51.68, 1.8
input39, 5.52, 51.68, 1.8
PHY_EDGE_ROW_14_Right_14, 327.98, 51.68, 1.79971
PHY_EDGE_ROW_15_Right_15, 327.98, 51.68, 1.79971
output116, 327.98, 51.68, 1.79971
FILLER_0_15_105, 52.9, 51.68, 1.79999
FILLER_0_15_161, 78.66, 51.68, 1.79999
FILLER_0_15_217, 104.42, 51.68, 1.79999
FILLER_0_15_273, 130.18, 51.68, 1.79998
FILLER_0_15_329, 155.94, 51.68, 1.79998
FILLER_0_15_385, 181.7, 51.68, 1.79997
FILLER_0_15_441, 207.46, 51.68, 1.79992
FILLER_0_15_497, 233.22, 51.68, 1.79988
FILLER_0_15_553, 258.98, 51.68, 1.79983
FILLER_0_15_609, 284.74, 51.68, 1.79978
FILLER_0_15_665, 310.5, 51.68, 1.79974
FILLER_0_15_685, 321.54, 51.68, 1.79972
FILLER_0_16_77, 40.02, 51.68, 1.79999
FILLER_0_16_133, 65.78, 51.68, 1.79999
FILLER_0_16_189, 91.54, 51.68, 1.79999
FILLER_0_16_245, 117.3, 51.68, 1.79999
FILLER_0_16_301, 143.06, 51.68, 1.79998
FILLER_0_16_357, 168.82, 51.68, 1.79998
FILLER_0_16_413, 194.58, 51.68, 1.79994
FILLER_0_16_469, 220.34, 51.68, 1.7999
FILLER_0_16_525, 246.1, 51.68, 1.79985
FILLER_0_16_581, 271.86, 51.68, 1.79981
FILLER_0_16_637, 297.62, 51.68, 1.79976
PHY_EDGE_ROW_12_Left_130, 5.52, 46.24, 1.8
PHY_EDGE_ROW_13_Left_131, 5.52, 46.24, 1.8
PHY_EDGE_ROW_12_Right_12, 327.98, 46.24, 1.8
PHY_EDGE_ROW_13_Right_13, 327.98, 46.24, 1.8
FILLER_0_13_51, 27.14, 46.24, 1.8
FILLER_0_13_105, 52.9, 46.24, 1.8
FILLER_0_13_161, 78.66, 46.24, 1.8
FILLER_0_13_217, 104.42, 46.24, 1.8
FILLER_0_13_273, 130.18, 46.24, 1.8
FILLER_0_13_329, 155.94, 46.24, 1.8
FILLER_0_13_385, 181.7, 46.24, 1.8
FILLER_0_13_441, 207.46, 46.24, 1.8
FILLER_0_13_497, 233.22, 46.24, 1.8
FILLER_0_13_553, 258.98, 46.24, 1.8
FILLER_0_13_609, 284.74, 46.24, 1.8
FILLER_0_13_665, 310.5, 46.24, 1.8
FILLER_0_14_77, 40.02, 46.24, 1.8
FILLER_0_14_133, 65.78, 46.24, 1.8
FILLER_0_14_189, 91.54, 46.24, 1.8
FILLER_0_14_245, 117.3, 46.24, 1.8
FILLER_0_14_301, 143.06, 46.24, 1.8
FILLER_0_14_357, 168.82, 46.24, 1.8
FILLER_0_14_413, 194.58, 46.24, 1.8
FILLER_0_14_469, 220.34, 46.24, 1.8
FILLER_0_14_525, 246.1, 46.24, 1.8
FILLER_0_14_581, 271.86, 46.24, 1.8
FILLER_0_14_637, 297.62, 46.24, 1.8
FILLER_0_12_693, 323.38, 46.24, 1.8
FILLER_0_14_693, 323.38, 46.24, 1.8
PHY_EDGE_ROW_10_Left_128, 5.52, 40.8, 1.79999
PHY_EDGE_ROW_11_Left_129, 5.52, 40.8, 1.79999
input58, 5.52, 40.8, 1.79999
PHY_EDGE_ROW_10_Right_10, 327.98, 40.8, 1.79968
PHY_EDGE_ROW_11_Right_11, 327.98, 40.8, 1.79968
FILLER_0_11_49, 27.14, 40.8, 1.8
FILLER_0_11_105, 52.9, 40.8, 1.79999
FILLER_0_11_161, 78.66, 40.8, 1.79999
FILLER_0_11_217, 104.42, 40.8, 1.79999
FILLER_0_11_273, 130.18, 40.8, 1.79998
FILLER_0_11_329, 155.94, 40.8, 1.79998
FILLER_0_11_385, 181.7, 40.8, 1.79996
FILLER_0_11_441, 207.46, 40.8, 1.79991
FILLER_0_11_497, 233.22, 40.8, 1.79986
FILLER_0_11_553, 258.98, 40.8, 1.79981
FILLER_0_11_609, 284.74, 40.8, 1.79975
FILLER_0_11_665, 310.5, 40.8, 1.7997
output83, 321.54, 40.8, 1.79968
FILLER_0_11_685, 321.54, 40.8, 1.79968
FILLER_0_12_77, 40.02, 40.8, 1.79999
FILLER_0_12_133, 65.78, 40.8, 1.79999
FILLER_0_12_189, 91.54, 40.8, 1.79999
FILLER_0_12_245, 117.3, 40.8, 1.79998
FILLER_0_12_301, 143.06, 40.8, 1.79998
FILLER_0_12_357, 168.82, 40.8, 1.79998
FILLER_0_12_413, 194.58, 40.8, 1.79994
FILLER_0_12_469, 220.34, 40.8, 1.79989
FILLER_0_12_525, 246.1, 40.8, 1.79983
FILLER_0_12_581, 271.86, 40.8, 1.79978
FILLER_0_12_637, 297.62, 40.8, 1.79973
PHY_EDGE_ROW_8_Left_126, 5.52, 35.36, 1.8
PHY_EDGE_ROW_9_Left_127, 5.52, 35.36, 1.8
PHY_EDGE_ROW_8_Right_8, 327.98, 35.36, 1.8
PHY_EDGE_ROW_9_Right_9, 327.98, 35.36, 1.8
FILLER_0_9_51, 27.14, 35.36, 1.8
FILLER_0_9_105, 52.9, 35.36, 1.8
FILLER_0_9_161, 78.66, 35.36, 1.8
FILLER_0_9_217, 104.42, 35.36, 1.8
FILLER_0_9_273, 130.18, 35.36, 1.8
FILLER_0_9_329, 155.94, 35.36, 1.8
FILLER_0_9_385, 181.7, 35.36, 1.8
FILLER_0_9_441, 207.46, 35.36, 1.8
FILLER_0_9_497, 233.22, 35.36, 1.8
FILLER_0_9_553, 258.98, 35.36, 1.8
FILLER_0_9_609, 284.74, 35.36, 1.8
FILLER_0_9_665, 310.5, 35.36, 1.8
FILLER_0_10_77, 40.02, 35.36, 1.8
FILLER_0_10_133, 65.78, 35.36, 1.8
FILLER_0_10_189, 91.54, 35.36, 1.8
FILLER_0_10_245, 117.3, 35.36, 1.8
FILLER_0_10_301, 143.06, 35.36, 1.8
FILLER_0_10_357, 168.82, 35.36, 1.8
FILLER_0_10_413, 194.58, 35.36, 1.8
FILLER_0_10_469, 220.34, 35.36, 1.8
FILLER_0_10_525, 246.1, 35.36, 1.8
FILLER_0_10_581, 271.86, 35.36, 1.8
FILLER_0_10_637, 297.62, 35.36, 1.8
FILLER_0_8_693, 323.38, 35.36, 1.8
FILLER_0_10_693, 323.38, 35.36, 1.8
PHY_EDGE_ROW_6_Left_124, 5.52, 29.92, 1.79995
PHY_EDGE_ROW_7_Left_125, 5.52, 29.92, 1.79995
output84, 5.52, 29.92, 1.79995
PHY_EDGE_ROW_6_Right_6, 327.98, 29.92, 1.79997
PHY_EDGE_ROW_7_Right_7, 327.98, 29.92, 1.79997
input33, 327.98, 29.92, 1.79997
FILLER_0_7_45, 27.14, 29.92, 1.79998
FILLER_0_7_53, 32.66, 29.92, 1.79998
FILLER_0_7_105, 52.9, 29.92, 1.79998
FILLER_0_7_161, 78.66, 29.92, 1.79999
FILLER_0_7_217, 104.42, 29.92, 1.79999
FILLER_0_7_273, 130.18, 29.92, 1.79999
FILLER_0_7_329, 155.94, 29.92, 1.79999
FILLER_0_7_385, 181.7, 29.92, 1.8
FILLER_0_7_441, 207.46, 29.92, 1.79999
FILLER_0_7_497, 233.22, 29.92, 1.79999
FILLER_0_7_553, 258.98, 29.92, 1.79998
FILLER_0_7_609, 284.74, 29.92, 1.79998
FILLER_0_7_665, 310.5, 29.92, 1.79997
FILLER_0_7_685, 321.54, 29.92, 1.79997
FILLER_0_8_77, 40.02, 29.92, 1.79998
FILLER_0_8_133, 65.78, 29.92, 1.79998
FILLER_0_8_189, 91.54, 29.92, 1.79999
FILLER_0_8_245, 117.3, 29.92, 1.79999
FILLER_0_8_301, 143.06, 29.92, 1.79999
FILLER_0_8_357, 168.82, 29.92, 1.8
FILLER_0_8_413, 194.58, 29.92, 1.79999
FILLER_0_8_469, 220.34, 29.92, 1.79999
FILLER_0_8_525, 246.1, 29.92, 1.79998
FILLER_0_8_581, 271.86, 29.92, 1.79998
FILLER_0_8_637, 297.62, 29.92, 1.79997
PHY_EDGE_ROW_4_Left_122, 5.52, 24.48, 1.79999
PHY_EDGE_ROW_5_Left_123, 5.52, 24.48, 1.79999
PHY_EDGE_ROW_4_Right_4, 327.98, 24.48, 1.79999
PHY_EDGE_ROW_5_Right_5, 327.98, 24.48, 1.79999
FILLER_0_5_51, 27.14, 24.48, 1.79999
FILLER_0_5_105, 52.9, 24.48, 1.79999
FILLER_0_5_161, 78.66, 24.48, 1.79999
FILLER_0_5_217, 104.42, 24.48, 1.79999
FILLER_0_5_273, 130.18, 24.48, 1.79999
FILLER_0_5_329, 155.94, 24.48, 1.79999
FILLER_0_5_385, 181.7, 24.48, 1.79999
FILLER_0_5_441, 207.46, 24.48, 1.79999
FILLER_0_5_497, 233.22, 24.48, 1.79999
FILLER_0_5_553, 258.98, 24.48, 1.79999
FILLER_0_5_609, 284.74, 24.48, 1.79999
FILLER_0_5_665, 310.5, 24.48, 1.79999
FILLER_0_4_21, 15.18, 24.48, 1.79999
FILLER_0_6_77, 40.02, 24.48, 1.79999
FILLER_0_6_133, 65.78, 24.48, 1.79999
FILLER_0_6_189, 91.54, 24.48, 1.79999
FILLER_0_6_245, 117.3, 24.48, 1.79999
FILLER_0_6_301, 143.06, 24.48, 1.79999
FILLER_0_6_357, 168.82, 24.48, 1.79999
FILLER_0_6_413, 194.58, 24.48, 1.79999
FILLER_0_6_469, 220.34, 24.48, 1.79999
FILLER_0_6_525, 246.1, 24.48, 1.79999
FILLER_0_6_581, 271.86, 24.48, 1.79999
FILLER_0_6_637, 297.62, 24.48, 1.79999
FILLER_0_6_693, 323.38, 24.48, 1.79999
PHY_EDGE_ROW_2_Left_120, 5.52, 19.04, 1.79993
PHY_EDGE_ROW_3_Left_121, 5.52, 19.04, 1.79993
output96, 5.52, 19.04, 1.79993
PHY_EDGE_ROW_2_Right_2, 327.98, 19.04, 1.79969
PHY_EDGE_ROW_3_Right_3, 327.98, 19.04, 1.79969
FILLER_0_3_51, 27.14, 19.04, 1.79996
FILLER_0_3_105, 52.9, 19.04, 1.79996
FILLER_0_3_161, 78.66, 19.04, 1.79996
FILLER_0_3_217, 104.42, 19.04, 1.79996
FILLER_0_3_273, 130.18, 19.04, 1.79995
FILLER_0_3_329, 155.94, 19.04, 1.79995
FILLER_0_3_385, 181.7, 19.04, 1.79994
FILLER_0_3_441, 207.46, 19.04, 1.79989
FILLER_0_3_497, 233.22, 19.04, 1.79985
FILLER_0_3_553, 258.98, 19.04, 1.7998
FILLER_0_3_609, 284.74, 19.04, 1.79976
FILLER_0_3_665, 310.5, 19.04, 1.79971
FILLER_0_4_77, 40.02, 19.04, 1.79996
FILLER_0_4_133, 65.78, 19.04, 1.79996
FILLER_0_4_189, 91.54, 19.04, 1.79996
FILLER_0_4_245, 117.3, 19.04, 1.79996
FILLER_0_4_301, 143.06, 19.04, 1.79995
FILLER_0_4_357, 168.82, 19.04, 1.79995
FILLER_0_4_413, 194.58, 19.04, 1.79992
FILLER_0_4_469, 220.34, 19.04, 1.79987
FILLER_0_4_525, 246.1, 19.04, 1.79983
FILLER_0_4_581, 271.86, 19.04, 1.79978
FILLER_0_4_637, 297.62, 19.04, 1.79973
output90, 323.38, 19.04, 1.79969
FILLER_0_2_693, 323.38, 19.04, 1.79969
PHY_EDGE_ROW_0_Left_118, 5.52, 13.6, 1.79972
PHY_EDGE_ROW_1_Left_119, 5.52, 13.6, 1.79972
output80, 5.52, 13.6, 1.79972
output104, 5.52, 13.6, 1.79972
PHY_EDGE_ROW_0_Right_0, 327.98, 13.6, 1.79781
PHY_EDGE_ROW_1_Right_1, 327.98, 13.6, 1.79781
input19, 327.98, 13.6, 1.79781
output74, 327.98, 13.6, 1.79781
output73, 24.38, 13.6, 1.79977
FILLER_0_0_47, 24.38, 13.6, 1.79977
FILLER_0_1_45, 24.38, 13.6, 1.79977
FILLER_0_1_53, 34.5, 13.6, 1.79968
FILLER_0_1_217, 104.88, 13.6, 1.79937
FILLER_0_0_293, 137.54, 13.6, 1.79944
FILLER_0_1_329, 156.4, 13.6, 1.79952
FILLER_0_2_413, 195.96, 13.6, 1.79925
FILLER_0_0_441, 205.62, 13.6, 1.79908
FILLER_0_1_441, 205.62, 13.6, 1.79908
FILLER_0_0_473, 220.34, 13.6, 1.79883
FILLER_0_2_469, 220.34, 13.6, 1.79883
FILLER_0_0_529, 246.1, 13.6, 1.79845
FILLER_0_2_525, 246.1, 13.6, 1.79845
input16, 257.14, 13.6, 1.79831
FILLER_0_0_553, 257.14, 13.6, 1.79831
FILLER_0_1_553, 257.14, 13.6, 1.79831
FILLER_0_0_573, 266.34, 13.6, 1.79821
FILLER_0_2_637, 299, 13.6, 1.79793
FILLER_0_0_665, 308.66, 13.6, 1.79787
FILLER_0_1_665, 308.66, 13.6, 1.79787
input45, 12.42, 13.6, 1.79975
output111, 17.94, 13.6, 1.79977
output88, 40.02, 13.6, 1.79963
FILLER_0_0_77, 40.02, 13.6, 1.79963
FILLER_0_2_77, 40.02, 13.6, 1.79963
FILLER_0_0_85, 45.54, 13.6, 1.79959
input55, 51.06, 13.6, 1.79955
FILLER_0_0_104, 51.06, 13.6, 1.79955
FILLER_0_1_105, 51.06, 13.6, 1.79955
output119, 60.26, 13.6, 1.79949
ANTENNA_15, 60.26, 13.6, 1.79949
FILLER_0_0_135, 65.78, 13.6, 1.79946
FILLER_0_2_133, 65.78, 13.6, 1.79946
output82, 71.3, 13.6, 1.79943
input14, 76.82, 13.6, 1.79942
FILLER_0_0_159, 76.82, 13.6, 1.79942
FILLER_0_1_161, 76.82, 13.6, 1.79942
ANTENNA_10, 86.02, 13.6, 1.7994
FILLER_0_0_169, 86.02, 13.6, 1.7994
output66, 91.54, 13.6, 1.79938
FILLER_0_0_189, 91.54, 13.6, 1.79938
FILLER_0_2_189, 91.54, 13.6, 1.79938
FILLER_0_0_197, 97.06, 13.6, 1.79938
input24, 102.58, 13.6, 1.79937
output120, 111.78, 13.6, 1.79937
output89, 117.3, 13.6, 1.79937
FILLER_0_0_243, 117.3, 13.6, 1.79937
FILLER_0_2_245, 117.3, 13.6, 1.79937
input52, 128.34, 13.6, 1.79941
FILLER_0_0_265, 128.34, 13.6, 1.79941
FILLER_0_0_272, 128.34, 13.6, 1.79941
FILLER_0_1_273, 128.34, 13.6, 1.79941
input1, 143.06, 13.6, 1.79946
FILLER_0_0_301, 143.06, 13.6, 1.79946
FILLER_0_2_301, 143.06, 13.6, 1.79946
output79, 148.58, 13.6, 1.79948
FILLER_0_0_309, 148.58, 13.6, 1.79948
output114, 163.3, 13.6, 1.79956
ANTENNA_14, 163.3, 13.6, 1.79956
input57, 168.82, 13.6, 1.7996
FILLER_0_2_357, 168.82, 13.6, 1.7996
output121, 179.86, 13.6, 1.79956
FILLER_0_0_377, 179.86, 13.6, 1.79956
FILLER_0_0_387, 179.86, 13.6, 1.79956
FILLER_0_1_385, 179.86, 13.6, 1.79956
output123, 189.06, 13.6, 1.79938
FILLER_0_0_393, 189.06, 13.6, 1.79938
input2, 200.1, 13.6, 1.79918
output105, 225.86, 13.6, 1.79873
FILLER_0_0_483, 225.86, 13.6, 1.79873
output128, 231.38, 13.6, 1.79865
FILLER_0_0_499, 231.38, 13.6, 1.79865
FILLER_0_1_497, 231.38, 13.6, 1.79865
input47, 240.58, 13.6, 1.79852
FILLER_0_0_505, 240.58, 13.6, 1.79852
output87, 251.62, 13.6, 1.79838
output93, 271.86, 13.6, 1.79815
FILLER_0_0_583, 271.86, 13.6, 1.79815
FILLER_0_2_581, 271.86, 13.6, 1.79815
input23, 282.9, 13.6, 1.79805
FILLER_0_0_601, 282.9, 13.6, 1.79805
FILLER_0_0_609, 282.9, 13.6, 1.79805
FILLER_0_1_609, 282.9, 13.6, 1.79805
output78, 292.1, 13.6, 1.79797
FILLER_0_0_617, 292.1, 13.6, 1.79797
output99, 303.14, 13.6, 1.7979
input18, 317.86, 13.6, 1.79783
output85, 317.86, 13.6, 1.79783
FILLER_0_0_679, 317.86, 13.6, 1.79783
FILLER_0_1_685, 317.86, 13.6, 1.79783

